[0.921s] Invoking command in '/home/karol/ITB/URO/KRAI/ros2_ws/build/urdf_tutorial_r2d2': PYTHONPATH=/home/karol/ITB/URO/KRAI/ros2_ws/build/urdf_tutorial_r2d2/prefix_override:/usr/lib/python3/dist-packages/colcon_core/task/python/colcon_distutils_commands:/home/karol/ITB/URO/KRAI/ros2_ws/install/urdf_tutorial_r2d2/lib/python3.10/site-packages:${PYTHONPATH} /usr/bin/python3 -W ignore:setup.py install is deprecated -W ignore:easy_install command is deprecated setup.py develop --uninstall --editable --build-directory /home/karol/ITB/URO/KRAI/ros2_ws/build/urdf_tutorial_r2d2/build
[1.174s] running develop
[1.361s] Removing /home/karol/ITB/URO/KRAI/ros2_ws/install/urdf_tutorial_r2d2/lib/python3.10/site-packages/urdf-tutorial-r2d2.egg-link (link to .)
[1.389s] Invoked command in '/home/karol/ITB/URO/KRAI/ros2_ws/build/urdf_tutorial_r2d2' returned '0': PYTHONPATH=/home/karol/ITB/URO/KRAI/ros2_ws/build/urdf_tutorial_r2d2/prefix_override:/usr/lib/python3/dist-packages/colcon_core/task/python/colcon_distutils_commands:/home/karol/ITB/URO/KRAI/ros2_ws/install/urdf_tutorial_r2d2/lib/python3.10/site-packages:${PYTHONPATH} /usr/bin/python3 -W ignore:setup.py install is deprecated -W ignore:easy_install command is deprecated setup.py develop --uninstall --editable --build-directory /home/karol/ITB/URO/KRAI/ros2_ws/build/urdf_tutorial_r2d2/build
[1.394s] Invoking command in '/home/karol/ITB/URO/KRAI/ros2_ws/src/ros2_tutorial/urdf_tutorial_r2d2': PYTHONPATH=/home/karol/ITB/URO/KRAI/ros2_ws/build/urdf_tutorial_r2d2/prefix_override:/usr/lib/python3/dist-packages/colcon_core/task/python/colcon_distutils_commands:/home/karol/ITB/URO/KRAI/ros2_ws/install/urdf_tutorial_r2d2/lib/python3.10/site-packages:${PYTHONPATH} /usr/bin/python3 -W ignore:setup.py install is deprecated -W ignore:easy_install command is deprecated setup.py egg_info --egg-base ../../../build/urdf_tutorial_r2d2 build --build-base /home/karol/ITB/URO/KRAI/ros2_ws/build/urdf_tutorial_r2d2/build install --record /home/karol/ITB/URO/KRAI/ros2_ws/build/urdf_tutorial_r2d2/install.log --single-version-externally-managed install_data --force
[1.597s] running egg_info
[1.597s] writing ../../../build/urdf_tutorial_r2d2/urdf_tutorial_r2d2.egg-info/PKG-INFO
[1.597s] writing dependency_links to ../../../build/urdf_tutorial_r2d2/urdf_tutorial_r2d2.egg-info/dependency_links.txt
[1.597s] writing entry points to ../../../build/urdf_tutorial_r2d2/urdf_tutorial_r2d2.egg-info/entry_points.txt
[1.597s] writing requirements to ../../../build/urdf_tutorial_r2d2/urdf_tutorial_r2d2.egg-info/requires.txt
[1.597s] writing top-level names to ../../../build/urdf_tutorial_r2d2/urdf_tutorial_r2d2.egg-info/top_level.txt
[1.599s] reading manifest file '../../../build/urdf_tutorial_r2d2/urdf_tutorial_r2d2.egg-info/SOURCES.txt'
[1.599s] adding license file 'LICENSE'
[1.599s] writing manifest file '../../../build/urdf_tutorial_r2d2/urdf_tutorial_r2d2.egg-info/SOURCES.txt'
[1.600s] running build
[1.600s] running build_py
[1.600s] creating /home/karol/ITB/URO/KRAI/ros2_ws/build/urdf_tutorial_r2d2/build
[1.600s] creating /home/karol/ITB/URO/KRAI/ros2_ws/build/urdf_tutorial_r2d2/build/lib
[1.600s] creating /home/karol/ITB/URO/KRAI/ros2_ws/build/urdf_tutorial_r2d2/build/lib/urdf_tutorial_r2d2
[1.600s] copying urdf_tutorial_r2d2/state_publisher.py -> /home/karol/ITB/URO/KRAI/ros2_ws/build/urdf_tutorial_r2d2/build/lib/urdf_tutorial_r2d2
[1.600s] copying urdf_tutorial_r2d2/__init__.py -> /home/karol/ITB/URO/KRAI/ros2_ws/build/urdf_tutorial_r2d2/build/lib/urdf_tutorial_r2d2
[1.600s] running install
[1.600s] running install_lib
[1.601s] creating /home/karol/ITB/URO/KRAI/ros2_ws/install/urdf_tutorial_r2d2/lib/python3.10/site-packages/urdf_tutorial_r2d2
[1.601s] copying /home/karol/ITB/URO/KRAI/ros2_ws/build/urdf_tutorial_r2d2/build/lib/urdf_tutorial_r2d2/state_publisher.py -> /home/karol/ITB/URO/KRAI/ros2_ws/install/urdf_tutorial_r2d2/lib/python3.10/site-packages/urdf_tutorial_r2d2
[1.601s] copying /home/karol/ITB/URO/KRAI/ros2_ws/build/urdf_tutorial_r2d2/build/lib/urdf_tutorial_r2d2/__init__.py -> /home/karol/ITB/URO/KRAI/ros2_ws/install/urdf_tutorial_r2d2/lib/python3.10/site-packages/urdf_tutorial_r2d2
[1.601s] byte-compiling /home/karol/ITB/URO/KRAI/ros2_ws/install/urdf_tutorial_r2d2/lib/python3.10/site-packages/urdf_tutorial_r2d2/state_publisher.py to state_publisher.cpython-310.pyc
[1.602s] byte-compiling /home/karol/ITB/URO/KRAI/ros2_ws/install/urdf_tutorial_r2d2/lib/python3.10/site-packages/urdf_tutorial_r2d2/__init__.py to __init__.cpython-310.pyc
[1.602s] running install_data
[1.602s] copying resource/urdf_tutorial_r2d2 -> /home/karol/ITB/URO/KRAI/ros2_ws/install/urdf_tutorial_r2d2/share/ament_index/resource_index/packages
[1.602s] copying package.xml -> /home/karol/ITB/URO/KRAI/ros2_ws/install/urdf_tutorial_r2d2/share/urdf_tutorial_r2d2
[1.602s] copying launch/demo.launch.py -> /home/karol/ITB/URO/KRAI/ros2_ws/install/urdf_tutorial_r2d2/share/urdf_tutorial_r2d2/launch
[1.602s] copying launch/display.launch.py -> /home/karol/ITB/URO/KRAI/ros2_ws/install/urdf_tutorial_r2d2/share/urdf_tutorial_r2d2/launch
[1.602s] copying urdf/r2d2.urdf -> /home/karol/ITB/URO/KRAI/ros2_ws/install/urdf_tutorial_r2d2/share/urdf_tutorial_r2d2/urdf
[1.603s] copying rviz/r2d2.rviz -> /home/karol/ITB/URO/KRAI/ros2_ws/install/urdf_tutorial_r2d2/share/urdf_tutorial_r2d2/rviz
[1.603s] running install_egg_info
[1.604s] Copying ../../../build/urdf_tutorial_r2d2/urdf_tutorial_r2d2.egg-info to /home/karol/ITB/URO/KRAI/ros2_ws/install/urdf_tutorial_r2d2/lib/python3.10/site-packages/urdf_tutorial_r2d2-0.0.0-py3.10.egg-info
[1.605s] running install_scripts
[1.620s] Installing state_publisher script to /home/karol/ITB/URO/KRAI/ros2_ws/install/urdf_tutorial_r2d2/lib/urdf_tutorial_r2d2
[1.620s] writing list of installed files to '/home/karol/ITB/URO/KRAI/ros2_ws/build/urdf_tutorial_r2d2/install.log'
[1.641s] Invoked command in '/home/karol/ITB/URO/KRAI/ros2_ws/src/ros2_tutorial/urdf_tutorial_r2d2' returned '0': PYTHONPATH=/home/karol/ITB/URO/KRAI/ros2_ws/build/urdf_tutorial_r2d2/prefix_override:/usr/lib/python3/dist-packages/colcon_core/task/python/colcon_distutils_commands:/home/karol/ITB/URO/KRAI/ros2_ws/install/urdf_tutorial_r2d2/lib/python3.10/site-packages:${PYTHONPATH} /usr/bin/python3 -W ignore:setup.py install is deprecated -W ignore:easy_install command is deprecated setup.py egg_info --egg-base ../../../build/urdf_tutorial_r2d2 build --build-base /home/karol/ITB/URO/KRAI/ros2_ws/build/urdf_tutorial_r2d2/build install --record /home/karol/ITB/URO/KRAI/ros2_ws/build/urdf_tutorial_r2d2/install.log --single-version-externally-managed install_data --force
