[0.455s] Invoking command in '/home/karol/ITB/URO/KRAI/ros2_ws/src/launch_tutorial': PYTHONPATH=/home/karol/ITB/URO/KRAI/ros2_ws/build/launch_tutorial/prefix_override:/usr/lib/python3/dist-packages/colcon_core/task/python/colcon_distutils_commands:/home/karol/ITB/URO/KRAI/ros2_ws/install/launch_tutorial/lib/python3.10/site-packages:${PYTHONPATH} /usr/bin/python3 -W ignore:setup.py install is deprecated -W ignore:easy_install command is deprecated setup.py egg_info --egg-base ../../build/launch_tutorial build --build-base /home/karol/ITB/URO/KRAI/ros2_ws/build/launch_tutorial/build install --record /home/karol/ITB/URO/KRAI/ros2_ws/build/launch_tutorial/install.log --single-version-externally-managed install_data
[0.675s] running egg_info
[0.675s] creating ../../build/launch_tutorial/launch_tutorial.egg-info
[0.675s] writing ../../build/launch_tutorial/launch_tutorial.egg-info/PKG-INFO
[0.675s] writing dependency_links to ../../build/launch_tutorial/launch_tutorial.egg-info/dependency_links.txt
[0.675s] writing entry points to ../../build/launch_tutorial/launch_tutorial.egg-info/entry_points.txt
[0.675s] writing requirements to ../../build/launch_tutorial/launch_tutorial.egg-info/requires.txt
[0.676s] writing top-level names to ../../build/launch_tutorial/launch_tutorial.egg-info/top_level.txt
[0.676s] writing manifest file '../../build/launch_tutorial/launch_tutorial.egg-info/SOURCES.txt'
[0.677s] reading manifest file '../../build/launch_tutorial/launch_tutorial.egg-info/SOURCES.txt'
[0.677s] adding license file 'LICENSE'
[0.677s] writing manifest file '../../build/launch_tutorial/launch_tutorial.egg-info/SOURCES.txt'
[0.678s] running build
[0.678s] running build_py
[0.678s] creating /home/karol/ITB/URO/KRAI/ros2_ws/build/launch_tutorial/build
[0.678s] creating /home/karol/ITB/URO/KRAI/ros2_ws/build/launch_tutorial/build/lib
[0.678s] creating /home/karol/ITB/URO/KRAI/ros2_ws/build/launch_tutorial/build/lib/launch_tutorial
[0.678s] copying launch_tutorial/__init__.py -> /home/karol/ITB/URO/KRAI/ros2_ws/build/launch_tutorial/build/lib/launch_tutorial
[0.678s] running install
[0.678s] running install_lib
[0.679s] creating /home/karol/ITB/URO/KRAI/ros2_ws/install/launch_tutorial/lib/python3.10/site-packages/launch_tutorial
[0.679s] copying /home/karol/ITB/URO/KRAI/ros2_ws/build/launch_tutorial/build/lib/launch_tutorial/__init__.py -> /home/karol/ITB/URO/KRAI/ros2_ws/install/launch_tutorial/lib/python3.10/site-packages/launch_tutorial
[0.679s] byte-compiling /home/karol/ITB/URO/KRAI/ros2_ws/install/launch_tutorial/lib/python3.10/site-packages/launch_tutorial/__init__.py to __init__.cpython-310.pyc
[0.680s] running install_data
[0.680s] creating /home/karol/ITB/URO/KRAI/ros2_ws/install/launch_tutorial/share/ament_index
[0.680s] creating /home/karol/ITB/URO/KRAI/ros2_ws/install/launch_tutorial/share/ament_index/resource_index
[0.680s] creating /home/karol/ITB/URO/KRAI/ros2_ws/install/launch_tutorial/share/ament_index/resource_index/packages
[0.680s] copying resource/launch_tutorial -> /home/karol/ITB/URO/KRAI/ros2_ws/install/launch_tutorial/share/ament_index/resource_index/packages
[0.680s] copying package.xml -> /home/karol/ITB/URO/KRAI/ros2_ws/install/launch_tutorial/share/launch_tutorial
[0.680s] creating /home/karol/ITB/URO/KRAI/ros2_ws/install/launch_tutorial/share/launch_tutorial/launch
[0.680s] copying launch/example_event_handlers.launch.py -> /home/karol/ITB/URO/KRAI/ros2_ws/install/launch_tutorial/share/launch_tutorial/launch
[0.680s] running install_egg_info
[0.681s] Copying ../../build/launch_tutorial/launch_tutorial.egg-info to /home/karol/ITB/URO/KRAI/ros2_ws/install/launch_tutorial/lib/python3.10/site-packages/launch_tutorial-0.0.0-py3.10.egg-info
[0.682s] running install_scripts
[0.700s] writing list of installed files to '/home/karol/ITB/URO/KRAI/ros2_ws/build/launch_tutorial/install.log'
[0.722s] Invoked command in '/home/karol/ITB/URO/KRAI/ros2_ws/src/launch_tutorial' returned '0': PYTHONPATH=/home/karol/ITB/URO/KRAI/ros2_ws/build/launch_tutorial/prefix_override:/usr/lib/python3/dist-packages/colcon_core/task/python/colcon_distutils_commands:/home/karol/ITB/URO/KRAI/ros2_ws/install/launch_tutorial/lib/python3.10/site-packages:${PYTHONPATH} /usr/bin/python3 -W ignore:setup.py install is deprecated -W ignore:easy_install command is deprecated setup.py egg_info --egg-base ../../build/launch_tutorial build --build-base /home/karol/ITB/URO/KRAI/ros2_ws/build/launch_tutorial/build install --record /home/karol/ITB/URO/KRAI/ros2_ws/build/launch_tutorial/install.log --single-version-externally-managed install_data
