[0.010s] Invoking command in '/home/karol/ITB/URO/KRAI/ros2_ws/build/action_tutorials_cpp': CMAKE_PREFIX_PATH=/home/karol/ITB/URO/KRAI/ros2_ws/install/action_tutorials_interfaces:/home/karol/ITB/URO/KRAI/ros2_ws/install/urdf_tutorial:/home/karol/ITB/URO/KRAI/ros2_ws/install/tutorial_interfaces:/home/karol/ITB/URO/KRAI/ros2_ws/install/lumina_simulation:/home/karol/ITB/URO/KRAI/ros2_ws/install/cpp_parameters:/home/karol/ITB/URO/KRAI/ros2_ws/install/action_tutorials_cpp:/home/karol/turtlebot3_ws/install/turtlebot3_simulations:/home/karol/turtlebot3_ws/install/turtlebot3_gazebo:/home/karol/turtlebot3_ws/install/turtlebot3_fake_node:/home/karol/turtlebot3_ws/install/nav2_rrtstar_planner:/home/karol/ITB/URO/KRAI/ros2_learn/urdf_example/install/urdf_example:/home/karol/ITB/URO/KRAI/nebula/nebula-ws/install/omnidirectional_controllers:/home/karol/ITB/URO/KRAI/nebula/nebula-ws/install/omni_wheel_controller:/home/karol/ITB/URO/KRAI/nebula/nebula-ws/install/nebula_navigation:/home/karol/ITB/URO/KRAI/nebula/nebula-ws/install/nebula_localization:/home/karol/ITB/URO/KRAI/nebula/nebula-ws/install/nebula_hardware_interfaces:/home/karol/ITB/URO/KRAI/nebula/nebula-ws/install/nebula_firmware:/home/karol/ITB/URO/KRAI/nebula/nebula-ws/install/nebula_controller:/home/karol/ITB/URO/KRAI/nebula/nebula-ws/install/nebula_config:/home/karol/ITB/URO/KRAI/nebula/nebula-ws/install/nebula_bringup:/home/karol/ITB/URO/KRAI/nebula/nebula-ws/install/axebot_description:/home/karol/ITB/URO/KRAI/ros2_ws/src/tutorial_interfaces/install/tutorial_interfaces:/home/karol/ITB/URO/KRAI/ros2_ws/install/urdf_tutorial_r2d2:/home/karol/ITB/URO/KRAI/ros2_ws/install/learning_tf2_py:/home/karol/ITB/URO/KRAI/ros2_ws/install/launch_tutorial:/opt/ros/humble LD_LIBRARY_PATH=/home/karol/ITB/URO/KRAI/ros2_ws/install/action_tutorials_interfaces/lib:/home/karol/ITB/URO/KRAI/ros2_ws/install/tutorial_interfaces/lib:/home/karol/ITB/URO/KRAI/ros2_ws/install/action_tutorials_cpp/lib:/home/karol/turtlebot3_ws/install/nav2_rrtstar_planner/lib:/home/karol/ITB/URO/KRAI/nebula/nebula-ws/install/omnidirectional_controllers/lib:/home/karol/ITB/URO/KRAI/nebula/nebula-ws/install/omni_wheel_controller/lib:/home/karol/ITB/URO/KRAI/nebula/nebula-ws/install/nebula_firmware/lib:/home/karol/ITB/URO/KRAI/ros2_ws/src/tutorial_interfaces/install/tutorial_interfaces/lib:/usr/lib/x86_64-linux-gnu/gazebo-11/plugins:/opt/ros/humble/opt/rviz_ogre_vendor/lib:/opt/ros/humble/lib/x86_64-linux-gnu:/opt/ros/humble/lib:/usr/lib/x86_64-linux-gnu/gazebo-11/plugins:/usr/lib/x86_64-linux-gnu/gazebo-11/plugins:/usr/lib/x86_64-linux-gnu/gazebo-11/plugins /usr/bin/cmake /home/karol/ITB/URO/KRAI/ros2_ws/src/ros2_tutorial/action_tutorials_cpp -DAMENT_CMAKE_SYMLINK_INSTALL=1 -DCMAKE_INSTALL_PREFIX=/home/karol/ITB/URO/KRAI/ros2_ws/install/action_tutorials_cpp
[0.057s] -- The C compiler identification is GNU 11.4.0
[0.099s] -- The CXX compiler identification is GNU 11.4.0
[0.104s] -- Detecting C compiler ABI info
[0.157s] -- Detecting C compiler ABI info - done
[0.162s] -- Check for working C compiler: /usr/bin/cc - skipped
[0.162s] -- Detecting C compile features
[0.162s] -- Detecting C compile features - done
[0.164s] -- Detecting CXX compiler ABI info
[0.228s] -- Detecting CXX compiler ABI info - done
[0.236s] -- Check for working CXX compiler: /usr/bin/c++ - skipped
[0.236s] -- Detecting CXX compile features
[0.237s] -- Detecting CXX compile features - done
[0.241s] -- Found ament_cmake: 1.3.11 (/opt/ros/humble/share/ament_cmake/cmake)
[0.363s] -- Found Python3: /usr/bin/python3 (found version "3.10.12") found components: Interpreter 
[0.410s] -- Override CMake install command with custom implementation using symlinks instead of copying resources
[0.437s] -- Found action_tutorials_interfaces: 0.0.0 (/home/karol/ITB/URO/KRAI/ros2_ws/install/action_tutorials_interfaces/share/action_tutorials_interfaces/cmake)
[0.465s] -- Found rosidl_generator_c: 3.1.6 (/opt/ros/humble/share/rosidl_generator_c/cmake)
[0.469s] -- Found rosidl_adapter: 3.1.6 (/opt/ros/humble/share/rosidl_adapter/cmake)
[0.475s] -- Found rosidl_generator_cpp: 3.1.6 (/opt/ros/humble/share/rosidl_generator_cpp/cmake)
[0.484s] -- Using all available rosidl_typesupport_c: rosidl_typesupport_fastrtps_c;rosidl_typesupport_introspection_c
[0.495s] -- Using all available rosidl_typesupport_cpp: rosidl_typesupport_fastrtps_cpp;rosidl_typesupport_introspection_cpp
[0.528s] -- Found rclcpp: 16.0.11 (/opt/ros/humble/share/rclcpp/cmake)
[0.557s] -- Found rmw_implementation_cmake: 6.1.2 (/opt/ros/humble/share/rmw_implementation_cmake/cmake)
[0.560s] -- Found rmw_cyclonedds_cpp: 1.3.4 (/opt/ros/humble/share/rmw_cyclonedds_cpp/cmake)
[0.577s] -- Using RMW implementation 'rmw_cyclonedds_cpp' as default
[0.584s] -- Looking for pthread.h
[0.647s] -- Looking for pthread.h - found
[0.647s] -- Performing Test CMAKE_HAVE_LIBC_PTHREAD
[0.706s] -- Performing Test CMAKE_HAVE_LIBC_PTHREAD - Success
[0.706s] -- Found Threads: TRUE  
[0.741s] -- Found rclcpp_action: 16.0.11 (/opt/ros/humble/share/rclcpp_action/cmake)
[0.751s] -- Found rclcpp_components: 16.0.11 (/opt/ros/humble/share/rclcpp_components/cmake)
[0.783s] -- Found ament_lint_auto: 0.12.11 (/opt/ros/humble/share/ament_lint_auto/cmake)
[0.839s] -- Added test 'cppcheck' to perform static code analysis on C / C++ code
[0.839s] -- Configured cppcheck include dirs: $<BUILD_INTERFACE:/home/karol/ITB/URO/KRAI/ros2_ws/src/ros2_tutorial/action_tutorials_cpp/include>
[0.839s] -- Configured cppcheck exclude dirs and/or files: 
[0.840s] -- Added test 'lint_cmake' to check CMake code style
[0.841s] -- Added test 'uncrustify' to check C / C++ code style
[0.841s] -- Configured uncrustify additional arguments: 
[0.842s] -- Added test 'xmllint' to check XML markup files
[0.844s] -- Configuring done
[0.860s] -- Generating done
[0.864s] -- Build files have been written to: /home/karol/ITB/URO/KRAI/ros2_ws/build/action_tutorials_cpp
[0.871s] Invoked command in '/home/karol/ITB/URO/KRAI/ros2_ws/build/action_tutorials_cpp' returned '0': CMAKE_PREFIX_PATH=/home/karol/ITB/URO/KRAI/ros2_ws/install/action_tutorials_interfaces:/home/karol/ITB/URO/KRAI/ros2_ws/install/urdf_tutorial:/home/karol/ITB/URO/KRAI/ros2_ws/install/tutorial_interfaces:/home/karol/ITB/URO/KRAI/ros2_ws/install/lumina_simulation:/home/karol/ITB/URO/KRAI/ros2_ws/install/cpp_parameters:/home/karol/ITB/URO/KRAI/ros2_ws/install/action_tutorials_cpp:/home/karol/turtlebot3_ws/install/turtlebot3_simulations:/home/karol/turtlebot3_ws/install/turtlebot3_gazebo:/home/karol/turtlebot3_ws/install/turtlebot3_fake_node:/home/karol/turtlebot3_ws/install/nav2_rrtstar_planner:/home/karol/ITB/URO/KRAI/ros2_learn/urdf_example/install/urdf_example:/home/karol/ITB/URO/KRAI/nebula/nebula-ws/install/omnidirectional_controllers:/home/karol/ITB/URO/KRAI/nebula/nebula-ws/install/omni_wheel_controller:/home/karol/ITB/URO/KRAI/nebula/nebula-ws/install/nebula_navigation:/home/karol/ITB/URO/KRAI/nebula/nebula-ws/install/nebula_localization:/home/karol/ITB/URO/KRAI/nebula/nebula-ws/install/nebula_hardware_interfaces:/home/karol/ITB/URO/KRAI/nebula/nebula-ws/install/nebula_firmware:/home/karol/ITB/URO/KRAI/nebula/nebula-ws/install/nebula_controller:/home/karol/ITB/URO/KRAI/nebula/nebula-ws/install/nebula_config:/home/karol/ITB/URO/KRAI/nebula/nebula-ws/install/nebula_bringup:/home/karol/ITB/URO/KRAI/nebula/nebula-ws/install/axebot_description:/home/karol/ITB/URO/KRAI/ros2_ws/src/tutorial_interfaces/install/tutorial_interfaces:/home/karol/ITB/URO/KRAI/ros2_ws/install/urdf_tutorial_r2d2:/home/karol/ITB/URO/KRAI/ros2_ws/install/learning_tf2_py:/home/karol/ITB/URO/KRAI/ros2_ws/install/launch_tutorial:/opt/ros/humble LD_LIBRARY_PATH=/home/karol/ITB/URO/KRAI/ros2_ws/install/action_tutorials_interfaces/lib:/home/karol/ITB/URO/KRAI/ros2_ws/install/tutorial_interfaces/lib:/home/karol/ITB/URO/KRAI/ros2_ws/install/action_tutorials_cpp/lib:/home/karol/turtlebot3_ws/install/nav2_rrtstar_planner/lib:/home/karol/ITB/URO/KRAI/nebula/nebula-ws/install/omnidirectional_controllers/lib:/home/karol/ITB/URO/KRAI/nebula/nebula-ws/install/omni_wheel_controller/lib:/home/karol/ITB/URO/KRAI/nebula/nebula-ws/install/nebula_firmware/lib:/home/karol/ITB/URO/KRAI/ros2_ws/src/tutorial_interfaces/install/tutorial_interfaces/lib:/usr/lib/x86_64-linux-gnu/gazebo-11/plugins:/opt/ros/humble/opt/rviz_ogre_vendor/lib:/opt/ros/humble/lib/x86_64-linux-gnu:/opt/ros/humble/lib:/usr/lib/x86_64-linux-gnu/gazebo-11/plugins:/usr/lib/x86_64-linux-gnu/gazebo-11/plugins:/usr/lib/x86_64-linux-gnu/gazebo-11/plugins /usr/bin/cmake /home/karol/ITB/URO/KRAI/ros2_ws/src/ros2_tutorial/action_tutorials_cpp -DAMENT_CMAKE_SYMLINK_INSTALL=1 -DCMAKE_INSTALL_PREFIX=/home/karol/ITB/URO/KRAI/ros2_ws/install/action_tutorials_cpp
[0.872s] Invoking command in '/home/karol/ITB/URO/KRAI/ros2_ws/build/action_tutorials_cpp': CMAKE_PREFIX_PATH=/home/karol/ITB/URO/KRAI/ros2_ws/install/action_tutorials_interfaces:/home/karol/ITB/URO/KRAI/ros2_ws/install/urdf_tutorial:/home/karol/ITB/URO/KRAI/ros2_ws/install/tutorial_interfaces:/home/karol/ITB/URO/KRAI/ros2_ws/install/lumina_simulation:/home/karol/ITB/URO/KRAI/ros2_ws/install/cpp_parameters:/home/karol/ITB/URO/KRAI/ros2_ws/install/action_tutorials_cpp:/home/karol/turtlebot3_ws/install/turtlebot3_simulations:/home/karol/turtlebot3_ws/install/turtlebot3_gazebo:/home/karol/turtlebot3_ws/install/turtlebot3_fake_node:/home/karol/turtlebot3_ws/install/nav2_rrtstar_planner:/home/karol/ITB/URO/KRAI/ros2_learn/urdf_example/install/urdf_example:/home/karol/ITB/URO/KRAI/nebula/nebula-ws/install/omnidirectional_controllers:/home/karol/ITB/URO/KRAI/nebula/nebula-ws/install/omni_wheel_controller:/home/karol/ITB/URO/KRAI/nebula/nebula-ws/install/nebula_navigation:/home/karol/ITB/URO/KRAI/nebula/nebula-ws/install/nebula_localization:/home/karol/ITB/URO/KRAI/nebula/nebula-ws/install/nebula_hardware_interfaces:/home/karol/ITB/URO/KRAI/nebula/nebula-ws/install/nebula_firmware:/home/karol/ITB/URO/KRAI/nebula/nebula-ws/install/nebula_controller:/home/karol/ITB/URO/KRAI/nebula/nebula-ws/install/nebula_config:/home/karol/ITB/URO/KRAI/nebula/nebula-ws/install/nebula_bringup:/home/karol/ITB/URO/KRAI/nebula/nebula-ws/install/axebot_description:/home/karol/ITB/URO/KRAI/ros2_ws/src/tutorial_interfaces/install/tutorial_interfaces:/home/karol/ITB/URO/KRAI/ros2_ws/install/urdf_tutorial_r2d2:/home/karol/ITB/URO/KRAI/ros2_ws/install/learning_tf2_py:/home/karol/ITB/URO/KRAI/ros2_ws/install/launch_tutorial:/opt/ros/humble LD_LIBRARY_PATH=/home/karol/ITB/URO/KRAI/ros2_ws/install/action_tutorials_interfaces/lib:/home/karol/ITB/URO/KRAI/ros2_ws/install/tutorial_interfaces/lib:/home/karol/ITB/URO/KRAI/ros2_ws/install/action_tutorials_cpp/lib:/home/karol/turtlebot3_ws/install/nav2_rrtstar_planner/lib:/home/karol/ITB/URO/KRAI/nebula/nebula-ws/install/omnidirectional_controllers/lib:/home/karol/ITB/URO/KRAI/nebula/nebula-ws/install/omni_wheel_controller/lib:/home/karol/ITB/URO/KRAI/nebula/nebula-ws/install/nebula_firmware/lib:/home/karol/ITB/URO/KRAI/ros2_ws/src/tutorial_interfaces/install/tutorial_interfaces/lib:/usr/lib/x86_64-linux-gnu/gazebo-11/plugins:/opt/ros/humble/opt/rviz_ogre_vendor/lib:/opt/ros/humble/lib/x86_64-linux-gnu:/opt/ros/humble/lib:/usr/lib/x86_64-linux-gnu/gazebo-11/plugins:/usr/lib/x86_64-linux-gnu/gazebo-11/plugins:/usr/lib/x86_64-linux-gnu/gazebo-11/plugins /usr/bin/cmake --build /home/karol/ITB/URO/KRAI/ros2_ws/build/action_tutorials_cpp -- -j22 -l22
[0.918s] [ 12%] [32mBuilding CXX object CMakeFiles/fibonacci_action_server.dir/rclcpp_components/node_main_fibonacci_action_server.cpp.o[0m
[0.919s] [ 25%] [32mBuilding CXX object CMakeFiles/action_client.dir/src/fibonacci_action_client.cpp.o[0m
[0.919s] [ 37%] [32mBuilding CXX object CMakeFiles/action_server.dir/src/fibonacci_action_server.cpp.o[0m
[0.919s] [ 50%] [32mBuilding CXX object CMakeFiles/fibonacci_action_client.dir/rclcpp_components/node_main_fibonacci_action_client.cpp.o[0m
[3.054s] [ 62%] [32m[1mLinking CXX executable fibonacci_action_client[0m
[3.172s] [ 62%] Built target fibonacci_action_client
[3.239s] [ 75%] [32m[1mLinking CXX executable fibonacci_action_server[0m
[3.343s] [ 75%] Built target fibonacci_action_server
[3.740s] [ 87%] [32m[1mLinking CXX shared library libaction_server.so[0m
[3.843s] [ 87%] Built target action_server
[3.919s] [100%] [32m[1mLinking CXX shared library libaction_client.so[0m
[4.034s] [100%] Built target action_client
[4.044s] Invoked command in '/home/karol/ITB/URO/KRAI/ros2_ws/build/action_tutorials_cpp' returned '0': CMAKE_PREFIX_PATH=/home/karol/ITB/URO/KRAI/ros2_ws/install/action_tutorials_interfaces:/home/karol/ITB/URO/KRAI/ros2_ws/install/urdf_tutorial:/home/karol/ITB/URO/KRAI/ros2_ws/install/tutorial_interfaces:/home/karol/ITB/URO/KRAI/ros2_ws/install/lumina_simulation:/home/karol/ITB/URO/KRAI/ros2_ws/install/cpp_parameters:/home/karol/ITB/URO/KRAI/ros2_ws/install/action_tutorials_cpp:/home/karol/turtlebot3_ws/install/turtlebot3_simulations:/home/karol/turtlebot3_ws/install/turtlebot3_gazebo:/home/karol/turtlebot3_ws/install/turtlebot3_fake_node:/home/karol/turtlebot3_ws/install/nav2_rrtstar_planner:/home/karol/ITB/URO/KRAI/ros2_learn/urdf_example/install/urdf_example:/home/karol/ITB/URO/KRAI/nebula/nebula-ws/install/omnidirectional_controllers:/home/karol/ITB/URO/KRAI/nebula/nebula-ws/install/omni_wheel_controller:/home/karol/ITB/URO/KRAI/nebula/nebula-ws/install/nebula_navigation:/home/karol/ITB/URO/KRAI/nebula/nebula-ws/install/nebula_localization:/home/karol/ITB/URO/KRAI/nebula/nebula-ws/install/nebula_hardware_interfaces:/home/karol/ITB/URO/KRAI/nebula/nebula-ws/install/nebula_firmware:/home/karol/ITB/URO/KRAI/nebula/nebula-ws/install/nebula_controller:/home/karol/ITB/URO/KRAI/nebula/nebula-ws/install/nebula_config:/home/karol/ITB/URO/KRAI/nebula/nebula-ws/install/nebula_bringup:/home/karol/ITB/URO/KRAI/nebula/nebula-ws/install/axebot_description:/home/karol/ITB/URO/KRAI/ros2_ws/src/tutorial_interfaces/install/tutorial_interfaces:/home/karol/ITB/URO/KRAI/ros2_ws/install/urdf_tutorial_r2d2:/home/karol/ITB/URO/KRAI/ros2_ws/install/learning_tf2_py:/home/karol/ITB/URO/KRAI/ros2_ws/install/launch_tutorial:/opt/ros/humble LD_LIBRARY_PATH=/home/karol/ITB/URO/KRAI/ros2_ws/install/action_tutorials_interfaces/lib:/home/karol/ITB/URO/KRAI/ros2_ws/install/tutorial_interfaces/lib:/home/karol/ITB/URO/KRAI/ros2_ws/install/action_tutorials_cpp/lib:/home/karol/turtlebot3_ws/install/nav2_rrtstar_planner/lib:/home/karol/ITB/URO/KRAI/nebula/nebula-ws/install/omnidirectional_controllers/lib:/home/karol/ITB/URO/KRAI/nebula/nebula-ws/install/omni_wheel_controller/lib:/home/karol/ITB/URO/KRAI/nebula/nebula-ws/install/nebula_firmware/lib:/home/karol/ITB/URO/KRAI/ros2_ws/src/tutorial_interfaces/install/tutorial_interfaces/lib:/usr/lib/x86_64-linux-gnu/gazebo-11/plugins:/opt/ros/humble/opt/rviz_ogre_vendor/lib:/opt/ros/humble/lib/x86_64-linux-gnu:/opt/ros/humble/lib:/usr/lib/x86_64-linux-gnu/gazebo-11/plugins:/usr/lib/x86_64-linux-gnu/gazebo-11/plugins:/usr/lib/x86_64-linux-gnu/gazebo-11/plugins /usr/bin/cmake --build /home/karol/ITB/URO/KRAI/ros2_ws/build/action_tutorials_cpp -- -j22 -l22
[4.045s] Invoking command in '/home/karol/ITB/URO/KRAI/ros2_ws/build/action_tutorials_cpp': CMAKE_PREFIX_PATH=/home/karol/ITB/URO/KRAI/ros2_ws/install/action_tutorials_interfaces:/home/karol/ITB/URO/KRAI/ros2_ws/install/urdf_tutorial:/home/karol/ITB/URO/KRAI/ros2_ws/install/tutorial_interfaces:/home/karol/ITB/URO/KRAI/ros2_ws/install/lumina_simulation:/home/karol/ITB/URO/KRAI/ros2_ws/install/cpp_parameters:/home/karol/ITB/URO/KRAI/ros2_ws/install/action_tutorials_cpp:/home/karol/turtlebot3_ws/install/turtlebot3_simulations:/home/karol/turtlebot3_ws/install/turtlebot3_gazebo:/home/karol/turtlebot3_ws/install/turtlebot3_fake_node:/home/karol/turtlebot3_ws/install/nav2_rrtstar_planner:/home/karol/ITB/URO/KRAI/ros2_learn/urdf_example/install/urdf_example:/home/karol/ITB/URO/KRAI/nebula/nebula-ws/install/omnidirectional_controllers:/home/karol/ITB/URO/KRAI/nebula/nebula-ws/install/omni_wheel_controller:/home/karol/ITB/URO/KRAI/nebula/nebula-ws/install/nebula_navigation:/home/karol/ITB/URO/KRAI/nebula/nebula-ws/install/nebula_localization:/home/karol/ITB/URO/KRAI/nebula/nebula-ws/install/nebula_hardware_interfaces:/home/karol/ITB/URO/KRAI/nebula/nebula-ws/install/nebula_firmware:/home/karol/ITB/URO/KRAI/nebula/nebula-ws/install/nebula_controller:/home/karol/ITB/URO/KRAI/nebula/nebula-ws/install/nebula_config:/home/karol/ITB/URO/KRAI/nebula/nebula-ws/install/nebula_bringup:/home/karol/ITB/URO/KRAI/nebula/nebula-ws/install/axebot_description:/home/karol/ITB/URO/KRAI/ros2_ws/src/tutorial_interfaces/install/tutorial_interfaces:/home/karol/ITB/URO/KRAI/ros2_ws/install/urdf_tutorial_r2d2:/home/karol/ITB/URO/KRAI/ros2_ws/install/learning_tf2_py:/home/karol/ITB/URO/KRAI/ros2_ws/install/launch_tutorial:/opt/ros/humble LD_LIBRARY_PATH=/home/karol/ITB/URO/KRAI/ros2_ws/install/action_tutorials_interfaces/lib:/home/karol/ITB/URO/KRAI/ros2_ws/install/tutorial_interfaces/lib:/home/karol/ITB/URO/KRAI/ros2_ws/install/action_tutorials_cpp/lib:/home/karol/turtlebot3_ws/install/nav2_rrtstar_planner/lib:/home/karol/ITB/URO/KRAI/nebula/nebula-ws/install/omnidirectional_controllers/lib:/home/karol/ITB/URO/KRAI/nebula/nebula-ws/install/omni_wheel_controller/lib:/home/karol/ITB/URO/KRAI/nebula/nebula-ws/install/nebula_firmware/lib:/home/karol/ITB/URO/KRAI/ros2_ws/src/tutorial_interfaces/install/tutorial_interfaces/lib:/usr/lib/x86_64-linux-gnu/gazebo-11/plugins:/opt/ros/humble/opt/rviz_ogre_vendor/lib:/opt/ros/humble/lib/x86_64-linux-gnu:/opt/ros/humble/lib:/usr/lib/x86_64-linux-gnu/gazebo-11/plugins:/usr/lib/x86_64-linux-gnu/gazebo-11/plugins:/usr/lib/x86_64-linux-gnu/gazebo-11/plugins /usr/bin/cmake --install /home/karol/ITB/URO/KRAI/ros2_ws/build/action_tutorials_cpp
[4.052s] -- Install configuration: ""
[4.053s] -- Execute custom install script
[4.053s] -- Symlinking: /home/karol/ITB/URO/KRAI/ros2_ws/install/action_tutorials_cpp/lib/action_tutorials_cpp/fibonacci_action_server
[4.058s] -- Symlinking: /home/karol/ITB/URO/KRAI/ros2_ws/install/action_tutorials_cpp/lib/libaction_server.so
[4.063s] -- Symlinking: /home/karol/ITB/URO/KRAI/ros2_ws/install/action_tutorials_cpp/lib/action_tutorials_cpp/fibonacci_action_client
[4.071s] -- Symlinking: /home/karol/ITB/URO/KRAI/ros2_ws/install/action_tutorials_cpp/lib/libaction_client.so
[4.076s] -- Symlinking: /home/karol/ITB/URO/KRAI/ros2_ws/install/action_tutorials_cpp/share/ament_index/resource_index/package_run_dependencies/action_tutorials_cpp
[4.082s] -- Symlinking: /home/karol/ITB/URO/KRAI/ros2_ws/install/action_tutorials_cpp/share/ament_index/resource_index/parent_prefix_path/action_tutorials_cpp
[4.090s] -- Symlinking: /home/karol/ITB/URO/KRAI/ros2_ws/install/action_tutorials_cpp/share/action_tutorials_cpp/environment/ament_prefix_path.sh
[4.096s] -- Symlinking: /home/karol/ITB/URO/KRAI/ros2_ws/install/action_tutorials_cpp/share/action_tutorials_cpp/environment/ament_prefix_path.dsv
[4.102s] -- Symlinking: /home/karol/ITB/URO/KRAI/ros2_ws/install/action_tutorials_cpp/share/action_tutorials_cpp/environment/path.sh
[4.110s] -- Symlinking: /home/karol/ITB/URO/KRAI/ros2_ws/install/action_tutorials_cpp/share/action_tutorials_cpp/environment/path.dsv
[4.116s] -- Symlinking: /home/karol/ITB/URO/KRAI/ros2_ws/install/action_tutorials_cpp/share/action_tutorials_cpp/local_setup.bash
[4.121s] -- Symlinking: /home/karol/ITB/URO/KRAI/ros2_ws/install/action_tutorials_cpp/share/action_tutorials_cpp/local_setup.sh
[4.128s] -- Symlinking: /home/karol/ITB/URO/KRAI/ros2_ws/install/action_tutorials_cpp/share/action_tutorials_cpp/local_setup.zsh
[4.136s] -- Symlinking: /home/karol/ITB/URO/KRAI/ros2_ws/install/action_tutorials_cpp/share/action_tutorials_cpp/local_setup.dsv
[4.145s] -- Symlinking: /home/karol/ITB/URO/KRAI/ros2_ws/install/action_tutorials_cpp/share/action_tutorials_cpp/package.dsv
[4.152s] -- Symlinking: /home/karol/ITB/URO/KRAI/ros2_ws/install/action_tutorials_cpp/share/ament_index/resource_index/packages/action_tutorials_cpp
[4.158s] -- Symlinking: /home/karol/ITB/URO/KRAI/ros2_ws/install/action_tutorials_cpp/share/ament_index/resource_index/rclcpp_components/action_tutorials_cpp
[4.164s] -- Symlinking: /home/karol/ITB/URO/KRAI/ros2_ws/install/action_tutorials_cpp/share/action_tutorials_cpp/cmake/action_tutorials_cppConfig.cmake
[4.170s] -- Symlinking: /home/karol/ITB/URO/KRAI/ros2_ws/install/action_tutorials_cpp/share/action_tutorials_cpp/cmake/action_tutorials_cppConfig-version.cmake
[4.177s] -- Symlinking: /home/karol/ITB/URO/KRAI/ros2_ws/install/action_tutorials_cpp/share/action_tutorials_cpp/package.xml
[4.184s] Invoked command in '/home/karol/ITB/URO/KRAI/ros2_ws/build/action_tutorials_cpp' returned '0': CMAKE_PREFIX_PATH=/home/karol/ITB/URO/KRAI/ros2_ws/install/action_tutorials_interfaces:/home/karol/ITB/URO/KRAI/ros2_ws/install/urdf_tutorial:/home/karol/ITB/URO/KRAI/ros2_ws/install/tutorial_interfaces:/home/karol/ITB/URO/KRAI/ros2_ws/install/lumina_simulation:/home/karol/ITB/URO/KRAI/ros2_ws/install/cpp_parameters:/home/karol/ITB/URO/KRAI/ros2_ws/install/action_tutorials_cpp:/home/karol/turtlebot3_ws/install/turtlebot3_simulations:/home/karol/turtlebot3_ws/install/turtlebot3_gazebo:/home/karol/turtlebot3_ws/install/turtlebot3_fake_node:/home/karol/turtlebot3_ws/install/nav2_rrtstar_planner:/home/karol/ITB/URO/KRAI/ros2_learn/urdf_example/install/urdf_example:/home/karol/ITB/URO/KRAI/nebula/nebula-ws/install/omnidirectional_controllers:/home/karol/ITB/URO/KRAI/nebula/nebula-ws/install/omni_wheel_controller:/home/karol/ITB/URO/KRAI/nebula/nebula-ws/install/nebula_navigation:/home/karol/ITB/URO/KRAI/nebula/nebula-ws/install/nebula_localization:/home/karol/ITB/URO/KRAI/nebula/nebula-ws/install/nebula_hardware_interfaces:/home/karol/ITB/URO/KRAI/nebula/nebula-ws/install/nebula_firmware:/home/karol/ITB/URO/KRAI/nebula/nebula-ws/install/nebula_controller:/home/karol/ITB/URO/KRAI/nebula/nebula-ws/install/nebula_config:/home/karol/ITB/URO/KRAI/nebula/nebula-ws/install/nebula_bringup:/home/karol/ITB/URO/KRAI/nebula/nebula-ws/install/axebot_description:/home/karol/ITB/URO/KRAI/ros2_ws/src/tutorial_interfaces/install/tutorial_interfaces:/home/karol/ITB/URO/KRAI/ros2_ws/install/urdf_tutorial_r2d2:/home/karol/ITB/URO/KRAI/ros2_ws/install/learning_tf2_py:/home/karol/ITB/URO/KRAI/ros2_ws/install/launch_tutorial:/opt/ros/humble LD_LIBRARY_PATH=/home/karol/ITB/URO/KRAI/ros2_ws/install/action_tutorials_interfaces/lib:/home/karol/ITB/URO/KRAI/ros2_ws/install/tutorial_interfaces/lib:/home/karol/ITB/URO/KRAI/ros2_ws/install/action_tutorials_cpp/lib:/home/karol/turtlebot3_ws/install/nav2_rrtstar_planner/lib:/home/karol/ITB/URO/KRAI/nebula/nebula-ws/install/omnidirectional_controllers/lib:/home/karol/ITB/URO/KRAI/nebula/nebula-ws/install/omni_wheel_controller/lib:/home/karol/ITB/URO/KRAI/nebula/nebula-ws/install/nebula_firmware/lib:/home/karol/ITB/URO/KRAI/ros2_ws/src/tutorial_interfaces/install/tutorial_interfaces/lib:/usr/lib/x86_64-linux-gnu/gazebo-11/plugins:/opt/ros/humble/opt/rviz_ogre_vendor/lib:/opt/ros/humble/lib/x86_64-linux-gnu:/opt/ros/humble/lib:/usr/lib/x86_64-linux-gnu/gazebo-11/plugins:/usr/lib/x86_64-linux-gnu/gazebo-11/plugins:/usr/lib/x86_64-linux-gnu/gazebo-11/plugins /usr/bin/cmake --install /home/karol/ITB/URO/KRAI/ros2_ws/build/action_tutorials_cpp
