[0.011s] Invoking command in '/home/karol/ITB/URO/KRAI/ros2_ws/src/tutorial_interfaces/build/tutorial_interfaces': CMAKE_PREFIX_PATH=${CMAKE_PREFIX_PATH}:/opt/ros/humble /usr/bin/cmake /home/karol/ITB/URO/KRAI/ros2_ws/src/tutorial_interfaces -DCMAKE_INSTALL_PREFIX=/home/karol/ITB/URO/KRAI/ros2_ws/src/tutorial_interfaces/install/tutorial_interfaces
[0.097s] -- The C compiler identification is GNU 11.4.0
[0.162s] -- The CXX compiler identification is GNU 11.4.0
[0.169s] -- Detecting C compiler ABI info
[0.232s] -- Detecting C compiler ABI info - done
[0.237s] -- Check for working C compiler: /usr/bin/cc - skipped
[0.238s] -- Detecting C compile features
[0.238s] -- Detecting C compile features - done
[0.240s] -- Detecting CXX compiler ABI info
[0.305s] -- Detecting CXX compiler ABI info - done
[0.309s] -- Check for working CXX compiler: /usr/bin/c++ - skipped
[0.310s] -- Detecting CXX compile features
[0.310s] -- Detecting CXX compile features - done
[0.316s] -- Found ament_cmake: 1.3.11 (/opt/ros/humble/share/ament_cmake/cmake)
[0.437s] -- Found Python3: /usr/bin/python3 (found version "3.10.12") found components: Interpreter 
[0.529s] -- Found geometry_msgs: 4.2.4 (/opt/ros/humble/share/geometry_msgs/cmake)
[0.572s] -- Found rosidl_generator_c: 3.1.6 (/opt/ros/humble/share/rosidl_generator_c/cmake)
[0.577s] -- Found rosidl_adapter: 3.1.6 (/opt/ros/humble/share/rosidl_adapter/cmake)
[0.584s] -- Found rosidl_generator_cpp: 3.1.6 (/opt/ros/humble/share/rosidl_generator_cpp/cmake)
[0.595s] -- Using all available rosidl_typesupport_c: rosidl_typesupport_fastrtps_c;rosidl_typesupport_introspection_c
[0.609s] -- Using all available rosidl_typesupport_cpp: rosidl_typesupport_fastrtps_cpp;rosidl_typesupport_introspection_cpp
[0.639s] -- Found rosidl_default_generators: 1.2.0 (/opt/ros/humble/share/rosidl_default_generators/cmake)
[0.858s] -- Found ament_cmake_ros: 0.10.0 (/opt/ros/humble/share/ament_cmake_ros/cmake)
[1.131s] -- Using all available rosidl_typesupport_c: rosidl_typesupport_fastrtps_c;rosidl_typesupport_introspection_c
[1.239s] -- Using all available rosidl_typesupport_cpp: rosidl_typesupport_fastrtps_cpp;rosidl_typesupport_introspection_cpp
[1.254s] -- Found PythonInterp: /usr/bin/python3 (found suitable version "3.10.12", minimum required is "3.6") 
[1.256s] -- Found python_cmake_module: 0.10.0 (/opt/ros/humble/share/python_cmake_module/cmake)
[1.274s] -- Found PythonLibs: /usr/lib/x86_64-linux-gnu/libpython3.10.so (found suitable version "3.10.12", minimum required is "3.5") 
[1.274s] -- Using PYTHON_EXECUTABLE: /usr/bin/python3
[1.274s] -- Using PYTHON_INCLUDE_DIRS: /usr/include/python3.10
[1.274s] -- Using PYTHON_LIBRARIES: /usr/lib/x86_64-linux-gnu/libpython3.10.so
[1.288s] -- Found PythonExtra: .so  
[1.340s] -- Found ament_lint_auto: 0.12.11 (/opt/ros/humble/share/ament_lint_auto/cmake)
[1.363s] -- Added test 'cppcheck' to perform static code analysis on C / C++ code
[1.363s] -- Configured cppcheck include dirs: $<BUILD_INTERFACE:/home/karol/ITB/URO/KRAI/ros2_ws/src/tutorial_interfaces/build/tutorial_interfaces/rosidl_generator_c>;$<BUILD_INTERFACE:/home/karol/ITB/URO/KRAI/ros2_ws/src/tutorial_interfaces/build/tutorial_interfaces/rosidl_typesupport_fastrtps_c>;$<BUILD_INTERFACE:/home/karol/ITB/URO/KRAI/ros2_ws/src/tutorial_interfaces/build/tutorial_interfaces/rosidl_generator_cpp>;$<BUILD_INTERFACE:/home/karol/ITB/URO/KRAI/ros2_ws/src/tutorial_interfaces/build/tutorial_interfaces/rosidl_typesupport_fastrtps_cpp>;$<BUILD_INTERFACE:/home/karol/ITB/URO/KRAI/ros2_ws/src/tutorial_interfaces/build/tutorial_interfaces/rosidl_typesupport_introspection_c>;$<BUILD_INTERFACE:/home/karol/ITB/URO/KRAI/ros2_ws/src/tutorial_interfaces/build/tutorial_interfaces/rosidl_typesupport_introspection_cpp>;/home/karol/ITB/URO/KRAI/ros2_ws/src/tutorial_interfaces/build/tutorial_interfaces/rosidl_generator_c;/home/karol/ITB/URO/KRAI/ros2_ws/src/tutorial_interfaces/build/tutorial_interfaces/rosidl_generator_py
[1.363s] -- Configured cppcheck exclude dirs and/or files: 
[1.364s] -- Added test 'flake8' to check Python code syntax and style conventions
[1.365s] -- Added test 'lint_cmake' to check CMake code style
[1.366s] -- Added test 'pep257' to check Python code against some of the docstring style conventions in PEP 257
[1.370s] -- Added test 'uncrustify' to check C / C++ code style
[1.370s] -- Configured uncrustify additional arguments: 
[1.371s] -- Added test 'xmllint' to check XML markup files
[1.372s] -- Configuring done
[1.394s] -- Generating done
[1.401s] -- Build files have been written to: /home/karol/ITB/URO/KRAI/ros2_ws/src/tutorial_interfaces/build/tutorial_interfaces
[1.407s] Invoked command in '/home/karol/ITB/URO/KRAI/ros2_ws/src/tutorial_interfaces/build/tutorial_interfaces' returned '0': CMAKE_PREFIX_PATH=${CMAKE_PREFIX_PATH}:/opt/ros/humble /usr/bin/cmake /home/karol/ITB/URO/KRAI/ros2_ws/src/tutorial_interfaces -DCMAKE_INSTALL_PREFIX=/home/karol/ITB/URO/KRAI/ros2_ws/src/tutorial_interfaces/install/tutorial_interfaces
[1.412s] Invoking command in '/home/karol/ITB/URO/KRAI/ros2_ws/src/tutorial_interfaces/build/tutorial_interfaces': CMAKE_PREFIX_PATH=${CMAKE_PREFIX_PATH}:/opt/ros/humble /usr/bin/cmake --build /home/karol/ITB/URO/KRAI/ros2_ws/src/tutorial_interfaces/build/tutorial_interfaces -- -j22 -l22
[1.451s] [  2%] [34m[1mGenerating C code for ROS interfaces[0m
[1.461s] [  4%] [34m[1mGenerating C++ code for ROS interfaces[0m
[1.468s] [  4%] Built target ament_cmake_python_copy_tutorial_interfaces
[1.647s] running egg_info
[1.647s] creating tutorial_interfaces.egg-info
[1.647s] writing tutorial_interfaces.egg-info/PKG-INFO
[1.647s] writing dependency_links to tutorial_interfaces.egg-info/dependency_links.txt
[1.647s] writing top-level names to tutorial_interfaces.egg-info/top_level.txt
[1.647s] writing manifest file 'tutorial_interfaces.egg-info/SOURCES.txt'
[1.649s] reading manifest file 'tutorial_interfaces.egg-info/SOURCES.txt'
[1.649s] writing manifest file 'tutorial_interfaces.egg-info/SOURCES.txt'
[1.671s] [  4%] Built target ament_cmake_python_build_tutorial_interfaces_egg
[1.723s] [  4%] Built target tutorial_interfaces__cpp
[1.733s] [  6%] [32mBuilding C object CMakeFiles/tutorial_interfaces__rosidl_generator_c.dir/rosidl_generator_c/tutorial_interfaces/srv/detail/add_three_ints__functions.c.o[0m
[1.733s] [  8%] [32mBuilding C object CMakeFiles/tutorial_interfaces__rosidl_generator_c.dir/rosidl_generator_c/tutorial_interfaces/msg/detail/sphere__functions.c.o[0m
[1.735s] [ 12%] [34m[1mGenerating C++ type support dispatch for ROS interfaces[0m
[1.735s] [ 12%] [32mBuilding C object CMakeFiles/tutorial_interfaces__rosidl_generator_c.dir/rosidl_generator_c/tutorial_interfaces/msg/detail/num__functions.c.o[0m
[1.735s] [ 14%] [34m[1mGenerating C++ introspection for ROS interfaces[0m
[1.735s] [ 17%] [34m[1mGenerating C++ type support for eProsima Fast-RTPS[0m
[1.779s] [ 19%] [32m[1mLinking C shared library libtutorial_interfaces__rosidl_generator_c.so[0m
[1.935s] [ 19%] Built target tutorial_interfaces__rosidl_generator_c
[1.948s] [ 25%] [34m[1mGenerating C type support for eProsima Fast-RTPS[0m
[1.948s] [ 25%] [34m[1mGenerating C introspection for ROS interfaces[0m
[1.948s] [ 25%] [34m[1mGenerating C type support dispatch for ROS interfaces[0m
[1.986s] [ 31%] [32mBuilding CXX object CMakeFiles/tutorial_interfaces__rosidl_typesupport_cpp.dir/rosidl_typesupport_cpp/tutorial_interfaces/srv/add_three_ints__type_support.cpp.o[0m
[1.986s] [ 31%] [32mBuilding CXX object CMakeFiles/tutorial_interfaces__rosidl_typesupport_cpp.dir/rosidl_typesupport_cpp/tutorial_interfaces/msg/sphere__type_support.cpp.o[0m
[1.986s] [ 31%] [32mBuilding CXX object CMakeFiles/tutorial_interfaces__rosidl_typesupport_cpp.dir/rosidl_typesupport_cpp/tutorial_interfaces/msg/num__type_support.cpp.o[0m
[2.011s] [ 34%] [32mBuilding CXX object CMakeFiles/tutorial_interfaces__rosidl_typesupport_introspection_cpp.dir/rosidl_typesupport_introspection_cpp/tutorial_interfaces/msg/detail/sphere__type_support.cpp.o[0m
[2.014s] [ 38%] [32mBuilding CXX object CMakeFiles/tutorial_interfaces__rosidl_typesupport_introspection_cpp.dir/rosidl_typesupport_introspection_cpp/tutorial_interfaces/msg/detail/num__type_support.cpp.o[0m
[2.014s] [ 38%] [32mBuilding CXX object CMakeFiles/tutorial_interfaces__rosidl_typesupport_introspection_cpp.dir/rosidl_typesupport_introspection_cpp/tutorial_interfaces/srv/detail/add_three_ints__type_support.cpp.o[0m
[2.030s] [ 44%] [32mBuilding CXX object CMakeFiles/tutorial_interfaces__rosidl_typesupport_fastrtps_cpp.dir/rosidl_typesupport_fastrtps_cpp/tutorial_interfaces/msg/detail/dds_fastrtps/num__type_support.cpp.o[0m
[2.031s] [ 44%] [32mBuilding CXX object CMakeFiles/tutorial_interfaces__rosidl_typesupport_fastrtps_cpp.dir/rosidl_typesupport_fastrtps_cpp/tutorial_interfaces/srv/detail/dds_fastrtps/add_three_ints__type_support.cpp.o[0m
[2.031s] [ 44%] [32mBuilding CXX object CMakeFiles/tutorial_interfaces__rosidl_typesupport_fastrtps_cpp.dir/rosidl_typesupport_fastrtps_cpp/tutorial_interfaces/msg/detail/dds_fastrtps/sphere__type_support.cpp.o[0m
[2.187s] [ 46%] [32mBuilding CXX object CMakeFiles/tutorial_interfaces__rosidl_typesupport_c.dir/rosidl_typesupport_c/tutorial_interfaces/srv/add_three_ints__type_support.cpp.o[0m
[2.188s] [ 51%] [32mBuilding CXX object CMakeFiles/tutorial_interfaces__rosidl_typesupport_c.dir/rosidl_typesupport_c/tutorial_interfaces/msg/sphere__type_support.cpp.o[0m
[2.188s] [ 51%] [32mBuilding CXX object CMakeFiles/tutorial_interfaces__rosidl_typesupport_c.dir/rosidl_typesupport_c/tutorial_interfaces/msg/num__type_support.cpp.o[0m
[2.223s] [ 53%] [32m[1mLinking CXX shared library libtutorial_interfaces__rosidl_typesupport_c.so[0m
[2.260s] [ 59%] [32mBuilding C object CMakeFiles/tutorial_interfaces__rosidl_typesupport_introspection_c.dir/rosidl_typesupport_introspection_c/tutorial_interfaces/srv/detail/add_three_ints__type_support.c.o[0m
[2.260s] [ 59%] [32mBuilding C object CMakeFiles/tutorial_interfaces__rosidl_typesupport_introspection_c.dir/rosidl_typesupport_introspection_c/tutorial_interfaces/msg/detail/sphere__type_support.c.o[0m
[2.260s] [ 59%] [32mBuilding C object CMakeFiles/tutorial_interfaces__rosidl_typesupport_introspection_c.dir/rosidl_typesupport_introspection_c/tutorial_interfaces/msg/detail/num__type_support.c.o[0m
[2.279s] [ 59%] Built target tutorial_interfaces__rosidl_typesupport_c
[2.298s] [ 61%] [32m[1mLinking C shared library libtutorial_interfaces__rosidl_typesupport_introspection_c.so[0m
[2.304s] [ 63%] [32m[1mLinking CXX shared library libtutorial_interfaces__rosidl_typesupport_cpp.so[0m
[2.336s] [ 65%] [32mBuilding CXX object CMakeFiles/tutorial_interfaces__rosidl_typesupport_fastrtps_c.dir/rosidl_typesupport_fastrtps_c/tutorial_interfaces/msg/detail/sphere__type_support_c.cpp.o[0m
[2.336s] [ 68%] Built target tutorial_interfaces__rosidl_typesupport_introspection_c
[2.336s] [ 68%] [32mBuilding CXX object CMakeFiles/tutorial_interfaces__rosidl_typesupport_fastrtps_c.dir/rosidl_typesupport_fastrtps_c/tutorial_interfaces/srv/detail/add_three_ints__type_support_c.cpp.o[0m
[2.338s] [ 70%] [32mBuilding CXX object CMakeFiles/tutorial_interfaces__rosidl_typesupport_fastrtps_c.dir/rosidl_typesupport_fastrtps_c/tutorial_interfaces/msg/detail/num__type_support_c.cpp.o[0m
[2.341s] [ 70%] Built target tutorial_interfaces__rosidl_typesupport_cpp
[2.392s] [ 72%] [32m[1mLinking CXX shared library libtutorial_interfaces__rosidl_typesupport_fastrtps_cpp.so[0m
[2.406s] [ 74%] [32m[1mLinking CXX shared library libtutorial_interfaces__rosidl_typesupport_introspection_cpp.so[0m
[2.471s] [ 74%] Built target tutorial_interfaces__rosidl_typesupport_introspection_cpp
[2.471s] [ 74%] Built target tutorial_interfaces__rosidl_typesupport_fastrtps_cpp
[2.579s] [ 76%] [32m[1mLinking CXX shared library libtutorial_interfaces__rosidl_typesupport_fastrtps_c.so[0m
[2.637s] [ 76%] Built target tutorial_interfaces__rosidl_typesupport_fastrtps_c
[2.654s] [ 76%] Built target tutorial_interfaces
[2.673s] [ 78%] [34m[1mGenerating Python code for ROS interfaces[0m
[2.964s] [ 78%] Built target tutorial_interfaces__py
[2.981s] [ 80%] [32mBuilding C object CMakeFiles/tutorial_interfaces__rosidl_generator_py.dir/rosidl_generator_py/tutorial_interfaces/msg/_num_s.c.o[0m
[2.983s] [ 82%] [32mBuilding C object CMakeFiles/tutorial_interfaces__rosidl_generator_py.dir/rosidl_generator_py/tutorial_interfaces/msg/_sphere_s.c.o[0m
[2.984s] [ 85%] [32mBuilding C object CMakeFiles/tutorial_interfaces__rosidl_generator_py.dir/rosidl_generator_py/tutorial_interfaces/srv/_add_three_ints_s.c.o[0m
[3.064s] [ 87%] [32m[1mLinking C shared library rosidl_generator_py/tutorial_interfaces/libtutorial_interfaces__rosidl_generator_py.so[0m
[3.099s] [ 87%] Built target tutorial_interfaces__rosidl_generator_py
[3.117s] [ 89%] [32mBuilding C object CMakeFiles/tutorial_interfaces__rosidl_typesupport_introspection_c__pyext.dir/rosidl_generator_py/tutorial_interfaces/_tutorial_interfaces_s.ep.rosidl_typesupport_introspection_c.c.o[0m
[3.120s] [ 91%] [32mBuilding C object CMakeFiles/tutorial_interfaces__rosidl_typesupport_c__pyext.dir/rosidl_generator_py/tutorial_interfaces/_tutorial_interfaces_s.ep.rosidl_typesupport_c.c.o[0m
[3.120s] [ 93%] [32mBuilding C object CMakeFiles/tutorial_interfaces__rosidl_typesupport_fastrtps_c__pyext.dir/rosidl_generator_py/tutorial_interfaces/_tutorial_interfaces_s.ep.rosidl_typesupport_fastrtps_c.c.o[0m
[3.192s] [ 95%] [32m[1mLinking C shared library rosidl_generator_py/tutorial_interfaces/tutorial_interfaces_s__rosidl_typesupport_fastrtps_c.cpython-310-x86_64-linux-gnu.so[0m
[3.193s] [ 97%] [32m[1mLinking C shared library rosidl_generator_py/tutorial_interfaces/tutorial_interfaces_s__rosidl_typesupport_c.cpython-310-x86_64-linux-gnu.so[0m
[3.194s] [100%] [32m[1mLinking C shared library rosidl_generator_py/tutorial_interfaces/tutorial_interfaces_s__rosidl_typesupport_introspection_c.cpython-310-x86_64-linux-gnu.so[0m
[3.225s] [100%] Built target tutorial_interfaces__rosidl_typesupport_fastrtps_c__pyext
[3.234s] [100%] Built target tutorial_interfaces__rosidl_typesupport_introspection_c__pyext
[3.235s] [100%] Built target tutorial_interfaces__rosidl_typesupport_c__pyext
[3.244s] Invoked command in '/home/karol/ITB/URO/KRAI/ros2_ws/src/tutorial_interfaces/build/tutorial_interfaces' returned '0': CMAKE_PREFIX_PATH=${CMAKE_PREFIX_PATH}:/opt/ros/humble /usr/bin/cmake --build /home/karol/ITB/URO/KRAI/ros2_ws/src/tutorial_interfaces/build/tutorial_interfaces -- -j22 -l22
[3.253s] Invoking command in '/home/karol/ITB/URO/KRAI/ros2_ws/src/tutorial_interfaces/build/tutorial_interfaces': CMAKE_PREFIX_PATH=${CMAKE_PREFIX_PATH}:/opt/ros/humble /usr/bin/cmake --install /home/karol/ITB/URO/KRAI/ros2_ws/src/tutorial_interfaces/build/tutorial_interfaces
[3.258s] -- Install configuration: ""
[3.258s] -- Installing: /home/karol/ITB/URO/KRAI/ros2_ws/src/tutorial_interfaces/install/tutorial_interfaces/share/ament_index/resource_index/rosidl_interfaces/tutorial_interfaces
[3.259s] -- Installing: /home/karol/ITB/URO/KRAI/ros2_ws/src/tutorial_interfaces/install/tutorial_interfaces/include/tutorial_interfaces/tutorial_interfaces
[3.259s] -- Installing: /home/karol/ITB/URO/KRAI/ros2_ws/src/tutorial_interfaces/install/tutorial_interfaces/include/tutorial_interfaces/tutorial_interfaces/msg
[3.259s] -- Installing: /home/karol/ITB/URO/KRAI/ros2_ws/src/tutorial_interfaces/install/tutorial_interfaces/include/tutorial_interfaces/tutorial_interfaces/msg/rosidl_generator_c__visibility_control.h
[3.259s] -- Installing: /home/karol/ITB/URO/KRAI/ros2_ws/src/tutorial_interfaces/install/tutorial_interfaces/include/tutorial_interfaces/tutorial_interfaces/msg/num.h
[3.259s] -- Installing: /home/karol/ITB/URO/KRAI/ros2_ws/src/tutorial_interfaces/install/tutorial_interfaces/include/tutorial_interfaces/tutorial_interfaces/msg/sphere.h
[3.259s] -- Installing: /home/karol/ITB/URO/KRAI/ros2_ws/src/tutorial_interfaces/install/tutorial_interfaces/include/tutorial_interfaces/tutorial_interfaces/msg/detail
[3.259s] -- Installing: /home/karol/ITB/URO/KRAI/ros2_ws/src/tutorial_interfaces/install/tutorial_interfaces/include/tutorial_interfaces/tutorial_interfaces/msg/detail/sphere__type_support.h
[3.259s] -- Installing: /home/karol/ITB/URO/KRAI/ros2_ws/src/tutorial_interfaces/install/tutorial_interfaces/include/tutorial_interfaces/tutorial_interfaces/msg/detail/sphere__struct.h
[3.259s] -- Installing: /home/karol/ITB/URO/KRAI/ros2_ws/src/tutorial_interfaces/install/tutorial_interfaces/include/tutorial_interfaces/tutorial_interfaces/msg/detail/num__functions.c
[3.259s] -- Installing: /home/karol/ITB/URO/KRAI/ros2_ws/src/tutorial_interfaces/install/tutorial_interfaces/include/tutorial_interfaces/tutorial_interfaces/msg/detail/sphere__functions.h
[3.259s] -- Installing: /home/karol/ITB/URO/KRAI/ros2_ws/src/tutorial_interfaces/install/tutorial_interfaces/include/tutorial_interfaces/tutorial_interfaces/msg/detail/num__functions.h
[3.259s] -- Installing: /home/karol/ITB/URO/KRAI/ros2_ws/src/tutorial_interfaces/install/tutorial_interfaces/include/tutorial_interfaces/tutorial_interfaces/msg/detail/sphere__functions.c
[3.259s] -- Installing: /home/karol/ITB/URO/KRAI/ros2_ws/src/tutorial_interfaces/install/tutorial_interfaces/include/tutorial_interfaces/tutorial_interfaces/msg/detail/num__type_support.h
[3.259s] -- Installing: /home/karol/ITB/URO/KRAI/ros2_ws/src/tutorial_interfaces/install/tutorial_interfaces/include/tutorial_interfaces/tutorial_interfaces/msg/detail/num__struct.h
[3.259s] -- Installing: /home/karol/ITB/URO/KRAI/ros2_ws/src/tutorial_interfaces/install/tutorial_interfaces/include/tutorial_interfaces/tutorial_interfaces/srv
[3.259s] -- Installing: /home/karol/ITB/URO/KRAI/ros2_ws/src/tutorial_interfaces/install/tutorial_interfaces/include/tutorial_interfaces/tutorial_interfaces/srv/add_three_ints.h
[3.259s] -- Installing: /home/karol/ITB/URO/KRAI/ros2_ws/src/tutorial_interfaces/install/tutorial_interfaces/include/tutorial_interfaces/tutorial_interfaces/srv/detail
[3.259s] -- Installing: /home/karol/ITB/URO/KRAI/ros2_ws/src/tutorial_interfaces/install/tutorial_interfaces/include/tutorial_interfaces/tutorial_interfaces/srv/detail/add_three_ints__struct.h
[3.260s] -- Installing: /home/karol/ITB/URO/KRAI/ros2_ws/src/tutorial_interfaces/install/tutorial_interfaces/include/tutorial_interfaces/tutorial_interfaces/srv/detail/add_three_ints__functions.c
[3.260s] -- Installing: /home/karol/ITB/URO/KRAI/ros2_ws/src/tutorial_interfaces/install/tutorial_interfaces/include/tutorial_interfaces/tutorial_interfaces/srv/detail/add_three_ints__type_support.h
[3.260s] -- Installing: /home/karol/ITB/URO/KRAI/ros2_ws/src/tutorial_interfaces/install/tutorial_interfaces/include/tutorial_interfaces/tutorial_interfaces/srv/detail/add_three_ints__functions.h
[3.260s] -- Installing: /home/karol/ITB/URO/KRAI/ros2_ws/src/tutorial_interfaces/install/tutorial_interfaces/share/tutorial_interfaces/environment/library_path.sh
[3.260s] -- Installing: /home/karol/ITB/URO/KRAI/ros2_ws/src/tutorial_interfaces/install/tutorial_interfaces/share/tutorial_interfaces/environment/library_path.dsv
[3.260s] -- Installing: /home/karol/ITB/URO/KRAI/ros2_ws/src/tutorial_interfaces/install/tutorial_interfaces/lib/libtutorial_interfaces__rosidl_generator_c.so
[3.260s] -- Set runtime path of "/home/karol/ITB/URO/KRAI/ros2_ws/src/tutorial_interfaces/install/tutorial_interfaces/lib/libtutorial_interfaces__rosidl_generator_c.so" to ""
[3.260s] -- Up-to-date: /home/karol/ITB/URO/KRAI/ros2_ws/src/tutorial_interfaces/install/tutorial_interfaces/include/tutorial_interfaces/tutorial_interfaces
[3.260s] -- Up-to-date: /home/karol/ITB/URO/KRAI/ros2_ws/src/tutorial_interfaces/install/tutorial_interfaces/include/tutorial_interfaces/tutorial_interfaces/msg
[3.260s] -- Installing: /home/karol/ITB/URO/KRAI/ros2_ws/src/tutorial_interfaces/install/tutorial_interfaces/include/tutorial_interfaces/tutorial_interfaces/msg/rosidl_typesupport_fastrtps_c__visibility_control.h
[3.260s] -- Up-to-date: /home/karol/ITB/URO/KRAI/ros2_ws/src/tutorial_interfaces/install/tutorial_interfaces/include/tutorial_interfaces/tutorial_interfaces/msg/detail
[3.260s] -- Installing: /home/karol/ITB/URO/KRAI/ros2_ws/src/tutorial_interfaces/install/tutorial_interfaces/include/tutorial_interfaces/tutorial_interfaces/msg/detail/sphere__rosidl_typesupport_fastrtps_c.h
[3.260s] -- Installing: /home/karol/ITB/URO/KRAI/ros2_ws/src/tutorial_interfaces/install/tutorial_interfaces/include/tutorial_interfaces/tutorial_interfaces/msg/detail/num__rosidl_typesupport_fastrtps_c.h
[3.260s] -- Up-to-date: /home/karol/ITB/URO/KRAI/ros2_ws/src/tutorial_interfaces/install/tutorial_interfaces/include/tutorial_interfaces/tutorial_interfaces/srv
[3.260s] -- Up-to-date: /home/karol/ITB/URO/KRAI/ros2_ws/src/tutorial_interfaces/install/tutorial_interfaces/include/tutorial_interfaces/tutorial_interfaces/srv/detail
[3.260s] -- Installing: /home/karol/ITB/URO/KRAI/ros2_ws/src/tutorial_interfaces/install/tutorial_interfaces/include/tutorial_interfaces/tutorial_interfaces/srv/detail/add_three_ints__rosidl_typesupport_fastrtps_c.h
[3.260s] -- Installing: /home/karol/ITB/URO/KRAI/ros2_ws/src/tutorial_interfaces/install/tutorial_interfaces/lib/libtutorial_interfaces__rosidl_typesupport_fastrtps_c.so
[3.261s] -- Set runtime path of "/home/karol/ITB/URO/KRAI/ros2_ws/src/tutorial_interfaces/install/tutorial_interfaces/lib/libtutorial_interfaces__rosidl_typesupport_fastrtps_c.so" to ""
[3.261s] -- Up-to-date: /home/karol/ITB/URO/KRAI/ros2_ws/src/tutorial_interfaces/install/tutorial_interfaces/include/tutorial_interfaces/tutorial_interfaces
[3.261s] -- Up-to-date: /home/karol/ITB/URO/KRAI/ros2_ws/src/tutorial_interfaces/install/tutorial_interfaces/include/tutorial_interfaces/tutorial_interfaces/msg
[3.261s] -- Installing: /home/karol/ITB/URO/KRAI/ros2_ws/src/tutorial_interfaces/install/tutorial_interfaces/include/tutorial_interfaces/tutorial_interfaces/msg/sphere.hpp
[3.261s] -- Installing: /home/karol/ITB/URO/KRAI/ros2_ws/src/tutorial_interfaces/install/tutorial_interfaces/include/tutorial_interfaces/tutorial_interfaces/msg/num.hpp
[3.261s] -- Installing: /home/karol/ITB/URO/KRAI/ros2_ws/src/tutorial_interfaces/install/tutorial_interfaces/include/tutorial_interfaces/tutorial_interfaces/msg/rosidl_generator_cpp__visibility_control.hpp
[3.261s] -- Up-to-date: /home/karol/ITB/URO/KRAI/ros2_ws/src/tutorial_interfaces/install/tutorial_interfaces/include/tutorial_interfaces/tutorial_interfaces/msg/detail
[3.261s] -- Installing: /home/karol/ITB/URO/KRAI/ros2_ws/src/tutorial_interfaces/install/tutorial_interfaces/include/tutorial_interfaces/tutorial_interfaces/msg/detail/sphere__type_support.hpp
[3.261s] -- Installing: /home/karol/ITB/URO/KRAI/ros2_ws/src/tutorial_interfaces/install/tutorial_interfaces/include/tutorial_interfaces/tutorial_interfaces/msg/detail/sphere__struct.hpp
[3.261s] -- Installing: /home/karol/ITB/URO/KRAI/ros2_ws/src/tutorial_interfaces/install/tutorial_interfaces/include/tutorial_interfaces/tutorial_interfaces/msg/detail/sphere__traits.hpp
[3.261s] -- Installing: /home/karol/ITB/URO/KRAI/ros2_ws/src/tutorial_interfaces/install/tutorial_interfaces/include/tutorial_interfaces/tutorial_interfaces/msg/detail/sphere__builder.hpp
[3.261s] -- Installing: /home/karol/ITB/URO/KRAI/ros2_ws/src/tutorial_interfaces/install/tutorial_interfaces/include/tutorial_interfaces/tutorial_interfaces/msg/detail/num__traits.hpp
[3.261s] -- Installing: /home/karol/ITB/URO/KRAI/ros2_ws/src/tutorial_interfaces/install/tutorial_interfaces/include/tutorial_interfaces/tutorial_interfaces/msg/detail/num__type_support.hpp
[3.261s] -- Installing: /home/karol/ITB/URO/KRAI/ros2_ws/src/tutorial_interfaces/install/tutorial_interfaces/include/tutorial_interfaces/tutorial_interfaces/msg/detail/num__struct.hpp
[3.261s] -- Installing: /home/karol/ITB/URO/KRAI/ros2_ws/src/tutorial_interfaces/install/tutorial_interfaces/include/tutorial_interfaces/tutorial_interfaces/msg/detail/num__builder.hpp
[3.261s] -- Up-to-date: /home/karol/ITB/URO/KRAI/ros2_ws/src/tutorial_interfaces/install/tutorial_interfaces/include/tutorial_interfaces/tutorial_interfaces/srv
[3.261s] -- Installing: /home/karol/ITB/URO/KRAI/ros2_ws/src/tutorial_interfaces/install/tutorial_interfaces/include/tutorial_interfaces/tutorial_interfaces/srv/add_three_ints.hpp
[3.261s] -- Up-to-date: /home/karol/ITB/URO/KRAI/ros2_ws/src/tutorial_interfaces/install/tutorial_interfaces/include/tutorial_interfaces/tutorial_interfaces/srv/detail
[3.261s] -- Installing: /home/karol/ITB/URO/KRAI/ros2_ws/src/tutorial_interfaces/install/tutorial_interfaces/include/tutorial_interfaces/tutorial_interfaces/srv/detail/add_three_ints__type_support.hpp
[3.262s] -- Installing: /home/karol/ITB/URO/KRAI/ros2_ws/src/tutorial_interfaces/install/tutorial_interfaces/include/tutorial_interfaces/tutorial_interfaces/srv/detail/add_three_ints__struct.hpp
[3.262s] -- Installing: /home/karol/ITB/URO/KRAI/ros2_ws/src/tutorial_interfaces/install/tutorial_interfaces/include/tutorial_interfaces/tutorial_interfaces/srv/detail/add_three_ints__traits.hpp
[3.262s] -- Installing: /home/karol/ITB/URO/KRAI/ros2_ws/src/tutorial_interfaces/install/tutorial_interfaces/include/tutorial_interfaces/tutorial_interfaces/srv/detail/add_three_ints__builder.hpp
[3.262s] -- Up-to-date: /home/karol/ITB/URO/KRAI/ros2_ws/src/tutorial_interfaces/install/tutorial_interfaces/include/tutorial_interfaces/tutorial_interfaces
[3.262s] -- Up-to-date: /home/karol/ITB/URO/KRAI/ros2_ws/src/tutorial_interfaces/install/tutorial_interfaces/include/tutorial_interfaces/tutorial_interfaces/msg
[3.262s] -- Installing: /home/karol/ITB/URO/KRAI/ros2_ws/src/tutorial_interfaces/install/tutorial_interfaces/include/tutorial_interfaces/tutorial_interfaces/msg/rosidl_typesupport_fastrtps_cpp__visibility_control.h
[3.262s] -- Up-to-date: /home/karol/ITB/URO/KRAI/ros2_ws/src/tutorial_interfaces/install/tutorial_interfaces/include/tutorial_interfaces/tutorial_interfaces/msg/detail
[3.262s] -- Installing: /home/karol/ITB/URO/KRAI/ros2_ws/src/tutorial_interfaces/install/tutorial_interfaces/include/tutorial_interfaces/tutorial_interfaces/msg/detail/sphere__rosidl_typesupport_fastrtps_cpp.hpp
[3.262s] -- Installing: /home/karol/ITB/URO/KRAI/ros2_ws/src/tutorial_interfaces/install/tutorial_interfaces/include/tutorial_interfaces/tutorial_interfaces/msg/detail/dds_fastrtps
[3.262s] -- Installing: /home/karol/ITB/URO/KRAI/ros2_ws/src/tutorial_interfaces/install/tutorial_interfaces/include/tutorial_interfaces/tutorial_interfaces/msg/detail/num__rosidl_typesupport_fastrtps_cpp.hpp
[3.262s] -- Up-to-date: /home/karol/ITB/URO/KRAI/ros2_ws/src/tutorial_interfaces/install/tutorial_interfaces/include/tutorial_interfaces/tutorial_interfaces/srv
[3.262s] -- Up-to-date: /home/karol/ITB/URO/KRAI/ros2_ws/src/tutorial_interfaces/install/tutorial_interfaces/include/tutorial_interfaces/tutorial_interfaces/srv/detail
[3.262s] -- Installing: /home/karol/ITB/URO/KRAI/ros2_ws/src/tutorial_interfaces/install/tutorial_interfaces/include/tutorial_interfaces/tutorial_interfaces/srv/detail/add_three_ints__rosidl_typesupport_fastrtps_cpp.hpp
[3.262s] -- Installing: /home/karol/ITB/URO/KRAI/ros2_ws/src/tutorial_interfaces/install/tutorial_interfaces/include/tutorial_interfaces/tutorial_interfaces/srv/detail/dds_fastrtps
[3.262s] -- Installing: /home/karol/ITB/URO/KRAI/ros2_ws/src/tutorial_interfaces/install/tutorial_interfaces/lib/libtutorial_interfaces__rosidl_typesupport_fastrtps_cpp.so
[3.262s] -- Set runtime path of "/home/karol/ITB/URO/KRAI/ros2_ws/src/tutorial_interfaces/install/tutorial_interfaces/lib/libtutorial_interfaces__rosidl_typesupport_fastrtps_cpp.so" to ""
[3.262s] -- Up-to-date: /home/karol/ITB/URO/KRAI/ros2_ws/src/tutorial_interfaces/install/tutorial_interfaces/include/tutorial_interfaces/tutorial_interfaces
[3.262s] -- Up-to-date: /home/karol/ITB/URO/KRAI/ros2_ws/src/tutorial_interfaces/install/tutorial_interfaces/include/tutorial_interfaces/tutorial_interfaces/msg
[3.262s] -- Installing: /home/karol/ITB/URO/KRAI/ros2_ws/src/tutorial_interfaces/install/tutorial_interfaces/include/tutorial_interfaces/tutorial_interfaces/msg/rosidl_typesupport_introspection_c__visibility_control.h
[3.262s] -- Up-to-date: /home/karol/ITB/URO/KRAI/ros2_ws/src/tutorial_interfaces/install/tutorial_interfaces/include/tutorial_interfaces/tutorial_interfaces/msg/detail
[3.263s] -- Installing: /home/karol/ITB/URO/KRAI/ros2_ws/src/tutorial_interfaces/install/tutorial_interfaces/include/tutorial_interfaces/tutorial_interfaces/msg/detail/num__type_support.c
[3.263s] -- Installing: /home/karol/ITB/URO/KRAI/ros2_ws/src/tutorial_interfaces/install/tutorial_interfaces/include/tutorial_interfaces/tutorial_interfaces/msg/detail/sphere__type_support.c
[3.263s] -- Installing: /home/karol/ITB/URO/KRAI/ros2_ws/src/tutorial_interfaces/install/tutorial_interfaces/include/tutorial_interfaces/tutorial_interfaces/msg/detail/num__rosidl_typesupport_introspection_c.h
[3.263s] -- Installing: /home/karol/ITB/URO/KRAI/ros2_ws/src/tutorial_interfaces/install/tutorial_interfaces/include/tutorial_interfaces/tutorial_interfaces/msg/detail/sphere__rosidl_typesupport_introspection_c.h
[3.263s] -- Up-to-date: /home/karol/ITB/URO/KRAI/ros2_ws/src/tutorial_interfaces/install/tutorial_interfaces/include/tutorial_interfaces/tutorial_interfaces/srv
[3.263s] -- Up-to-date: /home/karol/ITB/URO/KRAI/ros2_ws/src/tutorial_interfaces/install/tutorial_interfaces/include/tutorial_interfaces/tutorial_interfaces/srv/detail
[3.263s] -- Installing: /home/karol/ITB/URO/KRAI/ros2_ws/src/tutorial_interfaces/install/tutorial_interfaces/include/tutorial_interfaces/tutorial_interfaces/srv/detail/add_three_ints__rosidl_typesupport_introspection_c.h
[3.263s] -- Installing: /home/karol/ITB/URO/KRAI/ros2_ws/src/tutorial_interfaces/install/tutorial_interfaces/include/tutorial_interfaces/tutorial_interfaces/srv/detail/add_three_ints__type_support.c
[3.263s] -- Installing: /home/karol/ITB/URO/KRAI/ros2_ws/src/tutorial_interfaces/install/tutorial_interfaces/lib/libtutorial_interfaces__rosidl_typesupport_introspection_c.so
[3.263s] -- Set runtime path of "/home/karol/ITB/URO/KRAI/ros2_ws/src/tutorial_interfaces/install/tutorial_interfaces/lib/libtutorial_interfaces__rosidl_typesupport_introspection_c.so" to ""
[3.263s] -- Installing: /home/karol/ITB/URO/KRAI/ros2_ws/src/tutorial_interfaces/install/tutorial_interfaces/lib/libtutorial_interfaces__rosidl_typesupport_c.so
[3.263s] -- Set runtime path of "/home/karol/ITB/URO/KRAI/ros2_ws/src/tutorial_interfaces/install/tutorial_interfaces/lib/libtutorial_interfaces__rosidl_typesupport_c.so" to ""
[3.263s] -- Up-to-date: /home/karol/ITB/URO/KRAI/ros2_ws/src/tutorial_interfaces/install/tutorial_interfaces/include/tutorial_interfaces/tutorial_interfaces
[3.263s] -- Up-to-date: /home/karol/ITB/URO/KRAI/ros2_ws/src/tutorial_interfaces/install/tutorial_interfaces/include/tutorial_interfaces/tutorial_interfaces/msg
[3.263s] -- Up-to-date: /home/karol/ITB/URO/KRAI/ros2_ws/src/tutorial_interfaces/install/tutorial_interfaces/include/tutorial_interfaces/tutorial_interfaces/msg/detail
[3.263s] -- Installing: /home/karol/ITB/URO/KRAI/ros2_ws/src/tutorial_interfaces/install/tutorial_interfaces/include/tutorial_interfaces/tutorial_interfaces/msg/detail/num__type_support.cpp
[3.264s] -- Installing: /home/karol/ITB/URO/KRAI/ros2_ws/src/tutorial_interfaces/install/tutorial_interfaces/include/tutorial_interfaces/tutorial_interfaces/msg/detail/sphere__type_support.cpp
[3.264s] -- Installing: /home/karol/ITB/URO/KRAI/ros2_ws/src/tutorial_interfaces/install/tutorial_interfaces/include/tutorial_interfaces/tutorial_interfaces/msg/detail/sphere__rosidl_typesupport_introspection_cpp.hpp
[3.264s] -- Installing: /home/karol/ITB/URO/KRAI/ros2_ws/src/tutorial_interfaces/install/tutorial_interfaces/include/tutorial_interfaces/tutorial_interfaces/msg/detail/num__rosidl_typesupport_introspection_cpp.hpp
[3.264s] -- Up-to-date: /home/karol/ITB/URO/KRAI/ros2_ws/src/tutorial_interfaces/install/tutorial_interfaces/include/tutorial_interfaces/tutorial_interfaces/srv
[3.264s] -- Up-to-date: /home/karol/ITB/URO/KRAI/ros2_ws/src/tutorial_interfaces/install/tutorial_interfaces/include/tutorial_interfaces/tutorial_interfaces/srv/detail
[3.264s] -- Installing: /home/karol/ITB/URO/KRAI/ros2_ws/src/tutorial_interfaces/install/tutorial_interfaces/include/tutorial_interfaces/tutorial_interfaces/srv/detail/add_three_ints__rosidl_typesupport_introspection_cpp.hpp
[3.264s] -- Installing: /home/karol/ITB/URO/KRAI/ros2_ws/src/tutorial_interfaces/install/tutorial_interfaces/include/tutorial_interfaces/tutorial_interfaces/srv/detail/add_three_ints__type_support.cpp
[3.264s] -- Installing: /home/karol/ITB/URO/KRAI/ros2_ws/src/tutorial_interfaces/install/tutorial_interfaces/lib/libtutorial_interfaces__rosidl_typesupport_introspection_cpp.so
[3.264s] -- Set runtime path of "/home/karol/ITB/URO/KRAI/ros2_ws/src/tutorial_interfaces/install/tutorial_interfaces/lib/libtutorial_interfaces__rosidl_typesupport_introspection_cpp.so" to ""
[3.264s] -- Installing: /home/karol/ITB/URO/KRAI/ros2_ws/src/tutorial_interfaces/install/tutorial_interfaces/lib/libtutorial_interfaces__rosidl_typesupport_cpp.so
[3.264s] -- Set runtime path of "/home/karol/ITB/URO/KRAI/ros2_ws/src/tutorial_interfaces/install/tutorial_interfaces/lib/libtutorial_interfaces__rosidl_typesupport_cpp.so" to ""
[3.264s] -- Installing: /home/karol/ITB/URO/KRAI/ros2_ws/src/tutorial_interfaces/install/tutorial_interfaces/share/tutorial_interfaces/environment/pythonpath.sh
[3.264s] -- Installing: /home/karol/ITB/URO/KRAI/ros2_ws/src/tutorial_interfaces/install/tutorial_interfaces/share/tutorial_interfaces/environment/pythonpath.dsv
[3.264s] -- Installing: /home/karol/ITB/URO/KRAI/ros2_ws/src/tutorial_interfaces/install/tutorial_interfaces/local/lib/python3.10/dist-packages/tutorial_interfaces-0.0.0-py3.10.egg-info
[3.264s] -- Installing: /home/karol/ITB/URO/KRAI/ros2_ws/src/tutorial_interfaces/install/tutorial_interfaces/local/lib/python3.10/dist-packages/tutorial_interfaces-0.0.0-py3.10.egg-info/PKG-INFO
[3.264s] -- Installing: /home/karol/ITB/URO/KRAI/ros2_ws/src/tutorial_interfaces/install/tutorial_interfaces/local/lib/python3.10/dist-packages/tutorial_interfaces-0.0.0-py3.10.egg-info/top_level.txt
[3.264s] -- Installing: /home/karol/ITB/URO/KRAI/ros2_ws/src/tutorial_interfaces/install/tutorial_interfaces/local/lib/python3.10/dist-packages/tutorial_interfaces-0.0.0-py3.10.egg-info/SOURCES.txt
[3.264s] -- Installing: /home/karol/ITB/URO/KRAI/ros2_ws/src/tutorial_interfaces/install/tutorial_interfaces/local/lib/python3.10/dist-packages/tutorial_interfaces-0.0.0-py3.10.egg-info/dependency_links.txt
[3.265s] -- Installing: /home/karol/ITB/URO/KRAI/ros2_ws/src/tutorial_interfaces/install/tutorial_interfaces/local/lib/python3.10/dist-packages/tutorial_interfaces
[3.265s] -- Installing: /home/karol/ITB/URO/KRAI/ros2_ws/src/tutorial_interfaces/install/tutorial_interfaces/local/lib/python3.10/dist-packages/tutorial_interfaces/_tutorial_interfaces_s.ep.rosidl_typesupport_fastrtps_c.c
[3.265s] -- Installing: /home/karol/ITB/URO/KRAI/ros2_ws/src/tutorial_interfaces/install/tutorial_interfaces/local/lib/python3.10/dist-packages/tutorial_interfaces/tutorial_interfaces_s__rosidl_typesupport_introspection_c.cpython-310-x86_64-linux-gnu.so
[3.265s] -- Installing: /home/karol/ITB/URO/KRAI/ros2_ws/src/tutorial_interfaces/install/tutorial_interfaces/local/lib/python3.10/dist-packages/tutorial_interfaces/_tutorial_interfaces_s.ep.rosidl_typesupport_c.c
[3.265s] -- Installing: /home/karol/ITB/URO/KRAI/ros2_ws/src/tutorial_interfaces/install/tutorial_interfaces/local/lib/python3.10/dist-packages/tutorial_interfaces/msg
[3.265s] -- Installing: /home/karol/ITB/URO/KRAI/ros2_ws/src/tutorial_interfaces/install/tutorial_interfaces/local/lib/python3.10/dist-packages/tutorial_interfaces/msg/_num_s.c
[3.265s] -- Installing: /home/karol/ITB/URO/KRAI/ros2_ws/src/tutorial_interfaces/install/tutorial_interfaces/local/lib/python3.10/dist-packages/tutorial_interfaces/msg/_sphere_s.c
[3.265s] -- Installing: /home/karol/ITB/URO/KRAI/ros2_ws/src/tutorial_interfaces/install/tutorial_interfaces/local/lib/python3.10/dist-packages/tutorial_interfaces/msg/_num.py
[3.265s] -- Installing: /home/karol/ITB/URO/KRAI/ros2_ws/src/tutorial_interfaces/install/tutorial_interfaces/local/lib/python3.10/dist-packages/tutorial_interfaces/msg/__init__.py
[3.265s] -- Installing: /home/karol/ITB/URO/KRAI/ros2_ws/src/tutorial_interfaces/install/tutorial_interfaces/local/lib/python3.10/dist-packages/tutorial_interfaces/msg/_sphere.py
[3.265s] -- Installing: /home/karol/ITB/URO/KRAI/ros2_ws/src/tutorial_interfaces/install/tutorial_interfaces/local/lib/python3.10/dist-packages/tutorial_interfaces/libtutorial_interfaces__rosidl_generator_py.so
[3.265s] -- Installing: /home/karol/ITB/URO/KRAI/ros2_ws/src/tutorial_interfaces/install/tutorial_interfaces/local/lib/python3.10/dist-packages/tutorial_interfaces/srv
[3.265s] -- Installing: /home/karol/ITB/URO/KRAI/ros2_ws/src/tutorial_interfaces/install/tutorial_interfaces/local/lib/python3.10/dist-packages/tutorial_interfaces/srv/_add_three_ints_s.c
[3.265s] -- Installing: /home/karol/ITB/URO/KRAI/ros2_ws/src/tutorial_interfaces/install/tutorial_interfaces/local/lib/python3.10/dist-packages/tutorial_interfaces/srv/__init__.py
[3.265s] -- Installing: /home/karol/ITB/URO/KRAI/ros2_ws/src/tutorial_interfaces/install/tutorial_interfaces/local/lib/python3.10/dist-packages/tutorial_interfaces/srv/_add_three_ints.py
[3.265s] -- Installing: /home/karol/ITB/URO/KRAI/ros2_ws/src/tutorial_interfaces/install/tutorial_interfaces/local/lib/python3.10/dist-packages/tutorial_interfaces/tutorial_interfaces_s__rosidl_typesupport_c.cpython-310-x86_64-linux-gnu.so
[3.265s] -- Installing: /home/karol/ITB/URO/KRAI/ros2_ws/src/tutorial_interfaces/install/tutorial_interfaces/local/lib/python3.10/dist-packages/tutorial_interfaces/__init__.py
[3.266s] -- Installing: /home/karol/ITB/URO/KRAI/ros2_ws/src/tutorial_interfaces/install/tutorial_interfaces/local/lib/python3.10/dist-packages/tutorial_interfaces/_tutorial_interfaces_s.ep.rosidl_typesupport_introspection_c.c
[3.266s] -- Installing: /home/karol/ITB/URO/KRAI/ros2_ws/src/tutorial_interfaces/install/tutorial_interfaces/local/lib/python3.10/dist-packages/tutorial_interfaces/tutorial_interfaces_s__rosidl_typesupport_fastrtps_c.cpython-310-x86_64-linux-gnu.so
[3.288s] Listing '/home/karol/ITB/URO/KRAI/ros2_ws/src/tutorial_interfaces/install/tutorial_interfaces/local/lib/python3.10/dist-packages/tutorial_interfaces'...
[3.288s] Compiling '/home/karol/ITB/URO/KRAI/ros2_ws/src/tutorial_interfaces/install/tutorial_interfaces/local/lib/python3.10/dist-packages/tutorial_interfaces/__init__.py'...
[3.288s] Listing '/home/karol/ITB/URO/KRAI/ros2_ws/src/tutorial_interfaces/install/tutorial_interfaces/local/lib/python3.10/dist-packages/tutorial_interfaces/msg'...
[3.288s] Compiling '/home/karol/ITB/URO/KRAI/ros2_ws/src/tutorial_interfaces/install/tutorial_interfaces/local/lib/python3.10/dist-packages/tutorial_interfaces/msg/__init__.py'...
[3.288s] Compiling '/home/karol/ITB/URO/KRAI/ros2_ws/src/tutorial_interfaces/install/tutorial_interfaces/local/lib/python3.10/dist-packages/tutorial_interfaces/msg/_num.py'...
[3.288s] Compiling '/home/karol/ITB/URO/KRAI/ros2_ws/src/tutorial_interfaces/install/tutorial_interfaces/local/lib/python3.10/dist-packages/tutorial_interfaces/msg/_sphere.py'...
[3.288s] Listing '/home/karol/ITB/URO/KRAI/ros2_ws/src/tutorial_interfaces/install/tutorial_interfaces/local/lib/python3.10/dist-packages/tutorial_interfaces/srv'...
[3.288s] Compiling '/home/karol/ITB/URO/KRAI/ros2_ws/src/tutorial_interfaces/install/tutorial_interfaces/local/lib/python3.10/dist-packages/tutorial_interfaces/srv/__init__.py'...
[3.288s] Compiling '/home/karol/ITB/URO/KRAI/ros2_ws/src/tutorial_interfaces/install/tutorial_interfaces/local/lib/python3.10/dist-packages/tutorial_interfaces/srv/_add_three_ints.py'...
[3.291s] -- Installing: /home/karol/ITB/URO/KRAI/ros2_ws/src/tutorial_interfaces/install/tutorial_interfaces/local/lib/python3.10/dist-packages/tutorial_interfaces/tutorial_interfaces_s__rosidl_typesupport_fastrtps_c.cpython-310-x86_64-linux-gnu.so
[3.291s] -- Set runtime path of "/home/karol/ITB/URO/KRAI/ros2_ws/src/tutorial_interfaces/install/tutorial_interfaces/local/lib/python3.10/dist-packages/tutorial_interfaces/tutorial_interfaces_s__rosidl_typesupport_fastrtps_c.cpython-310-x86_64-linux-gnu.so" to ""
[3.292s] -- Installing: /home/karol/ITB/URO/KRAI/ros2_ws/src/tutorial_interfaces/install/tutorial_interfaces/local/lib/python3.10/dist-packages/tutorial_interfaces/tutorial_interfaces_s__rosidl_typesupport_introspection_c.cpython-310-x86_64-linux-gnu.so
[3.292s] -- Set runtime path of "/home/karol/ITB/URO/KRAI/ros2_ws/src/tutorial_interfaces/install/tutorial_interfaces/local/lib/python3.10/dist-packages/tutorial_interfaces/tutorial_interfaces_s__rosidl_typesupport_introspection_c.cpython-310-x86_64-linux-gnu.so" to ""
[3.292s] -- Installing: /home/karol/ITB/URO/KRAI/ros2_ws/src/tutorial_interfaces/install/tutorial_interfaces/local/lib/python3.10/dist-packages/tutorial_interfaces/tutorial_interfaces_s__rosidl_typesupport_c.cpython-310-x86_64-linux-gnu.so
[3.292s] -- Set runtime path of "/home/karol/ITB/URO/KRAI/ros2_ws/src/tutorial_interfaces/install/tutorial_interfaces/local/lib/python3.10/dist-packages/tutorial_interfaces/tutorial_interfaces_s__rosidl_typesupport_c.cpython-310-x86_64-linux-gnu.so" to ""
[3.292s] -- Installing: /home/karol/ITB/URO/KRAI/ros2_ws/src/tutorial_interfaces/install/tutorial_interfaces/lib/libtutorial_interfaces__rosidl_generator_py.so
[3.293s] -- Set runtime path of "/home/karol/ITB/URO/KRAI/ros2_ws/src/tutorial_interfaces/install/tutorial_interfaces/lib/libtutorial_interfaces__rosidl_generator_py.so" to ""
[3.293s] -- Installing: /home/karol/ITB/URO/KRAI/ros2_ws/src/tutorial_interfaces/install/tutorial_interfaces/share/tutorial_interfaces/msg/Num.idl
[3.293s] -- Installing: /home/karol/ITB/URO/KRAI/ros2_ws/src/tutorial_interfaces/install/tutorial_interfaces/share/tutorial_interfaces/msg/Sphere.idl
[3.293s] -- Installing: /home/karol/ITB/URO/KRAI/ros2_ws/src/tutorial_interfaces/install/tutorial_interfaces/share/tutorial_interfaces/srv/AddThreeInts.idl
[3.293s] -- Installing: /home/karol/ITB/URO/KRAI/ros2_ws/src/tutorial_interfaces/install/tutorial_interfaces/share/tutorial_interfaces/msg/Num.msg
[3.293s] -- Installing: /home/karol/ITB/URO/KRAI/ros2_ws/src/tutorial_interfaces/install/tutorial_interfaces/share/tutorial_interfaces/msg/Sphere.msg
[3.293s] -- Installing: /home/karol/ITB/URO/KRAI/ros2_ws/src/tutorial_interfaces/install/tutorial_interfaces/share/tutorial_interfaces/srv/AddThreeInts.srv
[3.293s] -- Installing: /home/karol/ITB/URO/KRAI/ros2_ws/src/tutorial_interfaces/install/tutorial_interfaces/share/tutorial_interfaces/srv/AddThreeInts_Request.msg
[3.294s] -- Installing: /home/karol/ITB/URO/KRAI/ros2_ws/src/tutorial_interfaces/install/tutorial_interfaces/share/tutorial_interfaces/srv/AddThreeInts_Response.msg
[3.294s] -- Installing: /home/karol/ITB/URO/KRAI/ros2_ws/src/tutorial_interfaces/install/tutorial_interfaces/share/ament_index/resource_index/package_run_dependencies/tutorial_interfaces
[3.294s] -- Installing: /home/karol/ITB/URO/KRAI/ros2_ws/src/tutorial_interfaces/install/tutorial_interfaces/share/ament_index/resource_index/parent_prefix_path/tutorial_interfaces
[3.294s] -- Installing: /home/karol/ITB/URO/KRAI/ros2_ws/src/tutorial_interfaces/install/tutorial_interfaces/share/tutorial_interfaces/environment/ament_prefix_path.sh
[3.294s] -- Installing: /home/karol/ITB/URO/KRAI/ros2_ws/src/tutorial_interfaces/install/tutorial_interfaces/share/tutorial_interfaces/environment/ament_prefix_path.dsv
[3.294s] -- Installing: /home/karol/ITB/URO/KRAI/ros2_ws/src/tutorial_interfaces/install/tutorial_interfaces/share/tutorial_interfaces/environment/path.sh
[3.294s] -- Installing: /home/karol/ITB/URO/KRAI/ros2_ws/src/tutorial_interfaces/install/tutorial_interfaces/share/tutorial_interfaces/environment/path.dsv
[3.294s] -- Installing: /home/karol/ITB/URO/KRAI/ros2_ws/src/tutorial_interfaces/install/tutorial_interfaces/share/tutorial_interfaces/local_setup.bash
[3.294s] -- Installing: /home/karol/ITB/URO/KRAI/ros2_ws/src/tutorial_interfaces/install/tutorial_interfaces/share/tutorial_interfaces/local_setup.sh
[3.295s] -- Installing: /home/karol/ITB/URO/KRAI/ros2_ws/src/tutorial_interfaces/install/tutorial_interfaces/share/tutorial_interfaces/local_setup.zsh
[3.295s] -- Installing: /home/karol/ITB/URO/KRAI/ros2_ws/src/tutorial_interfaces/install/tutorial_interfaces/share/tutorial_interfaces/local_setup.dsv
[3.295s] -- Installing: /home/karol/ITB/URO/KRAI/ros2_ws/src/tutorial_interfaces/install/tutorial_interfaces/share/tutorial_interfaces/package.dsv
[3.295s] -- Installing: /home/karol/ITB/URO/KRAI/ros2_ws/src/tutorial_interfaces/install/tutorial_interfaces/share/ament_index/resource_index/packages/tutorial_interfaces
[3.295s] -- Installing: /home/karol/ITB/URO/KRAI/ros2_ws/src/tutorial_interfaces/install/tutorial_interfaces/share/tutorial_interfaces/cmake/export_tutorial_interfaces__rosidl_generator_cExport.cmake
[3.295s] -- Installing: /home/karol/ITB/URO/KRAI/ros2_ws/src/tutorial_interfaces/install/tutorial_interfaces/share/tutorial_interfaces/cmake/export_tutorial_interfaces__rosidl_generator_cExport-noconfig.cmake
[3.295s] -- Installing: /home/karol/ITB/URO/KRAI/ros2_ws/src/tutorial_interfaces/install/tutorial_interfaces/share/tutorial_interfaces/cmake/export_tutorial_interfaces__rosidl_typesupport_fastrtps_cExport.cmake
[3.295s] -- Installing: /home/karol/ITB/URO/KRAI/ros2_ws/src/tutorial_interfaces/install/tutorial_interfaces/share/tutorial_interfaces/cmake/export_tutorial_interfaces__rosidl_typesupport_fastrtps_cExport-noconfig.cmake
[3.295s] -- Installing: /home/karol/ITB/URO/KRAI/ros2_ws/src/tutorial_interfaces/install/tutorial_interfaces/share/tutorial_interfaces/cmake/export_tutorial_interfaces__rosidl_generator_cppExport.cmake
[3.295s] -- Installing: /home/karol/ITB/URO/KRAI/ros2_ws/src/tutorial_interfaces/install/tutorial_interfaces/share/tutorial_interfaces/cmake/export_tutorial_interfaces__rosidl_typesupport_fastrtps_cppExport.cmake
[3.295s] -- Installing: /home/karol/ITB/URO/KRAI/ros2_ws/src/tutorial_interfaces/install/tutorial_interfaces/share/tutorial_interfaces/cmake/export_tutorial_interfaces__rosidl_typesupport_fastrtps_cppExport-noconfig.cmake
[3.295s] -- Installing: /home/karol/ITB/URO/KRAI/ros2_ws/src/tutorial_interfaces/install/tutorial_interfaces/share/tutorial_interfaces/cmake/tutorial_interfaces__rosidl_typesupport_introspection_cExport.cmake
[3.295s] -- Installing: /home/karol/ITB/URO/KRAI/ros2_ws/src/tutorial_interfaces/install/tutorial_interfaces/share/tutorial_interfaces/cmake/tutorial_interfaces__rosidl_typesupport_introspection_cExport-noconfig.cmake
[3.296s] -- Installing: /home/karol/ITB/URO/KRAI/ros2_ws/src/tutorial_interfaces/install/tutorial_interfaces/share/tutorial_interfaces/cmake/tutorial_interfaces__rosidl_typesupport_cExport.cmake
[3.296s] -- Installing: /home/karol/ITB/URO/KRAI/ros2_ws/src/tutorial_interfaces/install/tutorial_interfaces/share/tutorial_interfaces/cmake/tutorial_interfaces__rosidl_typesupport_cExport-noconfig.cmake
[3.296s] -- Installing: /home/karol/ITB/URO/KRAI/ros2_ws/src/tutorial_interfaces/install/tutorial_interfaces/share/tutorial_interfaces/cmake/tutorial_interfaces__rosidl_typesupport_introspection_cppExport.cmake
[3.296s] -- Installing: /home/karol/ITB/URO/KRAI/ros2_ws/src/tutorial_interfaces/install/tutorial_interfaces/share/tutorial_interfaces/cmake/tutorial_interfaces__rosidl_typesupport_introspection_cppExport-noconfig.cmake
[3.296s] -- Installing: /home/karol/ITB/URO/KRAI/ros2_ws/src/tutorial_interfaces/install/tutorial_interfaces/share/tutorial_interfaces/cmake/tutorial_interfaces__rosidl_typesupport_cppExport.cmake
[3.296s] -- Installing: /home/karol/ITB/URO/KRAI/ros2_ws/src/tutorial_interfaces/install/tutorial_interfaces/share/tutorial_interfaces/cmake/tutorial_interfaces__rosidl_typesupport_cppExport-noconfig.cmake
[3.296s] -- Installing: /home/karol/ITB/URO/KRAI/ros2_ws/src/tutorial_interfaces/install/tutorial_interfaces/share/tutorial_interfaces/cmake/export_tutorial_interfaces__rosidl_generator_pyExport.cmake
[3.296s] -- Installing: /home/karol/ITB/URO/KRAI/ros2_ws/src/tutorial_interfaces/install/tutorial_interfaces/share/tutorial_interfaces/cmake/export_tutorial_interfaces__rosidl_generator_pyExport-noconfig.cmake
[3.296s] -- Installing: /home/karol/ITB/URO/KRAI/ros2_ws/src/tutorial_interfaces/install/tutorial_interfaces/share/tutorial_interfaces/cmake/rosidl_cmake-extras.cmake
[3.296s] -- Installing: /home/karol/ITB/URO/KRAI/ros2_ws/src/tutorial_interfaces/install/tutorial_interfaces/share/tutorial_interfaces/cmake/ament_cmake_export_dependencies-extras.cmake
[3.296s] -- Installing: /home/karol/ITB/URO/KRAI/ros2_ws/src/tutorial_interfaces/install/tutorial_interfaces/share/tutorial_interfaces/cmake/ament_cmake_export_include_directories-extras.cmake
[3.296s] -- Installing: /home/karol/ITB/URO/KRAI/ros2_ws/src/tutorial_interfaces/install/tutorial_interfaces/share/tutorial_interfaces/cmake/ament_cmake_export_libraries-extras.cmake
[3.296s] -- Installing: /home/karol/ITB/URO/KRAI/ros2_ws/src/tutorial_interfaces/install/tutorial_interfaces/share/tutorial_interfaces/cmake/ament_cmake_export_targets-extras.cmake
[3.296s] -- Installing: /home/karol/ITB/URO/KRAI/ros2_ws/src/tutorial_interfaces/install/tutorial_interfaces/share/tutorial_interfaces/cmake/rosidl_cmake_export_typesupport_targets-extras.cmake
[3.296s] -- Installing: /home/karol/ITB/URO/KRAI/ros2_ws/src/tutorial_interfaces/install/tutorial_interfaces/share/tutorial_interfaces/cmake/rosidl_cmake_export_typesupport_libraries-extras.cmake
[3.296s] -- Installing: /home/karol/ITB/URO/KRAI/ros2_ws/src/tutorial_interfaces/install/tutorial_interfaces/share/tutorial_interfaces/cmake/tutorial_interfacesConfig.cmake
[3.296s] -- Installing: /home/karol/ITB/URO/KRAI/ros2_ws/src/tutorial_interfaces/install/tutorial_interfaces/share/tutorial_interfaces/cmake/tutorial_interfacesConfig-version.cmake
[3.296s] -- Installing: /home/karol/ITB/URO/KRAI/ros2_ws/src/tutorial_interfaces/install/tutorial_interfaces/share/tutorial_interfaces/package.xml
[3.299s] Invoked command in '/home/karol/ITB/URO/KRAI/ros2_ws/src/tutorial_interfaces/build/tutorial_interfaces' returned '0': CMAKE_PREFIX_PATH=${CMAKE_PREFIX_PATH}:/opt/ros/humble /usr/bin/cmake --install /home/karol/ITB/URO/KRAI/ros2_ws/src/tutorial_interfaces/build/tutorial_interfaces
