[35m[1mConsolidate compiler generated dependencies of target listener[0m
[35m[1mConsolidate compiler generated dependencies of target talker[0m
[  1%] [32mBuilding CXX object CMakeFiles/listener.dir/src/listener.cpp.o[0m
[  3%] Built target tutorial_interfaces__cpp
[  3%] Built target ament_cmake_python_copy_tutorial_interfaces
[ 13%] Built target tutorial_interfaces__rosidl_generator_c
[ 15%] [32mBuilding CXX object CMakeFiles/talker.dir/src/talker.cpp.o[0m
[ 25%] Built target tutorial_interfaces__rosidl_typesupport_introspection_cpp
[ 45%] Built target tutorial_interfaces__rosidl_typesupport_fastrtps_c
[ 45%] Built target tutorial_interfaces__rosidl_typesupport_cpp
[ 54%] Built target tutorial_interfaces__rosidl_typesupport_c
[ 64%] Built target tutorial_interfaces__rosidl_typesupport_fastrtps_cpp
[ 74%] Built target tutorial_interfaces__rosidl_typesupport_introspection_c
[ 74%] Built target tutorial_interfaces
[ 76%] Built target tutorial_interfaces__py
[ 84%] Built target tutorial_interfaces__rosidl_generator_py
[ 88%] Built target tutorial_interfaces__rosidl_typesupport_fastrtps_c__pyext
[ 92%] Built target tutorial_interfaces__rosidl_typesupport_c__pyext
[ 96%] Built target tutorial_interfaces__rosidl_typesupport_introspection_c__pyext
running egg_info
writing tutorial_interfaces.egg-info/PKG-INFO
writing dependency_links to tutorial_interfaces.egg-info/dependency_links.txt
writing top-level names to tutorial_interfaces.egg-info/top_level.txt
reading manifest file 'tutorial_interfaces.egg-info/SOURCES.txt'
writing manifest file 'tutorial_interfaces.egg-info/SOURCES.txt'
[ 96%] Built target ament_cmake_python_build_tutorial_interfaces_egg
