[0.012s] Invoking command in '/home/karol/ITB/URO/KRAI/ros2_ws/build/cpp_srvcli': CMAKE_PREFIX_PATH=${CMAKE_PREFIX_PATH}:/opt/ros/humble /usr/bin/cmake /home/karol/ITB/URO/KRAI/ros2_ws/src/learn_simulation/cpp_srvcli -DAMENT_CMAKE_SYMLINK_INSTALL=1 -DCMAKE_INSTALL_PREFIX=/home/karol/ITB/URO/KRAI/ros2_ws/install/cpp_srvcli
[0.074s] -- The C compiler identification is GNU 11.4.0
[0.114s] -- The CXX compiler identification is GNU 11.4.0
[0.122s] -- Detecting C compiler ABI info
[0.185s] -- Detecting C compiler ABI info - done
[0.190s] -- Check for working C compiler: /usr/bin/cc - skipped
[0.191s] -- Detecting C compile features
[0.191s] -- Detecting C compile features - done
[0.193s] -- Detecting CXX compiler ABI info
[0.261s] -- Detecting CXX compiler ABI info - done
[0.266s] -- Check for working CXX compiler: /usr/bin/c++ - skipped
[0.266s] -- Detecting CXX compile features
[0.266s] -- Detecting CXX compile features - done
[0.302s] -- Found ament_cmake: 1.3.10 (/opt/ros/humble/share/ament_cmake/cmake)
[0.421s] -- Found Python3: /usr/bin/python3 (found version "3.10.12") found components: Interpreter 
[0.477s] -- Override CMake install command with custom implementation using symlinks instead of copying resources
[0.512s] -- Found ament_lint_auto: 0.12.11 (/opt/ros/humble/share/ament_lint_auto/cmake)
[0.589s] -- Added test 'lint_cmake' to check CMake code style
[0.590s] -- Added test 'xmllint' to check XML markup files
[0.592s] -- Configuring done
[0.593s] -- Generating done
[0.594s] -- Build files have been written to: /home/karol/ITB/URO/KRAI/ros2_ws/build/cpp_srvcli
[0.598s] Invoked command in '/home/karol/ITB/URO/KRAI/ros2_ws/build/cpp_srvcli' returned '0': CMAKE_PREFIX_PATH=${CMAKE_PREFIX_PATH}:/opt/ros/humble /usr/bin/cmake /home/karol/ITB/URO/KRAI/ros2_ws/src/learn_simulation/cpp_srvcli -DAMENT_CMAKE_SYMLINK_INSTALL=1 -DCMAKE_INSTALL_PREFIX=/home/karol/ITB/URO/KRAI/ros2_ws/install/cpp_srvcli
[0.600s] Invoking command in '/home/karol/ITB/URO/KRAI/ros2_ws/build/cpp_srvcli': CMAKE_PREFIX_PATH=${CMAKE_PREFIX_PATH}:/opt/ros/humble /usr/bin/cmake --build /home/karol/ITB/URO/KRAI/ros2_ws/build/cpp_srvcli -- -j22 -l22
[0.644s] Invoked command in '/home/karol/ITB/URO/KRAI/ros2_ws/build/cpp_srvcli' returned '0': CMAKE_PREFIX_PATH=${CMAKE_PREFIX_PATH}:/opt/ros/humble /usr/bin/cmake --build /home/karol/ITB/URO/KRAI/ros2_ws/build/cpp_srvcli -- -j22 -l22
[0.669s] Invoking command in '/home/karol/ITB/URO/KRAI/ros2_ws/build/cpp_srvcli': CMAKE_PREFIX_PATH=${CMAKE_PREFIX_PATH}:/opt/ros/humble /usr/bin/cmake --install /home/karol/ITB/URO/KRAI/ros2_ws/build/cpp_srvcli
[0.675s] -- Install configuration: ""
[0.676s] -- Execute custom install script
[0.676s] -- Symlinking: /home/karol/ITB/URO/KRAI/ros2_ws/install/cpp_srvcli/share/ament_index/resource_index/package_run_dependencies/cpp_srvcli
[0.685s] -- Symlinking: /home/karol/ITB/URO/KRAI/ros2_ws/install/cpp_srvcli/share/ament_index/resource_index/parent_prefix_path/cpp_srvcli
[0.693s] -- Symlinking: /home/karol/ITB/URO/KRAI/ros2_ws/install/cpp_srvcli/share/cpp_srvcli/environment/ament_prefix_path.sh
[0.701s] -- Symlinking: /home/karol/ITB/URO/KRAI/ros2_ws/install/cpp_srvcli/share/cpp_srvcli/environment/ament_prefix_path.dsv
[0.708s] -- Symlinking: /home/karol/ITB/URO/KRAI/ros2_ws/install/cpp_srvcli/share/cpp_srvcli/environment/path.sh
[0.715s] -- Symlinking: /home/karol/ITB/URO/KRAI/ros2_ws/install/cpp_srvcli/share/cpp_srvcli/environment/path.dsv
[0.721s] -- Symlinking: /home/karol/ITB/URO/KRAI/ros2_ws/install/cpp_srvcli/share/cpp_srvcli/local_setup.bash
[0.728s] -- Symlinking: /home/karol/ITB/URO/KRAI/ros2_ws/install/cpp_srvcli/share/cpp_srvcli/local_setup.sh
[0.736s] -- Symlinking: /home/karol/ITB/URO/KRAI/ros2_ws/install/cpp_srvcli/share/cpp_srvcli/local_setup.zsh
[0.746s] -- Symlinking: /home/karol/ITB/URO/KRAI/ros2_ws/install/cpp_srvcli/share/cpp_srvcli/local_setup.dsv
[0.753s] -- Symlinking: /home/karol/ITB/URO/KRAI/ros2_ws/install/cpp_srvcli/share/cpp_srvcli/package.dsv
[0.761s] -- Symlinking: /home/karol/ITB/URO/KRAI/ros2_ws/install/cpp_srvcli/share/ament_index/resource_index/packages/cpp_srvcli
[0.769s] -- Symlinking: /home/karol/ITB/URO/KRAI/ros2_ws/install/cpp_srvcli/share/cpp_srvcli/cmake/cpp_srvcliConfig.cmake
[0.777s] -- Symlinking: /home/karol/ITB/URO/KRAI/ros2_ws/install/cpp_srvcli/share/cpp_srvcli/cmake/cpp_srvcliConfig-version.cmake
[0.784s] -- Symlinking: /home/karol/ITB/URO/KRAI/ros2_ws/install/cpp_srvcli/share/cpp_srvcli/package.xml
[0.791s] Invoked command in '/home/karol/ITB/URO/KRAI/ros2_ws/build/cpp_srvcli' returned '0': CMAKE_PREFIX_PATH=${CMAKE_PREFIX_PATH}:/opt/ros/humble /usr/bin/cmake --install /home/karol/ITB/URO/KRAI/ros2_ws/build/cpp_srvcli
