[0.010s] Invoking command in '/home/karol/ITB/URO/KRAI/ros2_ws/build/urdf_tutorial': CMAKE_PREFIX_PATH=${CMAKE_PREFIX_PATH}:/opt/ros/humble /usr/bin/cmake /home/karol/ITB/URO/KRAI/ros2_ws/src/learn_simulation/urdf_tutorial -DAMENT_CMAKE_SYMLINK_INSTALL=1 -DCMAKE_INSTALL_PREFIX=/home/karol/ITB/URO/KRAI/ros2_ws/install/urdf_tutorial
[0.075s] -- The C compiler identification is GNU 11.4.0
[0.117s] -- The CXX compiler identification is GNU 11.4.0
[0.122s] -- Detecting C compiler ABI info
[0.177s] -- Detecting C compiler ABI info - done
[0.182s] -- Check for working C compiler: /usr/bin/cc - skipped
[0.183s] -- Detecting C compile features
[0.183s] -- Detecting C compile features - done
[0.185s] -- Detecting CXX compiler ABI info
[0.249s] -- Detecting CXX compiler ABI info - done
[0.259s] -- Check for working CXX compiler: /usr/bin/c++ - skipped
[0.259s] -- Detecting CXX compile features
[0.260s] -- Detecting CXX compile features - done
[0.295s] -- Found ament_cmake: 1.3.10 (/opt/ros/humble/share/ament_cmake/cmake)
[0.411s] -- Found Python3: /usr/bin/python3 (found version "3.10.12") found components: Interpreter 
[0.474s] -- Override CMake install command with custom implementation using symlinks instead of copying resources
[0.505s] -- Found ament_lint_auto: 0.12.11 (/opt/ros/humble/share/ament_lint_auto/cmake)
[0.561s] -- Configuring done
[0.563s] -- Generating done
[0.564s] -- Build files have been written to: /home/karol/ITB/URO/KRAI/ros2_ws/build/urdf_tutorial
[0.573s] Invoked command in '/home/karol/ITB/URO/KRAI/ros2_ws/build/urdf_tutorial' returned '0': CMAKE_PREFIX_PATH=${CMAKE_PREFIX_PATH}:/opt/ros/humble /usr/bin/cmake /home/karol/ITB/URO/KRAI/ros2_ws/src/learn_simulation/urdf_tutorial -DAMENT_CMAKE_SYMLINK_INSTALL=1 -DCMAKE_INSTALL_PREFIX=/home/karol/ITB/URO/KRAI/ros2_ws/install/urdf_tutorial
[0.575s] Invoking command in '/home/karol/ITB/URO/KRAI/ros2_ws/build/urdf_tutorial': CMAKE_PREFIX_PATH=${CMAKE_PREFIX_PATH}:/opt/ros/humble /usr/bin/cmake --build /home/karol/ITB/URO/KRAI/ros2_ws/build/urdf_tutorial -- -j22 -l22
[0.613s] Invoked command in '/home/karol/ITB/URO/KRAI/ros2_ws/build/urdf_tutorial' returned '0': CMAKE_PREFIX_PATH=${CMAKE_PREFIX_PATH}:/opt/ros/humble /usr/bin/cmake --build /home/karol/ITB/URO/KRAI/ros2_ws/build/urdf_tutorial -- -j22 -l22
[0.648s] Invoking command in '/home/karol/ITB/URO/KRAI/ros2_ws/build/urdf_tutorial': CMAKE_PREFIX_PATH=${CMAKE_PREFIX_PATH}:/opt/ros/humble /usr/bin/cmake --install /home/karol/ITB/URO/KRAI/ros2_ws/build/urdf_tutorial
[0.656s] -- Install configuration: ""
[0.657s] -- Execute custom install script
[0.657s] -- Symlinking: /home/karol/ITB/URO/KRAI/ros2_ws/install/urdf_tutorial/share/urdf_tutorial/images/flexible.png
[0.667s] -- Symlinking: /home/karol/ITB/URO/KRAI/ros2_ws/install/urdf_tutorial/share/urdf_tutorial/images/materials.png
[0.674s] -- Symlinking: /home/karol/ITB/URO/KRAI/ros2_ws/install/urdf_tutorial/share/urdf_tutorial/images/multipleshapes.png
[0.679s] -- Symlinking: /home/karol/ITB/URO/KRAI/ros2_ws/install/urdf_tutorial/share/urdf_tutorial/images/myfirst.png
[0.686s] -- Symlinking: /home/karol/ITB/URO/KRAI/ros2_ws/install/urdf_tutorial/share/urdf_tutorial/images/origins.png
[0.696s] -- Symlinking: /home/karol/ITB/URO/KRAI/ros2_ws/install/urdf_tutorial/share/urdf_tutorial/images/visual.png
[0.703s] -- Symlinking: /home/karol/ITB/URO/KRAI/ros2_ws/install/urdf_tutorial/share/urdf_tutorial/launch/display.launch.py
[0.709s] -- Symlinking: /home/karol/ITB/URO/KRAI/ros2_ws/install/urdf_tutorial/share/urdf_tutorial/meshes/l_finger.dae
[0.716s] -- Symlinking: /home/karol/ITB/URO/KRAI/ros2_ws/install/urdf_tutorial/share/urdf_tutorial/meshes/l_finger_color.png
[0.721s] -- Symlinking: /home/karol/ITB/URO/KRAI/ros2_ws/install/urdf_tutorial/share/urdf_tutorial/meshes/l_finger_tip.dae
[0.727s] -- Symlinking: /home/karol/ITB/URO/KRAI/ros2_ws/install/urdf_tutorial/share/urdf_tutorial/meshes/l_finger_tip_color.png
[0.738s] -- Symlinking: /home/karol/ITB/URO/KRAI/ros2_ws/install/urdf_tutorial/share/urdf_tutorial/rviz/urdf.rviz
[0.743s] -- Symlinking: /home/karol/ITB/URO/KRAI/ros2_ws/install/urdf_tutorial/share/urdf_tutorial/urdf/01-myfirst.urdf
[0.749s] -- Symlinking: /home/karol/ITB/URO/KRAI/ros2_ws/install/urdf_tutorial/share/urdf_tutorial/urdf/02-multipleshapes.urdf
[0.755s] -- Symlinking: /home/karol/ITB/URO/KRAI/ros2_ws/install/urdf_tutorial/share/urdf_tutorial/urdf/03-origins.urdf
[0.762s] -- Symlinking: /home/karol/ITB/URO/KRAI/ros2_ws/install/urdf_tutorial/share/urdf_tutorial/urdf/04-materials.urdf
[0.770s] -- Symlinking: /home/karol/ITB/URO/KRAI/ros2_ws/install/urdf_tutorial/share/urdf_tutorial/urdf/05-visual.urdf
[0.777s] -- Symlinking: /home/karol/ITB/URO/KRAI/ros2_ws/install/urdf_tutorial/share/urdf_tutorial/urdf/06-flexible.urdf
[0.783s] -- Symlinking: /home/karol/ITB/URO/KRAI/ros2_ws/install/urdf_tutorial/share/urdf_tutorial/urdf/07-physics.urdf
[0.794s] -- Symlinking: /home/karol/ITB/URO/KRAI/ros2_ws/install/urdf_tutorial/share/urdf_tutorial/urdf/08-macroed.urdf.xacro
[0.804s] -- Symlinking: /home/karol/ITB/URO/KRAI/ros2_ws/install/urdf_tutorial/share/ament_index/resource_index/package_run_dependencies/urdf_tutorial
[0.811s] -- Symlinking: /home/karol/ITB/URO/KRAI/ros2_ws/install/urdf_tutorial/share/ament_index/resource_index/parent_prefix_path/urdf_tutorial
[0.820s] -- Symlinking: /home/karol/ITB/URO/KRAI/ros2_ws/install/urdf_tutorial/share/urdf_tutorial/environment/ament_prefix_path.sh
[0.830s] -- Symlinking: /home/karol/ITB/URO/KRAI/ros2_ws/install/urdf_tutorial/share/urdf_tutorial/environment/ament_prefix_path.dsv
[0.839s] -- Symlinking: /home/karol/ITB/URO/KRAI/ros2_ws/install/urdf_tutorial/share/urdf_tutorial/environment/path.sh
[0.845s] -- Symlinking: /home/karol/ITB/URO/KRAI/ros2_ws/install/urdf_tutorial/share/urdf_tutorial/environment/path.dsv
[0.851s] -- Symlinking: /home/karol/ITB/URO/KRAI/ros2_ws/install/urdf_tutorial/share/urdf_tutorial/local_setup.bash
[0.858s] -- Symlinking: /home/karol/ITB/URO/KRAI/ros2_ws/install/urdf_tutorial/share/urdf_tutorial/local_setup.sh
[0.864s] -- Symlinking: /home/karol/ITB/URO/KRAI/ros2_ws/install/urdf_tutorial/share/urdf_tutorial/local_setup.zsh
[0.871s] -- Symlinking: /home/karol/ITB/URO/KRAI/ros2_ws/install/urdf_tutorial/share/urdf_tutorial/local_setup.dsv
[0.878s] -- Symlinking: /home/karol/ITB/URO/KRAI/ros2_ws/install/urdf_tutorial/share/urdf_tutorial/package.dsv
[0.884s] -- Symlinking: /home/karol/ITB/URO/KRAI/ros2_ws/install/urdf_tutorial/share/ament_index/resource_index/packages/urdf_tutorial
[0.891s] -- Symlinking: /home/karol/ITB/URO/KRAI/ros2_ws/install/urdf_tutorial/share/urdf_tutorial/cmake/urdf_tutorialConfig.cmake
[0.899s] -- Symlinking: /home/karol/ITB/URO/KRAI/ros2_ws/install/urdf_tutorial/share/urdf_tutorial/cmake/urdf_tutorialConfig-version.cmake
[0.905s] -- Symlinking: /home/karol/ITB/URO/KRAI/ros2_ws/install/urdf_tutorial/share/urdf_tutorial/package.xml
[0.914s] Invoked command in '/home/karol/ITB/URO/KRAI/ros2_ws/build/urdf_tutorial' returned '0': CMAKE_PREFIX_PATH=${CMAKE_PREFIX_PATH}:/opt/ros/humble /usr/bin/cmake --install /home/karol/ITB/URO/KRAI/ros2_ws/build/urdf_tutorial
