running develop
running egg_info
creating launch_tutorial.egg-info
writing launch_tutorial.egg-info/PKG-INFO
writing dependency_links to launch_tutorial.egg-info/dependency_links.txt
writing entry points to launch_tutorial.egg-info/entry_points.txt
writing requirements to launch_tutorial.egg-info/requires.txt
writing top-level names to launch_tutorial.egg-info/top_level.txt
writing manifest file 'launch_tutorial.egg-info/SOURCES.txt'
reading manifest file 'launch_tutorial.egg-info/SOURCES.txt'
writing manifest file 'launch_tutorial.egg-info/SOURCES.txt'
running build_ext
Creating /home/karol/ITB/URO/KRAI/ros2_ws/install/launch_tutorial/lib/python3.10/site-packages/launch-tutorial.egg-link (link to .)

Installed /home/karol/ITB/URO/KRAI/ros2_ws/build/launch_tutorial
running symlink_data
creating /home/karol/ITB/URO/KRAI/ros2_ws/install/launch_tutorial/share/ament_index
creating /home/karol/ITB/URO/KRAI/ros2_ws/install/launch_tutorial/share/ament_index/resource_index
creating /home/karol/ITB/URO/KRAI/ros2_ws/install/launch_tutorial/share/ament_index/resource_index/packages
symbolically linking /home/karol/ITB/URO/KRAI/ros2_ws/build/launch_tutorial/resource/launch_tutorial -> /home/karol/ITB/URO/KRAI/ros2_ws/install/launch_tutorial/share/ament_index/resource_index/packages
symbolically linking /home/karol/ITB/URO/KRAI/ros2_ws/build/launch_tutorial/package.xml -> /home/karol/ITB/URO/KRAI/ros2_ws/install/launch_tutorial/share/launch_tutorial
creating /home/karol/ITB/URO/KRAI/ros2_ws/install/launch_tutorial/share/launch_tutorial/launch
symbolically linking /home/karol/ITB/URO/KRAI/ros2_ws/build/launch_tutorial/launch/example_event_handlers.launch.py -> /home/karol/ITB/URO/KRAI/ros2_ws/install/launch_tutorial/share/launch_tutorial/launch
