-- Found ament_cmake: 1.3.11 (/opt/ros/humble/share/ament_cmake/cmake)
-- Found geometry_msgs: 4.2.4 (/opt/ros/humble/share/geometry_msgs/cmake)
-- Found rosidl_generator_c: 3.1.6 (/opt/ros/humble/share/rosidl_generator_c/cmake)
-- Found rosidl_adapter: 3.1.6 (/opt/ros/humble/share/rosidl_adapter/cmake)
-- Found rosidl_generator_cpp: 3.1.6 (/opt/ros/humble/share/rosidl_generator_cpp/cmake)
-- Using all available rosidl_typesupport_c: rosidl_typesupport_fastrtps_c;rosidl_typesupport_introspection_c
-- Using all available rosidl_typesupport_cpp: rosidl_typesupport_fastrtps_cpp;rosidl_typesupport_introspection_cpp
-- Found rosidl_default_generators: 1.2.0 (/opt/ros/humble/share/rosidl_default_generators/cmake)
-- Found rclcpp: 16.0.11 (/opt/ros/humble/share/rclcpp/cmake)
-- Found rmw_implementation_cmake: 6.1.2 (/opt/ros/humble/share/rmw_implementation_cmake/cmake)
-- Found rmw_cyclonedds_cpp: 1.3.4 (/opt/ros/humble/share/rmw_cyclonedds_cpp/cmake)
-- Using RMW implementation 'rmw_cyclonedds_cpp' as default
-- Found tutorial_interfaces: 0.0.0 (/home/karol/ITB/URO/KRAI/ros2_ws/src/tutorial_interfaces/install/tutorial_interfaces/share/tutorial_interfaces/cmake)
-- Found ament_cmake_ros: 0.10.0 (/opt/ros/humble/share/ament_cmake_ros/cmake)
-- Using all available rosidl_typesupport_c: rosidl_typesupport_fastrtps_c;rosidl_typesupport_introspection_c
-- Using all available rosidl_typesupport_cpp: rosidl_typesupport_fastrtps_cpp;rosidl_typesupport_introspection_cpp
-- Found python_cmake_module: 0.10.0 (/opt/ros/humble/share/python_cmake_module/cmake)
-- Using PYTHON_EXECUTABLE: /usr/bin/python3
-- Using PYTHON_INCLUDE_DIRS: /usr/include/python3.10
-- Using PYTHON_LIBRARIES: /usr/lib/x86_64-linux-gnu/libpython3.10.so
-- Found ament_lint_auto: 0.12.11 (/opt/ros/humble/share/ament_lint_auto/cmake)
-- Added test 'cppcheck' to perform static code analysis on C / C++ code
-- Configured cppcheck include dirs: /home/karol/ITB/URO/KRAI/ros2_ws/src/tutorial_interfaces/install/tutorial_interfaces/include/tutorial_interfaces;$<BUILD_INTERFACE:/home/karol/ITB/URO/KRAI/ros2_ws/src/tutorial_interfaces/build/tutorial_interfaces/rosidl_generator_c>;$<BUILD_INTERFACE:/home/karol/ITB/URO/KRAI/ros2_ws/src/tutorial_interfaces/build/tutorial_interfaces/rosidl_typesupport_fastrtps_c>;$<BUILD_INTERFACE:/home/karol/ITB/URO/KRAI/ros2_ws/src/tutorial_interfaces/build/tutorial_interfaces/rosidl_generator_cpp>;$<BUILD_INTERFACE:/home/karol/ITB/URO/KRAI/ros2_ws/src/tutorial_interfaces/build/tutorial_interfaces/rosidl_typesupport_fastrtps_cpp>;$<BUILD_INTERFACE:/home/karol/ITB/URO/KRAI/ros2_ws/src/tutorial_interfaces/build/tutorial_interfaces/rosidl_typesupport_introspection_c>;$<BUILD_INTERFACE:/home/karol/ITB/URO/KRAI/ros2_ws/src/tutorial_interfaces/build/tutorial_interfaces/rosidl_typesupport_introspection_cpp>;/home/karol/ITB/URO/KRAI/ros2_ws/src/tutorial_interfaces/build/tutorial_interfaces/rosidl_generator_c;/home/karol/ITB/URO/KRAI/ros2_ws/src/tutorial_interfaces/build/tutorial_interfaces/rosidl_generator_py
-- Configured cppcheck exclude dirs and/or files: 
-- Added test 'flake8' to check Python code syntax and style conventions
-- Added test 'lint_cmake' to check CMake code style
-- Added test 'pep257' to check Python code against some of the docstring style conventions in PEP 257
-- Added test 'uncrustify' to check C / C++ code style
-- Configured uncrustify additional arguments: 
-- Added test 'xmllint' to check XML markup files
-- Configuring done
-- Generating done
-- Build files have been written to: /home/karol/ITB/URO/KRAI/ros2_ws/src/tutorial_interfaces/build/tutorial_interfaces
[35m[1mConsolidate compiler generated dependencies of target tutorial_interfaces__rosidl_generator_c[0m
[  1%] [32mBuilding CXX object CMakeFiles/talker.dir/src/talker.cpp.o[0m
[ 11%] Built target tutorial_interfaces__rosidl_generator_c
[ 13%] [32mBuilding CXX object CMakeFiles/listener.dir/src/listener.cpp.o[0m
[ 15%] Built target tutorial_interfaces__cpp
[ 15%] Built target ament_cmake_python_copy_tutorial_interfaces
[35m[1mConsolidate compiler generated dependencies of target tutorial_interfaces__rosidl_typesupport_fastrtps_c[0m
[35m[1mConsolidate compiler generated dependencies of target tutorial_interfaces__rosidl_typesupport_cpp[0m
[35m[1mConsolidate compiler generated dependencies of target tutorial_interfaces__rosidl_typesupport_fastrtps_cpp[0m
[35m[1mConsolidate compiler generated dependencies of target tutorial_interfaces__rosidl_typesupport_c[0m
[35m[1mConsolidate compiler generated dependencies of target tutorial_interfaces__rosidl_typesupport_introspection_c[0m
[35m[1mConsolidate compiler generated dependencies of target tutorial_interfaces__rosidl_typesupport_introspection_cpp[0m
[ 25%] Built target tutorial_interfaces__rosidl_typesupport_cpp
[ 35%] Built target tutorial_interfaces__rosidl_typesupport_c
[ 45%] Built target tutorial_interfaces__rosidl_typesupport_fastrtps_c
[ 54%] Built target tutorial_interfaces__rosidl_typesupport_fastrtps_cpp
[ 64%] Built target tutorial_interfaces__rosidl_typesupport_introspection_c
[ 74%] Built target tutorial_interfaces__rosidl_typesupport_introspection_cpp
[ 74%] Built target tutorial_interfaces
[ 76%] Built target tutorial_interfaces__py
[35m[1mConsolidate compiler generated dependencies of target tutorial_interfaces__rosidl_generator_py[0m
[ 84%] Built target tutorial_interfaces__rosidl_generator_py
[35m[1mConsolidate compiler generated dependencies of target tutorial_interfaces__rosidl_typesupport_fastrtps_c__pyext[0m
[35m[1mConsolidate compiler generated dependencies of target tutorial_interfaces__rosidl_typesupport_c__pyext[0m
[35m[1mConsolidate compiler generated dependencies of target tutorial_interfaces__rosidl_typesupport_introspection_c__pyext[0m
[ 96%] Built target tutorial_interfaces__rosidl_typesupport_introspection_c__pyext
[ 96%] Built target tutorial_interfaces__rosidl_typesupport_c__pyext
[ 96%] Built target tutorial_interfaces__rosidl_typesupport_fastrtps_c__pyext
running egg_info
writing tutorial_interfaces.egg-info/PKG-INFO
writing dependency_links to tutorial_interfaces.egg-info/dependency_links.txt
writing top-level names to tutorial_interfaces.egg-info/top_level.txt
reading manifest file 'tutorial_interfaces.egg-info/SOURCES.txt'
writing manifest file 'tutorial_interfaces.egg-info/SOURCES.txt'
[ 96%] Built target ament_cmake_python_build_tutorial_interfaces_egg
