[0.392s] Invoking command in '/home/karol/ITB/URO/KRAI/ros2_ws/src/learning_tf2_py': PYTHONPATH=/home/karol/ITB/URO/KRAI/ros2_ws/build/learning_tf2_py/prefix_override:/usr/lib/python3/dist-packages/colcon_core/task/python/colcon_distutils_commands:/home/karol/ITB/URO/KRAI/ros2_ws/install/learning_tf2_py/lib/python3.10/site-packages:${PYTHONPATH} /usr/bin/python3 -W ignore:setup.py install is deprecated -W ignore:easy_install command is deprecated setup.py egg_info --egg-base ../../build/learning_tf2_py build --build-base /home/karol/ITB/URO/KRAI/ros2_ws/build/learning_tf2_py/build install --record /home/karol/ITB/URO/KRAI/ros2_ws/build/learning_tf2_py/install.log --single-version-externally-managed install_data
[0.546s] running egg_info
[0.546s] writing ../../build/learning_tf2_py/learning_tf2_py.egg-info/PKG-INFO
[0.547s] writing dependency_links to ../../build/learning_tf2_py/learning_tf2_py.egg-info/dependency_links.txt
[0.547s] writing entry points to ../../build/learning_tf2_py/learning_tf2_py.egg-info/entry_points.txt
[0.547s] writing requirements to ../../build/learning_tf2_py/learning_tf2_py.egg-info/requires.txt
[0.547s] writing top-level names to ../../build/learning_tf2_py/learning_tf2_py.egg-info/top_level.txt
[0.548s] reading manifest file '../../build/learning_tf2_py/learning_tf2_py.egg-info/SOURCES.txt'
[0.548s] adding license file 'LICENSE'
[0.548s] writing manifest file '../../build/learning_tf2_py/learning_tf2_py.egg-info/SOURCES.txt'
[0.548s] running build
[0.549s] running build_py
[0.549s] running install
[0.549s] running install_lib
[0.549s] running install_data
[0.549s] creating /home/karol/ITB/URO/KRAI/ros2_ws/install/learning_tf2_py/share/learning_tf2_py/launch
[0.549s] copying launch/static_transform_publisher.launch.py -> /home/karol/ITB/URO/KRAI/ros2_ws/install/learning_tf2_py/share/learning_tf2_py/launch
[0.550s] running install_egg_info
[0.551s] removing '/home/karol/ITB/URO/KRAI/ros2_ws/install/learning_tf2_py/lib/python3.10/site-packages/learning_tf2_py-0.0.0-py3.10.egg-info' (and everything under it)
[0.551s] Copying ../../build/learning_tf2_py/learning_tf2_py.egg-info to /home/karol/ITB/URO/KRAI/ros2_ws/install/learning_tf2_py/lib/python3.10/site-packages/learning_tf2_py-0.0.0-py3.10.egg-info
[0.552s] running install_scripts
[0.565s] Installing static_turtle_tf2_broadcaster script to /home/karol/ITB/URO/KRAI/ros2_ws/install/learning_tf2_py/lib/learning_tf2_py
[0.565s] writing list of installed files to '/home/karol/ITB/URO/KRAI/ros2_ws/build/learning_tf2_py/install.log'
[0.582s] Invoked command in '/home/karol/ITB/URO/KRAI/ros2_ws/src/learning_tf2_py' returned '0': PYTHONPATH=/home/karol/ITB/URO/KRAI/ros2_ws/build/learning_tf2_py/prefix_override:/usr/lib/python3/dist-packages/colcon_core/task/python/colcon_distutils_commands:/home/karol/ITB/URO/KRAI/ros2_ws/install/learning_tf2_py/lib/python3.10/site-packages:${PYTHONPATH} /usr/bin/python3 -W ignore:setup.py install is deprecated -W ignore:easy_install command is deprecated setup.py egg_info --egg-base ../../build/learning_tf2_py build --build-base /home/karol/ITB/URO/KRAI/ros2_ws/build/learning_tf2_py/build install --record /home/karol/ITB/URO/KRAI/ros2_ws/build/learning_tf2_py/install.log --single-version-externally-managed install_data
