[0.056s] DEBUG:colcon:Command line arguments: ['/usr/bin/colcon', 'build', '--packages-select', 'action_tutorials_interfaces']
[0.056s] DEBUG:colcon:Parsed command line arguments: Namespace(log_base=None, log_level=None, verb_name='build', build_base='build', install_base='install', merge_install=False, symlink_install=False, test_result_base=None, continue_on_error=False, executor='parallel', parallel_workers=22, event_handlers=None, ignore_user_meta=False, metas=['./colcon.meta'], base_paths=['.'], packages_ignore=None, packages_ignore_regex=None, paths=None, packages_up_to=None, packages_up_to_regex=None, packages_above=None, packages_above_and_dependencies=None, packages_above_depth=None, packages_select_by_dep=None, packages_skip_by_dep=None, packages_skip_up_to=None, packages_select_build_failed=False, packages_skip_build_finished=False, packages_select_test_failures=False, packages_skip_test_passed=False, packages_select=['action_tutorials_interfaces'], packages_skip=None, packages_select_regex=None, packages_skip_regex=None, packages_start=None, packages_end=None, allow_overriding=[], cmake_args=None, cmake_target=None, cmake_target_skip_unavailable=False, cmake_clean_cache=False, cmake_clean_first=False, cmake_force_configure=False, ament_cmake_args=None, catkin_cmake_args=None, catkin_skip_building_tests=False, verb_parser=<colcon_defaults.argument_parser.defaults.DefaultArgumentsDecorator object at 0x7dc8eac115d0>, verb_extension=<colcon_core.verb.build.BuildVerb object at 0x7dc8eac11090>, main=<bound method BuildVerb.main of <colcon_core.verb.build.BuildVerb object at 0x7dc8eac11090>>)
[0.154s] Level 1:colcon.colcon_core.package_discovery:discover_packages(colcon_meta) check parameters
[0.154s] Level 1:colcon.colcon_core.package_discovery:discover_packages(recursive) check parameters
[0.154s] Level 1:colcon.colcon_core.package_discovery:discover_packages(ignore) check parameters
[0.154s] Level 1:colcon.colcon_core.package_discovery:discover_packages(path) check parameters
[0.154s] Level 1:colcon.colcon_core.package_discovery:discover_packages(colcon_meta) discover
[0.155s] Level 1:colcon.colcon_core.package_discovery:discover_packages(recursive) discover
[0.155s] INFO:colcon.colcon_core.package_discovery:Crawling recursively for packages in '/home/karol/ITB/URO/KRAI/ros2_ws'
[0.155s] Level 1:colcon.colcon_core.package_identification:_identify(.) by extensions ['ignore', 'ignore_ament_install']
[0.155s] Level 1:colcon.colcon_core.package_identification:_identify(.) by extension 'ignore'
[0.155s] Level 1:colcon.colcon_core.package_identification:_identify(.) by extension 'ignore_ament_install'
[0.155s] Level 1:colcon.colcon_core.package_identification:_identify(.) by extensions ['colcon_pkg']
[0.155s] Level 1:colcon.colcon_core.package_identification:_identify(.) by extension 'colcon_pkg'
[0.155s] Level 1:colcon.colcon_core.package_identification:_identify(.) by extensions ['colcon_meta']
[0.155s] Level 1:colcon.colcon_core.package_identification:_identify(.) by extension 'colcon_meta'
[0.155s] Level 1:colcon.colcon_core.package_identification:_identify(.) by extensions ['ros']
[0.155s] Level 1:colcon.colcon_core.package_identification:_identify(.) by extension 'ros'
[0.161s] Level 1:colcon.colcon_core.package_identification:_identify(.) by extensions ['cmake', 'python']
[0.161s] Level 1:colcon.colcon_core.package_identification:_identify(.) by extension 'cmake'
[0.161s] Level 1:colcon.colcon_core.package_identification:_identify(.) by extension 'python'
[0.161s] Level 1:colcon.colcon_core.package_identification:_identify(.) by extensions ['python_setup_py']
[0.161s] Level 1:colcon.colcon_core.package_identification:_identify(.) by extension 'python_setup_py'
[0.161s] Level 1:colcon.colcon_core.package_identification:_identify(build) by extensions ['ignore', 'ignore_ament_install']
[0.161s] Level 1:colcon.colcon_core.package_identification:_identify(build) by extension 'ignore'
[0.161s] Level 1:colcon.colcon_core.package_identification:_identify(build) ignored
[0.161s] Level 1:colcon.colcon_core.package_identification:_identify(install) by extensions ['ignore', 'ignore_ament_install']
[0.161s] Level 1:colcon.colcon_core.package_identification:_identify(install) by extension 'ignore'
[0.161s] Level 1:colcon.colcon_core.package_identification:_identify(install) ignored
[0.161s] Level 1:colcon.colcon_core.package_identification:_identify(log) by extensions ['ignore', 'ignore_ament_install']
[0.161s] Level 1:colcon.colcon_core.package_identification:_identify(log) by extension 'ignore'
[0.161s] Level 1:colcon.colcon_core.package_identification:_identify(log) ignored
[0.161s] Level 1:colcon.colcon_core.package_identification:_identify(src) by extensions ['ignore', 'ignore_ament_install']
[0.161s] Level 1:colcon.colcon_core.package_identification:_identify(src) by extension 'ignore'
[0.161s] Level 1:colcon.colcon_core.package_identification:_identify(src) by extension 'ignore_ament_install'
[0.161s] Level 1:colcon.colcon_core.package_identification:_identify(src) by extensions ['colcon_pkg']
[0.161s] Level 1:colcon.colcon_core.package_identification:_identify(src) by extension 'colcon_pkg'
[0.161s] Level 1:colcon.colcon_core.package_identification:_identify(src) by extensions ['colcon_meta']
[0.161s] Level 1:colcon.colcon_core.package_identification:_identify(src) by extension 'colcon_meta'
[0.161s] Level 1:colcon.colcon_core.package_identification:_identify(src) by extensions ['ros']
[0.161s] Level 1:colcon.colcon_core.package_identification:_identify(src) by extension 'ros'
[0.161s] Level 1:colcon.colcon_core.package_identification:_identify(src) by extensions ['cmake', 'python']
[0.161s] Level 1:colcon.colcon_core.package_identification:_identify(src) by extension 'cmake'
[0.162s] Level 1:colcon.colcon_core.package_identification:_identify(src) by extension 'python'
[0.162s] Level 1:colcon.colcon_core.package_identification:_identify(src) by extensions ['python_setup_py']
[0.162s] Level 1:colcon.colcon_core.package_identification:_identify(src) by extension 'python_setup_py'
[0.162s] Level 1:colcon.colcon_core.package_identification:_identify(src/action_tutorials_interfaces) by extensions ['ignore', 'ignore_ament_install']
[0.162s] Level 1:colcon.colcon_core.package_identification:_identify(src/action_tutorials_interfaces) by extension 'ignore'
[0.162s] Level 1:colcon.colcon_core.package_identification:_identify(src/action_tutorials_interfaces) by extension 'ignore_ament_install'
[0.162s] Level 1:colcon.colcon_core.package_identification:_identify(src/action_tutorials_interfaces) by extensions ['colcon_pkg']
[0.162s] Level 1:colcon.colcon_core.package_identification:_identify(src/action_tutorials_interfaces) by extension 'colcon_pkg'
[0.162s] Level 1:colcon.colcon_core.package_identification:_identify(src/action_tutorials_interfaces) by extensions ['colcon_meta']
[0.162s] Level 1:colcon.colcon_core.package_identification:_identify(src/action_tutorials_interfaces) by extension 'colcon_meta'
[0.162s] Level 1:colcon.colcon_core.package_identification:_identify(src/action_tutorials_interfaces) by extensions ['ros']
[0.162s] Level 1:colcon.colcon_core.package_identification:_identify(src/action_tutorials_interfaces) by extension 'ros'
[0.164s] DEBUG:colcon.colcon_core.package_identification:Package 'src/action_tutorials_interfaces' with type 'ros.ament_cmake' and name 'action_tutorials_interfaces'
[0.164s] Level 1:colcon.colcon_core.package_identification:_identify(src/cpp_parameters) by extensions ['ignore', 'ignore_ament_install']
[0.164s] Level 1:colcon.colcon_core.package_identification:_identify(src/cpp_parameters) by extension 'ignore'
[0.164s] Level 1:colcon.colcon_core.package_identification:_identify(src/cpp_parameters) by extension 'ignore_ament_install'
[0.164s] Level 1:colcon.colcon_core.package_identification:_identify(src/cpp_parameters) by extensions ['colcon_pkg']
[0.164s] Level 1:colcon.colcon_core.package_identification:_identify(src/cpp_parameters) by extension 'colcon_pkg'
[0.164s] Level 1:colcon.colcon_core.package_identification:_identify(src/cpp_parameters) by extensions ['colcon_meta']
[0.164s] Level 1:colcon.colcon_core.package_identification:_identify(src/cpp_parameters) by extension 'colcon_meta'
[0.164s] Level 1:colcon.colcon_core.package_identification:_identify(src/cpp_parameters) by extensions ['ros']
[0.164s] Level 1:colcon.colcon_core.package_identification:_identify(src/cpp_parameters) by extension 'ros'
[0.164s] DEBUG:colcon.colcon_core.package_identification:Package 'src/cpp_parameters' with type 'ros.ament_cmake' and name 'cpp_parameters'
[0.164s] Level 1:colcon.colcon_core.package_identification:_identify(src/learn_simulation) by extensions ['ignore', 'ignore_ament_install']
[0.164s] Level 1:colcon.colcon_core.package_identification:_identify(src/learn_simulation) by extension 'ignore'
[0.164s] Level 1:colcon.colcon_core.package_identification:_identify(src/learn_simulation) by extension 'ignore_ament_install'
[0.164s] Level 1:colcon.colcon_core.package_identification:_identify(src/learn_simulation) by extensions ['colcon_pkg']
[0.164s] Level 1:colcon.colcon_core.package_identification:_identify(src/learn_simulation) by extension 'colcon_pkg'
[0.164s] Level 1:colcon.colcon_core.package_identification:_identify(src/learn_simulation) by extensions ['colcon_meta']
[0.164s] Level 1:colcon.colcon_core.package_identification:_identify(src/learn_simulation) by extension 'colcon_meta'
[0.164s] Level 1:colcon.colcon_core.package_identification:_identify(src/learn_simulation) by extensions ['ros']
[0.164s] Level 1:colcon.colcon_core.package_identification:_identify(src/learn_simulation) by extension 'ros'
[0.164s] Level 1:colcon.colcon_core.package_identification:_identify(src/learn_simulation) by extensions ['cmake', 'python']
[0.164s] Level 1:colcon.colcon_core.package_identification:_identify(src/learn_simulation) by extension 'cmake'
[0.164s] Level 1:colcon.colcon_core.package_identification:_identify(src/learn_simulation) by extension 'python'
[0.165s] Level 1:colcon.colcon_core.package_identification:_identify(src/learn_simulation) by extensions ['python_setup_py']
[0.165s] Level 1:colcon.colcon_core.package_identification:_identify(src/learn_simulation) by extension 'python_setup_py'
[0.165s] Level 1:colcon.colcon_core.package_identification:_identify(src/learn_simulation/cpp_srvcli) by extensions ['ignore', 'ignore_ament_install']
[0.165s] Level 1:colcon.colcon_core.package_identification:_identify(src/learn_simulation/cpp_srvcli) by extension 'ignore'
[0.165s] Level 1:colcon.colcon_core.package_identification:_identify(src/learn_simulation/cpp_srvcli) by extension 'ignore_ament_install'
[0.165s] Level 1:colcon.colcon_core.package_identification:_identify(src/learn_simulation/cpp_srvcli) by extensions ['colcon_pkg']
[0.165s] Level 1:colcon.colcon_core.package_identification:_identify(src/learn_simulation/cpp_srvcli) by extension 'colcon_pkg'
[0.165s] Level 1:colcon.colcon_core.package_identification:_identify(src/learn_simulation/cpp_srvcli) by extensions ['colcon_meta']
[0.165s] Level 1:colcon.colcon_core.package_identification:_identify(src/learn_simulation/cpp_srvcli) by extension 'colcon_meta'
[0.165s] Level 1:colcon.colcon_core.package_identification:_identify(src/learn_simulation/cpp_srvcli) by extensions ['ros']
[0.165s] Level 1:colcon.colcon_core.package_identification:_identify(src/learn_simulation/cpp_srvcli) by extension 'ros'
[0.165s] DEBUG:colcon.colcon_core.package_identification:Package 'src/learn_simulation/cpp_srvcli' with type 'ros.ament_cmake' and name 'cpp_srvcli'
[0.165s] Level 1:colcon.colcon_core.package_identification:_identify(src/learn_simulation/package1) by extensions ['ignore', 'ignore_ament_install']
[0.165s] Level 1:colcon.colcon_core.package_identification:_identify(src/learn_simulation/package1) by extension 'ignore'
[0.165s] Level 1:colcon.colcon_core.package_identification:_identify(src/learn_simulation/package1) by extension 'ignore_ament_install'
[0.165s] Level 1:colcon.colcon_core.package_identification:_identify(src/learn_simulation/package1) by extensions ['colcon_pkg']
[0.165s] Level 1:colcon.colcon_core.package_identification:_identify(src/learn_simulation/package1) by extension 'colcon_pkg'
[0.165s] Level 1:colcon.colcon_core.package_identification:_identify(src/learn_simulation/package1) by extensions ['colcon_meta']
[0.165s] Level 1:colcon.colcon_core.package_identification:_identify(src/learn_simulation/package1) by extension 'colcon_meta'
[0.165s] Level 1:colcon.colcon_core.package_identification:_identify(src/learn_simulation/package1) by extensions ['ros']
[0.165s] Level 1:colcon.colcon_core.package_identification:_identify(src/learn_simulation/package1) by extension 'ros'
[0.166s] DEBUG:colcon.colcon_core.package_identification:Package 'src/learn_simulation/package1' with type 'ros.ament_cmake' and name 'package1'
[0.166s] Level 1:colcon.colcon_core.package_identification:_identify(src/learn_simulation/urdf_tutorial) by extensions ['ignore', 'ignore_ament_install']
[0.166s] Level 1:colcon.colcon_core.package_identification:_identify(src/learn_simulation/urdf_tutorial) by extension 'ignore'
[0.166s] Level 1:colcon.colcon_core.package_identification:_identify(src/learn_simulation/urdf_tutorial) by extension 'ignore_ament_install'
[0.166s] Level 1:colcon.colcon_core.package_identification:_identify(src/learn_simulation/urdf_tutorial) by extensions ['colcon_pkg']
[0.166s] Level 1:colcon.colcon_core.package_identification:_identify(src/learn_simulation/urdf_tutorial) by extension 'colcon_pkg'
[0.166s] Level 1:colcon.colcon_core.package_identification:_identify(src/learn_simulation/urdf_tutorial) by extensions ['colcon_meta']
[0.166s] Level 1:colcon.colcon_core.package_identification:_identify(src/learn_simulation/urdf_tutorial) by extension 'colcon_meta'
[0.166s] Level 1:colcon.colcon_core.package_identification:_identify(src/learn_simulation/urdf_tutorial) by extensions ['ros']
[0.166s] Level 1:colcon.colcon_core.package_identification:_identify(src/learn_simulation/urdf_tutorial) by extension 'ros'
[0.171s] DEBUG:colcon.colcon_core.package_identification:Package 'src/learn_simulation/urdf_tutorial' with type 'ros.ament_cmake' and name 'urdf_tutorial'
[0.171s] Level 1:colcon.colcon_core.package_identification:_identify(src/nebula_simulation) by extensions ['ignore', 'ignore_ament_install']
[0.171s] Level 1:colcon.colcon_core.package_identification:_identify(src/nebula_simulation) by extension 'ignore'
[0.171s] Level 1:colcon.colcon_core.package_identification:_identify(src/nebula_simulation) by extension 'ignore_ament_install'
[0.171s] Level 1:colcon.colcon_core.package_identification:_identify(src/nebula_simulation) by extensions ['colcon_pkg']
[0.171s] Level 1:colcon.colcon_core.package_identification:_identify(src/nebula_simulation) by extension 'colcon_pkg'
[0.171s] Level 1:colcon.colcon_core.package_identification:_identify(src/nebula_simulation) by extensions ['colcon_meta']
[0.171s] Level 1:colcon.colcon_core.package_identification:_identify(src/nebula_simulation) by extension 'colcon_meta'
[0.171s] Level 1:colcon.colcon_core.package_identification:_identify(src/nebula_simulation) by extensions ['ros']
[0.171s] Level 1:colcon.colcon_core.package_identification:_identify(src/nebula_simulation) by extension 'ros'
[0.171s] Level 1:colcon.colcon_core.package_identification:_identify(src/nebula_simulation) by extensions ['cmake', 'python']
[0.171s] Level 1:colcon.colcon_core.package_identification:_identify(src/nebula_simulation) by extension 'cmake'
[0.171s] Level 1:colcon.colcon_core.package_identification:_identify(src/nebula_simulation) by extension 'python'
[0.171s] Level 1:colcon.colcon_core.package_identification:_identify(src/nebula_simulation) by extensions ['python_setup_py']
[0.171s] Level 1:colcon.colcon_core.package_identification:_identify(src/nebula_simulation) by extension 'python_setup_py'
[0.171s] Level 1:colcon.colcon_core.package_identification:_identify(src/simulation_testing) by extensions ['ignore', 'ignore_ament_install']
[0.171s] Level 1:colcon.colcon_core.package_identification:_identify(src/simulation_testing) by extension 'ignore'
[0.171s] Level 1:colcon.colcon_core.package_identification:_identify(src/simulation_testing) by extension 'ignore_ament_install'
[0.171s] Level 1:colcon.colcon_core.package_identification:_identify(src/simulation_testing) by extensions ['colcon_pkg']
[0.171s] Level 1:colcon.colcon_core.package_identification:_identify(src/simulation_testing) by extension 'colcon_pkg'
[0.171s] Level 1:colcon.colcon_core.package_identification:_identify(src/simulation_testing) by extensions ['colcon_meta']
[0.171s] Level 1:colcon.colcon_core.package_identification:_identify(src/simulation_testing) by extension 'colcon_meta'
[0.171s] Level 1:colcon.colcon_core.package_identification:_identify(src/simulation_testing) by extensions ['ros']
[0.171s] Level 1:colcon.colcon_core.package_identification:_identify(src/simulation_testing) by extension 'ros'
[0.171s] Level 1:colcon.colcon_core.package_identification:_identify(src/simulation_testing) by extensions ['cmake', 'python']
[0.171s] Level 1:colcon.colcon_core.package_identification:_identify(src/simulation_testing) by extension 'cmake'
[0.172s] Level 1:colcon.colcon_core.package_identification:_identify(src/simulation_testing) by extension 'python'
[0.172s] Level 1:colcon.colcon_core.package_identification:_identify(src/simulation_testing) by extensions ['python_setup_py']
[0.172s] Level 1:colcon.colcon_core.package_identification:_identify(src/simulation_testing) by extension 'python_setup_py'
[0.172s] Level 1:colcon.colcon_core.package_identification:_identify(src/simulation_testing/lumina_simulation) by extensions ['ignore', 'ignore_ament_install']
[0.172s] Level 1:colcon.colcon_core.package_identification:_identify(src/simulation_testing/lumina_simulation) by extension 'ignore'
[0.172s] Level 1:colcon.colcon_core.package_identification:_identify(src/simulation_testing/lumina_simulation) by extension 'ignore_ament_install'
[0.172s] Level 1:colcon.colcon_core.package_identification:_identify(src/simulation_testing/lumina_simulation) by extensions ['colcon_pkg']
[0.172s] Level 1:colcon.colcon_core.package_identification:_identify(src/simulation_testing/lumina_simulation) by extension 'colcon_pkg'
[0.172s] Level 1:colcon.colcon_core.package_identification:_identify(src/simulation_testing/lumina_simulation) by extensions ['colcon_meta']
[0.172s] Level 1:colcon.colcon_core.package_identification:_identify(src/simulation_testing/lumina_simulation) by extension 'colcon_meta'
[0.172s] Level 1:colcon.colcon_core.package_identification:_identify(src/simulation_testing/lumina_simulation) by extensions ['ros']
[0.172s] Level 1:colcon.colcon_core.package_identification:_identify(src/simulation_testing/lumina_simulation) by extension 'ros'
[0.172s] DEBUG:colcon.colcon_core.package_identification:Package 'src/simulation_testing/lumina_simulation' with type 'ros.ament_cmake' and name 'lumina_simulation'
[0.172s] Level 1:colcon.colcon_core.package_identification:_identify(src/tutorial_interfaces) by extensions ['ignore', 'ignore_ament_install']
[0.172s] Level 1:colcon.colcon_core.package_identification:_identify(src/tutorial_interfaces) by extension 'ignore'
[0.172s] Level 1:colcon.colcon_core.package_identification:_identify(src/tutorial_interfaces) by extension 'ignore_ament_install'
[0.172s] Level 1:colcon.colcon_core.package_identification:_identify(src/tutorial_interfaces) by extensions ['colcon_pkg']
[0.172s] Level 1:colcon.colcon_core.package_identification:_identify(src/tutorial_interfaces) by extension 'colcon_pkg'
[0.172s] Level 1:colcon.colcon_core.package_identification:_identify(src/tutorial_interfaces) by extensions ['colcon_meta']
[0.172s] Level 1:colcon.colcon_core.package_identification:_identify(src/tutorial_interfaces) by extension 'colcon_meta'
[0.172s] Level 1:colcon.colcon_core.package_identification:_identify(src/tutorial_interfaces) by extensions ['ros']
[0.172s] Level 1:colcon.colcon_core.package_identification:_identify(src/tutorial_interfaces) by extension 'ros'
[0.173s] DEBUG:colcon.colcon_core.package_identification:Package 'src/tutorial_interfaces' with type 'ros.ament_cmake' and name 'tutorial_interfaces'
[0.173s] Level 1:colcon.colcon_core.package_discovery:discover_packages(recursive) using defaults
[0.173s] Level 1:colcon.colcon_core.package_discovery:discover_packages(ignore) discover
[0.173s] Level 1:colcon.colcon_core.package_discovery:discover_packages(ignore) using defaults
[0.173s] Level 1:colcon.colcon_core.package_discovery:discover_packages(path) discover
[0.173s] Level 1:colcon.colcon_core.package_discovery:discover_packages(path) using defaults
[0.184s] INFO:colcon.colcon_core.package_selection:Skipping not selected package 'cpp_parameters' in 'src/cpp_parameters'
[0.184s] INFO:colcon.colcon_core.package_selection:Skipping not selected package 'cpp_srvcli' in 'src/learn_simulation/cpp_srvcli'
[0.184s] INFO:colcon.colcon_core.package_selection:Skipping not selected package 'lumina_simulation' in 'src/simulation_testing/lumina_simulation'
[0.184s] INFO:colcon.colcon_core.package_selection:Skipping not selected package 'package1' in 'src/learn_simulation/package1'
[0.184s] INFO:colcon.colcon_core.package_selection:Skipping not selected package 'tutorial_interfaces' in 'src/tutorial_interfaces'
[0.184s] INFO:colcon.colcon_core.package_selection:Skipping not selected package 'urdf_tutorial' in 'src/learn_simulation/urdf_tutorial'
[0.184s] Level 1:colcon.colcon_core.package_discovery:discover_packages(prefix_path) check parameters
[0.184s] Level 1:colcon.colcon_core.package_discovery:discover_packages(prefix_path) discover
[0.185s] DEBUG:colcon.colcon_installed_package_information.package_discovery:Found 7 installed packages in /home/karol/ITB/URO/KRAI/ros2_ws/install
[0.186s] DEBUG:colcon.colcon_installed_package_information.package_discovery:Found 4 installed packages in /home/karol/turtlebot3_ws/install
[0.186s] DEBUG:colcon.colcon_installed_package_information.package_discovery:Found 1 installed packages in /home/karol/ITB/URO/KRAI/ros2_learn/urdf_example/install
[0.186s] DEBUG:colcon.colcon_installed_package_information.package_discovery:Found 10 installed packages in /home/karol/ITB/URO/KRAI/nebula/nebula-ws/install
[0.186s] DEBUG:colcon.colcon_installed_package_information.package_discovery:Found 1 installed packages in /home/karol/ITB/URO/KRAI/ros2_ws/src/tutorial_interfaces/install
[0.187s] DEBUG:colcon.colcon_installed_package_information.package_discovery:Found 340 installed packages in /opt/ros/humble
[0.188s] Level 1:colcon.colcon_core.package_discovery:discover_packages(prefix_path) using defaults
[0.212s] WARNING:colcon.colcon_core.package_selection:Some selected packages are already built in one or more underlay workspaces:
	'action_tutorials_interfaces' is in: /home/karol/ITB/URO/KRAI/ros2_ws/install/action_tutorials_interfaces, /opt/ros/humble
If a package in a merged underlay workspace is overridden and it installs headers, then all packages in the overlay must sort their include directories by workspace order. Failure to do so may result in build failures or undefined behavior at run time.
If the overridden package is used by another package in any underlay, then the overriding package in the overlay must be API and ABI compatible or undefined behavior at run time may occur.

If you understand the risks and want to override a package anyways, add the following to the command line:
	--allow-overriding action_tutorials_interfaces

This may be promoted to an error in a future release of colcon-override-check.
[0.212s] Level 5:colcon.colcon_core.verb:set package 'action_tutorials_interfaces' build argument 'cmake_args' from command line to 'None'
[0.212s] Level 5:colcon.colcon_core.verb:set package 'action_tutorials_interfaces' build argument 'cmake_target' from command line to 'None'
[0.212s] Level 5:colcon.colcon_core.verb:set package 'action_tutorials_interfaces' build argument 'cmake_target_skip_unavailable' from command line to 'False'
[0.212s] Level 5:colcon.colcon_core.verb:set package 'action_tutorials_interfaces' build argument 'cmake_clean_cache' from command line to 'False'
[0.212s] Level 5:colcon.colcon_core.verb:set package 'action_tutorials_interfaces' build argument 'cmake_clean_first' from command line to 'False'
[0.212s] Level 5:colcon.colcon_core.verb:set package 'action_tutorials_interfaces' build argument 'cmake_force_configure' from command line to 'False'
[0.213s] Level 5:colcon.colcon_core.verb:set package 'action_tutorials_interfaces' build argument 'ament_cmake_args' from command line to 'None'
[0.213s] Level 5:colcon.colcon_core.verb:set package 'action_tutorials_interfaces' build argument 'catkin_cmake_args' from command line to 'None'
[0.213s] Level 5:colcon.colcon_core.verb:set package 'action_tutorials_interfaces' build argument 'catkin_skip_building_tests' from command line to 'False'
[0.213s] DEBUG:colcon.colcon_core.verb:Building package 'action_tutorials_interfaces' with the following arguments: {'ament_cmake_args': None, 'build_base': '/home/karol/ITB/URO/KRAI/ros2_ws/build/action_tutorials_interfaces', 'catkin_cmake_args': None, 'catkin_skip_building_tests': False, 'cmake_args': None, 'cmake_clean_cache': False, 'cmake_clean_first': False, 'cmake_force_configure': False, 'cmake_target': None, 'cmake_target_skip_unavailable': False, 'install_base': '/home/karol/ITB/URO/KRAI/ros2_ws/install/action_tutorials_interfaces', 'merge_install': False, 'path': '/home/karol/ITB/URO/KRAI/ros2_ws/src/action_tutorials_interfaces', 'symlink_install': False, 'test_result_base': None}
[0.213s] INFO:colcon.colcon_core.executor:Executing jobs using 'parallel' executor
[0.214s] DEBUG:colcon.colcon_parallel_executor.executor.parallel:run_until_complete
[0.214s] INFO:colcon.colcon_ros.task.ament_cmake.build:Building ROS package in '/home/karol/ITB/URO/KRAI/ros2_ws/src/action_tutorials_interfaces' with build type 'ament_cmake'
[0.214s] INFO:colcon.colcon_cmake.task.cmake.build:Building CMake package in '/home/karol/ITB/URO/KRAI/ros2_ws/src/action_tutorials_interfaces'
[0.215s] INFO:colcon.colcon_core.plugin_system:Skipping extension 'colcon_core.shell.bat': Not used on non-Windows systems
[0.215s] INFO:colcon.colcon_core.shell:Skip shell extension 'powershell' for command environment: Not usable outside of PowerShell
[0.215s] DEBUG:colcon.colcon_core.shell:Skip shell extension 'dsv' for command environment
[0.226s] DEBUG:colcon.colcon_core.event_handler.log_command:Invoking command in '/home/karol/ITB/URO/KRAI/ros2_ws/build/action_tutorials_interfaces': CMAKE_PREFIX_PATH=${CMAKE_PREFIX_PATH}:/opt/ros/humble /usr/bin/cmake --build /home/karol/ITB/URO/KRAI/ros2_ws/build/action_tutorials_interfaces -- -j22 -l22
[0.468s] DEBUG:colcon.colcon_core.event_handler.log_command:Invoked command in '/home/karol/ITB/URO/KRAI/ros2_ws/build/action_tutorials_interfaces' returned '2': CMAKE_PREFIX_PATH=${CMAKE_PREFIX_PATH}:/opt/ros/humble /usr/bin/cmake --build /home/karol/ITB/URO/KRAI/ros2_ws/build/action_tutorials_interfaces -- -j22 -l22
[0.468s] Level 1:colcon.colcon_core.environment:create_environment_scripts_only(action_tutorials_interfaces)
[0.469s] Level 1:colcon.colcon_core.environment:checking '/home/karol/ITB/URO/KRAI/ros2_ws/install/action_tutorials_interfaces' for CMake module files
[0.469s] Level 1:colcon.colcon_core.environment:checking '/home/karol/ITB/URO/KRAI/ros2_ws/install/action_tutorials_interfaces' for CMake config files
[0.470s] Level 1:colcon.colcon_core.shell:create_environment_hook('action_tutorials_interfaces', 'cmake_prefix_path')
[0.470s] INFO:colcon.colcon_core.shell:Creating environment hook '/home/karol/ITB/URO/KRAI/ros2_ws/install/action_tutorials_interfaces/share/action_tutorials_interfaces/hook/cmake_prefix_path.ps1'
[0.470s] INFO:colcon.colcon_core.shell:Creating environment descriptor '/home/karol/ITB/URO/KRAI/ros2_ws/install/action_tutorials_interfaces/share/action_tutorials_interfaces/hook/cmake_prefix_path.dsv'
[0.471s] INFO:colcon.colcon_core.shell:Creating environment hook '/home/karol/ITB/URO/KRAI/ros2_ws/install/action_tutorials_interfaces/share/action_tutorials_interfaces/hook/cmake_prefix_path.sh'
[0.471s] Level 1:colcon.colcon_core.environment:checking '/home/karol/ITB/URO/KRAI/ros2_ws/install/action_tutorials_interfaces/lib'
[0.471s] Level 1:colcon.colcon_core.shell:create_environment_hook('action_tutorials_interfaces', 'ld_library_path_lib')
[0.471s] INFO:colcon.colcon_core.shell:Creating environment hook '/home/karol/ITB/URO/KRAI/ros2_ws/install/action_tutorials_interfaces/share/action_tutorials_interfaces/hook/ld_library_path_lib.ps1'
[0.471s] INFO:colcon.colcon_core.shell:Creating environment descriptor '/home/karol/ITB/URO/KRAI/ros2_ws/install/action_tutorials_interfaces/share/action_tutorials_interfaces/hook/ld_library_path_lib.dsv'
[0.472s] INFO:colcon.colcon_core.shell:Creating environment hook '/home/karol/ITB/URO/KRAI/ros2_ws/install/action_tutorials_interfaces/share/action_tutorials_interfaces/hook/ld_library_path_lib.sh'
[0.472s] Level 1:colcon.colcon_core.environment:checking '/home/karol/ITB/URO/KRAI/ros2_ws/install/action_tutorials_interfaces/bin'
[0.472s] Level 1:colcon.colcon_core.environment:checking '/home/karol/ITB/URO/KRAI/ros2_ws/install/action_tutorials_interfaces/lib/pkgconfig/action_tutorials_interfaces.pc'
[0.472s] Level 1:colcon.colcon_core.environment:checking '/home/karol/ITB/URO/KRAI/ros2_ws/install/action_tutorials_interfaces/lib/python3.10/site-packages'
[0.472s] Level 1:colcon.colcon_core.environment:checking '/home/karol/ITB/URO/KRAI/ros2_ws/install/action_tutorials_interfaces/bin'
[0.472s] INFO:colcon.colcon_core.shell:Creating package script '/home/karol/ITB/URO/KRAI/ros2_ws/install/action_tutorials_interfaces/share/action_tutorials_interfaces/package.ps1'
[0.473s] INFO:colcon.colcon_core.shell:Creating package descriptor '/home/karol/ITB/URO/KRAI/ros2_ws/install/action_tutorials_interfaces/share/action_tutorials_interfaces/package.dsv'
[0.473s] INFO:colcon.colcon_core.shell:Creating package script '/home/karol/ITB/URO/KRAI/ros2_ws/install/action_tutorials_interfaces/share/action_tutorials_interfaces/package.sh'
[0.473s] INFO:colcon.colcon_core.shell:Creating package script '/home/karol/ITB/URO/KRAI/ros2_ws/install/action_tutorials_interfaces/share/action_tutorials_interfaces/package.bash'
[0.474s] INFO:colcon.colcon_core.shell:Creating package script '/home/karol/ITB/URO/KRAI/ros2_ws/install/action_tutorials_interfaces/share/action_tutorials_interfaces/package.zsh'
[0.474s] Level 1:colcon.colcon_core.environment:create_file_with_runtime_dependencies(/home/karol/ITB/URO/KRAI/ros2_ws/install/action_tutorials_interfaces/share/colcon-core/packages/action_tutorials_interfaces)
[0.484s] DEBUG:colcon.colcon_parallel_executor.executor.parallel:closing loop
[0.484s] DEBUG:colcon.colcon_parallel_executor.executor.parallel:loop closed
[0.485s] DEBUG:colcon.colcon_parallel_executor.executor.parallel:run_until_complete finished with '2'
[0.485s] DEBUG:colcon.colcon_core.event_reactor:joining thread
[0.490s] INFO:colcon.colcon_core.plugin_system:Skipping extension 'colcon_notification.desktop_notification.terminal_notifier': Not used on non-Darwin systems
[0.490s] INFO:colcon.colcon_core.plugin_system:Skipping extension 'colcon_notification.desktop_notification.win32': Not used on non-Windows systems
[0.490s] INFO:colcon.colcon_notification.desktop_notification:Sending desktop notification using 'notify2'
[0.499s] DEBUG:colcon.colcon_core.event_reactor:joined thread
[0.500s] INFO:colcon.colcon_core.shell:Creating prefix script '/home/karol/ITB/URO/KRAI/ros2_ws/install/local_setup.ps1'
[0.500s] INFO:colcon.colcon_core.shell:Creating prefix util module '/home/karol/ITB/URO/KRAI/ros2_ws/install/_local_setup_util_ps1.py'
[0.501s] INFO:colcon.colcon_core.shell:Creating prefix chain script '/home/karol/ITB/URO/KRAI/ros2_ws/install/setup.ps1'
[0.502s] INFO:colcon.colcon_core.shell:Creating prefix script '/home/karol/ITB/URO/KRAI/ros2_ws/install/local_setup.sh'
[0.503s] INFO:colcon.colcon_core.shell:Creating prefix util module '/home/karol/ITB/URO/KRAI/ros2_ws/install/_local_setup_util_sh.py'
[0.503s] INFO:colcon.colcon_core.shell:Creating prefix chain script '/home/karol/ITB/URO/KRAI/ros2_ws/install/setup.sh'
[0.504s] INFO:colcon.colcon_core.shell:Creating prefix script '/home/karol/ITB/URO/KRAI/ros2_ws/install/local_setup.bash'
[0.505s] INFO:colcon.colcon_core.shell:Creating prefix chain script '/home/karol/ITB/URO/KRAI/ros2_ws/install/setup.bash'
[0.506s] INFO:colcon.colcon_core.shell:Creating prefix script '/home/karol/ITB/URO/KRAI/ros2_ws/install/local_setup.zsh'
[0.506s] INFO:colcon.colcon_core.shell:Creating prefix chain script '/home/karol/ITB/URO/KRAI/ros2_ws/install/setup.zsh'
