[0.375s] Invoking command in '/home/karol/ITB/URO/KRAI/ros2_ws/build/lumina_simulation': CMAKE_PREFIX_PATH=${CMAKE_PREFIX_PATH}:/home/karol/ITB/URO/KRAI/ros2_ws/install/urdf_tutorial_r2d2:/home/karol/ITB/URO/KRAI/ros2_ws/install/learning_tf2_py:/home/karol/ITB/URO/KRAI/ros2_ws/install/launch_tutorial:/opt/ros/humble /usr/bin/cmake /home/karol/ITB/URO/KRAI/ros2_ws/src/simulation_testing/lumina_simulation -DAMENT_CMAKE_SYMLINK_INSTALL=1 -DCMAKE_INSTALL_PREFIX=/home/karol/ITB/URO/KRAI/ros2_ws/install/lumina_simulation
[0.423s] -- The C compiler identification is GNU 11.4.0
[0.476s] -- The CXX compiler identification is GNU 11.4.0
[0.484s] -- Detecting C compiler ABI info
[0.558s] -- Detecting C compiler ABI info - done
[0.565s] -- Check for working C compiler: /usr/bin/cc - skipped
[0.565s] -- Detecting C compile features
[0.566s] -- Detecting C compile features - done
[0.568s] -- Detecting CXX compiler ABI info
[0.652s] -- Detecting CXX compiler ABI info - done
[0.658s] -- Check for working CXX compiler: /usr/bin/c++ - skipped
[0.658s] -- Detecting CXX compile features
[0.658s] -- Detecting CXX compile features - done
[0.660s] -- Found ament_cmake: 1.3.11 (/opt/ros/humble/share/ament_cmake/cmake)
[0.795s] -- Found Python3: /usr/bin/python3 (found version "3.10.12") found components: Interpreter 
[0.843s] -- Override CMake install command with custom implementation using symlinks instead of copying resources
[0.890s] -- Found ament_lint_auto: 0.12.11 (/opt/ros/humble/share/ament_lint_auto/cmake)
[0.983s] -- Added test 'flake8' to check Python code syntax and style conventions
[0.984s] -- Added test 'lint_cmake' to check CMake code style
[0.985s] -- Added test 'pep257' to check Python code against some of the docstring style conventions in PEP 257
[0.988s] -- Added test 'xmllint' to check XML markup files
[0.990s] -- Configuring done
[0.994s] -- Generating done
[0.997s] -- Build files have been written to: /home/karol/ITB/URO/KRAI/ros2_ws/build/lumina_simulation
[1.008s] Invoked command in '/home/karol/ITB/URO/KRAI/ros2_ws/build/lumina_simulation' returned '0': CMAKE_PREFIX_PATH=${CMAKE_PREFIX_PATH}:/home/karol/ITB/URO/KRAI/ros2_ws/install/urdf_tutorial_r2d2:/home/karol/ITB/URO/KRAI/ros2_ws/install/learning_tf2_py:/home/karol/ITB/URO/KRAI/ros2_ws/install/launch_tutorial:/opt/ros/humble /usr/bin/cmake /home/karol/ITB/URO/KRAI/ros2_ws/src/simulation_testing/lumina_simulation -DAMENT_CMAKE_SYMLINK_INSTALL=1 -DCMAKE_INSTALL_PREFIX=/home/karol/ITB/URO/KRAI/ros2_ws/install/lumina_simulation
[1.012s] Invoking command in '/home/karol/ITB/URO/KRAI/ros2_ws/build/lumina_simulation': CMAKE_PREFIX_PATH=${CMAKE_PREFIX_PATH}:/home/karol/ITB/URO/KRAI/ros2_ws/install/urdf_tutorial_r2d2:/home/karol/ITB/URO/KRAI/ros2_ws/install/learning_tf2_py:/home/karol/ITB/URO/KRAI/ros2_ws/install/launch_tutorial:/opt/ros/humble /usr/bin/cmake --build /home/karol/ITB/URO/KRAI/ros2_ws/build/lumina_simulation -- -j22 -l22
[1.058s] Invoked command in '/home/karol/ITB/URO/KRAI/ros2_ws/build/lumina_simulation' returned '0': CMAKE_PREFIX_PATH=${CMAKE_PREFIX_PATH}:/home/karol/ITB/URO/KRAI/ros2_ws/install/urdf_tutorial_r2d2:/home/karol/ITB/URO/KRAI/ros2_ws/install/learning_tf2_py:/home/karol/ITB/URO/KRAI/ros2_ws/install/launch_tutorial:/opt/ros/humble /usr/bin/cmake --build /home/karol/ITB/URO/KRAI/ros2_ws/build/lumina_simulation -- -j22 -l22
[1.072s] Invoking command in '/home/karol/ITB/URO/KRAI/ros2_ws/build/lumina_simulation': CMAKE_PREFIX_PATH=${CMAKE_PREFIX_PATH}:/home/karol/ITB/URO/KRAI/ros2_ws/install/urdf_tutorial_r2d2:/home/karol/ITB/URO/KRAI/ros2_ws/install/learning_tf2_py:/home/karol/ITB/URO/KRAI/ros2_ws/install/launch_tutorial:/opt/ros/humble /usr/bin/cmake --install /home/karol/ITB/URO/KRAI/ros2_ws/build/lumina_simulation
[1.079s] -- Install configuration: ""
[1.079s] -- Execute custom install script
[1.079s] -- Symlinking: /home/karol/ITB/URO/KRAI/ros2_ws/install/lumina_simulation/share/lumina_simulation/launch/lumina_world.launch.py
[1.088s] -- Symlinking: /home/karol/ITB/URO/KRAI/ros2_ws/install/lumina_simulation/share/lumina_simulation/models/arena_floor/model.config
[1.098s] -- Symlinking: /home/karol/ITB/URO/KRAI/ros2_ws/install/lumina_simulation/share/lumina_simulation/models/arena_floor/model.sdf
[1.107s] -- Symlinking: /home/karol/ITB/URO/KRAI/ros2_ws/install/lumina_simulation/share/lumina_simulation/models/arena_wall/model.config
[1.116s] -- Symlinking: /home/karol/ITB/URO/KRAI/ros2_ws/install/lumina_simulation/share/lumina_simulation/models/arena_wall/model.sdf
[1.125s] -- Symlinking: /home/karol/ITB/URO/KRAI/ros2_ws/install/lumina_simulation/share/lumina_simulation/models/red_ball/model.config
[1.134s] -- Symlinking: /home/karol/ITB/URO/KRAI/ros2_ws/install/lumina_simulation/share/lumina_simulation/models/red_ball/model.sdf
[1.144s] -- Symlinking: /home/karol/ITB/URO/KRAI/ros2_ws/install/lumina_simulation/share/lumina_simulation/models/turtlebot3_waffle/model-1_4.sdf
[1.152s] -- Symlinking: /home/karol/ITB/URO/KRAI/ros2_ws/install/lumina_simulation/share/lumina_simulation/models/turtlebot3_waffle/model.config
[1.162s] -- Symlinking: /home/karol/ITB/URO/KRAI/ros2_ws/install/lumina_simulation/share/lumina_simulation/models/turtlebot3_waffle/model.sdf
[1.171s] -- Symlinking: /home/karol/ITB/URO/KRAI/ros2_ws/install/lumina_simulation/share/lumina_simulation/urdf/common_properties.urdf
[1.183s] -- Symlinking: /home/karol/ITB/URO/KRAI/ros2_ws/install/lumina_simulation/share/lumina_simulation/urdf/turtlebot3_waffle.urdf
[1.195s] -- Symlinking: /home/karol/ITB/URO/KRAI/ros2_ws/install/lumina_simulation/share/lumina_simulation/worlds/krai_arena_2025.world
[1.206s] -- Symlinking: /home/karol/ITB/URO/KRAI/ros2_ws/install/lumina_simulation/share/ament_index/resource_index/package_run_dependencies/lumina_simulation
[1.218s] -- Symlinking: /home/karol/ITB/URO/KRAI/ros2_ws/install/lumina_simulation/share/ament_index/resource_index/parent_prefix_path/lumina_simulation
[1.227s] -- Symlinking: /home/karol/ITB/URO/KRAI/ros2_ws/install/lumina_simulation/share/lumina_simulation/environment/ament_prefix_path.sh
[1.238s] -- Symlinking: /home/karol/ITB/URO/KRAI/ros2_ws/install/lumina_simulation/share/lumina_simulation/environment/ament_prefix_path.dsv
[1.246s] -- Symlinking: /home/karol/ITB/URO/KRAI/ros2_ws/install/lumina_simulation/share/lumina_simulation/environment/path.sh
[1.254s] -- Symlinking: /home/karol/ITB/URO/KRAI/ros2_ws/install/lumina_simulation/share/lumina_simulation/environment/path.dsv
[1.261s] -- Symlinking: /home/karol/ITB/URO/KRAI/ros2_ws/install/lumina_simulation/share/lumina_simulation/local_setup.bash
[1.270s] -- Symlinking: /home/karol/ITB/URO/KRAI/ros2_ws/install/lumina_simulation/share/lumina_simulation/local_setup.sh
[1.282s] -- Symlinking: /home/karol/ITB/URO/KRAI/ros2_ws/install/lumina_simulation/share/lumina_simulation/local_setup.zsh
[1.294s] -- Symlinking: /home/karol/ITB/URO/KRAI/ros2_ws/install/lumina_simulation/share/lumina_simulation/local_setup.dsv
[1.304s] -- Symlinking: /home/karol/ITB/URO/KRAI/ros2_ws/install/lumina_simulation/share/lumina_simulation/package.dsv
[1.312s] -- Symlinking: /home/karol/ITB/URO/KRAI/ros2_ws/install/lumina_simulation/share/ament_index/resource_index/packages/lumina_simulation
[1.321s] -- Symlinking: /home/karol/ITB/URO/KRAI/ros2_ws/install/lumina_simulation/share/lumina_simulation/cmake/lumina_simulationConfig.cmake
[1.330s] -- Symlinking: /home/karol/ITB/URO/KRAI/ros2_ws/install/lumina_simulation/share/lumina_simulation/cmake/lumina_simulationConfig-version.cmake
[1.338s] -- Symlinking: /home/karol/ITB/URO/KRAI/ros2_ws/install/lumina_simulation/share/lumina_simulation/package.xml
[1.349s] Invoked command in '/home/karol/ITB/URO/KRAI/ros2_ws/build/lumina_simulation' returned '0': CMAKE_PREFIX_PATH=${CMAKE_PREFIX_PATH}:/home/karol/ITB/URO/KRAI/ros2_ws/install/urdf_tutorial_r2d2:/home/karol/ITB/URO/KRAI/ros2_ws/install/learning_tf2_py:/home/karol/ITB/URO/KRAI/ros2_ws/install/launch_tutorial:/opt/ros/humble /usr/bin/cmake --install /home/karol/ITB/URO/KRAI/ros2_ws/build/lumina_simulation
