[0.373s] Invoking command in '/home/karol/ITB/URO/KRAI/ros2_ws/build/urdf_tutorial': CMAKE_PREFIX_PATH=${CMAKE_PREFIX_PATH}:/home/karol/ITB/URO/KRAI/ros2_ws/install/urdf_tutorial_r2d2:/home/karol/ITB/URO/KRAI/ros2_ws/install/learning_tf2_py:/home/karol/ITB/URO/KRAI/ros2_ws/install/launch_tutorial:/opt/ros/humble /usr/bin/cmake /home/karol/ITB/URO/KRAI/ros2_ws/src/urdf_tutorial -DAMENT_CMAKE_SYMLINK_INSTALL=1 -DCMAKE_INSTALL_PREFIX=/home/karol/ITB/URO/KRAI/ros2_ws/install/urdf_tutorial
[0.423s] -- The C compiler identification is GNU 11.4.0
[0.481s] -- The CXX compiler identification is GNU 11.4.0
[0.489s] -- Detecting C compiler ABI info
[0.554s] -- Detecting C compiler ABI info - done
[0.562s] -- Check for working C compiler: /usr/bin/cc - skipped
[0.563s] -- Detecting C compile features
[0.563s] -- Detecting C compile features - done
[0.566s] -- Detecting CXX compiler ABI info
[0.644s] -- Detecting CXX compiler ABI info - done
[0.652s] -- Check for working CXX compiler: /usr/bin/c++ - skipped
[0.652s] -- Detecting CXX compile features
[0.653s] -- Detecting CXX compile features - done
[0.656s] -- Found ament_cmake: 1.3.11 (/opt/ros/humble/share/ament_cmake/cmake)
[0.817s] -- Found Python3: /usr/bin/python3 (found version "3.10.12") found components: Interpreter 
[0.870s] -- Override CMake install command with custom implementation using symlinks instead of copying resources
[0.911s] -- Found ament_lint_auto: 0.12.11 (/opt/ros/humble/share/ament_lint_auto/cmake)
[0.997s] -- Configuring done
[1.009s] -- Generating done
[1.009s] -- Build files have been written to: /home/karol/ITB/URO/KRAI/ros2_ws/build/urdf_tutorial
[1.018s] Invoked command in '/home/karol/ITB/URO/KRAI/ros2_ws/build/urdf_tutorial' returned '0': CMAKE_PREFIX_PATH=${CMAKE_PREFIX_PATH}:/home/karol/ITB/URO/KRAI/ros2_ws/install/urdf_tutorial_r2d2:/home/karol/ITB/URO/KRAI/ros2_ws/install/learning_tf2_py:/home/karol/ITB/URO/KRAI/ros2_ws/install/launch_tutorial:/opt/ros/humble /usr/bin/cmake /home/karol/ITB/URO/KRAI/ros2_ws/src/urdf_tutorial -DAMENT_CMAKE_SYMLINK_INSTALL=1 -DCMAKE_INSTALL_PREFIX=/home/karol/ITB/URO/KRAI/ros2_ws/install/urdf_tutorial
[1.020s] Invoking command in '/home/karol/ITB/URO/KRAI/ros2_ws/build/urdf_tutorial': CMAKE_PREFIX_PATH=${CMAKE_PREFIX_PATH}:/home/karol/ITB/URO/KRAI/ros2_ws/install/urdf_tutorial_r2d2:/home/karol/ITB/URO/KRAI/ros2_ws/install/learning_tf2_py:/home/karol/ITB/URO/KRAI/ros2_ws/install/launch_tutorial:/opt/ros/humble /usr/bin/cmake --build /home/karol/ITB/URO/KRAI/ros2_ws/build/urdf_tutorial -- -j22 -l22
[1.072s] Invoked command in '/home/karol/ITB/URO/KRAI/ros2_ws/build/urdf_tutorial' returned '0': CMAKE_PREFIX_PATH=${CMAKE_PREFIX_PATH}:/home/karol/ITB/URO/KRAI/ros2_ws/install/urdf_tutorial_r2d2:/home/karol/ITB/URO/KRAI/ros2_ws/install/learning_tf2_py:/home/karol/ITB/URO/KRAI/ros2_ws/install/launch_tutorial:/opt/ros/humble /usr/bin/cmake --build /home/karol/ITB/URO/KRAI/ros2_ws/build/urdf_tutorial -- -j22 -l22
[1.073s] Invoking command in '/home/karol/ITB/URO/KRAI/ros2_ws/build/urdf_tutorial': CMAKE_PREFIX_PATH=${CMAKE_PREFIX_PATH}:/home/karol/ITB/URO/KRAI/ros2_ws/install/urdf_tutorial_r2d2:/home/karol/ITB/URO/KRAI/ros2_ws/install/learning_tf2_py:/home/karol/ITB/URO/KRAI/ros2_ws/install/launch_tutorial:/opt/ros/humble /usr/bin/cmake --install /home/karol/ITB/URO/KRAI/ros2_ws/build/urdf_tutorial
[1.083s] -- Install configuration: ""
[1.084s] -- Execute custom install script
[1.084s] -- Symlinking: /home/karol/ITB/URO/KRAI/ros2_ws/install/urdf_tutorial/share/urdf_tutorial/images/flexible.png
[1.092s] -- Symlinking: /home/karol/ITB/URO/KRAI/ros2_ws/install/urdf_tutorial/share/urdf_tutorial/images/materials.png
[1.101s] -- Symlinking: /home/karol/ITB/URO/KRAI/ros2_ws/install/urdf_tutorial/share/urdf_tutorial/images/multipleshapes.png
[1.110s] -- Symlinking: /home/karol/ITB/URO/KRAI/ros2_ws/install/urdf_tutorial/share/urdf_tutorial/images/myfirst.png
[1.119s] -- Symlinking: /home/karol/ITB/URO/KRAI/ros2_ws/install/urdf_tutorial/share/urdf_tutorial/images/origins.png
[1.128s] -- Symlinking: /home/karol/ITB/URO/KRAI/ros2_ws/install/urdf_tutorial/share/urdf_tutorial/images/visual.png
[1.136s] -- Symlinking: /home/karol/ITB/URO/KRAI/ros2_ws/install/urdf_tutorial/share/urdf_tutorial/launch/display.launch.py
[1.146s] -- Symlinking: /home/karol/ITB/URO/KRAI/ros2_ws/install/urdf_tutorial/share/urdf_tutorial/meshes/l_finger.dae
[1.154s] -- Symlinking: /home/karol/ITB/URO/KRAI/ros2_ws/install/urdf_tutorial/share/urdf_tutorial/meshes/l_finger_color.png
[1.161s] -- Symlinking: /home/karol/ITB/URO/KRAI/ros2_ws/install/urdf_tutorial/share/urdf_tutorial/meshes/l_finger_tip.dae
[1.172s] -- Symlinking: /home/karol/ITB/URO/KRAI/ros2_ws/install/urdf_tutorial/share/urdf_tutorial/meshes/l_finger_tip_color.png
[1.180s] -- Symlinking: /home/karol/ITB/URO/KRAI/ros2_ws/install/urdf_tutorial/share/urdf_tutorial/rviz/urdf.rviz
[1.189s] -- Symlinking: /home/karol/ITB/URO/KRAI/ros2_ws/install/urdf_tutorial/share/urdf_tutorial/urdf/01-myfirst.urdf
[1.201s] -- Symlinking: /home/karol/ITB/URO/KRAI/ros2_ws/install/urdf_tutorial/share/urdf_tutorial/urdf/02-multipleshapes.urdf
[1.212s] -- Symlinking: /home/karol/ITB/URO/KRAI/ros2_ws/install/urdf_tutorial/share/urdf_tutorial/urdf/03-origins.urdf
[1.223s] -- Symlinking: /home/karol/ITB/URO/KRAI/ros2_ws/install/urdf_tutorial/share/urdf_tutorial/urdf/04-materials.urdf
[1.232s] -- Symlinking: /home/karol/ITB/URO/KRAI/ros2_ws/install/urdf_tutorial/share/urdf_tutorial/urdf/05-visual.urdf
[1.240s] -- Symlinking: /home/karol/ITB/URO/KRAI/ros2_ws/install/urdf_tutorial/share/urdf_tutorial/urdf/06-flexible.urdf
[1.248s] -- Symlinking: /home/karol/ITB/URO/KRAI/ros2_ws/install/urdf_tutorial/share/urdf_tutorial/urdf/07-physics.urdf
[1.256s] -- Symlinking: /home/karol/ITB/URO/KRAI/ros2_ws/install/urdf_tutorial/share/urdf_tutorial/urdf/08-macroed.urdf.xacro
[1.265s] -- Symlinking: /home/karol/ITB/URO/KRAI/ros2_ws/install/urdf_tutorial/share/ament_index/resource_index/package_run_dependencies/urdf_tutorial
[1.273s] -- Symlinking: /home/karol/ITB/URO/KRAI/ros2_ws/install/urdf_tutorial/share/ament_index/resource_index/parent_prefix_path/urdf_tutorial
[1.283s] -- Symlinking: /home/karol/ITB/URO/KRAI/ros2_ws/install/urdf_tutorial/share/urdf_tutorial/environment/ament_prefix_path.sh
[1.291s] -- Symlinking: /home/karol/ITB/URO/KRAI/ros2_ws/install/urdf_tutorial/share/urdf_tutorial/environment/ament_prefix_path.dsv
[1.298s] -- Symlinking: /home/karol/ITB/URO/KRAI/ros2_ws/install/urdf_tutorial/share/urdf_tutorial/environment/path.sh
[1.305s] -- Symlinking: /home/karol/ITB/URO/KRAI/ros2_ws/install/urdf_tutorial/share/urdf_tutorial/environment/path.dsv
[1.315s] -- Symlinking: /home/karol/ITB/URO/KRAI/ros2_ws/install/urdf_tutorial/share/urdf_tutorial/local_setup.bash
[1.324s] -- Symlinking: /home/karol/ITB/URO/KRAI/ros2_ws/install/urdf_tutorial/share/urdf_tutorial/local_setup.sh
[1.332s] -- Symlinking: /home/karol/ITB/URO/KRAI/ros2_ws/install/urdf_tutorial/share/urdf_tutorial/local_setup.zsh
[1.341s] -- Symlinking: /home/karol/ITB/URO/KRAI/ros2_ws/install/urdf_tutorial/share/urdf_tutorial/local_setup.dsv
[1.350s] -- Symlinking: /home/karol/ITB/URO/KRAI/ros2_ws/install/urdf_tutorial/share/urdf_tutorial/package.dsv
[1.362s] -- Symlinking: /home/karol/ITB/URO/KRAI/ros2_ws/install/urdf_tutorial/share/ament_index/resource_index/packages/urdf_tutorial
[1.370s] -- Symlinking: /home/karol/ITB/URO/KRAI/ros2_ws/install/urdf_tutorial/share/urdf_tutorial/cmake/urdf_tutorialConfig.cmake
[1.379s] -- Symlinking: /home/karol/ITB/URO/KRAI/ros2_ws/install/urdf_tutorial/share/urdf_tutorial/cmake/urdf_tutorialConfig-version.cmake
[1.388s] -- Symlinking: /home/karol/ITB/URO/KRAI/ros2_ws/install/urdf_tutorial/share/urdf_tutorial/package.xml
[1.404s] Invoked command in '/home/karol/ITB/URO/KRAI/ros2_ws/build/urdf_tutorial' returned '0': CMAKE_PREFIX_PATH=${CMAKE_PREFIX_PATH}:/home/karol/ITB/URO/KRAI/ros2_ws/install/urdf_tutorial_r2d2:/home/karol/ITB/URO/KRAI/ros2_ws/install/learning_tf2_py:/home/karol/ITB/URO/KRAI/ros2_ws/install/launch_tutorial:/opt/ros/humble /usr/bin/cmake --install /home/karol/ITB/URO/KRAI/ros2_ws/build/urdf_tutorial
