running develop
Removing /home/karol/ITB/URO/KRAI/ros2_ws/install/launch_tutorial/lib/python3.10/site-packages/launch-tutorial.egg-link (link to .)
running egg_info
writing ../../../build/launch_tutorial/launch_tutorial.egg-info/PKG-INFO
writing dependency_links to ../../../build/launch_tutorial/launch_tutorial.egg-info/dependency_links.txt
writing entry points to ../../../build/launch_tutorial/launch_tutorial.egg-info/entry_points.txt
writing requirements to ../../../build/launch_tutorial/launch_tutorial.egg-info/requires.txt
writing top-level names to ../../../build/launch_tutorial/launch_tutorial.egg-info/top_level.txt
reading manifest file '../../../build/launch_tutorial/launch_tutorial.egg-info/SOURCES.txt'
adding license file 'LICENSE'
writing manifest file '../../../build/launch_tutorial/launch_tutorial.egg-info/SOURCES.txt'
running build
running build_py
creating /home/karol/ITB/URO/KRAI/ros2_ws/build/launch_tutorial/build
creating /home/karol/ITB/URO/KRAI/ros2_ws/build/launch_tutorial/build/lib
creating /home/karol/ITB/URO/KRAI/ros2_ws/build/launch_tutorial/build/lib/launch_tutorial
copying launch_tutorial/__init__.py -> /home/karol/ITB/URO/KRAI/ros2_ws/build/launch_tutorial/build/lib/launch_tutorial
running install
running install_lib
creating /home/karol/ITB/URO/KRAI/ros2_ws/install/launch_tutorial/lib/python3.10/site-packages/launch_tutorial
copying /home/karol/ITB/URO/KRAI/ros2_ws/build/launch_tutorial/build/lib/launch_tutorial/__init__.py -> /home/karol/ITB/URO/KRAI/ros2_ws/install/launch_tutorial/lib/python3.10/site-packages/launch_tutorial
byte-compiling /home/karol/ITB/URO/KRAI/ros2_ws/install/launch_tutorial/lib/python3.10/site-packages/launch_tutorial/__init__.py to __init__.cpython-310.pyc
running install_data
copying resource/launch_tutorial -> /home/karol/ITB/URO/KRAI/ros2_ws/install/launch_tutorial/share/ament_index/resource_index/packages
copying package.xml -> /home/karol/ITB/URO/KRAI/ros2_ws/install/launch_tutorial/share/launch_tutorial
copying launch/example_event_handlers.launch.py -> /home/karol/ITB/URO/KRAI/ros2_ws/install/launch_tutorial/share/launch_tutorial/launch
running install_egg_info
Copying ../../../build/launch_tutorial/launch_tutorial.egg-info to /home/karol/ITB/URO/KRAI/ros2_ws/install/launch_tutorial/lib/python3.10/site-packages/launch_tutorial-0.0.0-py3.10.egg-info
running install_scripts
writing list of installed files to '/home/karol/ITB/URO/KRAI/ros2_ws/build/launch_tutorial/install.log'
