[0.031s] Invoking command in '/home/karol/ITB/URO/KRAI/ros2_ws/build/cpp_parameters': CMAKE_PREFIX_PATH=${CMAKE_PREFIX_PATH}:/home/karol/ITB/URO/KRAI/ros2_ws/install/urdf_tutorial_r2d2:/home/karol/ITB/URO/KRAI/ros2_ws/install/learning_tf2_py:/home/karol/ITB/URO/KRAI/ros2_ws/install/launch_tutorial:/opt/ros/humble /usr/bin/cmake /home/karol/ITB/URO/KRAI/ros2_ws/src/cpp_parameters -DAMENT_CMAKE_SYMLINK_INSTALL=1 -DCMAKE_INSTALL_PREFIX=/home/karol/ITB/URO/KRAI/ros2_ws/install/cpp_parameters
[0.392s] -- The C compiler identification is GNU 11.4.0
[0.392s] -- The CXX compiler identification is GNU 11.4.0
[0.392s] -- Detecting C compiler ABI info
[0.392s] -- Detecting C compiler ABI info - done
[0.392s] -- Check for working C compiler: /usr/bin/cc - skipped
[0.392s] -- Detecting C compile features
[0.392s] -- Detecting C compile features - done
[0.392s] -- Detecting CXX compiler ABI info
[0.392s] -- Detecting CXX compiler ABI info - done
[0.393s] -- Check for working CXX compiler: /usr/bin/c++ - skipped
[0.393s] -- Detecting CXX compile features
[0.393s] -- Detecting CXX compile features - done
[0.393s] -- Found ament_cmake: 1.3.11 (/opt/ros/humble/share/ament_cmake/cmake)
[0.430s] -- Found Python3: /usr/bin/python3 (found version "3.10.12") found components: Interpreter 
[0.490s] -- Override CMake install command with custom implementation using symlinks instead of copying resources
[0.522s] -- Found rclcpp: 16.0.11 (/opt/ros/humble/share/rclcpp/cmake)
[0.564s] -- Found rosidl_generator_c: 3.1.6 (/opt/ros/humble/share/rosidl_generator_c/cmake)
[0.569s] -- Found rosidl_adapter: 3.1.6 (/opt/ros/humble/share/rosidl_adapter/cmake)
[0.577s] -- Found rosidl_generator_cpp: 3.1.6 (/opt/ros/humble/share/rosidl_generator_cpp/cmake)
[0.588s] -- Using all available rosidl_typesupport_c: rosidl_typesupport_fastrtps_c;rosidl_typesupport_introspection_c
[0.603s] -- Using all available rosidl_typesupport_cpp: rosidl_typesupport_fastrtps_cpp;rosidl_typesupport_introspection_cpp
[0.647s] -- Found rmw_implementation_cmake: 6.1.2 (/opt/ros/humble/share/rmw_implementation_cmake/cmake)
[0.650s] -- Found rmw_cyclonedds_cpp: 1.3.4 (/opt/ros/humble/share/rmw_cyclonedds_cpp/cmake)
[0.672s] -- Using RMW implementation 'rmw_cyclonedds_cpp' as default
[0.680s] -- Looking for pthread.h
[0.747s] -- Looking for pthread.h - found
[0.747s] -- Performing Test CMAKE_HAVE_LIBC_PTHREAD
[0.831s] -- Performing Test CMAKE_HAVE_LIBC_PTHREAD - Success
[0.834s] -- Found Threads: TRUE  
[0.884s] -- Found ament_lint_auto: 0.12.11 (/opt/ros/humble/share/ament_lint_auto/cmake)
[0.957s] -- Added test 'cppcheck' to perform static code analysis on C / C++ code
[0.957s] -- Configured cppcheck include dirs: 
[0.957s] -- Configured cppcheck exclude dirs and/or files: 
[0.958s] -- Added test 'flake8' to check Python code syntax and style conventions
[0.959s] -- Added test 'lint_cmake' to check CMake code style
[0.960s] -- Added test 'pep257' to check Python code against some of the docstring style conventions in PEP 257
[0.961s] -- Added test 'uncrustify' to check C / C++ code style
[0.961s] -- Configured uncrustify additional arguments: 
[0.961s] -- Added test 'xmllint' to check XML markup files
[0.963s] -- Configuring done
[0.970s] -- Generating done
[0.974s] -- Build files have been written to: /home/karol/ITB/URO/KRAI/ros2_ws/build/cpp_parameters
[0.984s] Invoked command in '/home/karol/ITB/URO/KRAI/ros2_ws/build/cpp_parameters' returned '0': CMAKE_PREFIX_PATH=${CMAKE_PREFIX_PATH}:/home/karol/ITB/URO/KRAI/ros2_ws/install/urdf_tutorial_r2d2:/home/karol/ITB/URO/KRAI/ros2_ws/install/learning_tf2_py:/home/karol/ITB/URO/KRAI/ros2_ws/install/launch_tutorial:/opt/ros/humble /usr/bin/cmake /home/karol/ITB/URO/KRAI/ros2_ws/src/cpp_parameters -DAMENT_CMAKE_SYMLINK_INSTALL=1 -DCMAKE_INSTALL_PREFIX=/home/karol/ITB/URO/KRAI/ros2_ws/install/cpp_parameters
[0.987s] Invoking command in '/home/karol/ITB/URO/KRAI/ros2_ws/build/cpp_parameters': CMAKE_PREFIX_PATH=${CMAKE_PREFIX_PATH}:/home/karol/ITB/URO/KRAI/ros2_ws/install/urdf_tutorial_r2d2:/home/karol/ITB/URO/KRAI/ros2_ws/install/learning_tf2_py:/home/karol/ITB/URO/KRAI/ros2_ws/install/launch_tutorial:/opt/ros/humble /usr/bin/cmake --build /home/karol/ITB/URO/KRAI/ros2_ws/build/cpp_parameters -- -j22 -l22
[1.043s] [ 50%] [32mBuilding CXX object CMakeFiles/minimal_param_node.dir/src/node_with_param.cpp.o[0m
[4.381s] [100%] [32m[1mLinking CXX executable minimal_param_node[0m
[4.483s] [100%] Built target minimal_param_node
[4.495s] Invoked command in '/home/karol/ITB/URO/KRAI/ros2_ws/build/cpp_parameters' returned '0': CMAKE_PREFIX_PATH=${CMAKE_PREFIX_PATH}:/home/karol/ITB/URO/KRAI/ros2_ws/install/urdf_tutorial_r2d2:/home/karol/ITB/URO/KRAI/ros2_ws/install/learning_tf2_py:/home/karol/ITB/URO/KRAI/ros2_ws/install/launch_tutorial:/opt/ros/humble /usr/bin/cmake --build /home/karol/ITB/URO/KRAI/ros2_ws/build/cpp_parameters -- -j22 -l22
[4.497s] Invoking command in '/home/karol/ITB/URO/KRAI/ros2_ws/build/cpp_parameters': CMAKE_PREFIX_PATH=${CMAKE_PREFIX_PATH}:/home/karol/ITB/URO/KRAI/ros2_ws/install/urdf_tutorial_r2d2:/home/karol/ITB/URO/KRAI/ros2_ws/install/learning_tf2_py:/home/karol/ITB/URO/KRAI/ros2_ws/install/launch_tutorial:/opt/ros/humble /usr/bin/cmake --install /home/karol/ITB/URO/KRAI/ros2_ws/build/cpp_parameters
[4.503s] -- Install configuration: ""
[4.503s] -- Execute custom install script
[4.504s] -- Symlinking: /home/karol/ITB/URO/KRAI/ros2_ws/install/cpp_parameters/lib/cpp_parameters/minimal_param_node
[4.513s] -- Symlinking: /home/karol/ITB/URO/KRAI/ros2_ws/install/cpp_parameters/share/cpp_parameters/launch/cpp_params_launch.py
[4.523s] -- Symlinking: /home/karol/ITB/URO/KRAI/ros2_ws/install/cpp_parameters/share/cpp_parameters/params/minimal_param_node.yaml
[4.533s] -- Symlinking: /home/karol/ITB/URO/KRAI/ros2_ws/install/cpp_parameters/share/ament_index/resource_index/package_run_dependencies/cpp_parameters
[4.544s] -- Symlinking: /home/karol/ITB/URO/KRAI/ros2_ws/install/cpp_parameters/share/ament_index/resource_index/parent_prefix_path/cpp_parameters
[4.553s] -- Symlinking: /home/karol/ITB/URO/KRAI/ros2_ws/install/cpp_parameters/share/cpp_parameters/environment/ament_prefix_path.sh
[4.560s] -- Symlinking: /home/karol/ITB/URO/KRAI/ros2_ws/install/cpp_parameters/share/cpp_parameters/environment/ament_prefix_path.dsv
[4.567s] -- Symlinking: /home/karol/ITB/URO/KRAI/ros2_ws/install/cpp_parameters/share/cpp_parameters/environment/path.sh
[4.576s] -- Symlinking: /home/karol/ITB/URO/KRAI/ros2_ws/install/cpp_parameters/share/cpp_parameters/environment/path.dsv
[4.585s] -- Symlinking: /home/karol/ITB/URO/KRAI/ros2_ws/install/cpp_parameters/share/cpp_parameters/local_setup.bash
[4.594s] -- Symlinking: /home/karol/ITB/URO/KRAI/ros2_ws/install/cpp_parameters/share/cpp_parameters/local_setup.sh
[4.601s] -- Symlinking: /home/karol/ITB/URO/KRAI/ros2_ws/install/cpp_parameters/share/cpp_parameters/local_setup.zsh
[4.611s] -- Symlinking: /home/karol/ITB/URO/KRAI/ros2_ws/install/cpp_parameters/share/cpp_parameters/local_setup.dsv
[4.620s] -- Symlinking: /home/karol/ITB/URO/KRAI/ros2_ws/install/cpp_parameters/share/cpp_parameters/package.dsv
[4.630s] -- Symlinking: /home/karol/ITB/URO/KRAI/ros2_ws/install/cpp_parameters/share/ament_index/resource_index/packages/cpp_parameters
[4.639s] -- Symlinking: /home/karol/ITB/URO/KRAI/ros2_ws/install/cpp_parameters/share/cpp_parameters/cmake/cpp_parametersConfig.cmake
[4.646s] -- Symlinking: /home/karol/ITB/URO/KRAI/ros2_ws/install/cpp_parameters/share/cpp_parameters/cmake/cpp_parametersConfig-version.cmake
[4.653s] -- Symlinking: /home/karol/ITB/URO/KRAI/ros2_ws/install/cpp_parameters/share/cpp_parameters/package.xml
[4.664s] Invoked command in '/home/karol/ITB/URO/KRAI/ros2_ws/build/cpp_parameters' returned '0': CMAKE_PREFIX_PATH=${CMAKE_PREFIX_PATH}:/home/karol/ITB/URO/KRAI/ros2_ws/install/urdf_tutorial_r2d2:/home/karol/ITB/URO/KRAI/ros2_ws/install/learning_tf2_py:/home/karol/ITB/URO/KRAI/ros2_ws/install/launch_tutorial:/opt/ros/humble /usr/bin/cmake --install /home/karol/ITB/URO/KRAI/ros2_ws/build/cpp_parameters
