[0.015s] Invoking command in '/home/karol/ITB/URO/KRAI/ros2_ws/build/action_tutorials_cpp': CMAKE_PREFIX_PATH=/home/karol/ITB/URO/KRAI/ros2_ws/install/action_tutorials_interfaces:/home/karol/ITB/URO/KRAI/ros2_ws/install/urdf_tutorial:/home/karol/ITB/URO/KRAI/ros2_ws/install/tutorial_interfaces:/home/karol/ITB/URO/KRAI/ros2_ws/install/lumina_simulation:/home/karol/ITB/URO/KRAI/ros2_ws/install/cpp_parameters:/home/karol/ITB/URO/KRAI/ros2_ws/install/action_tutorials_cpp:/home/karol/turtlebot3_ws/install/turtlebot3_simulations:/home/karol/turtlebot3_ws/install/turtlebot3_gazebo:/home/karol/turtlebot3_ws/install/turtlebot3_fake_node:/home/karol/turtlebot3_ws/install/nav2_rrtstar_planner:/home/karol/ITB/URO/KRAI/ros2_learn/urdf_example/install/urdf_example:/home/karol/ITB/URO/KRAI/nebula/nebula-ws/install/omnidirectional_controllers:/home/karol/ITB/URO/KRAI/nebula/nebula-ws/install/omni_wheel_controller:/home/karol/ITB/URO/KRAI/nebula/nebula-ws/install/nebula_navigation:/home/karol/ITB/URO/KRAI/nebula/nebula-ws/install/nebula_localization:/home/karol/ITB/URO/KRAI/nebula/nebula-ws/install/nebula_hardware_interfaces:/home/karol/ITB/URO/KRAI/nebula/nebula-ws/install/nebula_firmware:/home/karol/ITB/URO/KRAI/nebula/nebula-ws/install/nebula_controller:/home/karol/ITB/URO/KRAI/nebula/nebula-ws/install/nebula_config:/home/karol/ITB/URO/KRAI/nebula/nebula-ws/install/nebula_bringup:/home/karol/ITB/URO/KRAI/nebula/nebula-ws/install/axebot_description:/home/karol/ITB/URO/KRAI/ros2_ws/src/tutorial_interfaces/install/tutorial_interfaces:/home/karol/ITB/URO/KRAI/ros2_ws/install/urdf_tutorial_r2d2:/home/karol/ITB/URO/KRAI/ros2_ws/install/learning_tf2_py:/home/karol/ITB/URO/KRAI/ros2_ws/install/launch_tutorial:/opt/ros/humble LD_LIBRARY_PATH=/home/karol/ITB/URO/KRAI/ros2_ws/install/action_tutorials_interfaces/lib:/home/karol/ITB/URO/KRAI/ros2_ws/install/tutorial_interfaces/lib:/home/karol/ITB/URO/KRAI/ros2_ws/install/action_tutorials_cpp/lib:/home/karol/turtlebot3_ws/install/nav2_rrtstar_planner/lib:/home/karol/ITB/URO/KRAI/nebula/nebula-ws/install/omnidirectional_controllers/lib:/home/karol/ITB/URO/KRAI/nebula/nebula-ws/install/omni_wheel_controller/lib:/home/karol/ITB/URO/KRAI/nebula/nebula-ws/install/nebula_firmware/lib:/home/karol/ITB/URO/KRAI/ros2_ws/src/tutorial_interfaces/install/tutorial_interfaces/lib:/usr/lib/x86_64-linux-gnu/gazebo-11/plugins:/opt/ros/humble/opt/rviz_ogre_vendor/lib:/opt/ros/humble/lib/x86_64-linux-gnu:/opt/ros/humble/lib:/usr/lib/x86_64-linux-gnu/gazebo-11/plugins:/usr/lib/x86_64-linux-gnu/gazebo-11/plugins:/usr/lib/x86_64-linux-gnu/gazebo-11/plugins:/usr/lib/x86_64-linux-gnu/gazebo-11/plugins:/usr/lib/x86_64-linux-gnu/gazebo-11/plugins:/usr/lib/x86_64-linux-gnu/gazebo-11/plugins /usr/bin/cmake /home/karol/ITB/URO/KRAI/ros2_ws/src/action_tutorials_cpp -DAMENT_CMAKE_SYMLINK_INSTALL=1 -DCMAKE_INSTALL_PREFIX=/home/karol/ITB/URO/KRAI/ros2_ws/install/action_tutorials_cpp
[0.076s] -- The C compiler identification is GNU 11.4.0
[0.131s] -- The CXX compiler identification is GNU 11.4.0
[0.138s] -- Detecting C compiler ABI info
[0.201s] -- Detecting C compiler ABI info - done
[0.207s] -- Check for working C compiler: /usr/bin/cc - skipped
[0.207s] -- Detecting C compile features
[0.207s] -- Detecting C compile features - done
[0.209s] -- Detecting CXX compiler ABI info
[0.291s] -- Detecting CXX compiler ABI info - done
[0.300s] -- Check for working CXX compiler: /usr/bin/c++ - skipped
[0.300s] -- Detecting CXX compile features
[0.301s] -- Detecting CXX compile features - done
[0.305s] -- Found ament_cmake: 1.3.11 (/opt/ros/humble/share/ament_cmake/cmake)
[0.473s] -- Found Python3: /usr/bin/python3 (found version "3.10.12") found components: Interpreter 
[0.529s] -- Override CMake install command with custom implementation using symlinks instead of copying resources
[0.571s] -- Found action_tutorials_interfaces: 0.0.0 (/home/karol/ITB/URO/KRAI/ros2_ws/install/action_tutorials_interfaces/share/action_tutorials_interfaces/cmake)
[0.611s] -- Found rosidl_generator_c: 3.1.6 (/opt/ros/humble/share/rosidl_generator_c/cmake)
[0.616s] -- Found rosidl_adapter: 3.1.6 (/opt/ros/humble/share/rosidl_adapter/cmake)
[0.623s] -- Found rosidl_generator_cpp: 3.1.6 (/opt/ros/humble/share/rosidl_generator_cpp/cmake)
[0.635s] -- Using all available rosidl_typesupport_c: rosidl_typesupport_fastrtps_c;rosidl_typesupport_introspection_c
[0.649s] -- Using all available rosidl_typesupport_cpp: rosidl_typesupport_fastrtps_cpp;rosidl_typesupport_introspection_cpp
[0.688s] -- Found rclcpp: 16.0.11 (/opt/ros/humble/share/rclcpp/cmake)
[0.732s] -- Found rmw_implementation_cmake: 6.1.2 (/opt/ros/humble/share/rmw_implementation_cmake/cmake)
[0.735s] -- Found rmw_cyclonedds_cpp: 1.3.4 (/opt/ros/humble/share/rmw_cyclonedds_cpp/cmake)
[0.755s] -- Using RMW implementation 'rmw_cyclonedds_cpp' as default
[0.762s] -- Looking for pthread.h
[0.854s] -- Looking for pthread.h - found
[0.854s] -- Performing Test CMAKE_HAVE_LIBC_PTHREAD
[0.938s] -- Performing Test CMAKE_HAVE_LIBC_PTHREAD - Success
[0.939s] -- Found Threads: TRUE  
[0.986s] -- Found rclcpp_action: 16.0.11 (/opt/ros/humble/share/rclcpp_action/cmake)
[0.997s] -- Found rclcpp_components: 16.0.11 (/opt/ros/humble/share/rclcpp_components/cmake)
[1.030s] -- Found ament_lint_auto: 0.12.11 (/opt/ros/humble/share/ament_lint_auto/cmake)
[1.106s] -- Added test 'cppcheck' to perform static code analysis on C / C++ code
[1.106s] -- Configured cppcheck include dirs: $<BUILD_INTERFACE:/home/karol/ITB/URO/KRAI/ros2_ws/src/action_tutorials_cpp/include>
[1.106s] -- Configured cppcheck exclude dirs and/or files: 
[1.107s] -- Added test 'lint_cmake' to check CMake code style
[1.109s] -- Added test 'uncrustify' to check C / C++ code style
[1.109s] -- Configured uncrustify additional arguments: 
[1.110s] -- Added test 'xmllint' to check XML markup files
[1.111s] -- Configuring done
[1.126s] -- Generating done
[1.131s] -- Build files have been written to: /home/karol/ITB/URO/KRAI/ros2_ws/build/action_tutorials_cpp
[1.141s] Invoked command in '/home/karol/ITB/URO/KRAI/ros2_ws/build/action_tutorials_cpp' returned '0': CMAKE_PREFIX_PATH=/home/karol/ITB/URO/KRAI/ros2_ws/install/action_tutorials_interfaces:/home/karol/ITB/URO/KRAI/ros2_ws/install/urdf_tutorial:/home/karol/ITB/URO/KRAI/ros2_ws/install/tutorial_interfaces:/home/karol/ITB/URO/KRAI/ros2_ws/install/lumina_simulation:/home/karol/ITB/URO/KRAI/ros2_ws/install/cpp_parameters:/home/karol/ITB/URO/KRAI/ros2_ws/install/action_tutorials_cpp:/home/karol/turtlebot3_ws/install/turtlebot3_simulations:/home/karol/turtlebot3_ws/install/turtlebot3_gazebo:/home/karol/turtlebot3_ws/install/turtlebot3_fake_node:/home/karol/turtlebot3_ws/install/nav2_rrtstar_planner:/home/karol/ITB/URO/KRAI/ros2_learn/urdf_example/install/urdf_example:/home/karol/ITB/URO/KRAI/nebula/nebula-ws/install/omnidirectional_controllers:/home/karol/ITB/URO/KRAI/nebula/nebula-ws/install/omni_wheel_controller:/home/karol/ITB/URO/KRAI/nebula/nebula-ws/install/nebula_navigation:/home/karol/ITB/URO/KRAI/nebula/nebula-ws/install/nebula_localization:/home/karol/ITB/URO/KRAI/nebula/nebula-ws/install/nebula_hardware_interfaces:/home/karol/ITB/URO/KRAI/nebula/nebula-ws/install/nebula_firmware:/home/karol/ITB/URO/KRAI/nebula/nebula-ws/install/nebula_controller:/home/karol/ITB/URO/KRAI/nebula/nebula-ws/install/nebula_config:/home/karol/ITB/URO/KRAI/nebula/nebula-ws/install/nebula_bringup:/home/karol/ITB/URO/KRAI/nebula/nebula-ws/install/axebot_description:/home/karol/ITB/URO/KRAI/ros2_ws/src/tutorial_interfaces/install/tutorial_interfaces:/home/karol/ITB/URO/KRAI/ros2_ws/install/urdf_tutorial_r2d2:/home/karol/ITB/URO/KRAI/ros2_ws/install/learning_tf2_py:/home/karol/ITB/URO/KRAI/ros2_ws/install/launch_tutorial:/opt/ros/humble LD_LIBRARY_PATH=/home/karol/ITB/URO/KRAI/ros2_ws/install/action_tutorials_interfaces/lib:/home/karol/ITB/URO/KRAI/ros2_ws/install/tutorial_interfaces/lib:/home/karol/ITB/URO/KRAI/ros2_ws/install/action_tutorials_cpp/lib:/home/karol/turtlebot3_ws/install/nav2_rrtstar_planner/lib:/home/karol/ITB/URO/KRAI/nebula/nebula-ws/install/omnidirectional_controllers/lib:/home/karol/ITB/URO/KRAI/nebula/nebula-ws/install/omni_wheel_controller/lib:/home/karol/ITB/URO/KRAI/nebula/nebula-ws/install/nebula_firmware/lib:/home/karol/ITB/URO/KRAI/ros2_ws/src/tutorial_interfaces/install/tutorial_interfaces/lib:/usr/lib/x86_64-linux-gnu/gazebo-11/plugins:/opt/ros/humble/opt/rviz_ogre_vendor/lib:/opt/ros/humble/lib/x86_64-linux-gnu:/opt/ros/humble/lib:/usr/lib/x86_64-linux-gnu/gazebo-11/plugins:/usr/lib/x86_64-linux-gnu/gazebo-11/plugins:/usr/lib/x86_64-linux-gnu/gazebo-11/plugins:/usr/lib/x86_64-linux-gnu/gazebo-11/plugins:/usr/lib/x86_64-linux-gnu/gazebo-11/plugins:/usr/lib/x86_64-linux-gnu/gazebo-11/plugins /usr/bin/cmake /home/karol/ITB/URO/KRAI/ros2_ws/src/action_tutorials_cpp -DAMENT_CMAKE_SYMLINK_INSTALL=1 -DCMAKE_INSTALL_PREFIX=/home/karol/ITB/URO/KRAI/ros2_ws/install/action_tutorials_cpp
[1.141s] Invoking command in '/home/karol/ITB/URO/KRAI/ros2_ws/build/action_tutorials_cpp': CMAKE_PREFIX_PATH=/home/karol/ITB/URO/KRAI/ros2_ws/install/action_tutorials_interfaces:/home/karol/ITB/URO/KRAI/ros2_ws/install/urdf_tutorial:/home/karol/ITB/URO/KRAI/ros2_ws/install/tutorial_interfaces:/home/karol/ITB/URO/KRAI/ros2_ws/install/lumina_simulation:/home/karol/ITB/URO/KRAI/ros2_ws/install/cpp_parameters:/home/karol/ITB/URO/KRAI/ros2_ws/install/action_tutorials_cpp:/home/karol/turtlebot3_ws/install/turtlebot3_simulations:/home/karol/turtlebot3_ws/install/turtlebot3_gazebo:/home/karol/turtlebot3_ws/install/turtlebot3_fake_node:/home/karol/turtlebot3_ws/install/nav2_rrtstar_planner:/home/karol/ITB/URO/KRAI/ros2_learn/urdf_example/install/urdf_example:/home/karol/ITB/URO/KRAI/nebula/nebula-ws/install/omnidirectional_controllers:/home/karol/ITB/URO/KRAI/nebula/nebula-ws/install/omni_wheel_controller:/home/karol/ITB/URO/KRAI/nebula/nebula-ws/install/nebula_navigation:/home/karol/ITB/URO/KRAI/nebula/nebula-ws/install/nebula_localization:/home/karol/ITB/URO/KRAI/nebula/nebula-ws/install/nebula_hardware_interfaces:/home/karol/ITB/URO/KRAI/nebula/nebula-ws/install/nebula_firmware:/home/karol/ITB/URO/KRAI/nebula/nebula-ws/install/nebula_controller:/home/karol/ITB/URO/KRAI/nebula/nebula-ws/install/nebula_config:/home/karol/ITB/URO/KRAI/nebula/nebula-ws/install/nebula_bringup:/home/karol/ITB/URO/KRAI/nebula/nebula-ws/install/axebot_description:/home/karol/ITB/URO/KRAI/ros2_ws/src/tutorial_interfaces/install/tutorial_interfaces:/home/karol/ITB/URO/KRAI/ros2_ws/install/urdf_tutorial_r2d2:/home/karol/ITB/URO/KRAI/ros2_ws/install/learning_tf2_py:/home/karol/ITB/URO/KRAI/ros2_ws/install/launch_tutorial:/opt/ros/humble LD_LIBRARY_PATH=/home/karol/ITB/URO/KRAI/ros2_ws/install/action_tutorials_interfaces/lib:/home/karol/ITB/URO/KRAI/ros2_ws/install/tutorial_interfaces/lib:/home/karol/ITB/URO/KRAI/ros2_ws/install/action_tutorials_cpp/lib:/home/karol/turtlebot3_ws/install/nav2_rrtstar_planner/lib:/home/karol/ITB/URO/KRAI/nebula/nebula-ws/install/omnidirectional_controllers/lib:/home/karol/ITB/URO/KRAI/nebula/nebula-ws/install/omni_wheel_controller/lib:/home/karol/ITB/URO/KRAI/nebula/nebula-ws/install/nebula_firmware/lib:/home/karol/ITB/URO/KRAI/ros2_ws/src/tutorial_interfaces/install/tutorial_interfaces/lib:/usr/lib/x86_64-linux-gnu/gazebo-11/plugins:/opt/ros/humble/opt/rviz_ogre_vendor/lib:/opt/ros/humble/lib/x86_64-linux-gnu:/opt/ros/humble/lib:/usr/lib/x86_64-linux-gnu/gazebo-11/plugins:/usr/lib/x86_64-linux-gnu/gazebo-11/plugins:/usr/lib/x86_64-linux-gnu/gazebo-11/plugins:/usr/lib/x86_64-linux-gnu/gazebo-11/plugins:/usr/lib/x86_64-linux-gnu/gazebo-11/plugins:/usr/lib/x86_64-linux-gnu/gazebo-11/plugins /usr/bin/cmake --build /home/karol/ITB/URO/KRAI/ros2_ws/build/action_tutorials_cpp -- -j22 -l22
[1.187s] [ 12%] [32mBuilding CXX object CMakeFiles/action_server.dir/src/fibonacci_action_server.cpp.o[0m
[1.190s] [ 25%] [32mBuilding CXX object CMakeFiles/fibonacci_action_server.dir/rclcpp_components/node_main_fibonacci_action_server.cpp.o[0m
[1.191s] [ 37%] [32mBuilding CXX object CMakeFiles/fibonacci_action_client.dir/rclcpp_components/node_main_fibonacci_action_client.cpp.o[0m
[1.193s] [ 50%] [32mBuilding CXX object CMakeFiles/action_client.dir/src/fibonacci_action_client.cpp.o[0m
[4.411s] [ 62%] [32m[1mLinking CXX executable fibonacci_action_server[0m
[4.634s] [ 62%] Built target fibonacci_action_server
[4.794s] [ 75%] [32m[1mLinking CXX executable fibonacci_action_client[0m
[5.027s] [ 75%] Built target fibonacci_action_client
[5.958s] [ 87%] [32m[1mLinking CXX shared library libaction_server.so[0m
[6.227s] [ 87%] Built target action_server
[6.365s] [100%] [32m[1mLinking CXX shared library libaction_client.so[0m
[6.663s] [100%] Built target action_client
[6.681s] Invoked command in '/home/karol/ITB/URO/KRAI/ros2_ws/build/action_tutorials_cpp' returned '0': CMAKE_PREFIX_PATH=/home/karol/ITB/URO/KRAI/ros2_ws/install/action_tutorials_interfaces:/home/karol/ITB/URO/KRAI/ros2_ws/install/urdf_tutorial:/home/karol/ITB/URO/KRAI/ros2_ws/install/tutorial_interfaces:/home/karol/ITB/URO/KRAI/ros2_ws/install/lumina_simulation:/home/karol/ITB/URO/KRAI/ros2_ws/install/cpp_parameters:/home/karol/ITB/URO/KRAI/ros2_ws/install/action_tutorials_cpp:/home/karol/turtlebot3_ws/install/turtlebot3_simulations:/home/karol/turtlebot3_ws/install/turtlebot3_gazebo:/home/karol/turtlebot3_ws/install/turtlebot3_fake_node:/home/karol/turtlebot3_ws/install/nav2_rrtstar_planner:/home/karol/ITB/URO/KRAI/ros2_learn/urdf_example/install/urdf_example:/home/karol/ITB/URO/KRAI/nebula/nebula-ws/install/omnidirectional_controllers:/home/karol/ITB/URO/KRAI/nebula/nebula-ws/install/omni_wheel_controller:/home/karol/ITB/URO/KRAI/nebula/nebula-ws/install/nebula_navigation:/home/karol/ITB/URO/KRAI/nebula/nebula-ws/install/nebula_localization:/home/karol/ITB/URO/KRAI/nebula/nebula-ws/install/nebula_hardware_interfaces:/home/karol/ITB/URO/KRAI/nebula/nebula-ws/install/nebula_firmware:/home/karol/ITB/URO/KRAI/nebula/nebula-ws/install/nebula_controller:/home/karol/ITB/URO/KRAI/nebula/nebula-ws/install/nebula_config:/home/karol/ITB/URO/KRAI/nebula/nebula-ws/install/nebula_bringup:/home/karol/ITB/URO/KRAI/nebula/nebula-ws/install/axebot_description:/home/karol/ITB/URO/KRAI/ros2_ws/src/tutorial_interfaces/install/tutorial_interfaces:/home/karol/ITB/URO/KRAI/ros2_ws/install/urdf_tutorial_r2d2:/home/karol/ITB/URO/KRAI/ros2_ws/install/learning_tf2_py:/home/karol/ITB/URO/KRAI/ros2_ws/install/launch_tutorial:/opt/ros/humble LD_LIBRARY_PATH=/home/karol/ITB/URO/KRAI/ros2_ws/install/action_tutorials_interfaces/lib:/home/karol/ITB/URO/KRAI/ros2_ws/install/tutorial_interfaces/lib:/home/karol/ITB/URO/KRAI/ros2_ws/install/action_tutorials_cpp/lib:/home/karol/turtlebot3_ws/install/nav2_rrtstar_planner/lib:/home/karol/ITB/URO/KRAI/nebula/nebula-ws/install/omnidirectional_controllers/lib:/home/karol/ITB/URO/KRAI/nebula/nebula-ws/install/omni_wheel_controller/lib:/home/karol/ITB/URO/KRAI/nebula/nebula-ws/install/nebula_firmware/lib:/home/karol/ITB/URO/KRAI/ros2_ws/src/tutorial_interfaces/install/tutorial_interfaces/lib:/usr/lib/x86_64-linux-gnu/gazebo-11/plugins:/opt/ros/humble/opt/rviz_ogre_vendor/lib:/opt/ros/humble/lib/x86_64-linux-gnu:/opt/ros/humble/lib:/usr/lib/x86_64-linux-gnu/gazebo-11/plugins:/usr/lib/x86_64-linux-gnu/gazebo-11/plugins:/usr/lib/x86_64-linux-gnu/gazebo-11/plugins:/usr/lib/x86_64-linux-gnu/gazebo-11/plugins:/usr/lib/x86_64-linux-gnu/gazebo-11/plugins:/usr/lib/x86_64-linux-gnu/gazebo-11/plugins /usr/bin/cmake --build /home/karol/ITB/URO/KRAI/ros2_ws/build/action_tutorials_cpp -- -j22 -l22
[6.685s] Invoking command in '/home/karol/ITB/URO/KRAI/ros2_ws/build/action_tutorials_cpp': CMAKE_PREFIX_PATH=/home/karol/ITB/URO/KRAI/ros2_ws/install/action_tutorials_interfaces:/home/karol/ITB/URO/KRAI/ros2_ws/install/urdf_tutorial:/home/karol/ITB/URO/KRAI/ros2_ws/install/tutorial_interfaces:/home/karol/ITB/URO/KRAI/ros2_ws/install/lumina_simulation:/home/karol/ITB/URO/KRAI/ros2_ws/install/cpp_parameters:/home/karol/ITB/URO/KRAI/ros2_ws/install/action_tutorials_cpp:/home/karol/turtlebot3_ws/install/turtlebot3_simulations:/home/karol/turtlebot3_ws/install/turtlebot3_gazebo:/home/karol/turtlebot3_ws/install/turtlebot3_fake_node:/home/karol/turtlebot3_ws/install/nav2_rrtstar_planner:/home/karol/ITB/URO/KRAI/ros2_learn/urdf_example/install/urdf_example:/home/karol/ITB/URO/KRAI/nebula/nebula-ws/install/omnidirectional_controllers:/home/karol/ITB/URO/KRAI/nebula/nebula-ws/install/omni_wheel_controller:/home/karol/ITB/URO/KRAI/nebula/nebula-ws/install/nebula_navigation:/home/karol/ITB/URO/KRAI/nebula/nebula-ws/install/nebula_localization:/home/karol/ITB/URO/KRAI/nebula/nebula-ws/install/nebula_hardware_interfaces:/home/karol/ITB/URO/KRAI/nebula/nebula-ws/install/nebula_firmware:/home/karol/ITB/URO/KRAI/nebula/nebula-ws/install/nebula_controller:/home/karol/ITB/URO/KRAI/nebula/nebula-ws/install/nebula_config:/home/karol/ITB/URO/KRAI/nebula/nebula-ws/install/nebula_bringup:/home/karol/ITB/URO/KRAI/nebula/nebula-ws/install/axebot_description:/home/karol/ITB/URO/KRAI/ros2_ws/src/tutorial_interfaces/install/tutorial_interfaces:/home/karol/ITB/URO/KRAI/ros2_ws/install/urdf_tutorial_r2d2:/home/karol/ITB/URO/KRAI/ros2_ws/install/learning_tf2_py:/home/karol/ITB/URO/KRAI/ros2_ws/install/launch_tutorial:/opt/ros/humble LD_LIBRARY_PATH=/home/karol/ITB/URO/KRAI/ros2_ws/install/action_tutorials_interfaces/lib:/home/karol/ITB/URO/KRAI/ros2_ws/install/tutorial_interfaces/lib:/home/karol/ITB/URO/KRAI/ros2_ws/install/action_tutorials_cpp/lib:/home/karol/turtlebot3_ws/install/nav2_rrtstar_planner/lib:/home/karol/ITB/URO/KRAI/nebula/nebula-ws/install/omnidirectional_controllers/lib:/home/karol/ITB/URO/KRAI/nebula/nebula-ws/install/omni_wheel_controller/lib:/home/karol/ITB/URO/KRAI/nebula/nebula-ws/install/nebula_firmware/lib:/home/karol/ITB/URO/KRAI/ros2_ws/src/tutorial_interfaces/install/tutorial_interfaces/lib:/usr/lib/x86_64-linux-gnu/gazebo-11/plugins:/opt/ros/humble/opt/rviz_ogre_vendor/lib:/opt/ros/humble/lib/x86_64-linux-gnu:/opt/ros/humble/lib:/usr/lib/x86_64-linux-gnu/gazebo-11/plugins:/usr/lib/x86_64-linux-gnu/gazebo-11/plugins:/usr/lib/x86_64-linux-gnu/gazebo-11/plugins:/usr/lib/x86_64-linux-gnu/gazebo-11/plugins:/usr/lib/x86_64-linux-gnu/gazebo-11/plugins:/usr/lib/x86_64-linux-gnu/gazebo-11/plugins /usr/bin/cmake --install /home/karol/ITB/URO/KRAI/ros2_ws/build/action_tutorials_cpp
[6.703s] -- Install configuration: ""
[6.704s] -- Execute custom install script
[6.704s] -- Symlinking: /home/karol/ITB/URO/KRAI/ros2_ws/install/action_tutorials_cpp/lib/action_tutorials_cpp/fibonacci_action_server
[6.719s] -- Symlinking: /home/karol/ITB/URO/KRAI/ros2_ws/install/action_tutorials_cpp/lib/libaction_server.so
[6.736s] -- Symlinking: /home/karol/ITB/URO/KRAI/ros2_ws/install/action_tutorials_cpp/lib/action_tutorials_cpp/fibonacci_action_client
[6.752s] -- Symlinking: /home/karol/ITB/URO/KRAI/ros2_ws/install/action_tutorials_cpp/lib/libaction_client.so
[6.767s] -- Symlinking: /home/karol/ITB/URO/KRAI/ros2_ws/install/action_tutorials_cpp/share/ament_index/resource_index/package_run_dependencies/action_tutorials_cpp
[6.781s] -- Symlinking: /home/karol/ITB/URO/KRAI/ros2_ws/install/action_tutorials_cpp/share/ament_index/resource_index/parent_prefix_path/action_tutorials_cpp
[6.799s] -- Symlinking: /home/karol/ITB/URO/KRAI/ros2_ws/install/action_tutorials_cpp/share/action_tutorials_cpp/environment/ament_prefix_path.sh
[6.813s] -- Symlinking: /home/karol/ITB/URO/KRAI/ros2_ws/install/action_tutorials_cpp/share/action_tutorials_cpp/environment/ament_prefix_path.dsv
[6.829s] -- Symlinking: /home/karol/ITB/URO/KRAI/ros2_ws/install/action_tutorials_cpp/share/action_tutorials_cpp/environment/path.sh
[6.844s] -- Symlinking: /home/karol/ITB/URO/KRAI/ros2_ws/install/action_tutorials_cpp/share/action_tutorials_cpp/environment/path.dsv
[6.858s] -- Symlinking: /home/karol/ITB/URO/KRAI/ros2_ws/install/action_tutorials_cpp/share/action_tutorials_cpp/local_setup.bash
[6.875s] -- Symlinking: /home/karol/ITB/URO/KRAI/ros2_ws/install/action_tutorials_cpp/share/action_tutorials_cpp/local_setup.sh
[6.896s] -- Symlinking: /home/karol/ITB/URO/KRAI/ros2_ws/install/action_tutorials_cpp/share/action_tutorials_cpp/local_setup.zsh
[6.911s] -- Symlinking: /home/karol/ITB/URO/KRAI/ros2_ws/install/action_tutorials_cpp/share/action_tutorials_cpp/local_setup.dsv
[6.924s] -- Symlinking: /home/karol/ITB/URO/KRAI/ros2_ws/install/action_tutorials_cpp/share/action_tutorials_cpp/package.dsv
[6.941s] -- Symlinking: /home/karol/ITB/URO/KRAI/ros2_ws/install/action_tutorials_cpp/share/ament_index/resource_index/packages/action_tutorials_cpp
[6.955s] -- Symlinking: /home/karol/ITB/URO/KRAI/ros2_ws/install/action_tutorials_cpp/share/ament_index/resource_index/rclcpp_components/action_tutorials_cpp
[6.972s] -- Symlinking: /home/karol/ITB/URO/KRAI/ros2_ws/install/action_tutorials_cpp/share/action_tutorials_cpp/cmake/action_tutorials_cppConfig.cmake
[6.989s] -- Symlinking: /home/karol/ITB/URO/KRAI/ros2_ws/install/action_tutorials_cpp/share/action_tutorials_cpp/cmake/action_tutorials_cppConfig-version.cmake
[7.004s] -- Symlinking: /home/karol/ITB/URO/KRAI/ros2_ws/install/action_tutorials_cpp/share/action_tutorials_cpp/package.xml
[7.021s] Invoked command in '/home/karol/ITB/URO/KRAI/ros2_ws/build/action_tutorials_cpp' returned '0': CMAKE_PREFIX_PATH=/home/karol/ITB/URO/KRAI/ros2_ws/install/action_tutorials_interfaces:/home/karol/ITB/URO/KRAI/ros2_ws/install/urdf_tutorial:/home/karol/ITB/URO/KRAI/ros2_ws/install/tutorial_interfaces:/home/karol/ITB/URO/KRAI/ros2_ws/install/lumina_simulation:/home/karol/ITB/URO/KRAI/ros2_ws/install/cpp_parameters:/home/karol/ITB/URO/KRAI/ros2_ws/install/action_tutorials_cpp:/home/karol/turtlebot3_ws/install/turtlebot3_simulations:/home/karol/turtlebot3_ws/install/turtlebot3_gazebo:/home/karol/turtlebot3_ws/install/turtlebot3_fake_node:/home/karol/turtlebot3_ws/install/nav2_rrtstar_planner:/home/karol/ITB/URO/KRAI/ros2_learn/urdf_example/install/urdf_example:/home/karol/ITB/URO/KRAI/nebula/nebula-ws/install/omnidirectional_controllers:/home/karol/ITB/URO/KRAI/nebula/nebula-ws/install/omni_wheel_controller:/home/karol/ITB/URO/KRAI/nebula/nebula-ws/install/nebula_navigation:/home/karol/ITB/URO/KRAI/nebula/nebula-ws/install/nebula_localization:/home/karol/ITB/URO/KRAI/nebula/nebula-ws/install/nebula_hardware_interfaces:/home/karol/ITB/URO/KRAI/nebula/nebula-ws/install/nebula_firmware:/home/karol/ITB/URO/KRAI/nebula/nebula-ws/install/nebula_controller:/home/karol/ITB/URO/KRAI/nebula/nebula-ws/install/nebula_config:/home/karol/ITB/URO/KRAI/nebula/nebula-ws/install/nebula_bringup:/home/karol/ITB/URO/KRAI/nebula/nebula-ws/install/axebot_description:/home/karol/ITB/URO/KRAI/ros2_ws/src/tutorial_interfaces/install/tutorial_interfaces:/home/karol/ITB/URO/KRAI/ros2_ws/install/urdf_tutorial_r2d2:/home/karol/ITB/URO/KRAI/ros2_ws/install/learning_tf2_py:/home/karol/ITB/URO/KRAI/ros2_ws/install/launch_tutorial:/opt/ros/humble LD_LIBRARY_PATH=/home/karol/ITB/URO/KRAI/ros2_ws/install/action_tutorials_interfaces/lib:/home/karol/ITB/URO/KRAI/ros2_ws/install/tutorial_interfaces/lib:/home/karol/ITB/URO/KRAI/ros2_ws/install/action_tutorials_cpp/lib:/home/karol/turtlebot3_ws/install/nav2_rrtstar_planner/lib:/home/karol/ITB/URO/KRAI/nebula/nebula-ws/install/omnidirectional_controllers/lib:/home/karol/ITB/URO/KRAI/nebula/nebula-ws/install/omni_wheel_controller/lib:/home/karol/ITB/URO/KRAI/nebula/nebula-ws/install/nebula_firmware/lib:/home/karol/ITB/URO/KRAI/ros2_ws/src/tutorial_interfaces/install/tutorial_interfaces/lib:/usr/lib/x86_64-linux-gnu/gazebo-11/plugins:/opt/ros/humble/opt/rviz_ogre_vendor/lib:/opt/ros/humble/lib/x86_64-linux-gnu:/opt/ros/humble/lib:/usr/lib/x86_64-linux-gnu/gazebo-11/plugins:/usr/lib/x86_64-linux-gnu/gazebo-11/plugins:/usr/lib/x86_64-linux-gnu/gazebo-11/plugins:/usr/lib/x86_64-linux-gnu/gazebo-11/plugins:/usr/lib/x86_64-linux-gnu/gazebo-11/plugins:/usr/lib/x86_64-linux-gnu/gazebo-11/plugins /usr/bin/cmake --install /home/karol/ITB/URO/KRAI/ros2_ws/build/action_tutorials_cpp
