[0.031s] Invoking command in '/home/karol/ITB/URO/KRAI/ros2_ws/build/lumina_simulation': CMAKE_PREFIX_PATH=${CMAKE_PREFIX_PATH}:/opt/ros/humble /usr/bin/cmake /home/karol/ITB/URO/KRAI/ros2_ws/src/simulation_testing/lumina_simulation -DCMAKE_INSTALL_PREFIX=/home/karol/ITB/URO/KRAI/ros2_ws/install/lumina_simulation
[0.109s] -- The C compiler identification is GNU 11.4.0
[0.172s] -- The CXX compiler identification is GNU 11.4.0
[0.177s] -- Detecting C compiler ABI info
[0.246s] -- Detecting C compiler ABI info - done
[0.252s] -- Check for working C compiler: /usr/bin/cc - skipped
[0.252s] -- Detecting C compile features
[0.253s] -- Detecting C compile features - done
[0.255s] -- Detecting CXX compiler ABI info
[0.324s] -- Detecting CXX compiler ABI info - done
[0.330s] -- Check for working CXX compiler: /usr/bin/c++ - skipped
[0.330s] -- Detecting CXX compile features
[0.330s] -- Detecting CXX compile features - done
[0.333s] -- Found ament_cmake: 1.3.11 (/opt/ros/humble/share/ament_cmake/cmake)
[0.477s] -- Found Python3: /usr/bin/python3 (found version "3.10.12") found components: Interpreter 
[0.590s] -- Found ament_lint_auto: 0.12.11 (/opt/ros/humble/share/ament_lint_auto/cmake)
[0.662s] -- Added test 'flake8' to check Python code syntax and style conventions
[0.663s] -- Added test 'lint_cmake' to check CMake code style
[0.664s] -- Added test 'pep257' to check Python code against some of the docstring style conventions in PEP 257
[0.665s] -- Added test 'xmllint' to check XML markup files
[0.666s] -- Configuring done
[0.725s] -- Generating done
[0.727s] -- Build files have been written to: /home/karol/ITB/URO/KRAI/ros2_ws/build/lumina_simulation
[0.739s] Invoked command in '/home/karol/ITB/URO/KRAI/ros2_ws/build/lumina_simulation' returned '0': CMAKE_PREFIX_PATH=${CMAKE_PREFIX_PATH}:/opt/ros/humble /usr/bin/cmake /home/karol/ITB/URO/KRAI/ros2_ws/src/simulation_testing/lumina_simulation -DCMAKE_INSTALL_PREFIX=/home/karol/ITB/URO/KRAI/ros2_ws/install/lumina_simulation
[0.740s] Invoking command in '/home/karol/ITB/URO/KRAI/ros2_ws/build/lumina_simulation': CMAKE_PREFIX_PATH=${CMAKE_PREFIX_PATH}:/opt/ros/humble /usr/bin/cmake --build /home/karol/ITB/URO/KRAI/ros2_ws/build/lumina_simulation -- -j22 -l22
[0.778s] Invoked command in '/home/karol/ITB/URO/KRAI/ros2_ws/build/lumina_simulation' returned '0': CMAKE_PREFIX_PATH=${CMAKE_PREFIX_PATH}:/opt/ros/humble /usr/bin/cmake --build /home/karol/ITB/URO/KRAI/ros2_ws/build/lumina_simulation -- -j22 -l22
[0.780s] Invoking command in '/home/karol/ITB/URO/KRAI/ros2_ws/build/lumina_simulation': CMAKE_PREFIX_PATH=${CMAKE_PREFIX_PATH}:/opt/ros/humble /usr/bin/cmake --install /home/karol/ITB/URO/KRAI/ros2_ws/build/lumina_simulation
[0.788s] -- Install configuration: ""
[0.789s] -- Installing: /home/karol/ITB/URO/KRAI/ros2_ws/install/lumina_simulation/share/lumina_simulation/launch
[0.789s] -- Installing: /home/karol/ITB/URO/KRAI/ros2_ws/install/lumina_simulation/share/lumina_simulation/launch/lumina_world.launch.py
[0.789s] -- Installing: /home/karol/ITB/URO/KRAI/ros2_ws/install/lumina_simulation/share/lumina_simulation/models
[0.789s] -- Installing: /home/karol/ITB/URO/KRAI/ros2_ws/install/lumina_simulation/share/lumina_simulation/models/arena_wall
[0.789s] -- Installing: /home/karol/ITB/URO/KRAI/ros2_ws/install/lumina_simulation/share/lumina_simulation/models/arena_wall/model.config
[0.789s] -- Installing: /home/karol/ITB/URO/KRAI/ros2_ws/install/lumina_simulation/share/lumina_simulation/models/arena_wall/model.sdf
[0.789s] -- Installing: /home/karol/ITB/URO/KRAI/ros2_ws/install/lumina_simulation/share/lumina_simulation/models/arena_floor
[0.789s] -- Installing: /home/karol/ITB/URO/KRAI/ros2_ws/install/lumina_simulation/share/lumina_simulation/models/arena_floor/model.config
[0.789s] -- Installing: /home/karol/ITB/URO/KRAI/ros2_ws/install/lumina_simulation/share/lumina_simulation/models/arena_floor/model.sdf
[0.790s] -- Installing: /home/karol/ITB/URO/KRAI/ros2_ws/install/lumina_simulation/share/lumina_simulation/models/red_ball
[0.790s] -- Installing: /home/karol/ITB/URO/KRAI/ros2_ws/install/lumina_simulation/share/lumina_simulation/models/red_ball/model.config
[0.790s] -- Installing: /home/karol/ITB/URO/KRAI/ros2_ws/install/lumina_simulation/share/lumina_simulation/models/red_ball/model.sdf
[0.791s] -- Installing: /home/karol/ITB/URO/KRAI/ros2_ws/install/lumina_simulation/share/lumina_simulation/models/turtlebot3_waffle
[0.791s] -- Installing: /home/karol/ITB/URO/KRAI/ros2_ws/install/lumina_simulation/share/lumina_simulation/models/turtlebot3_waffle/model.config
[0.791s] -- Installing: /home/karol/ITB/URO/KRAI/ros2_ws/install/lumina_simulation/share/lumina_simulation/models/turtlebot3_waffle/model.sdf
[0.791s] -- Installing: /home/karol/ITB/URO/KRAI/ros2_ws/install/lumina_simulation/share/lumina_simulation/models/turtlebot3_waffle/model-1_4.sdf
[0.791s] -- Installing: /home/karol/ITB/URO/KRAI/ros2_ws/install/lumina_simulation/share/lumina_simulation/urdf
[0.791s] -- Installing: /home/karol/ITB/URO/KRAI/ros2_ws/install/lumina_simulation/share/lumina_simulation/urdf/turtlebot3_waffle.urdf
[0.791s] -- Installing: /home/karol/ITB/URO/KRAI/ros2_ws/install/lumina_simulation/share/lumina_simulation/urdf/common_properties.urdf
[0.792s] -- Installing: /home/karol/ITB/URO/KRAI/ros2_ws/install/lumina_simulation/share/lumina_simulation/worlds
[0.792s] -- Installing: /home/karol/ITB/URO/KRAI/ros2_ws/install/lumina_simulation/share/lumina_simulation/worlds/krai_arena_2025.world
[0.793s] -- Installing: /home/karol/ITB/URO/KRAI/ros2_ws/install/lumina_simulation/share/ament_index/resource_index/package_run_dependencies/lumina_simulation
[0.793s] -- Installing: /home/karol/ITB/URO/KRAI/ros2_ws/install/lumina_simulation/share/ament_index/resource_index/parent_prefix_path/lumina_simulation
[0.793s] -- Installing: /home/karol/ITB/URO/KRAI/ros2_ws/install/lumina_simulation/share/lumina_simulation/environment/ament_prefix_path.sh
[0.793s] -- Installing: /home/karol/ITB/URO/KRAI/ros2_ws/install/lumina_simulation/share/lumina_simulation/environment/ament_prefix_path.dsv
[0.793s] -- Installing: /home/karol/ITB/URO/KRAI/ros2_ws/install/lumina_simulation/share/lumina_simulation/environment/path.sh
[0.793s] -- Installing: /home/karol/ITB/URO/KRAI/ros2_ws/install/lumina_simulation/share/lumina_simulation/environment/path.dsv
[0.793s] -- Installing: /home/karol/ITB/URO/KRAI/ros2_ws/install/lumina_simulation/share/lumina_simulation/local_setup.bash
[0.793s] -- Installing: /home/karol/ITB/URO/KRAI/ros2_ws/install/lumina_simulation/share/lumina_simulation/local_setup.sh
[0.793s] -- Installing: /home/karol/ITB/URO/KRAI/ros2_ws/install/lumina_simulation/share/lumina_simulation/local_setup.zsh
[0.794s] -- Installing: /home/karol/ITB/URO/KRAI/ros2_ws/install/lumina_simulation/share/lumina_simulation/local_setup.dsv
[0.794s] -- Installing: /home/karol/ITB/URO/KRAI/ros2_ws/install/lumina_simulation/share/lumina_simulation/package.dsv
[0.794s] -- Installing: /home/karol/ITB/URO/KRAI/ros2_ws/install/lumina_simulation/share/ament_index/resource_index/packages/lumina_simulation
[0.794s] -- Installing: /home/karol/ITB/URO/KRAI/ros2_ws/install/lumina_simulation/share/lumina_simulation/cmake/lumina_simulationConfig.cmake
[0.794s] -- Installing: /home/karol/ITB/URO/KRAI/ros2_ws/install/lumina_simulation/share/lumina_simulation/cmake/lumina_simulationConfig-version.cmake
[0.794s] -- Installing: /home/karol/ITB/URO/KRAI/ros2_ws/install/lumina_simulation/share/lumina_simulation/package.xml
[0.807s] Invoked command in '/home/karol/ITB/URO/KRAI/ros2_ws/build/lumina_simulation' returned '0': CMAKE_PREFIX_PATH=${CMAKE_PREFIX_PATH}:/opt/ros/humble /usr/bin/cmake --install /home/karol/ITB/URO/KRAI/ros2_ws/build/lumina_simulation
