[1.088s] Invoking command in '/home/karol/ITB/URO/KRAI/ros2_ws/build/learning_tf2_py': PYTHONPATH=/home/karol/ITB/URO/KRAI/ros2_ws/build/learning_tf2_py/prefix_override:/usr/lib/python3/dist-packages/colcon_core/task/python/colcon_distutils_commands:/home/karol/ITB/URO/KRAI/ros2_ws/install/learning_tf2_py/lib/python3.10/site-packages:${PYTHONPATH} /usr/bin/python3 -W ignore:setup.py install is deprecated -W ignore:easy_install command is deprecated setup.py develop --editable --build-directory /home/karol/ITB/URO/KRAI/ros2_ws/build/learning_tf2_py/build --no-deps symlink_data
[1.324s] running develop
[1.443s] running egg_info
[1.443s] creating learning_tf2_py.egg-info
[1.443s] writing learning_tf2_py.egg-info/PKG-INFO
[1.443s] writing dependency_links to learning_tf2_py.egg-info/dependency_links.txt
[1.444s] writing entry points to learning_tf2_py.egg-info/entry_points.txt
[1.444s] writing requirements to learning_tf2_py.egg-info/requires.txt
[1.444s] writing top-level names to learning_tf2_py.egg-info/top_level.txt
[1.444s] writing manifest file 'learning_tf2_py.egg-info/SOURCES.txt'
[1.445s] reading manifest file 'learning_tf2_py.egg-info/SOURCES.txt'
[1.445s] writing manifest file 'learning_tf2_py.egg-info/SOURCES.txt'
[1.447s] running build_ext
[1.448s] Creating /home/karol/ITB/URO/KRAI/ros2_ws/install/learning_tf2_py/lib/python3.10/site-packages/learning-tf2-py.egg-link (link to .)
[1.448s] Installing dynamic_frame_tf2_broadcaster script to /home/karol/ITB/URO/KRAI/ros2_ws/install/learning_tf2_py/lib/learning_tf2_py
[1.448s] Installing fixed_frame_tf2_broadcaster script to /home/karol/ITB/URO/KRAI/ros2_ws/install/learning_tf2_py/lib/learning_tf2_py
[1.448s] Installing static_turtle_tf2_broadcaster script to /home/karol/ITB/URO/KRAI/ros2_ws/install/learning_tf2_py/lib/learning_tf2_py
[1.448s] Installing turtle_tf2_broadcaster script to /home/karol/ITB/URO/KRAI/ros2_ws/install/learning_tf2_py/lib/learning_tf2_py
[1.448s] Installing turtle_tf2_listener script to /home/karol/ITB/URO/KRAI/ros2_ws/install/learning_tf2_py/lib/learning_tf2_py
[1.448s] 
[1.448s] Installed /home/karol/ITB/URO/KRAI/ros2_ws/build/learning_tf2_py
[1.448s] running symlink_data
[1.448s] creating /home/karol/ITB/URO/KRAI/ros2_ws/install/learning_tf2_py/share/ament_index
[1.448s] creating /home/karol/ITB/URO/KRAI/ros2_ws/install/learning_tf2_py/share/ament_index/resource_index
[1.449s] creating /home/karol/ITB/URO/KRAI/ros2_ws/install/learning_tf2_py/share/ament_index/resource_index/packages
[1.449s] symbolically linking /home/karol/ITB/URO/KRAI/ros2_ws/build/learning_tf2_py/resource/learning_tf2_py -> /home/karol/ITB/URO/KRAI/ros2_ws/install/learning_tf2_py/share/ament_index/resource_index/packages
[1.449s] symbolically linking /home/karol/ITB/URO/KRAI/ros2_ws/build/learning_tf2_py/package.xml -> /home/karol/ITB/URO/KRAI/ros2_ws/install/learning_tf2_py/share/learning_tf2_py
[1.449s] creating /home/karol/ITB/URO/KRAI/ros2_ws/install/learning_tf2_py/share/learning_tf2_py/launch
[1.449s] symbolically linking /home/karol/ITB/URO/KRAI/ros2_ws/build/learning_tf2_py/launch/turtle_tf2_fixed_frame_demo.launch.py -> /home/karol/ITB/URO/KRAI/ros2_ws/install/learning_tf2_py/share/learning_tf2_py/launch
[1.449s] symbolically linking /home/karol/ITB/URO/KRAI/ros2_ws/build/learning_tf2_py/launch/turtle_tf2_dynamic_frame_demo.launch.py -> /home/karol/ITB/URO/KRAI/ros2_ws/install/learning_tf2_py/share/learning_tf2_py/launch
[1.449s] symbolically linking /home/karol/ITB/URO/KRAI/ros2_ws/build/learning_tf2_py/launch/static_transform_publisher.launch.py -> /home/karol/ITB/URO/KRAI/ros2_ws/install/learning_tf2_py/share/learning_tf2_py/launch
[1.449s] symbolically linking /home/karol/ITB/URO/KRAI/ros2_ws/build/learning_tf2_py/launch/turtle_tf2_demo.launch.py -> /home/karol/ITB/URO/KRAI/ros2_ws/install/learning_tf2_py/share/learning_tf2_py/launch
[1.480s] Invoked command in '/home/karol/ITB/URO/KRAI/ros2_ws/build/learning_tf2_py' returned '0': PYTHONPATH=/home/karol/ITB/URO/KRAI/ros2_ws/build/learning_tf2_py/prefix_override:/usr/lib/python3/dist-packages/colcon_core/task/python/colcon_distutils_commands:/home/karol/ITB/URO/KRAI/ros2_ws/install/learning_tf2_py/lib/python3.10/site-packages:${PYTHONPATH} /usr/bin/python3 -W ignore:setup.py install is deprecated -W ignore:easy_install command is deprecated setup.py develop --editable --build-directory /home/karol/ITB/URO/KRAI/ros2_ws/build/learning_tf2_py/build --no-deps symlink_data
