[0.034s] Invoking command in '/home/karol/ITB/URO/KRAI/ros2_ws/build/cpp_parameters': CMAKE_PREFIX_PATH=${CMAKE_PREFIX_PATH}:/opt/ros/humble /usr/bin/cmake /home/karol/ITB/URO/KRAI/ros2_ws/src/cpp_parameters -DCMAKE_INSTALL_PREFIX=/home/karol/ITB/URO/KRAI/ros2_ws/install/cpp_parameters
[0.052s] -- Found ament_cmake: 1.3.11 (/opt/ros/humble/share/ament_cmake/cmake)
[0.164s] -- Override CMake install command with custom implementation using symlinks instead of copying resources
[0.182s] -- Found rclcpp: 16.0.11 (/opt/ros/humble/share/rclcpp/cmake)
[0.224s] -- Found rosidl_generator_c: 3.1.6 (/opt/ros/humble/share/rosidl_generator_c/cmake)
[0.228s] -- Found rosidl_adapter: 3.1.6 (/opt/ros/humble/share/rosidl_adapter/cmake)
[0.235s] -- Found rosidl_generator_cpp: 3.1.6 (/opt/ros/humble/share/rosidl_generator_cpp/cmake)
[0.250s] -- Using all available rosidl_typesupport_c: rosidl_typesupport_fastrtps_c;rosidl_typesupport_introspection_c
[0.264s] -- Using all available rosidl_typesupport_cpp: rosidl_typesupport_fastrtps_cpp;rosidl_typesupport_introspection_cpp
[0.302s] -- Found rmw_implementation_cmake: 6.1.2 (/opt/ros/humble/share/rmw_implementation_cmake/cmake)
[0.304s] -- Found rmw_cyclonedds_cpp: 1.3.4 (/opt/ros/humble/share/rmw_cyclonedds_cpp/cmake)
[0.332s] -- Using RMW implementation 'rmw_cyclonedds_cpp' as default
[0.399s] -- Found ament_lint_auto: 0.12.11 (/opt/ros/humble/share/ament_lint_auto/cmake)
[0.475s] -- Added test 'cppcheck' to perform static code analysis on C / C++ code
[0.475s] -- Configured cppcheck include dirs: 
[0.475s] -- Configured cppcheck exclude dirs and/or files: 
[0.476s] -- Added test 'flake8' to check Python code syntax and style conventions
[0.476s] -- Added test 'lint_cmake' to check CMake code style
[0.477s] -- Added test 'pep257' to check Python code against some of the docstring style conventions in PEP 257
[0.478s] -- Added test 'uncrustify' to check C / C++ code style
[0.478s] -- Configured uncrustify additional arguments: 
[0.478s] -- Added test 'xmllint' to check XML markup files
[0.479s] -- Configuring done
[0.491s] -- Generating done
[0.496s] -- Build files have been written to: /home/karol/ITB/URO/KRAI/ros2_ws/build/cpp_parameters
[0.508s] Invoked command in '/home/karol/ITB/URO/KRAI/ros2_ws/build/cpp_parameters' returned '0': CMAKE_PREFIX_PATH=${CMAKE_PREFIX_PATH}:/opt/ros/humble /usr/bin/cmake /home/karol/ITB/URO/KRAI/ros2_ws/src/cpp_parameters -DCMAKE_INSTALL_PREFIX=/home/karol/ITB/URO/KRAI/ros2_ws/install/cpp_parameters
[0.510s] Invoking command in '/home/karol/ITB/URO/KRAI/ros2_ws/build/cpp_parameters': CMAKE_PREFIX_PATH=${CMAKE_PREFIX_PATH}:/opt/ros/humble /usr/bin/cmake --build /home/karol/ITB/URO/KRAI/ros2_ws/build/cpp_parameters -- -j22 -l22
[0.549s] [35m[1mConsolidate compiler generated dependencies of target minimal_param_node[0m
[0.565s] [100%] Built target minimal_param_node
[0.575s] Invoked command in '/home/karol/ITB/URO/KRAI/ros2_ws/build/cpp_parameters' returned '0': CMAKE_PREFIX_PATH=${CMAKE_PREFIX_PATH}:/opt/ros/humble /usr/bin/cmake --build /home/karol/ITB/URO/KRAI/ros2_ws/build/cpp_parameters -- -j22 -l22
[0.588s] Invoking command in '/home/karol/ITB/URO/KRAI/ros2_ws/build/cpp_parameters': CMAKE_PREFIX_PATH=${CMAKE_PREFIX_PATH}:/opt/ros/humble /usr/bin/cmake --install /home/karol/ITB/URO/KRAI/ros2_ws/build/cpp_parameters
[0.596s] -- Install configuration: ""
[0.596s] -- Execute custom install script
[0.597s] -- Up-to-date symlink: /home/karol/ITB/URO/KRAI/ros2_ws/install/cpp_parameters/lib/cpp_parameters/minimal_param_node
[0.597s] -- Up-to-date symlink: /home/karol/ITB/URO/KRAI/ros2_ws/install/cpp_parameters/share/cpp_parameters/launch/cpp_params_launch.py
[0.597s] -- Up-to-date symlink: /home/karol/ITB/URO/KRAI/ros2_ws/install/cpp_parameters/share/cpp_parameters/params/minimal_param_node.yaml
[0.597s] -- Up-to-date symlink: /home/karol/ITB/URO/KRAI/ros2_ws/install/cpp_parameters/share/ament_index/resource_index/package_run_dependencies/cpp_parameters
[0.597s] -- Up-to-date symlink: /home/karol/ITB/URO/KRAI/ros2_ws/install/cpp_parameters/share/ament_index/resource_index/parent_prefix_path/cpp_parameters
[0.597s] -- Up-to-date symlink: /home/karol/ITB/URO/KRAI/ros2_ws/install/cpp_parameters/share/cpp_parameters/environment/ament_prefix_path.sh
[0.598s] -- Up-to-date symlink: /home/karol/ITB/URO/KRAI/ros2_ws/install/cpp_parameters/share/cpp_parameters/environment/ament_prefix_path.dsv
[0.598s] -- Up-to-date symlink: /home/karol/ITB/URO/KRAI/ros2_ws/install/cpp_parameters/share/cpp_parameters/environment/path.sh
[0.598s] -- Up-to-date symlink: /home/karol/ITB/URO/KRAI/ros2_ws/install/cpp_parameters/share/cpp_parameters/environment/path.dsv
[0.598s] -- Up-to-date symlink: /home/karol/ITB/URO/KRAI/ros2_ws/install/cpp_parameters/share/cpp_parameters/local_setup.bash
[0.598s] -- Up-to-date symlink: /home/karol/ITB/URO/KRAI/ros2_ws/install/cpp_parameters/share/cpp_parameters/local_setup.sh
[0.598s] -- Up-to-date symlink: /home/karol/ITB/URO/KRAI/ros2_ws/install/cpp_parameters/share/cpp_parameters/local_setup.zsh
[0.598s] -- Up-to-date symlink: /home/karol/ITB/URO/KRAI/ros2_ws/install/cpp_parameters/share/cpp_parameters/local_setup.dsv
[0.598s] -- Symlinking: /home/karol/ITB/URO/KRAI/ros2_ws/install/cpp_parameters/share/cpp_parameters/package.dsv
[0.610s] -- Up-to-date symlink: /home/karol/ITB/URO/KRAI/ros2_ws/install/cpp_parameters/share/ament_index/resource_index/packages/cpp_parameters
[0.610s] -- Up-to-date symlink: /home/karol/ITB/URO/KRAI/ros2_ws/install/cpp_parameters/share/cpp_parameters/cmake/cpp_parametersConfig.cmake
[0.610s] -- Up-to-date symlink: /home/karol/ITB/URO/KRAI/ros2_ws/install/cpp_parameters/share/cpp_parameters/cmake/cpp_parametersConfig-version.cmake
[0.610s] -- Up-to-date symlink: /home/karol/ITB/URO/KRAI/ros2_ws/install/cpp_parameters/share/cpp_parameters/package.xml
[0.612s] Invoked command in '/home/karol/ITB/URO/KRAI/ros2_ws/build/cpp_parameters' returned '0': CMAKE_PREFIX_PATH=${CMAKE_PREFIX_PATH}:/opt/ros/humble /usr/bin/cmake --install /home/karol/ITB/URO/KRAI/ros2_ws/build/cpp_parameters
