[0.020s] Invoking command in '/home/karol/ITB/URO/KRAI/ros2_ws/build/action_tutorials_cpp': CMAKE_PREFIX_PATH=/home/karol/ITB/URO/KRAI/ros2_ws/install/action_tutorials_interfaces:/home/karol/ITB/URO/KRAI/ros2_ws/install/urdf_tutorial:/home/karol/ITB/URO/KRAI/ros2_ws/install/tutorial_interfaces:/home/karol/ITB/URO/KRAI/ros2_ws/install/package1:/home/karol/ITB/URO/KRAI/ros2_ws/install/lumina_simulation:/home/karol/ITB/URO/KRAI/ros2_ws/install/cpp_srvcli:/home/karol/ITB/URO/KRAI/ros2_ws/install/cpp_parameters:/home/karol/ITB/URO/KRAI/ros2_ws/install/action_tutorials_cpp:/home/karol/turtlebot3_ws/install/turtlebot3_simulations:/home/karol/turtlebot3_ws/install/turtlebot3_gazebo:/home/karol/turtlebot3_ws/install/turtlebot3_fake_node:/home/karol/turtlebot3_ws/install/nav2_rrtstar_planner:/home/karol/ITB/URO/KRAI/ros2_learn/urdf_example/install/urdf_example:/home/karol/ITB/URO/KRAI/nebula/nebula-ws/install/omnidirectional_controllers:/home/karol/ITB/URO/KRAI/nebula/nebula-ws/install/omni_wheel_controller:/home/karol/ITB/URO/KRAI/nebula/nebula-ws/install/nebula_navigation:/home/karol/ITB/URO/KRAI/nebula/nebula-ws/install/nebula_localization:/home/karol/ITB/URO/KRAI/nebula/nebula-ws/install/nebula_hardware_interfaces:/home/karol/ITB/URO/KRAI/nebula/nebula-ws/install/nebula_firmware:/home/karol/ITB/URO/KRAI/nebula/nebula-ws/install/nebula_controller:/home/karol/ITB/URO/KRAI/nebula/nebula-ws/install/nebula_config:/home/karol/ITB/URO/KRAI/nebula/nebula-ws/install/nebula_bringup:/home/karol/ITB/URO/KRAI/nebula/nebula-ws/install/axebot_description:/home/karol/ITB/URO/KRAI/ros2_ws/src/tutorial_interfaces/install/tutorial_interfaces:/home/karol/ITB/URO/KRAI/ros2_ws/install/launch_tutorial:/opt/ros/humble LD_LIBRARY_PATH=/home/karol/ITB/URO/KRAI/ros2_ws/install/action_tutorials_interfaces/lib:/home/karol/ITB/URO/KRAI/ros2_ws/install/tutorial_interfaces/lib:/home/karol/ITB/URO/KRAI/ros2_ws/install/package1/lib:/home/karol/ITB/URO/KRAI/ros2_ws/install/action_tutorials_cpp/lib:/home/karol/turtlebot3_ws/install/nav2_rrtstar_planner/lib:/home/karol/ITB/URO/KRAI/nebula/nebula-ws/install/omnidirectional_controllers/lib:/home/karol/ITB/URO/KRAI/nebula/nebula-ws/install/omni_wheel_controller/lib:/home/karol/ITB/URO/KRAI/nebula/nebula-ws/install/nebula_firmware/lib:/home/karol/ITB/URO/KRAI/ros2_ws/src/tutorial_interfaces/install/tutorial_interfaces/lib:/usr/lib/x86_64-linux-gnu/gazebo-11/plugins:/opt/ros/humble/opt/rviz_ogre_vendor/lib:/opt/ros/humble/lib/x86_64-linux-gnu:/opt/ros/humble/lib:/usr/lib/x86_64-linux-gnu/gazebo-11/plugins:/usr/lib/x86_64-linux-gnu/gazebo-11/plugins:/usr/lib/x86_64-linux-gnu/gazebo-11/plugins /usr/bin/cmake /home/karol/ITB/URO/KRAI/ros2_ws/src/action_tutorials_cpp -DCMAKE_INSTALL_PREFIX=/home/karol/ITB/URO/KRAI/ros2_ws/install/action_tutorials_cpp
[0.081s] -- The C compiler identification is GNU 11.4.0
[0.134s] -- The CXX compiler identification is GNU 11.4.0
[0.142s] -- Detecting C compiler ABI info
[0.205s] -- Detecting C compiler ABI info - done
[0.213s] -- Check for working C compiler: /usr/bin/cc - skipped
[0.213s] -- Detecting C compile features
[0.214s] -- Detecting C compile features - done
[0.217s] -- Detecting CXX compiler ABI info
[0.304s] -- Detecting CXX compiler ABI info - done
[0.311s] -- Check for working CXX compiler: /usr/bin/c++ - skipped
[0.311s] -- Detecting CXX compile features
[0.312s] -- Detecting CXX compile features - done
[0.314s] -- Found ament_cmake: 1.3.11 (/opt/ros/humble/share/ament_cmake/cmake)
[0.468s] -- Found Python3: /usr/bin/python3 (found version "3.10.12") found components: Interpreter 
[0.553s] -- Found action_tutorials_interfaces: 0.0.0 (/home/karol/ITB/URO/KRAI/ros2_ws/install/action_tutorials_interfaces/share/action_tutorials_interfaces/cmake)
[0.592s] -- Found rosidl_generator_c: 3.1.6 (/opt/ros/humble/share/rosidl_generator_c/cmake)
[0.598s] -- Found rosidl_adapter: 3.1.6 (/opt/ros/humble/share/rosidl_adapter/cmake)
[0.605s] -- Found rosidl_generator_cpp: 3.1.6 (/opt/ros/humble/share/rosidl_generator_cpp/cmake)
[0.615s] -- Using all available rosidl_typesupport_c: rosidl_typesupport_fastrtps_c;rosidl_typesupport_introspection_c
[0.628s] -- Using all available rosidl_typesupport_cpp: rosidl_typesupport_fastrtps_cpp;rosidl_typesupport_introspection_cpp
[0.665s] -- Found rclcpp: 16.0.11 (/opt/ros/humble/share/rclcpp/cmake)
[0.697s] -- Found rmw_implementation_cmake: 6.1.2 (/opt/ros/humble/share/rmw_implementation_cmake/cmake)
[0.699s] -- Found rmw_cyclonedds_cpp: 1.3.4 (/opt/ros/humble/share/rmw_cyclonedds_cpp/cmake)
[0.717s] -- Using RMW implementation 'rmw_cyclonedds_cpp' as default
[0.725s] -- Looking for pthread.h
[0.820s] -- Looking for pthread.h - found
[0.821s] -- Performing Test CMAKE_HAVE_LIBC_PTHREAD
[0.903s] -- Performing Test CMAKE_HAVE_LIBC_PTHREAD - Success
[0.903s] -- Found Threads: TRUE  
[0.944s] -- Found rclcpp_action: 16.0.11 (/opt/ros/humble/share/rclcpp_action/cmake)
[0.954s] -- Found rclcpp_components: 16.0.11 (/opt/ros/humble/share/rclcpp_components/cmake)
[0.985s] -- Found ament_lint_auto: 0.12.11 (/opt/ros/humble/share/ament_lint_auto/cmake)
[1.047s] -- Added test 'cppcheck' to perform static code analysis on C / C++ code
[1.048s] -- Configured cppcheck include dirs: $<BUILD_INTERFACE:/home/karol/ITB/URO/KRAI/ros2_ws/src/action_tutorials_cpp/include>
[1.048s] -- Configured cppcheck exclude dirs and/or files: 
[1.049s] -- Added test 'lint_cmake' to check CMake code style
[1.049s] -- Added test 'uncrustify' to check C / C++ code style
[1.049s] -- Configured uncrustify additional arguments: 
[1.050s] -- Added test 'xmllint' to check XML markup files
[1.050s] -- Configuring done
[1.062s] -- Generating done
[1.068s] -- Build files have been written to: /home/karol/ITB/URO/KRAI/ros2_ws/build/action_tutorials_cpp
[1.077s] Invoked command in '/home/karol/ITB/URO/KRAI/ros2_ws/build/action_tutorials_cpp' returned '0': CMAKE_PREFIX_PATH=/home/karol/ITB/URO/KRAI/ros2_ws/install/action_tutorials_interfaces:/home/karol/ITB/URO/KRAI/ros2_ws/install/urdf_tutorial:/home/karol/ITB/URO/KRAI/ros2_ws/install/tutorial_interfaces:/home/karol/ITB/URO/KRAI/ros2_ws/install/package1:/home/karol/ITB/URO/KRAI/ros2_ws/install/lumina_simulation:/home/karol/ITB/URO/KRAI/ros2_ws/install/cpp_srvcli:/home/karol/ITB/URO/KRAI/ros2_ws/install/cpp_parameters:/home/karol/ITB/URO/KRAI/ros2_ws/install/action_tutorials_cpp:/home/karol/turtlebot3_ws/install/turtlebot3_simulations:/home/karol/turtlebot3_ws/install/turtlebot3_gazebo:/home/karol/turtlebot3_ws/install/turtlebot3_fake_node:/home/karol/turtlebot3_ws/install/nav2_rrtstar_planner:/home/karol/ITB/URO/KRAI/ros2_learn/urdf_example/install/urdf_example:/home/karol/ITB/URO/KRAI/nebula/nebula-ws/install/omnidirectional_controllers:/home/karol/ITB/URO/KRAI/nebula/nebula-ws/install/omni_wheel_controller:/home/karol/ITB/URO/KRAI/nebula/nebula-ws/install/nebula_navigation:/home/karol/ITB/URO/KRAI/nebula/nebula-ws/install/nebula_localization:/home/karol/ITB/URO/KRAI/nebula/nebula-ws/install/nebula_hardware_interfaces:/home/karol/ITB/URO/KRAI/nebula/nebula-ws/install/nebula_firmware:/home/karol/ITB/URO/KRAI/nebula/nebula-ws/install/nebula_controller:/home/karol/ITB/URO/KRAI/nebula/nebula-ws/install/nebula_config:/home/karol/ITB/URO/KRAI/nebula/nebula-ws/install/nebula_bringup:/home/karol/ITB/URO/KRAI/nebula/nebula-ws/install/axebot_description:/home/karol/ITB/URO/KRAI/ros2_ws/src/tutorial_interfaces/install/tutorial_interfaces:/home/karol/ITB/URO/KRAI/ros2_ws/install/launch_tutorial:/opt/ros/humble LD_LIBRARY_PATH=/home/karol/ITB/URO/KRAI/ros2_ws/install/action_tutorials_interfaces/lib:/home/karol/ITB/URO/KRAI/ros2_ws/install/tutorial_interfaces/lib:/home/karol/ITB/URO/KRAI/ros2_ws/install/package1/lib:/home/karol/ITB/URO/KRAI/ros2_ws/install/action_tutorials_cpp/lib:/home/karol/turtlebot3_ws/install/nav2_rrtstar_planner/lib:/home/karol/ITB/URO/KRAI/nebula/nebula-ws/install/omnidirectional_controllers/lib:/home/karol/ITB/URO/KRAI/nebula/nebula-ws/install/omni_wheel_controller/lib:/home/karol/ITB/URO/KRAI/nebula/nebula-ws/install/nebula_firmware/lib:/home/karol/ITB/URO/KRAI/ros2_ws/src/tutorial_interfaces/install/tutorial_interfaces/lib:/usr/lib/x86_64-linux-gnu/gazebo-11/plugins:/opt/ros/humble/opt/rviz_ogre_vendor/lib:/opt/ros/humble/lib/x86_64-linux-gnu:/opt/ros/humble/lib:/usr/lib/x86_64-linux-gnu/gazebo-11/plugins:/usr/lib/x86_64-linux-gnu/gazebo-11/plugins:/usr/lib/x86_64-linux-gnu/gazebo-11/plugins /usr/bin/cmake /home/karol/ITB/URO/KRAI/ros2_ws/src/action_tutorials_cpp -DCMAKE_INSTALL_PREFIX=/home/karol/ITB/URO/KRAI/ros2_ws/install/action_tutorials_cpp
[1.079s] Invoking command in '/home/karol/ITB/URO/KRAI/ros2_ws/build/action_tutorials_cpp': CMAKE_PREFIX_PATH=/home/karol/ITB/URO/KRAI/ros2_ws/install/action_tutorials_interfaces:/home/karol/ITB/URO/KRAI/ros2_ws/install/urdf_tutorial:/home/karol/ITB/URO/KRAI/ros2_ws/install/tutorial_interfaces:/home/karol/ITB/URO/KRAI/ros2_ws/install/package1:/home/karol/ITB/URO/KRAI/ros2_ws/install/lumina_simulation:/home/karol/ITB/URO/KRAI/ros2_ws/install/cpp_srvcli:/home/karol/ITB/URO/KRAI/ros2_ws/install/cpp_parameters:/home/karol/ITB/URO/KRAI/ros2_ws/install/action_tutorials_cpp:/home/karol/turtlebot3_ws/install/turtlebot3_simulations:/home/karol/turtlebot3_ws/install/turtlebot3_gazebo:/home/karol/turtlebot3_ws/install/turtlebot3_fake_node:/home/karol/turtlebot3_ws/install/nav2_rrtstar_planner:/home/karol/ITB/URO/KRAI/ros2_learn/urdf_example/install/urdf_example:/home/karol/ITB/URO/KRAI/nebula/nebula-ws/install/omnidirectional_controllers:/home/karol/ITB/URO/KRAI/nebula/nebula-ws/install/omni_wheel_controller:/home/karol/ITB/URO/KRAI/nebula/nebula-ws/install/nebula_navigation:/home/karol/ITB/URO/KRAI/nebula/nebula-ws/install/nebula_localization:/home/karol/ITB/URO/KRAI/nebula/nebula-ws/install/nebula_hardware_interfaces:/home/karol/ITB/URO/KRAI/nebula/nebula-ws/install/nebula_firmware:/home/karol/ITB/URO/KRAI/nebula/nebula-ws/install/nebula_controller:/home/karol/ITB/URO/KRAI/nebula/nebula-ws/install/nebula_config:/home/karol/ITB/URO/KRAI/nebula/nebula-ws/install/nebula_bringup:/home/karol/ITB/URO/KRAI/nebula/nebula-ws/install/axebot_description:/home/karol/ITB/URO/KRAI/ros2_ws/src/tutorial_interfaces/install/tutorial_interfaces:/home/karol/ITB/URO/KRAI/ros2_ws/install/launch_tutorial:/opt/ros/humble LD_LIBRARY_PATH=/home/karol/ITB/URO/KRAI/ros2_ws/install/action_tutorials_interfaces/lib:/home/karol/ITB/URO/KRAI/ros2_ws/install/tutorial_interfaces/lib:/home/karol/ITB/URO/KRAI/ros2_ws/install/package1/lib:/home/karol/ITB/URO/KRAI/ros2_ws/install/action_tutorials_cpp/lib:/home/karol/turtlebot3_ws/install/nav2_rrtstar_planner/lib:/home/karol/ITB/URO/KRAI/nebula/nebula-ws/install/omnidirectional_controllers/lib:/home/karol/ITB/URO/KRAI/nebula/nebula-ws/install/omni_wheel_controller/lib:/home/karol/ITB/URO/KRAI/nebula/nebula-ws/install/nebula_firmware/lib:/home/karol/ITB/URO/KRAI/ros2_ws/src/tutorial_interfaces/install/tutorial_interfaces/lib:/usr/lib/x86_64-linux-gnu/gazebo-11/plugins:/opt/ros/humble/opt/rviz_ogre_vendor/lib:/opt/ros/humble/lib/x86_64-linux-gnu:/opt/ros/humble/lib:/usr/lib/x86_64-linux-gnu/gazebo-11/plugins:/usr/lib/x86_64-linux-gnu/gazebo-11/plugins:/usr/lib/x86_64-linux-gnu/gazebo-11/plugins /usr/bin/cmake --build /home/karol/ITB/URO/KRAI/ros2_ws/build/action_tutorials_cpp -- -j22 -l22
[1.131s] [ 12%] [32mBuilding CXX object CMakeFiles/fibonacci_action_client.dir/rclcpp_components/node_main_fibonacci_action_client.cpp.o[0m
[1.133s] [ 37%] [32mBuilding CXX object CMakeFiles/action_server.dir/src/fibonacci_action_server.cpp.o[0m
[1.133s] [ 37%] [32mBuilding CXX object CMakeFiles/fibonacci_action_server.dir/rclcpp_components/node_main_fibonacci_action_server.cpp.o[0m
[1.135s] [ 50%] [32mBuilding CXX object CMakeFiles/action_client.dir/src/fibonacci_action_client.cpp.o[0m
[4.575s] [ 62%] [32m[1mLinking CXX executable fibonacci_action_client[0m
[4.812s] [ 62%] Built target fibonacci_action_client
[4.879s] [ 75%] [32m[1mLinking CXX executable fibonacci_action_server[0m
[5.114s] [ 75%] Built target fibonacci_action_server
[6.647s] [ 87%] [32m[1mLinking CXX shared library libaction_server.so[0m
[7.014s] [ 87%] Built target action_server
[7.679s] [100%] [32m[1mLinking CXX shared library libaction_client.so[0m
[7.991s] [100%] Built target action_client
[8.014s] Invoked command in '/home/karol/ITB/URO/KRAI/ros2_ws/build/action_tutorials_cpp' returned '0': CMAKE_PREFIX_PATH=/home/karol/ITB/URO/KRAI/ros2_ws/install/action_tutorials_interfaces:/home/karol/ITB/URO/KRAI/ros2_ws/install/urdf_tutorial:/home/karol/ITB/URO/KRAI/ros2_ws/install/tutorial_interfaces:/home/karol/ITB/URO/KRAI/ros2_ws/install/package1:/home/karol/ITB/URO/KRAI/ros2_ws/install/lumina_simulation:/home/karol/ITB/URO/KRAI/ros2_ws/install/cpp_srvcli:/home/karol/ITB/URO/KRAI/ros2_ws/install/cpp_parameters:/home/karol/ITB/URO/KRAI/ros2_ws/install/action_tutorials_cpp:/home/karol/turtlebot3_ws/install/turtlebot3_simulations:/home/karol/turtlebot3_ws/install/turtlebot3_gazebo:/home/karol/turtlebot3_ws/install/turtlebot3_fake_node:/home/karol/turtlebot3_ws/install/nav2_rrtstar_planner:/home/karol/ITB/URO/KRAI/ros2_learn/urdf_example/install/urdf_example:/home/karol/ITB/URO/KRAI/nebula/nebula-ws/install/omnidirectional_controllers:/home/karol/ITB/URO/KRAI/nebula/nebula-ws/install/omni_wheel_controller:/home/karol/ITB/URO/KRAI/nebula/nebula-ws/install/nebula_navigation:/home/karol/ITB/URO/KRAI/nebula/nebula-ws/install/nebula_localization:/home/karol/ITB/URO/KRAI/nebula/nebula-ws/install/nebula_hardware_interfaces:/home/karol/ITB/URO/KRAI/nebula/nebula-ws/install/nebula_firmware:/home/karol/ITB/URO/KRAI/nebula/nebula-ws/install/nebula_controller:/home/karol/ITB/URO/KRAI/nebula/nebula-ws/install/nebula_config:/home/karol/ITB/URO/KRAI/nebula/nebula-ws/install/nebula_bringup:/home/karol/ITB/URO/KRAI/nebula/nebula-ws/install/axebot_description:/home/karol/ITB/URO/KRAI/ros2_ws/src/tutorial_interfaces/install/tutorial_interfaces:/home/karol/ITB/URO/KRAI/ros2_ws/install/launch_tutorial:/opt/ros/humble LD_LIBRARY_PATH=/home/karol/ITB/URO/KRAI/ros2_ws/install/action_tutorials_interfaces/lib:/home/karol/ITB/URO/KRAI/ros2_ws/install/tutorial_interfaces/lib:/home/karol/ITB/URO/KRAI/ros2_ws/install/package1/lib:/home/karol/ITB/URO/KRAI/ros2_ws/install/action_tutorials_cpp/lib:/home/karol/turtlebot3_ws/install/nav2_rrtstar_planner/lib:/home/karol/ITB/URO/KRAI/nebula/nebula-ws/install/omnidirectional_controllers/lib:/home/karol/ITB/URO/KRAI/nebula/nebula-ws/install/omni_wheel_controller/lib:/home/karol/ITB/URO/KRAI/nebula/nebula-ws/install/nebula_firmware/lib:/home/karol/ITB/URO/KRAI/ros2_ws/src/tutorial_interfaces/install/tutorial_interfaces/lib:/usr/lib/x86_64-linux-gnu/gazebo-11/plugins:/opt/ros/humble/opt/rviz_ogre_vendor/lib:/opt/ros/humble/lib/x86_64-linux-gnu:/opt/ros/humble/lib:/usr/lib/x86_64-linux-gnu/gazebo-11/plugins:/usr/lib/x86_64-linux-gnu/gazebo-11/plugins:/usr/lib/x86_64-linux-gnu/gazebo-11/plugins /usr/bin/cmake --build /home/karol/ITB/URO/KRAI/ros2_ws/build/action_tutorials_cpp -- -j22 -l22
[8.018s] Invoking command in '/home/karol/ITB/URO/KRAI/ros2_ws/build/action_tutorials_cpp': CMAKE_PREFIX_PATH=/home/karol/ITB/URO/KRAI/ros2_ws/install/action_tutorials_interfaces:/home/karol/ITB/URO/KRAI/ros2_ws/install/urdf_tutorial:/home/karol/ITB/URO/KRAI/ros2_ws/install/tutorial_interfaces:/home/karol/ITB/URO/KRAI/ros2_ws/install/package1:/home/karol/ITB/URO/KRAI/ros2_ws/install/lumina_simulation:/home/karol/ITB/URO/KRAI/ros2_ws/install/cpp_srvcli:/home/karol/ITB/URO/KRAI/ros2_ws/install/cpp_parameters:/home/karol/ITB/URO/KRAI/ros2_ws/install/action_tutorials_cpp:/home/karol/turtlebot3_ws/install/turtlebot3_simulations:/home/karol/turtlebot3_ws/install/turtlebot3_gazebo:/home/karol/turtlebot3_ws/install/turtlebot3_fake_node:/home/karol/turtlebot3_ws/install/nav2_rrtstar_planner:/home/karol/ITB/URO/KRAI/ros2_learn/urdf_example/install/urdf_example:/home/karol/ITB/URO/KRAI/nebula/nebula-ws/install/omnidirectional_controllers:/home/karol/ITB/URO/KRAI/nebula/nebula-ws/install/omni_wheel_controller:/home/karol/ITB/URO/KRAI/nebula/nebula-ws/install/nebula_navigation:/home/karol/ITB/URO/KRAI/nebula/nebula-ws/install/nebula_localization:/home/karol/ITB/URO/KRAI/nebula/nebula-ws/install/nebula_hardware_interfaces:/home/karol/ITB/URO/KRAI/nebula/nebula-ws/install/nebula_firmware:/home/karol/ITB/URO/KRAI/nebula/nebula-ws/install/nebula_controller:/home/karol/ITB/URO/KRAI/nebula/nebula-ws/install/nebula_config:/home/karol/ITB/URO/KRAI/nebula/nebula-ws/install/nebula_bringup:/home/karol/ITB/URO/KRAI/nebula/nebula-ws/install/axebot_description:/home/karol/ITB/URO/KRAI/ros2_ws/src/tutorial_interfaces/install/tutorial_interfaces:/home/karol/ITB/URO/KRAI/ros2_ws/install/launch_tutorial:/opt/ros/humble LD_LIBRARY_PATH=/home/karol/ITB/URO/KRAI/ros2_ws/install/action_tutorials_interfaces/lib:/home/karol/ITB/URO/KRAI/ros2_ws/install/tutorial_interfaces/lib:/home/karol/ITB/URO/KRAI/ros2_ws/install/package1/lib:/home/karol/ITB/URO/KRAI/ros2_ws/install/action_tutorials_cpp/lib:/home/karol/turtlebot3_ws/install/nav2_rrtstar_planner/lib:/home/karol/ITB/URO/KRAI/nebula/nebula-ws/install/omnidirectional_controllers/lib:/home/karol/ITB/URO/KRAI/nebula/nebula-ws/install/omni_wheel_controller/lib:/home/karol/ITB/URO/KRAI/nebula/nebula-ws/install/nebula_firmware/lib:/home/karol/ITB/URO/KRAI/ros2_ws/src/tutorial_interfaces/install/tutorial_interfaces/lib:/usr/lib/x86_64-linux-gnu/gazebo-11/plugins:/opt/ros/humble/opt/rviz_ogre_vendor/lib:/opt/ros/humble/lib/x86_64-linux-gnu:/opt/ros/humble/lib:/usr/lib/x86_64-linux-gnu/gazebo-11/plugins:/usr/lib/x86_64-linux-gnu/gazebo-11/plugins:/usr/lib/x86_64-linux-gnu/gazebo-11/plugins /usr/bin/cmake --install /home/karol/ITB/URO/KRAI/ros2_ws/build/action_tutorials_cpp
[8.032s] -- Install configuration: ""
[8.032s] -- Installing: /home/karol/ITB/URO/KRAI/ros2_ws/install/action_tutorials_cpp/lib/action_tutorials_cpp/fibonacci_action_server
[8.033s] -- Set runtime path of "/home/karol/ITB/URO/KRAI/ros2_ws/install/action_tutorials_cpp/lib/action_tutorials_cpp/fibonacci_action_server" to ""
[8.033s] -- Installing: /home/karol/ITB/URO/KRAI/ros2_ws/install/action_tutorials_cpp/lib/libaction_server.so
[8.035s] -- Set runtime path of "/home/karol/ITB/URO/KRAI/ros2_ws/install/action_tutorials_cpp/lib/libaction_server.so" to ""
[8.035s] -- Installing: /home/karol/ITB/URO/KRAI/ros2_ws/install/action_tutorials_cpp/lib/action_tutorials_cpp/fibonacci_action_client
[8.036s] -- Set runtime path of "/home/karol/ITB/URO/KRAI/ros2_ws/install/action_tutorials_cpp/lib/action_tutorials_cpp/fibonacci_action_client" to ""
[8.036s] -- Installing: /home/karol/ITB/URO/KRAI/ros2_ws/install/action_tutorials_cpp/lib/libaction_client.so
[8.038s] -- Set runtime path of "/home/karol/ITB/URO/KRAI/ros2_ws/install/action_tutorials_cpp/lib/libaction_client.so" to ""
[8.038s] -- Installing: /home/karol/ITB/URO/KRAI/ros2_ws/install/action_tutorials_cpp/share/ament_index/resource_index/package_run_dependencies/action_tutorials_cpp
[8.038s] -- Installing: /home/karol/ITB/URO/KRAI/ros2_ws/install/action_tutorials_cpp/share/ament_index/resource_index/parent_prefix_path/action_tutorials_cpp
[8.039s] -- Installing: /home/karol/ITB/URO/KRAI/ros2_ws/install/action_tutorials_cpp/share/action_tutorials_cpp/environment/ament_prefix_path.sh
[8.039s] -- Installing: /home/karol/ITB/URO/KRAI/ros2_ws/install/action_tutorials_cpp/share/action_tutorials_cpp/environment/ament_prefix_path.dsv
[8.039s] -- Installing: /home/karol/ITB/URO/KRAI/ros2_ws/install/action_tutorials_cpp/share/action_tutorials_cpp/environment/path.sh
[8.039s] -- Installing: /home/karol/ITB/URO/KRAI/ros2_ws/install/action_tutorials_cpp/share/action_tutorials_cpp/environment/path.dsv
[8.039s] -- Installing: /home/karol/ITB/URO/KRAI/ros2_ws/install/action_tutorials_cpp/share/action_tutorials_cpp/local_setup.bash
[8.040s] -- Installing: /home/karol/ITB/URO/KRAI/ros2_ws/install/action_tutorials_cpp/share/action_tutorials_cpp/local_setup.sh
[8.040s] -- Installing: /home/karol/ITB/URO/KRAI/ros2_ws/install/action_tutorials_cpp/share/action_tutorials_cpp/local_setup.zsh
[8.040s] -- Installing: /home/karol/ITB/URO/KRAI/ros2_ws/install/action_tutorials_cpp/share/action_tutorials_cpp/local_setup.dsv
[8.041s] -- Installing: /home/karol/ITB/URO/KRAI/ros2_ws/install/action_tutorials_cpp/share/action_tutorials_cpp/package.dsv
[8.041s] -- Installing: /home/karol/ITB/URO/KRAI/ros2_ws/install/action_tutorials_cpp/share/ament_index/resource_index/packages/action_tutorials_cpp
[8.041s] -- Installing: /home/karol/ITB/URO/KRAI/ros2_ws/install/action_tutorials_cpp/share/ament_index/resource_index/rclcpp_components/action_tutorials_cpp
[8.041s] -- Installing: /home/karol/ITB/URO/KRAI/ros2_ws/install/action_tutorials_cpp/share/action_tutorials_cpp/cmake/action_tutorials_cppConfig.cmake
[8.041s] -- Installing: /home/karol/ITB/URO/KRAI/ros2_ws/install/action_tutorials_cpp/share/action_tutorials_cpp/cmake/action_tutorials_cppConfig-version.cmake
[8.042s] -- Installing: /home/karol/ITB/URO/KRAI/ros2_ws/install/action_tutorials_cpp/share/action_tutorials_cpp/package.xml
[8.045s] Invoked command in '/home/karol/ITB/URO/KRAI/ros2_ws/build/action_tutorials_cpp' returned '0': CMAKE_PREFIX_PATH=/home/karol/ITB/URO/KRAI/ros2_ws/install/action_tutorials_interfaces:/home/karol/ITB/URO/KRAI/ros2_ws/install/urdf_tutorial:/home/karol/ITB/URO/KRAI/ros2_ws/install/tutorial_interfaces:/home/karol/ITB/URO/KRAI/ros2_ws/install/package1:/home/karol/ITB/URO/KRAI/ros2_ws/install/lumina_simulation:/home/karol/ITB/URO/KRAI/ros2_ws/install/cpp_srvcli:/home/karol/ITB/URO/KRAI/ros2_ws/install/cpp_parameters:/home/karol/ITB/URO/KRAI/ros2_ws/install/action_tutorials_cpp:/home/karol/turtlebot3_ws/install/turtlebot3_simulations:/home/karol/turtlebot3_ws/install/turtlebot3_gazebo:/home/karol/turtlebot3_ws/install/turtlebot3_fake_node:/home/karol/turtlebot3_ws/install/nav2_rrtstar_planner:/home/karol/ITB/URO/KRAI/ros2_learn/urdf_example/install/urdf_example:/home/karol/ITB/URO/KRAI/nebula/nebula-ws/install/omnidirectional_controllers:/home/karol/ITB/URO/KRAI/nebula/nebula-ws/install/omni_wheel_controller:/home/karol/ITB/URO/KRAI/nebula/nebula-ws/install/nebula_navigation:/home/karol/ITB/URO/KRAI/nebula/nebula-ws/install/nebula_localization:/home/karol/ITB/URO/KRAI/nebula/nebula-ws/install/nebula_hardware_interfaces:/home/karol/ITB/URO/KRAI/nebula/nebula-ws/install/nebula_firmware:/home/karol/ITB/URO/KRAI/nebula/nebula-ws/install/nebula_controller:/home/karol/ITB/URO/KRAI/nebula/nebula-ws/install/nebula_config:/home/karol/ITB/URO/KRAI/nebula/nebula-ws/install/nebula_bringup:/home/karol/ITB/URO/KRAI/nebula/nebula-ws/install/axebot_description:/home/karol/ITB/URO/KRAI/ros2_ws/src/tutorial_interfaces/install/tutorial_interfaces:/home/karol/ITB/URO/KRAI/ros2_ws/install/launch_tutorial:/opt/ros/humble LD_LIBRARY_PATH=/home/karol/ITB/URO/KRAI/ros2_ws/install/action_tutorials_interfaces/lib:/home/karol/ITB/URO/KRAI/ros2_ws/install/tutorial_interfaces/lib:/home/karol/ITB/URO/KRAI/ros2_ws/install/package1/lib:/home/karol/ITB/URO/KRAI/ros2_ws/install/action_tutorials_cpp/lib:/home/karol/turtlebot3_ws/install/nav2_rrtstar_planner/lib:/home/karol/ITB/URO/KRAI/nebula/nebula-ws/install/omnidirectional_controllers/lib:/home/karol/ITB/URO/KRAI/nebula/nebula-ws/install/omni_wheel_controller/lib:/home/karol/ITB/URO/KRAI/nebula/nebula-ws/install/nebula_firmware/lib:/home/karol/ITB/URO/KRAI/ros2_ws/src/tutorial_interfaces/install/tutorial_interfaces/lib:/usr/lib/x86_64-linux-gnu/gazebo-11/plugins:/opt/ros/humble/opt/rviz_ogre_vendor/lib:/opt/ros/humble/lib/x86_64-linux-gnu:/opt/ros/humble/lib:/usr/lib/x86_64-linux-gnu/gazebo-11/plugins:/usr/lib/x86_64-linux-gnu/gazebo-11/plugins:/usr/lib/x86_64-linux-gnu/gazebo-11/plugins /usr/bin/cmake --install /home/karol/ITB/URO/KRAI/ros2_ws/build/action_tutorials_cpp
