[0.010s] Invoking command in '/home/karol/ITB/URO/KRAI/ros2_ws/build/cpp_parameters': CMAKE_PREFIX_PATH=${CMAKE_PREFIX_PATH}:/opt/ros/humble /usr/bin/cmake --build /home/karol/ITB/URO/KRAI/ros2_ws/build/cpp_parameters -- -j22 -l22
[0.056s] [100%] Built target minimal_param_node
[0.065s] Invoked command in '/home/karol/ITB/URO/KRAI/ros2_ws/build/cpp_parameters' returned '0': CMAKE_PREFIX_PATH=${CMAKE_PREFIX_PATH}:/opt/ros/humble /usr/bin/cmake --build /home/karol/ITB/URO/KRAI/ros2_ws/build/cpp_parameters -- -j22 -l22
[0.074s] Invoking command in '/home/karol/ITB/URO/KRAI/ros2_ws/build/cpp_parameters': CMAKE_PREFIX_PATH=${CMAKE_PREFIX_PATH}:/opt/ros/humble /usr/bin/cmake --install /home/karol/ITB/URO/KRAI/ros2_ws/build/cpp_parameters
[0.080s] -- Install configuration: ""
[0.081s] -- Execute custom install script
[0.081s] -- Up-to-date symlink: /home/karol/ITB/URO/KRAI/ros2_ws/install/cpp_parameters/lib/cpp_parameters/minimal_param_node
[0.081s] -- Up-to-date symlink: /home/karol/ITB/URO/KRAI/ros2_ws/install/cpp_parameters/share/cpp_parameters/launch/cpp_params_launch.py
[0.081s] -- Up-to-date symlink: /home/karol/ITB/URO/KRAI/ros2_ws/install/cpp_parameters/share/cpp_parameters/params/minimal_param_node.yaml
[0.081s] -- Up-to-date symlink: /home/karol/ITB/URO/KRAI/ros2_ws/install/cpp_parameters/share/ament_index/resource_index/package_run_dependencies/cpp_parameters
[0.081s] -- Up-to-date symlink: /home/karol/ITB/URO/KRAI/ros2_ws/install/cpp_parameters/share/ament_index/resource_index/parent_prefix_path/cpp_parameters
[0.081s] -- Up-to-date symlink: /home/karol/ITB/URO/KRAI/ros2_ws/install/cpp_parameters/share/cpp_parameters/environment/ament_prefix_path.sh
[0.082s] -- Up-to-date symlink: /home/karol/ITB/URO/KRAI/ros2_ws/install/cpp_parameters/share/cpp_parameters/environment/ament_prefix_path.dsv
[0.082s] -- Up-to-date symlink: /home/karol/ITB/URO/KRAI/ros2_ws/install/cpp_parameters/share/cpp_parameters/environment/path.sh
[0.082s] -- Up-to-date symlink: /home/karol/ITB/URO/KRAI/ros2_ws/install/cpp_parameters/share/cpp_parameters/environment/path.dsv
[0.082s] -- Up-to-date symlink: /home/karol/ITB/URO/KRAI/ros2_ws/install/cpp_parameters/share/cpp_parameters/local_setup.bash
[0.082s] -- Up-to-date symlink: /home/karol/ITB/URO/KRAI/ros2_ws/install/cpp_parameters/share/cpp_parameters/local_setup.sh
[0.082s] -- Up-to-date symlink: /home/karol/ITB/URO/KRAI/ros2_ws/install/cpp_parameters/share/cpp_parameters/local_setup.zsh
[0.082s] -- Up-to-date symlink: /home/karol/ITB/URO/KRAI/ros2_ws/install/cpp_parameters/share/cpp_parameters/local_setup.dsv
[0.082s] -- Symlinking: /home/karol/ITB/URO/KRAI/ros2_ws/install/cpp_parameters/share/cpp_parameters/package.dsv
[0.089s] -- Up-to-date symlink: /home/karol/ITB/URO/KRAI/ros2_ws/install/cpp_parameters/share/ament_index/resource_index/packages/cpp_parameters
[0.089s] -- Up-to-date symlink: /home/karol/ITB/URO/KRAI/ros2_ws/install/cpp_parameters/share/cpp_parameters/cmake/cpp_parametersConfig.cmake
[0.089s] -- Up-to-date symlink: /home/karol/ITB/URO/KRAI/ros2_ws/install/cpp_parameters/share/cpp_parameters/cmake/cpp_parametersConfig-version.cmake
[0.089s] -- Up-to-date symlink: /home/karol/ITB/URO/KRAI/ros2_ws/install/cpp_parameters/share/cpp_parameters/package.xml
[0.091s] Invoked command in '/home/karol/ITB/URO/KRAI/ros2_ws/build/cpp_parameters' returned '0': CMAKE_PREFIX_PATH=${CMAKE_PREFIX_PATH}:/opt/ros/humble /usr/bin/cmake --install /home/karol/ITB/URO/KRAI/ros2_ws/build/cpp_parameters
