[0.054s] DEBUG:colcon:Command line arguments: ['/usr/bin/colcon', 'build', '--symlink-install']
[0.054s] DEBUG:colcon:Parsed command line arguments: Namespace(log_base=None, log_level=None, verb_name='build', build_base='build', install_base='install', merge_install=False, symlink_install=True, test_result_base=None, continue_on_error=False, executor='parallel', parallel_workers=22, event_handlers=None, ignore_user_meta=False, metas=['./colcon.meta'], base_paths=['.'], packages_ignore=None, packages_ignore_regex=None, paths=None, packages_up_to=None, packages_up_to_regex=None, packages_above=None, packages_above_and_dependencies=None, packages_above_depth=None, packages_select_by_dep=None, packages_skip_by_dep=None, packages_skip_up_to=None, packages_select_build_failed=False, packages_skip_build_finished=False, packages_select_test_failures=False, packages_skip_test_passed=False, packages_select=None, packages_skip=None, packages_select_regex=None, packages_skip_regex=None, packages_start=None, packages_end=None, allow_overriding=[], cmake_args=None, cmake_target=None, cmake_target_skip_unavailable=False, cmake_clean_cache=False, cmake_clean_first=False, cmake_force_configure=False, ament_cmake_args=None, catkin_cmake_args=None, catkin_skip_building_tests=False, verb_parser=<colcon_defaults.argument_parser.defaults.DefaultArgumentsDecorator object at 0x790e68825cc0>, verb_extension=<colcon_core.verb.build.BuildVerb object at 0x790e68825120>, main=<bound method BuildVerb.main of <colcon_core.verb.build.BuildVerb object at 0x790e68825120>>)
[0.155s] Level 1:colcon.colcon_core.package_discovery:discover_packages(colcon_meta) check parameters
[0.155s] Level 1:colcon.colcon_core.package_discovery:discover_packages(recursive) check parameters
[0.155s] Level 1:colcon.colcon_core.package_discovery:discover_packages(ignore) check parameters
[0.155s] Level 1:colcon.colcon_core.package_discovery:discover_packages(path) check parameters
[0.155s] Level 1:colcon.colcon_core.package_discovery:discover_packages(colcon_meta) discover
[0.155s] Level 1:colcon.colcon_core.package_discovery:discover_packages(recursive) discover
[0.155s] INFO:colcon.colcon_core.package_discovery:Crawling recursively for packages in '/home/karol/ITB/URO/KRAI/ros2_ws'
[0.155s] Level 1:colcon.colcon_core.package_identification:_identify(.) by extensions ['ignore', 'ignore_ament_install']
[0.155s] Level 1:colcon.colcon_core.package_identification:_identify(.) by extension 'ignore'
[0.155s] Level 1:colcon.colcon_core.package_identification:_identify(.) by extension 'ignore_ament_install'
[0.155s] Level 1:colcon.colcon_core.package_identification:_identify(.) by extensions ['colcon_pkg']
[0.155s] Level 1:colcon.colcon_core.package_identification:_identify(.) by extension 'colcon_pkg'
[0.155s] Level 1:colcon.colcon_core.package_identification:_identify(.) by extensions ['colcon_meta']
[0.155s] Level 1:colcon.colcon_core.package_identification:_identify(.) by extension 'colcon_meta'
[0.155s] Level 1:colcon.colcon_core.package_identification:_identify(.) by extensions ['ros']
[0.156s] Level 1:colcon.colcon_core.package_identification:_identify(.) by extension 'ros'
[0.161s] Level 1:colcon.colcon_core.package_identification:_identify(.) by extensions ['cmake', 'python']
[0.161s] Level 1:colcon.colcon_core.package_identification:_identify(.) by extension 'cmake'
[0.161s] Level 1:colcon.colcon_core.package_identification:_identify(.) by extension 'python'
[0.162s] Level 1:colcon.colcon_core.package_identification:_identify(.) by extensions ['python_setup_py']
[0.162s] Level 1:colcon.colcon_core.package_identification:_identify(.) by extension 'python_setup_py'
[0.162s] Level 1:colcon.colcon_core.package_identification:_identify(build) by extensions ['ignore', 'ignore_ament_install']
[0.162s] Level 1:colcon.colcon_core.package_identification:_identify(build) by extension 'ignore'
[0.162s] Level 1:colcon.colcon_core.package_identification:_identify(build) ignored
[0.162s] Level 1:colcon.colcon_core.package_identification:_identify(install) by extensions ['ignore', 'ignore_ament_install']
[0.162s] Level 1:colcon.colcon_core.package_identification:_identify(install) by extension 'ignore'
[0.162s] Level 1:colcon.colcon_core.package_identification:_identify(install) ignored
[0.162s] Level 1:colcon.colcon_core.package_identification:_identify(log) by extensions ['ignore', 'ignore_ament_install']
[0.162s] Level 1:colcon.colcon_core.package_identification:_identify(log) by extension 'ignore'
[0.162s] Level 1:colcon.colcon_core.package_identification:_identify(log) ignored
[0.162s] Level 1:colcon.colcon_core.package_identification:_identify(src) by extensions ['ignore', 'ignore_ament_install']
[0.162s] Level 1:colcon.colcon_core.package_identification:_identify(src) by extension 'ignore'
[0.162s] Level 1:colcon.colcon_core.package_identification:_identify(src) by extension 'ignore_ament_install'
[0.162s] Level 1:colcon.colcon_core.package_identification:_identify(src) by extensions ['colcon_pkg']
[0.162s] Level 1:colcon.colcon_core.package_identification:_identify(src) by extension 'colcon_pkg'
[0.162s] Level 1:colcon.colcon_core.package_identification:_identify(src) by extensions ['colcon_meta']
[0.162s] Level 1:colcon.colcon_core.package_identification:_identify(src) by extension 'colcon_meta'
[0.162s] Level 1:colcon.colcon_core.package_identification:_identify(src) by extensions ['ros']
[0.162s] Level 1:colcon.colcon_core.package_identification:_identify(src) by extension 'ros'
[0.162s] Level 1:colcon.colcon_core.package_identification:_identify(src) by extensions ['cmake', 'python']
[0.162s] Level 1:colcon.colcon_core.package_identification:_identify(src) by extension 'cmake'
[0.162s] Level 1:colcon.colcon_core.package_identification:_identify(src) by extension 'python'
[0.162s] Level 1:colcon.colcon_core.package_identification:_identify(src) by extensions ['python_setup_py']
[0.162s] Level 1:colcon.colcon_core.package_identification:_identify(src) by extension 'python_setup_py'
[0.162s] Level 1:colcon.colcon_core.package_identification:_identify(src/learn_simulation) by extensions ['ignore', 'ignore_ament_install']
[0.162s] Level 1:colcon.colcon_core.package_identification:_identify(src/learn_simulation) by extension 'ignore'
[0.162s] Level 1:colcon.colcon_core.package_identification:_identify(src/learn_simulation) by extension 'ignore_ament_install'
[0.162s] Level 1:colcon.colcon_core.package_identification:_identify(src/learn_simulation) by extensions ['colcon_pkg']
[0.162s] Level 1:colcon.colcon_core.package_identification:_identify(src/learn_simulation) by extension 'colcon_pkg'
[0.162s] Level 1:colcon.colcon_core.package_identification:_identify(src/learn_simulation) by extensions ['colcon_meta']
[0.162s] Level 1:colcon.colcon_core.package_identification:_identify(src/learn_simulation) by extension 'colcon_meta'
[0.162s] Level 1:colcon.colcon_core.package_identification:_identify(src/learn_simulation) by extensions ['ros']
[0.162s] Level 1:colcon.colcon_core.package_identification:_identify(src/learn_simulation) by extension 'ros'
[0.162s] Level 1:colcon.colcon_core.package_identification:_identify(src/learn_simulation) by extensions ['cmake', 'python']
[0.162s] Level 1:colcon.colcon_core.package_identification:_identify(src/learn_simulation) by extension 'cmake'
[0.162s] Level 1:colcon.colcon_core.package_identification:_identify(src/learn_simulation) by extension 'python'
[0.162s] Level 1:colcon.colcon_core.package_identification:_identify(src/learn_simulation) by extensions ['python_setup_py']
[0.162s] Level 1:colcon.colcon_core.package_identification:_identify(src/learn_simulation) by extension 'python_setup_py'
[0.162s] Level 1:colcon.colcon_core.package_identification:_identify(src/learn_simulation/cpp_srvcli) by extensions ['ignore', 'ignore_ament_install']
[0.163s] Level 1:colcon.colcon_core.package_identification:_identify(src/learn_simulation/cpp_srvcli) by extension 'ignore'
[0.163s] Level 1:colcon.colcon_core.package_identification:_identify(src/learn_simulation/cpp_srvcli) by extension 'ignore_ament_install'
[0.163s] Level 1:colcon.colcon_core.package_identification:_identify(src/learn_simulation/cpp_srvcli) by extensions ['colcon_pkg']
[0.163s] Level 1:colcon.colcon_core.package_identification:_identify(src/learn_simulation/cpp_srvcli) by extension 'colcon_pkg'
[0.163s] Level 1:colcon.colcon_core.package_identification:_identify(src/learn_simulation/cpp_srvcli) by extensions ['colcon_meta']
[0.163s] Level 1:colcon.colcon_core.package_identification:_identify(src/learn_simulation/cpp_srvcli) by extension 'colcon_meta'
[0.163s] Level 1:colcon.colcon_core.package_identification:_identify(src/learn_simulation/cpp_srvcli) by extensions ['ros']
[0.163s] Level 1:colcon.colcon_core.package_identification:_identify(src/learn_simulation/cpp_srvcli) by extension 'ros'
[0.164s] DEBUG:colcon.colcon_core.package_identification:Package 'src/learn_simulation/cpp_srvcli' with type 'ros.ament_cmake' and name 'cpp_srvcli'
[0.164s] Level 1:colcon.colcon_core.package_identification:_identify(src/learn_simulation/my_package) by extensions ['ignore', 'ignore_ament_install']
[0.164s] Level 1:colcon.colcon_core.package_identification:_identify(src/learn_simulation/my_package) by extension 'ignore'
[0.164s] Level 1:colcon.colcon_core.package_identification:_identify(src/learn_simulation/my_package) by extension 'ignore_ament_install'
[0.165s] Level 1:colcon.colcon_core.package_identification:_identify(src/learn_simulation/my_package) by extensions ['colcon_pkg']
[0.165s] Level 1:colcon.colcon_core.package_identification:_identify(src/learn_simulation/my_package) by extension 'colcon_pkg'
[0.165s] Level 1:colcon.colcon_core.package_identification:_identify(src/learn_simulation/my_package) by extensions ['colcon_meta']
[0.165s] Level 1:colcon.colcon_core.package_identification:_identify(src/learn_simulation/my_package) by extension 'colcon_meta'
[0.165s] Level 1:colcon.colcon_core.package_identification:_identify(src/learn_simulation/my_package) by extensions ['ros']
[0.165s] Level 1:colcon.colcon_core.package_identification:_identify(src/learn_simulation/my_package) by extension 'ros'
[0.165s] DEBUG:colcon.colcon_core.package_identification:Package 'src/learn_simulation/my_package' with type 'ros.ament_cmake' and name 'my_package'
[0.165s] Level 1:colcon.colcon_core.package_identification:_identify(src/learn_simulation/urdf_tutorial) by extensions ['ignore', 'ignore_ament_install']
[0.165s] Level 1:colcon.colcon_core.package_identification:_identify(src/learn_simulation/urdf_tutorial) by extension 'ignore'
[0.165s] Level 1:colcon.colcon_core.package_identification:_identify(src/learn_simulation/urdf_tutorial) by extension 'ignore_ament_install'
[0.165s] Level 1:colcon.colcon_core.package_identification:_identify(src/learn_simulation/urdf_tutorial) by extensions ['colcon_pkg']
[0.165s] Level 1:colcon.colcon_core.package_identification:_identify(src/learn_simulation/urdf_tutorial) by extension 'colcon_pkg'
[0.165s] Level 1:colcon.colcon_core.package_identification:_identify(src/learn_simulation/urdf_tutorial) by extensions ['colcon_meta']
[0.165s] Level 1:colcon.colcon_core.package_identification:_identify(src/learn_simulation/urdf_tutorial) by extension 'colcon_meta'
[0.165s] Level 1:colcon.colcon_core.package_identification:_identify(src/learn_simulation/urdf_tutorial) by extensions ['ros']
[0.165s] Level 1:colcon.colcon_core.package_identification:_identify(src/learn_simulation/urdf_tutorial) by extension 'ros'
[0.165s] DEBUG:colcon.colcon_core.package_identification:Package 'src/learn_simulation/urdf_tutorial' with type 'ros.ament_cmake' and name 'urdf_tutorial'
[0.165s] Level 1:colcon.colcon_core.package_identification:_identify(src/nebula_simulation) by extensions ['ignore', 'ignore_ament_install']
[0.165s] Level 1:colcon.colcon_core.package_identification:_identify(src/nebula_simulation) by extension 'ignore'
[0.166s] Level 1:colcon.colcon_core.package_identification:_identify(src/nebula_simulation) by extension 'ignore_ament_install'
[0.166s] Level 1:colcon.colcon_core.package_identification:_identify(src/nebula_simulation) by extensions ['colcon_pkg']
[0.166s] Level 1:colcon.colcon_core.package_identification:_identify(src/nebula_simulation) by extension 'colcon_pkg'
[0.166s] Level 1:colcon.colcon_core.package_identification:_identify(src/nebula_simulation) by extensions ['colcon_meta']
[0.166s] Level 1:colcon.colcon_core.package_identification:_identify(src/nebula_simulation) by extension 'colcon_meta'
[0.166s] Level 1:colcon.colcon_core.package_identification:_identify(src/nebula_simulation) by extensions ['ros']
[0.166s] Level 1:colcon.colcon_core.package_identification:_identify(src/nebula_simulation) by extension 'ros'
[0.166s] Level 1:colcon.colcon_core.package_identification:_identify(src/nebula_simulation) by extensions ['cmake', 'python']
[0.166s] Level 1:colcon.colcon_core.package_identification:_identify(src/nebula_simulation) by extension 'cmake'
[0.166s] Level 1:colcon.colcon_core.package_identification:_identify(src/nebula_simulation) by extension 'python'
[0.166s] Level 1:colcon.colcon_core.package_identification:_identify(src/nebula_simulation) by extensions ['python_setup_py']
[0.166s] Level 1:colcon.colcon_core.package_identification:_identify(src/nebula_simulation) by extension 'python_setup_py'
[0.166s] Level 1:colcon.colcon_core.package_discovery:discover_packages(recursive) using defaults
[0.166s] Level 1:colcon.colcon_core.package_discovery:discover_packages(ignore) discover
[0.166s] Level 1:colcon.colcon_core.package_discovery:discover_packages(ignore) using defaults
[0.166s] Level 1:colcon.colcon_core.package_discovery:discover_packages(path) discover
[0.166s] Level 1:colcon.colcon_core.package_discovery:discover_packages(path) using defaults
[0.181s] Level 1:colcon.colcon_core.package_discovery:discover_packages(prefix_path) check parameters
[0.181s] Level 1:colcon.colcon_core.package_discovery:discover_packages(prefix_path) discover
[0.182s] WARNING:colcon.colcon_ros.prefix_path.ament:The path '/home/karol/ITB/URO/KRAI/ros2_ws/install/urdf_tutorial' in the environment variable AMENT_PREFIX_PATH doesn't exist
[0.182s] WARNING:colcon.colcon_ros.prefix_path.ament:The path '/home/karol/ITB/URO/KRAI/ros2_ws/install/cpp_srvcli' in the environment variable AMENT_PREFIX_PATH doesn't exist
[0.182s] WARNING:colcon.colcon_ros.prefix_path.catkin:The path '/home/karol/ITB/URO/KRAI/ros2_ws/install/urdf_tutorial' in the environment variable CMAKE_PREFIX_PATH doesn't exist
[0.182s] WARNING:colcon.colcon_ros.prefix_path.catkin:The path '/home/karol/ITB/URO/KRAI/ros2_ws/install/cpp_srvcli' in the environment variable CMAKE_PREFIX_PATH doesn't exist
[0.183s] DEBUG:colcon.colcon_installed_package_information.package_discovery:Found 0 installed packages in /home/karol/ITB/URO/KRAI/ros2_ws/install
[0.183s] DEBUG:colcon.colcon_installed_package_information.package_discovery:Found 3 installed packages in /home/karol/turtlebot3_ws/install
[0.183s] DEBUG:colcon.colcon_installed_package_information.package_discovery:Found 1 installed packages in /home/karol/ITB/URO/KRAI/ros2_learn/urdf_example/install
[0.183s] DEBUG:colcon.colcon_installed_package_information.package_discovery:Found 10 installed packages in /home/karol/ITB/URO/KRAI/nebula/nebula-ws/install
[0.184s] DEBUG:colcon.colcon_installed_package_information.package_discovery:Found 410 installed packages in /opt/ros/humble
[0.185s] Level 1:colcon.colcon_core.package_discovery:discover_packages(prefix_path) using defaults
[0.211s] Level 5:colcon.colcon_core.verb:set package 'cpp_srvcli' build argument 'cmake_args' from command line to 'None'
[0.211s] Level 5:colcon.colcon_core.verb:set package 'cpp_srvcli' build argument 'cmake_target' from command line to 'None'
[0.211s] Level 5:colcon.colcon_core.verb:set package 'cpp_srvcli' build argument 'cmake_target_skip_unavailable' from command line to 'False'
[0.211s] Level 5:colcon.colcon_core.verb:set package 'cpp_srvcli' build argument 'cmake_clean_cache' from command line to 'False'
[0.211s] Level 5:colcon.colcon_core.verb:set package 'cpp_srvcli' build argument 'cmake_clean_first' from command line to 'False'
[0.211s] Level 5:colcon.colcon_core.verb:set package 'cpp_srvcli' build argument 'cmake_force_configure' from command line to 'False'
[0.211s] Level 5:colcon.colcon_core.verb:set package 'cpp_srvcli' build argument 'ament_cmake_args' from command line to 'None'
[0.211s] Level 5:colcon.colcon_core.verb:set package 'cpp_srvcli' build argument 'catkin_cmake_args' from command line to 'None'
[0.211s] Level 5:colcon.colcon_core.verb:set package 'cpp_srvcli' build argument 'catkin_skip_building_tests' from command line to 'False'
[0.211s] DEBUG:colcon.colcon_core.verb:Building package 'cpp_srvcli' with the following arguments: {'ament_cmake_args': None, 'build_base': '/home/karol/ITB/URO/KRAI/ros2_ws/build/cpp_srvcli', 'catkin_cmake_args': None, 'catkin_skip_building_tests': False, 'cmake_args': None, 'cmake_clean_cache': False, 'cmake_clean_first': False, 'cmake_force_configure': False, 'cmake_target': None, 'cmake_target_skip_unavailable': False, 'install_base': '/home/karol/ITB/URO/KRAI/ros2_ws/install/cpp_srvcli', 'merge_install': False, 'path': '/home/karol/ITB/URO/KRAI/ros2_ws/src/learn_simulation/cpp_srvcli', 'symlink_install': True, 'test_result_base': None}
[0.212s] Level 5:colcon.colcon_core.verb:set package 'my_package' build argument 'cmake_args' from command line to 'None'
[0.212s] Level 5:colcon.colcon_core.verb:set package 'my_package' build argument 'cmake_target' from command line to 'None'
[0.212s] Level 5:colcon.colcon_core.verb:set package 'my_package' build argument 'cmake_target_skip_unavailable' from command line to 'False'
[0.212s] Level 5:colcon.colcon_core.verb:set package 'my_package' build argument 'cmake_clean_cache' from command line to 'False'
[0.212s] Level 5:colcon.colcon_core.verb:set package 'my_package' build argument 'cmake_clean_first' from command line to 'False'
[0.212s] Level 5:colcon.colcon_core.verb:set package 'my_package' build argument 'cmake_force_configure' from command line to 'False'
[0.212s] Level 5:colcon.colcon_core.verb:set package 'my_package' build argument 'ament_cmake_args' from command line to 'None'
[0.212s] Level 5:colcon.colcon_core.verb:set package 'my_package' build argument 'catkin_cmake_args' from command line to 'None'
[0.212s] Level 5:colcon.colcon_core.verb:set package 'my_package' build argument 'catkin_skip_building_tests' from command line to 'False'
[0.212s] DEBUG:colcon.colcon_core.verb:Building package 'my_package' with the following arguments: {'ament_cmake_args': None, 'build_base': '/home/karol/ITB/URO/KRAI/ros2_ws/build/my_package', 'catkin_cmake_args': None, 'catkin_skip_building_tests': False, 'cmake_args': None, 'cmake_clean_cache': False, 'cmake_clean_first': False, 'cmake_force_configure': False, 'cmake_target': None, 'cmake_target_skip_unavailable': False, 'install_base': '/home/karol/ITB/URO/KRAI/ros2_ws/install/my_package', 'merge_install': False, 'path': '/home/karol/ITB/URO/KRAI/ros2_ws/src/learn_simulation/my_package', 'symlink_install': True, 'test_result_base': None}
[0.212s] Level 5:colcon.colcon_core.verb:set package 'urdf_tutorial' build argument 'cmake_args' from command line to 'None'
[0.212s] Level 5:colcon.colcon_core.verb:set package 'urdf_tutorial' build argument 'cmake_target' from command line to 'None'
[0.212s] Level 5:colcon.colcon_core.verb:set package 'urdf_tutorial' build argument 'cmake_target_skip_unavailable' from command line to 'False'
[0.212s] Level 5:colcon.colcon_core.verb:set package 'urdf_tutorial' build argument 'cmake_clean_cache' from command line to 'False'
[0.212s] Level 5:colcon.colcon_core.verb:set package 'urdf_tutorial' build argument 'cmake_clean_first' from command line to 'False'
[0.212s] Level 5:colcon.colcon_core.verb:set package 'urdf_tutorial' build argument 'cmake_force_configure' from command line to 'False'
[0.212s] Level 5:colcon.colcon_core.verb:set package 'urdf_tutorial' build argument 'ament_cmake_args' from command line to 'None'
[0.212s] Level 5:colcon.colcon_core.verb:set package 'urdf_tutorial' build argument 'catkin_cmake_args' from command line to 'None'
[0.212s] Level 5:colcon.colcon_core.verb:set package 'urdf_tutorial' build argument 'catkin_skip_building_tests' from command line to 'False'
[0.212s] DEBUG:colcon.colcon_core.verb:Building package 'urdf_tutorial' with the following arguments: {'ament_cmake_args': None, 'build_base': '/home/karol/ITB/URO/KRAI/ros2_ws/build/urdf_tutorial', 'catkin_cmake_args': None, 'catkin_skip_building_tests': False, 'cmake_args': None, 'cmake_clean_cache': False, 'cmake_clean_first': False, 'cmake_force_configure': False, 'cmake_target': None, 'cmake_target_skip_unavailable': False, 'install_base': '/home/karol/ITB/URO/KRAI/ros2_ws/install/urdf_tutorial', 'merge_install': False, 'path': '/home/karol/ITB/URO/KRAI/ros2_ws/src/learn_simulation/urdf_tutorial', 'symlink_install': True, 'test_result_base': None}
[0.212s] INFO:colcon.colcon_core.executor:Executing jobs using 'parallel' executor
[0.213s] DEBUG:colcon.colcon_parallel_executor.executor.parallel:run_until_complete
[0.213s] INFO:colcon.colcon_ros.task.ament_cmake.build:Building ROS package in '/home/karol/ITB/URO/KRAI/ros2_ws/src/learn_simulation/cpp_srvcli' with build type 'ament_cmake'
[0.213s] INFO:colcon.colcon_cmake.task.cmake.build:Building CMake package in '/home/karol/ITB/URO/KRAI/ros2_ws/src/learn_simulation/cpp_srvcli'
[0.214s] INFO:colcon.colcon_core.plugin_system:Skipping extension 'colcon_core.shell.bat': Not used on non-Windows systems
[0.215s] INFO:colcon.colcon_core.shell:Skip shell extension 'powershell' for command environment: Not usable outside of PowerShell
[0.215s] DEBUG:colcon.colcon_core.shell:Skip shell extension 'dsv' for command environment
[0.218s] INFO:colcon.colcon_ros.task.ament_cmake.build:Building ROS package in '/home/karol/ITB/URO/KRAI/ros2_ws/src/learn_simulation/my_package' with build type 'ament_cmake'
[0.218s] INFO:colcon.colcon_cmake.task.cmake.build:Building CMake package in '/home/karol/ITB/URO/KRAI/ros2_ws/src/learn_simulation/my_package'
[0.218s] INFO:colcon.colcon_core.shell:Skip shell extension 'powershell' for command environment: Not usable outside of PowerShell
[0.218s] DEBUG:colcon.colcon_core.shell:Skip shell extension 'dsv' for command environment
[0.221s] INFO:colcon.colcon_ros.task.ament_cmake.build:Building ROS package in '/home/karol/ITB/URO/KRAI/ros2_ws/src/learn_simulation/urdf_tutorial' with build type 'ament_cmake'
[0.221s] INFO:colcon.colcon_cmake.task.cmake.build:Building CMake package in '/home/karol/ITB/URO/KRAI/ros2_ws/src/learn_simulation/urdf_tutorial'
[0.221s] INFO:colcon.colcon_core.shell:Skip shell extension 'powershell' for command environment: Not usable outside of PowerShell
[0.221s] DEBUG:colcon.colcon_core.shell:Skip shell extension 'dsv' for command environment
[0.225s] DEBUG:colcon.colcon_core.event_handler.log_command:Invoking command in '/home/karol/ITB/URO/KRAI/ros2_ws/build/cpp_srvcli': CMAKE_PREFIX_PATH=${CMAKE_PREFIX_PATH}:/opt/ros/humble /usr/bin/cmake /home/karol/ITB/URO/KRAI/ros2_ws/src/learn_simulation/cpp_srvcli -DAMENT_CMAKE_SYMLINK_INSTALL=1 -DCMAKE_INSTALL_PREFIX=/home/karol/ITB/URO/KRAI/ros2_ws/install/cpp_srvcli
[0.227s] DEBUG:colcon.colcon_core.event_handler.log_command:Invoking command in '/home/karol/ITB/URO/KRAI/ros2_ws/build/my_package': CMAKE_PREFIX_PATH=${CMAKE_PREFIX_PATH}:/opt/ros/humble /usr/bin/cmake /home/karol/ITB/URO/KRAI/ros2_ws/src/learn_simulation/my_package -DAMENT_CMAKE_SYMLINK_INSTALL=1 -DCMAKE_INSTALL_PREFIX=/home/karol/ITB/URO/KRAI/ros2_ws/install/my_package
[0.231s] DEBUG:colcon.colcon_core.event_handler.log_command:Invoking command in '/home/karol/ITB/URO/KRAI/ros2_ws/build/urdf_tutorial': CMAKE_PREFIX_PATH=${CMAKE_PREFIX_PATH}:/opt/ros/humble /usr/bin/cmake /home/karol/ITB/URO/KRAI/ros2_ws/src/learn_simulation/urdf_tutorial -DAMENT_CMAKE_SYMLINK_INSTALL=1 -DCMAKE_INSTALL_PREFIX=/home/karol/ITB/URO/KRAI/ros2_ws/install/urdf_tutorial
[0.794s] DEBUG:colcon.colcon_core.event_handler.log_command:Invoked command in '/home/karol/ITB/URO/KRAI/ros2_ws/build/urdf_tutorial' returned '0': CMAKE_PREFIX_PATH=${CMAKE_PREFIX_PATH}:/opt/ros/humble /usr/bin/cmake /home/karol/ITB/URO/KRAI/ros2_ws/src/learn_simulation/urdf_tutorial -DAMENT_CMAKE_SYMLINK_INSTALL=1 -DCMAKE_INSTALL_PREFIX=/home/karol/ITB/URO/KRAI/ros2_ws/install/urdf_tutorial
[0.796s] DEBUG:colcon.colcon_core.event_handler.log_command:Invoking command in '/home/karol/ITB/URO/KRAI/ros2_ws/build/urdf_tutorial': CMAKE_PREFIX_PATH=${CMAKE_PREFIX_PATH}:/opt/ros/humble /usr/bin/cmake --build /home/karol/ITB/URO/KRAI/ros2_ws/build/urdf_tutorial -- -j22 -l22
[0.812s] DEBUG:colcon.colcon_core.event_handler.log_command:Invoked command in '/home/karol/ITB/URO/KRAI/ros2_ws/build/cpp_srvcli' returned '0': CMAKE_PREFIX_PATH=${CMAKE_PREFIX_PATH}:/opt/ros/humble /usr/bin/cmake /home/karol/ITB/URO/KRAI/ros2_ws/src/learn_simulation/cpp_srvcli -DAMENT_CMAKE_SYMLINK_INSTALL=1 -DCMAKE_INSTALL_PREFIX=/home/karol/ITB/URO/KRAI/ros2_ws/install/cpp_srvcli
[0.813s] DEBUG:colcon.colcon_core.event_handler.log_command:Invoking command in '/home/karol/ITB/URO/KRAI/ros2_ws/build/cpp_srvcli': CMAKE_PREFIX_PATH=${CMAKE_PREFIX_PATH}:/opt/ros/humble /usr/bin/cmake --build /home/karol/ITB/URO/KRAI/ros2_ws/build/cpp_srvcli -- -j22 -l22
[0.834s] DEBUG:colcon.colcon_core.event_handler.log_command:Invoked command in '/home/karol/ITB/URO/KRAI/ros2_ws/build/urdf_tutorial' returned '0': CMAKE_PREFIX_PATH=${CMAKE_PREFIX_PATH}:/opt/ros/humble /usr/bin/cmake --build /home/karol/ITB/URO/KRAI/ros2_ws/build/urdf_tutorial -- -j22 -l22
[0.858s] DEBUG:colcon.colcon_core.event_handler.log_command:Invoked command in '/home/karol/ITB/URO/KRAI/ros2_ws/build/cpp_srvcli' returned '0': CMAKE_PREFIX_PATH=${CMAKE_PREFIX_PATH}:/opt/ros/humble /usr/bin/cmake --build /home/karol/ITB/URO/KRAI/ros2_ws/build/cpp_srvcli -- -j22 -l22
[0.870s] DEBUG:colcon.colcon_core.event_handler.log_command:Invoking command in '/home/karol/ITB/URO/KRAI/ros2_ws/build/urdf_tutorial': CMAKE_PREFIX_PATH=${CMAKE_PREFIX_PATH}:/opt/ros/humble /usr/bin/cmake --install /home/karol/ITB/URO/KRAI/ros2_ws/build/urdf_tutorial
[0.882s] DEBUG:colcon.colcon_core.event_handler.log_command:Invoking command in '/home/karol/ITB/URO/KRAI/ros2_ws/build/cpp_srvcli': CMAKE_PREFIX_PATH=${CMAKE_PREFIX_PATH}:/opt/ros/humble /usr/bin/cmake --install /home/karol/ITB/URO/KRAI/ros2_ws/build/cpp_srvcli
[1.004s] Level 1:colcon.colcon_core.environment:create_environment_scripts_only(cpp_srvcli)
[1.004s] DEBUG:colcon.colcon_core.event_handler.log_command:Invoked command in '/home/karol/ITB/URO/KRAI/ros2_ws/build/cpp_srvcli' returned '0': CMAKE_PREFIX_PATH=${CMAKE_PREFIX_PATH}:/opt/ros/humble /usr/bin/cmake --install /home/karol/ITB/URO/KRAI/ros2_ws/build/cpp_srvcli
[1.006s] Level 1:colcon.colcon_core.environment:checking '/home/karol/ITB/URO/KRAI/ros2_ws/install/cpp_srvcli' for CMake module files
[1.006s] Level 1:colcon.colcon_core.environment:checking '/home/karol/ITB/URO/KRAI/ros2_ws/install/cpp_srvcli' for CMake config files
[1.006s] Level 1:colcon.colcon_core.shell:create_environment_hook('cpp_srvcli', 'cmake_prefix_path')
[1.006s] INFO:colcon.colcon_core.shell:Creating environment hook '/home/karol/ITB/URO/KRAI/ros2_ws/install/cpp_srvcli/share/cpp_srvcli/hook/cmake_prefix_path.ps1'
[1.007s] INFO:colcon.colcon_core.shell:Creating environment descriptor '/home/karol/ITB/URO/KRAI/ros2_ws/install/cpp_srvcli/share/cpp_srvcli/hook/cmake_prefix_path.dsv'
[1.007s] INFO:colcon.colcon_core.shell:Creating environment hook '/home/karol/ITB/URO/KRAI/ros2_ws/install/cpp_srvcli/share/cpp_srvcli/hook/cmake_prefix_path.sh'
[1.007s] Level 1:colcon.colcon_core.environment:checking '/home/karol/ITB/URO/KRAI/ros2_ws/install/cpp_srvcli/bin'
[1.007s] Level 1:colcon.colcon_core.environment:checking '/home/karol/ITB/URO/KRAI/ros2_ws/install/cpp_srvcli/lib/pkgconfig/cpp_srvcli.pc'
[1.008s] Level 1:colcon.colcon_core.environment:checking '/home/karol/ITB/URO/KRAI/ros2_ws/install/cpp_srvcli/lib/python3.10/site-packages'
[1.008s] Level 1:colcon.colcon_core.environment:checking '/home/karol/ITB/URO/KRAI/ros2_ws/install/cpp_srvcli/bin'
[1.008s] INFO:colcon.colcon_core.shell:Creating package script '/home/karol/ITB/URO/KRAI/ros2_ws/install/cpp_srvcli/share/cpp_srvcli/package.ps1'
[1.008s] INFO:colcon.colcon_core.shell:Creating package descriptor '/home/karol/ITB/URO/KRAI/ros2_ws/install/cpp_srvcli/share/cpp_srvcli/package.dsv'
[1.009s] INFO:colcon.colcon_core.shell:Creating package script '/home/karol/ITB/URO/KRAI/ros2_ws/install/cpp_srvcli/share/cpp_srvcli/package.sh'
[1.009s] INFO:colcon.colcon_core.shell:Creating package script '/home/karol/ITB/URO/KRAI/ros2_ws/install/cpp_srvcli/share/cpp_srvcli/package.bash'
[1.009s] INFO:colcon.colcon_core.shell:Creating package script '/home/karol/ITB/URO/KRAI/ros2_ws/install/cpp_srvcli/share/cpp_srvcli/package.zsh'
[1.010s] Level 1:colcon.colcon_core.environment:create_file_with_runtime_dependencies(/home/karol/ITB/URO/KRAI/ros2_ws/install/cpp_srvcli/share/colcon-core/packages/cpp_srvcli)
[1.027s] Level 1:colcon.colcon_core.environment:create_environment_scripts_only(cpp_srvcli)
[1.028s] Level 1:colcon.colcon_core.environment:checking '/home/karol/ITB/URO/KRAI/ros2_ws/install/cpp_srvcli' for CMake module files
[1.028s] Level 1:colcon.colcon_core.environment:checking '/home/karol/ITB/URO/KRAI/ros2_ws/install/cpp_srvcli' for CMake config files
[1.028s] Level 1:colcon.colcon_core.shell:create_environment_hook('cpp_srvcli', 'cmake_prefix_path')
[1.028s] INFO:colcon.colcon_core.shell:Creating environment hook '/home/karol/ITB/URO/KRAI/ros2_ws/install/cpp_srvcli/share/cpp_srvcli/hook/cmake_prefix_path.ps1'
[1.029s] INFO:colcon.colcon_core.shell:Creating environment descriptor '/home/karol/ITB/URO/KRAI/ros2_ws/install/cpp_srvcli/share/cpp_srvcli/hook/cmake_prefix_path.dsv'
[1.029s] INFO:colcon.colcon_core.shell:Creating environment hook '/home/karol/ITB/URO/KRAI/ros2_ws/install/cpp_srvcli/share/cpp_srvcli/hook/cmake_prefix_path.sh'
[1.029s] Level 1:colcon.colcon_core.environment:checking '/home/karol/ITB/URO/KRAI/ros2_ws/install/cpp_srvcli/bin'
[1.029s] Level 1:colcon.colcon_core.environment:checking '/home/karol/ITB/URO/KRAI/ros2_ws/install/cpp_srvcli/lib/pkgconfig/cpp_srvcli.pc'
[1.030s] Level 1:colcon.colcon_core.environment:checking '/home/karol/ITB/URO/KRAI/ros2_ws/install/cpp_srvcli/lib/python3.10/site-packages'
[1.030s] Level 1:colcon.colcon_core.environment:checking '/home/karol/ITB/URO/KRAI/ros2_ws/install/cpp_srvcli/bin'
[1.030s] INFO:colcon.colcon_core.shell:Creating package script '/home/karol/ITB/URO/KRAI/ros2_ws/install/cpp_srvcli/share/cpp_srvcli/package.ps1'
[1.030s] INFO:colcon.colcon_core.shell:Creating package descriptor '/home/karol/ITB/URO/KRAI/ros2_ws/install/cpp_srvcli/share/cpp_srvcli/package.dsv'
[1.031s] INFO:colcon.colcon_core.shell:Creating package script '/home/karol/ITB/URO/KRAI/ros2_ws/install/cpp_srvcli/share/cpp_srvcli/package.sh'
[1.031s] INFO:colcon.colcon_core.shell:Creating package script '/home/karol/ITB/URO/KRAI/ros2_ws/install/cpp_srvcli/share/cpp_srvcli/package.bash'
[1.031s] INFO:colcon.colcon_core.shell:Creating package script '/home/karol/ITB/URO/KRAI/ros2_ws/install/cpp_srvcli/share/cpp_srvcli/package.zsh'
[1.031s] Level 1:colcon.colcon_core.environment:create_file_with_runtime_dependencies(/home/karol/ITB/URO/KRAI/ros2_ws/install/cpp_srvcli/share/colcon-core/packages/cpp_srvcli)
[1.135s] Level 1:colcon.colcon_core.environment:create_environment_scripts_only(urdf_tutorial)
[1.135s] Level 1:colcon.colcon_core.environment:checking '/home/karol/ITB/URO/KRAI/ros2_ws/install/urdf_tutorial' for CMake module files
[1.135s] DEBUG:colcon.colcon_core.event_handler.log_command:Invoked command in '/home/karol/ITB/URO/KRAI/ros2_ws/build/urdf_tutorial' returned '0': CMAKE_PREFIX_PATH=${CMAKE_PREFIX_PATH}:/opt/ros/humble /usr/bin/cmake --install /home/karol/ITB/URO/KRAI/ros2_ws/build/urdf_tutorial
[1.136s] Level 1:colcon.colcon_core.environment:checking '/home/karol/ITB/URO/KRAI/ros2_ws/install/urdf_tutorial' for CMake config files
[1.136s] Level 1:colcon.colcon_core.shell:create_environment_hook('urdf_tutorial', 'cmake_prefix_path')
[1.136s] INFO:colcon.colcon_core.shell:Creating environment hook '/home/karol/ITB/URO/KRAI/ros2_ws/install/urdf_tutorial/share/urdf_tutorial/hook/cmake_prefix_path.ps1'
[1.136s] INFO:colcon.colcon_core.shell:Creating environment descriptor '/home/karol/ITB/URO/KRAI/ros2_ws/install/urdf_tutorial/share/urdf_tutorial/hook/cmake_prefix_path.dsv'
[1.136s] INFO:colcon.colcon_core.shell:Creating environment hook '/home/karol/ITB/URO/KRAI/ros2_ws/install/urdf_tutorial/share/urdf_tutorial/hook/cmake_prefix_path.sh'
[1.137s] Level 1:colcon.colcon_core.environment:checking '/home/karol/ITB/URO/KRAI/ros2_ws/install/urdf_tutorial/bin'
[1.137s] Level 1:colcon.colcon_core.environment:checking '/home/karol/ITB/URO/KRAI/ros2_ws/install/urdf_tutorial/lib/pkgconfig/urdf_tutorial.pc'
[1.137s] Level 1:colcon.colcon_core.environment:checking '/home/karol/ITB/URO/KRAI/ros2_ws/install/urdf_tutorial/lib/python3.10/site-packages'
[1.137s] Level 1:colcon.colcon_core.environment:checking '/home/karol/ITB/URO/KRAI/ros2_ws/install/urdf_tutorial/bin'
[1.137s] INFO:colcon.colcon_core.shell:Creating package script '/home/karol/ITB/URO/KRAI/ros2_ws/install/urdf_tutorial/share/urdf_tutorial/package.ps1'
[1.137s] INFO:colcon.colcon_core.shell:Creating package descriptor '/home/karol/ITB/URO/KRAI/ros2_ws/install/urdf_tutorial/share/urdf_tutorial/package.dsv'
[1.138s] INFO:colcon.colcon_core.shell:Creating package script '/home/karol/ITB/URO/KRAI/ros2_ws/install/urdf_tutorial/share/urdf_tutorial/package.sh'
[1.138s] INFO:colcon.colcon_core.shell:Creating package script '/home/karol/ITB/URO/KRAI/ros2_ws/install/urdf_tutorial/share/urdf_tutorial/package.bash'
[1.138s] INFO:colcon.colcon_core.shell:Creating package script '/home/karol/ITB/URO/KRAI/ros2_ws/install/urdf_tutorial/share/urdf_tutorial/package.zsh'
[1.138s] Level 1:colcon.colcon_core.environment:create_file_with_runtime_dependencies(/home/karol/ITB/URO/KRAI/ros2_ws/install/urdf_tutorial/share/colcon-core/packages/urdf_tutorial)
[1.158s] Level 1:colcon.colcon_core.environment:create_environment_scripts_only(urdf_tutorial)
[1.159s] Level 1:colcon.colcon_core.environment:checking '/home/karol/ITB/URO/KRAI/ros2_ws/install/urdf_tutorial' for CMake module files
[1.159s] Level 1:colcon.colcon_core.environment:checking '/home/karol/ITB/URO/KRAI/ros2_ws/install/urdf_tutorial' for CMake config files
[1.159s] Level 1:colcon.colcon_core.shell:create_environment_hook('urdf_tutorial', 'cmake_prefix_path')
[1.159s] INFO:colcon.colcon_core.shell:Creating environment hook '/home/karol/ITB/URO/KRAI/ros2_ws/install/urdf_tutorial/share/urdf_tutorial/hook/cmake_prefix_path.ps1'
[1.160s] INFO:colcon.colcon_core.shell:Creating environment descriptor '/home/karol/ITB/URO/KRAI/ros2_ws/install/urdf_tutorial/share/urdf_tutorial/hook/cmake_prefix_path.dsv'
[1.160s] INFO:colcon.colcon_core.shell:Creating environment hook '/home/karol/ITB/URO/KRAI/ros2_ws/install/urdf_tutorial/share/urdf_tutorial/hook/cmake_prefix_path.sh'
[1.160s] Level 1:colcon.colcon_core.environment:checking '/home/karol/ITB/URO/KRAI/ros2_ws/install/urdf_tutorial/bin'
[1.160s] Level 1:colcon.colcon_core.environment:checking '/home/karol/ITB/URO/KRAI/ros2_ws/install/urdf_tutorial/lib/pkgconfig/urdf_tutorial.pc'
[1.160s] Level 1:colcon.colcon_core.environment:checking '/home/karol/ITB/URO/KRAI/ros2_ws/install/urdf_tutorial/lib/python3.10/site-packages'
[1.160s] Level 1:colcon.colcon_core.environment:checking '/home/karol/ITB/URO/KRAI/ros2_ws/install/urdf_tutorial/bin'
[1.161s] INFO:colcon.colcon_core.shell:Creating package script '/home/karol/ITB/URO/KRAI/ros2_ws/install/urdf_tutorial/share/urdf_tutorial/package.ps1'
[1.161s] INFO:colcon.colcon_core.shell:Creating package descriptor '/home/karol/ITB/URO/KRAI/ros2_ws/install/urdf_tutorial/share/urdf_tutorial/package.dsv'
[1.161s] INFO:colcon.colcon_core.shell:Creating package script '/home/karol/ITB/URO/KRAI/ros2_ws/install/urdf_tutorial/share/urdf_tutorial/package.sh'
[1.161s] INFO:colcon.colcon_core.shell:Creating package script '/home/karol/ITB/URO/KRAI/ros2_ws/install/urdf_tutorial/share/urdf_tutorial/package.bash'
[1.162s] INFO:colcon.colcon_core.shell:Creating package script '/home/karol/ITB/URO/KRAI/ros2_ws/install/urdf_tutorial/share/urdf_tutorial/package.zsh'
[1.162s] Level 1:colcon.colcon_core.environment:create_file_with_runtime_dependencies(/home/karol/ITB/URO/KRAI/ros2_ws/install/urdf_tutorial/share/colcon-core/packages/urdf_tutorial)
[1.765s] DEBUG:colcon.colcon_core.event_handler.log_command:Invoked command in '/home/karol/ITB/URO/KRAI/ros2_ws/build/my_package' returned '1': CMAKE_PREFIX_PATH=${CMAKE_PREFIX_PATH}:/opt/ros/humble /usr/bin/cmake /home/karol/ITB/URO/KRAI/ros2_ws/src/learn_simulation/my_package -DAMENT_CMAKE_SYMLINK_INSTALL=1 -DCMAKE_INSTALL_PREFIX=/home/karol/ITB/URO/KRAI/ros2_ws/install/my_package
[1.774s] Level 1:colcon.colcon_core.environment:create_environment_scripts_only(my_package)
[1.774s] Level 1:colcon.colcon_core.environment:checking '/home/karol/ITB/URO/KRAI/ros2_ws/install/my_package' for CMake module files
[1.775s] Level 1:colcon.colcon_core.environment:checking '/home/karol/ITB/URO/KRAI/ros2_ws/install/my_package' for CMake config files
[1.775s] Level 1:colcon.colcon_core.environment:checking '/home/karol/ITB/URO/KRAI/ros2_ws/install/my_package/bin'
[1.775s] Level 1:colcon.colcon_core.environment:checking '/home/karol/ITB/URO/KRAI/ros2_ws/install/my_package/lib/pkgconfig/my_package.pc'
[1.775s] Level 1:colcon.colcon_core.environment:checking '/home/karol/ITB/URO/KRAI/ros2_ws/install/my_package/lib/python3.10/site-packages'
[1.775s] Level 1:colcon.colcon_core.environment:checking '/home/karol/ITB/URO/KRAI/ros2_ws/install/my_package/bin'
[1.775s] INFO:colcon.colcon_core.shell:Creating package script '/home/karol/ITB/URO/KRAI/ros2_ws/install/my_package/share/my_package/package.ps1'
[1.776s] INFO:colcon.colcon_core.shell:Creating package descriptor '/home/karol/ITB/URO/KRAI/ros2_ws/install/my_package/share/my_package/package.dsv'
[1.776s] INFO:colcon.colcon_core.shell:Creating package script '/home/karol/ITB/URO/KRAI/ros2_ws/install/my_package/share/my_package/package.sh'
[1.776s] INFO:colcon.colcon_core.shell:Creating package script '/home/karol/ITB/URO/KRAI/ros2_ws/install/my_package/share/my_package/package.bash'
[1.776s] INFO:colcon.colcon_core.shell:Creating package script '/home/karol/ITB/URO/KRAI/ros2_ws/install/my_package/share/my_package/package.zsh'
[1.776s] Level 1:colcon.colcon_core.environment:create_file_with_runtime_dependencies(/home/karol/ITB/URO/KRAI/ros2_ws/install/my_package/share/colcon-core/packages/my_package)
[1.787s] DEBUG:colcon.colcon_parallel_executor.executor.parallel:closing loop
[1.787s] DEBUG:colcon.colcon_parallel_executor.executor.parallel:loop closed
[1.787s] DEBUG:colcon.colcon_parallel_executor.executor.parallel:run_until_complete finished with '1'
[1.787s] DEBUG:colcon.colcon_core.event_reactor:joining thread
[1.792s] INFO:colcon.colcon_core.plugin_system:Skipping extension 'colcon_notification.desktop_notification.terminal_notifier': Not used on non-Darwin systems
[1.792s] INFO:colcon.colcon_core.plugin_system:Skipping extension 'colcon_notification.desktop_notification.win32': Not used on non-Windows systems
[1.792s] INFO:colcon.colcon_notification.desktop_notification:Sending desktop notification using 'notify2'
[1.799s] DEBUG:colcon.colcon_core.event_reactor:joined thread
[1.799s] INFO:colcon.colcon_core.shell:Creating prefix script '/home/karol/ITB/URO/KRAI/ros2_ws/install/local_setup.ps1'
[1.800s] INFO:colcon.colcon_core.shell:Creating prefix util module '/home/karol/ITB/URO/KRAI/ros2_ws/install/_local_setup_util_ps1.py'
[1.801s] INFO:colcon.colcon_core.shell:Creating prefix chain script '/home/karol/ITB/URO/KRAI/ros2_ws/install/setup.ps1'
[1.802s] INFO:colcon.colcon_core.shell:Creating prefix script '/home/karol/ITB/URO/KRAI/ros2_ws/install/local_setup.sh'
[1.803s] INFO:colcon.colcon_core.shell:Creating prefix util module '/home/karol/ITB/URO/KRAI/ros2_ws/install/_local_setup_util_sh.py'
[1.803s] INFO:colcon.colcon_core.shell:Creating prefix chain script '/home/karol/ITB/URO/KRAI/ros2_ws/install/setup.sh'
[1.804s] INFO:colcon.colcon_core.shell:Creating prefix script '/home/karol/ITB/URO/KRAI/ros2_ws/install/local_setup.bash'
[1.805s] INFO:colcon.colcon_core.shell:Creating prefix chain script '/home/karol/ITB/URO/KRAI/ros2_ws/install/setup.bash'
[1.806s] INFO:colcon.colcon_core.shell:Creating prefix script '/home/karol/ITB/URO/KRAI/ros2_ws/install/local_setup.zsh'
[1.806s] INFO:colcon.colcon_core.shell:Creating prefix chain script '/home/karol/ITB/URO/KRAI/ros2_ws/install/setup.zsh'
