[0.032s] Invoking command in '/home/karol/ITB/URO/KRAI/ros2_ws/build/cpp_srvcli': CMAKE_PREFIX_PATH=${CMAKE_PREFIX_PATH}:/opt/ros/humble /usr/bin/cmake /home/karol/ITB/URO/KRAI/ros2_ws/src/learn_simulation/cpp_srvcli -DCMAKE_INSTALL_PREFIX=/home/karol/ITB/URO/KRAI/ros2_ws/install/cpp_srvcli
[0.108s] -- The C compiler identification is GNU 11.4.0
[0.175s] -- The CXX compiler identification is GNU 11.4.0
[0.182s] -- Detecting C compiler ABI info
[0.240s] -- Detecting C compiler ABI info - done
[0.248s] -- Check for working C compiler: /usr/bin/cc - skipped
[0.249s] -- Detecting C compile features
[0.250s] -- Detecting C compile features - done
[0.254s] -- Detecting CXX compiler ABI info
[0.326s] -- Detecting CXX compiler ABI info - done
[0.331s] -- Check for working CXX compiler: /usr/bin/c++ - skipped
[0.331s] -- Detecting CXX compile features
[0.331s] -- Detecting CXX compile features - done
[0.334s] -- Found ament_cmake: 1.3.11 (/opt/ros/humble/share/ament_cmake/cmake)
[0.495s] -- Found Python3: /usr/bin/python3 (found version "3.10.12") found components: Interpreter 
[0.595s] -- Found ament_lint_auto: 0.12.11 (/opt/ros/humble/share/ament_lint_auto/cmake)
[0.668s] -- Added test 'lint_cmake' to check CMake code style
[0.669s] -- Added test 'xmllint' to check XML markup files
[0.670s] -- Configuring done
[0.729s] -- Generating done
[0.730s] -- Build files have been written to: /home/karol/ITB/URO/KRAI/ros2_ws/build/cpp_srvcli
[0.735s] Invoked command in '/home/karol/ITB/URO/KRAI/ros2_ws/build/cpp_srvcli' returned '0': CMAKE_PREFIX_PATH=${CMAKE_PREFIX_PATH}:/opt/ros/humble /usr/bin/cmake /home/karol/ITB/URO/KRAI/ros2_ws/src/learn_simulation/cpp_srvcli -DCMAKE_INSTALL_PREFIX=/home/karol/ITB/URO/KRAI/ros2_ws/install/cpp_srvcli
[0.738s] Invoking command in '/home/karol/ITB/URO/KRAI/ros2_ws/build/cpp_srvcli': CMAKE_PREFIX_PATH=${CMAKE_PREFIX_PATH}:/opt/ros/humble /usr/bin/cmake --build /home/karol/ITB/URO/KRAI/ros2_ws/build/cpp_srvcli -- -j22 -l22
[0.779s] Invoked command in '/home/karol/ITB/URO/KRAI/ros2_ws/build/cpp_srvcli' returned '0': CMAKE_PREFIX_PATH=${CMAKE_PREFIX_PATH}:/opt/ros/humble /usr/bin/cmake --build /home/karol/ITB/URO/KRAI/ros2_ws/build/cpp_srvcli -- -j22 -l22
[0.781s] Invoking command in '/home/karol/ITB/URO/KRAI/ros2_ws/build/cpp_srvcli': CMAKE_PREFIX_PATH=${CMAKE_PREFIX_PATH}:/opt/ros/humble /usr/bin/cmake --install /home/karol/ITB/URO/KRAI/ros2_ws/build/cpp_srvcli
[0.788s] -- Install configuration: ""
[0.788s] -- Installing: /home/karol/ITB/URO/KRAI/ros2_ws/install/cpp_srvcli/share/ament_index/resource_index/package_run_dependencies/cpp_srvcli
[0.788s] -- Installing: /home/karol/ITB/URO/KRAI/ros2_ws/install/cpp_srvcli/share/ament_index/resource_index/parent_prefix_path/cpp_srvcli
[0.788s] -- Installing: /home/karol/ITB/URO/KRAI/ros2_ws/install/cpp_srvcli/share/cpp_srvcli/environment/ament_prefix_path.sh
[0.789s] -- Installing: /home/karol/ITB/URO/KRAI/ros2_ws/install/cpp_srvcli/share/cpp_srvcli/environment/ament_prefix_path.dsv
[0.789s] -- Installing: /home/karol/ITB/URO/KRAI/ros2_ws/install/cpp_srvcli/share/cpp_srvcli/environment/path.sh
[0.789s] -- Installing: /home/karol/ITB/URO/KRAI/ros2_ws/install/cpp_srvcli/share/cpp_srvcli/environment/path.dsv
[0.789s] -- Installing: /home/karol/ITB/URO/KRAI/ros2_ws/install/cpp_srvcli/share/cpp_srvcli/local_setup.bash
[0.789s] -- Installing: /home/karol/ITB/URO/KRAI/ros2_ws/install/cpp_srvcli/share/cpp_srvcli/local_setup.sh
[0.789s] -- Installing: /home/karol/ITB/URO/KRAI/ros2_ws/install/cpp_srvcli/share/cpp_srvcli/local_setup.zsh
[0.789s] -- Installing: /home/karol/ITB/URO/KRAI/ros2_ws/install/cpp_srvcli/share/cpp_srvcli/local_setup.dsv
[0.789s] -- Installing: /home/karol/ITB/URO/KRAI/ros2_ws/install/cpp_srvcli/share/cpp_srvcli/package.dsv
[0.789s] -- Installing: /home/karol/ITB/URO/KRAI/ros2_ws/install/cpp_srvcli/share/ament_index/resource_index/packages/cpp_srvcli
[0.789s] -- Installing: /home/karol/ITB/URO/KRAI/ros2_ws/install/cpp_srvcli/share/cpp_srvcli/cmake/cpp_srvcliConfig.cmake
[0.789s] -- Installing: /home/karol/ITB/URO/KRAI/ros2_ws/install/cpp_srvcli/share/cpp_srvcli/cmake/cpp_srvcliConfig-version.cmake
[0.790s] -- Installing: /home/karol/ITB/URO/KRAI/ros2_ws/install/cpp_srvcli/share/cpp_srvcli/package.xml
[0.791s] Invoked command in '/home/karol/ITB/URO/KRAI/ros2_ws/build/cpp_srvcli' returned '0': CMAKE_PREFIX_PATH=${CMAKE_PREFIX_PATH}:/opt/ros/humble /usr/bin/cmake --install /home/karol/ITB/URO/KRAI/ros2_ws/build/cpp_srvcli
