[0.373s] Invoking command in '/home/karol/ITB/URO/KRAI/ros2_ws/build/lumina_simulation': CMAKE_PREFIX_PATH=${CMAKE_PREFIX_PATH}:/home/karol/ITB/URO/KRAI/ros2_ws/install/urdf_tutorial_r2d2:/home/karol/ITB/URO/KRAI/ros2_ws/install/learning_tf2_py:/home/karol/ITB/URO/KRAI/ros2_ws/install/launch_tutorial:/opt/ros/humble /usr/bin/cmake /home/karol/ITB/URO/KRAI/ros2_ws/src/ros2_tutorial/simulation_testing/lumina_simulation -DAMENT_CMAKE_SYMLINK_INSTALL=1 -DCMAKE_INSTALL_PREFIX=/home/karol/ITB/URO/KRAI/ros2_ws/install/lumina_simulation
[0.419s] -- The C compiler identification is GNU 11.4.0
[0.471s] -- The CXX compiler identification is GNU 11.4.0
[0.479s] -- Detecting C compiler ABI info
[0.542s] -- Detecting C compiler ABI info - done
[0.550s] -- Check for working C compiler: /usr/bin/cc - skipped
[0.550s] -- Detecting C compile features
[0.550s] -- Detecting C compile features - done
[0.553s] -- Detecting CXX compiler ABI info
[0.628s] -- Detecting CXX compiler ABI info - done
[0.636s] -- Check for working CXX compiler: /usr/bin/c++ - skipped
[0.636s] -- Detecting CXX compile features
[0.636s] -- Detecting CXX compile features - done
[0.641s] -- Found ament_cmake: 1.3.11 (/opt/ros/humble/share/ament_cmake/cmake)
[0.789s] -- Found Python3: /usr/bin/python3 (found version "3.10.12") found components: Interpreter 
[0.856s] -- Override CMake install command with custom implementation using symlinks instead of copying resources
[0.906s] -- Found ament_lint_auto: 0.12.11 (/opt/ros/humble/share/ament_lint_auto/cmake)
[1.027s] -- Added test 'flake8' to check Python code syntax and style conventions
[1.027s] -- Added test 'lint_cmake' to check CMake code style
[1.028s] -- Added test 'pep257' to check Python code against some of the docstring style conventions in PEP 257
[1.030s] -- Added test 'xmllint' to check XML markup files
[1.032s] -- Configuring done
[1.036s] -- Generating done
[1.038s] -- Build files have been written to: /home/karol/ITB/URO/KRAI/ros2_ws/build/lumina_simulation
[1.046s] Invoked command in '/home/karol/ITB/URO/KRAI/ros2_ws/build/lumina_simulation' returned '0': CMAKE_PREFIX_PATH=${CMAKE_PREFIX_PATH}:/home/karol/ITB/URO/KRAI/ros2_ws/install/urdf_tutorial_r2d2:/home/karol/ITB/URO/KRAI/ros2_ws/install/learning_tf2_py:/home/karol/ITB/URO/KRAI/ros2_ws/install/launch_tutorial:/opt/ros/humble /usr/bin/cmake /home/karol/ITB/URO/KRAI/ros2_ws/src/ros2_tutorial/simulation_testing/lumina_simulation -DAMENT_CMAKE_SYMLINK_INSTALL=1 -DCMAKE_INSTALL_PREFIX=/home/karol/ITB/URO/KRAI/ros2_ws/install/lumina_simulation
[1.048s] Invoking command in '/home/karol/ITB/URO/KRAI/ros2_ws/build/lumina_simulation': CMAKE_PREFIX_PATH=${CMAKE_PREFIX_PATH}:/home/karol/ITB/URO/KRAI/ros2_ws/install/urdf_tutorial_r2d2:/home/karol/ITB/URO/KRAI/ros2_ws/install/learning_tf2_py:/home/karol/ITB/URO/KRAI/ros2_ws/install/launch_tutorial:/opt/ros/humble /usr/bin/cmake --build /home/karol/ITB/URO/KRAI/ros2_ws/build/lumina_simulation -- -j22 -l22
[1.087s] Invoked command in '/home/karol/ITB/URO/KRAI/ros2_ws/build/lumina_simulation' returned '0': CMAKE_PREFIX_PATH=${CMAKE_PREFIX_PATH}:/home/karol/ITB/URO/KRAI/ros2_ws/install/urdf_tutorial_r2d2:/home/karol/ITB/URO/KRAI/ros2_ws/install/learning_tf2_py:/home/karol/ITB/URO/KRAI/ros2_ws/install/launch_tutorial:/opt/ros/humble /usr/bin/cmake --build /home/karol/ITB/URO/KRAI/ros2_ws/build/lumina_simulation -- -j22 -l22
[1.090s] Invoking command in '/home/karol/ITB/URO/KRAI/ros2_ws/build/lumina_simulation': CMAKE_PREFIX_PATH=${CMAKE_PREFIX_PATH}:/home/karol/ITB/URO/KRAI/ros2_ws/install/urdf_tutorial_r2d2:/home/karol/ITB/URO/KRAI/ros2_ws/install/learning_tf2_py:/home/karol/ITB/URO/KRAI/ros2_ws/install/launch_tutorial:/opt/ros/humble /usr/bin/cmake --install /home/karol/ITB/URO/KRAI/ros2_ws/build/lumina_simulation
[1.099s] -- Install configuration: ""
[1.099s] -- Execute custom install script
[1.100s] -- Symlinking: /home/karol/ITB/URO/KRAI/ros2_ws/install/lumina_simulation/share/lumina_simulation/launch/lumina_world.launch.py
[1.108s] -- Symlinking: /home/karol/ITB/URO/KRAI/ros2_ws/install/lumina_simulation/share/lumina_simulation/models/arena_floor/model.config
[1.115s] -- Symlinking: /home/karol/ITB/URO/KRAI/ros2_ws/install/lumina_simulation/share/lumina_simulation/models/arena_floor/model.sdf
[1.124s] -- Symlinking: /home/karol/ITB/URO/KRAI/ros2_ws/install/lumina_simulation/share/lumina_simulation/models/arena_wall/model.config
[1.132s] -- Symlinking: /home/karol/ITB/URO/KRAI/ros2_ws/install/lumina_simulation/share/lumina_simulation/models/arena_wall/model.sdf
[1.139s] -- Symlinking: /home/karol/ITB/URO/KRAI/ros2_ws/install/lumina_simulation/share/lumina_simulation/models/red_ball/model.config
[1.146s] -- Symlinking: /home/karol/ITB/URO/KRAI/ros2_ws/install/lumina_simulation/share/lumina_simulation/models/red_ball/model.sdf
[1.153s] -- Symlinking: /home/karol/ITB/URO/KRAI/ros2_ws/install/lumina_simulation/share/lumina_simulation/models/turtlebot3_waffle/model-1_4.sdf
[1.162s] -- Symlinking: /home/karol/ITB/URO/KRAI/ros2_ws/install/lumina_simulation/share/lumina_simulation/models/turtlebot3_waffle/model.config
[1.170s] -- Symlinking: /home/karol/ITB/URO/KRAI/ros2_ws/install/lumina_simulation/share/lumina_simulation/models/turtlebot3_waffle/model.sdf
[1.178s] -- Symlinking: /home/karol/ITB/URO/KRAI/ros2_ws/install/lumina_simulation/share/lumina_simulation/urdf/common_properties.urdf
[1.188s] -- Symlinking: /home/karol/ITB/URO/KRAI/ros2_ws/install/lumina_simulation/share/lumina_simulation/urdf/turtlebot3_waffle.urdf
[1.199s] -- Symlinking: /home/karol/ITB/URO/KRAI/ros2_ws/install/lumina_simulation/share/lumina_simulation/worlds/krai_arena_2025.world
[1.210s] -- Symlinking: /home/karol/ITB/URO/KRAI/ros2_ws/install/lumina_simulation/share/ament_index/resource_index/package_run_dependencies/lumina_simulation
[1.220s] -- Symlinking: /home/karol/ITB/URO/KRAI/ros2_ws/install/lumina_simulation/share/ament_index/resource_index/parent_prefix_path/lumina_simulation
[1.230s] -- Symlinking: /home/karol/ITB/URO/KRAI/ros2_ws/install/lumina_simulation/share/lumina_simulation/environment/ament_prefix_path.sh
[1.238s] -- Symlinking: /home/karol/ITB/URO/KRAI/ros2_ws/install/lumina_simulation/share/lumina_simulation/environment/ament_prefix_path.dsv
[1.249s] -- Symlinking: /home/karol/ITB/URO/KRAI/ros2_ws/install/lumina_simulation/share/lumina_simulation/environment/path.sh
[1.258s] -- Symlinking: /home/karol/ITB/URO/KRAI/ros2_ws/install/lumina_simulation/share/lumina_simulation/environment/path.dsv
[1.270s] -- Symlinking: /home/karol/ITB/URO/KRAI/ros2_ws/install/lumina_simulation/share/lumina_simulation/local_setup.bash
[1.280s] -- Symlinking: /home/karol/ITB/URO/KRAI/ros2_ws/install/lumina_simulation/share/lumina_simulation/local_setup.sh
[1.291s] -- Symlinking: /home/karol/ITB/URO/KRAI/ros2_ws/install/lumina_simulation/share/lumina_simulation/local_setup.zsh
[1.301s] -- Symlinking: /home/karol/ITB/URO/KRAI/ros2_ws/install/lumina_simulation/share/lumina_simulation/local_setup.dsv
[1.311s] -- Symlinking: /home/karol/ITB/URO/KRAI/ros2_ws/install/lumina_simulation/share/lumina_simulation/package.dsv
[1.318s] -- Symlinking: /home/karol/ITB/URO/KRAI/ros2_ws/install/lumina_simulation/share/ament_index/resource_index/packages/lumina_simulation
[1.325s] -- Symlinking: /home/karol/ITB/URO/KRAI/ros2_ws/install/lumina_simulation/share/lumina_simulation/cmake/lumina_simulationConfig.cmake
[1.332s] -- Symlinking: /home/karol/ITB/URO/KRAI/ros2_ws/install/lumina_simulation/share/lumina_simulation/cmake/lumina_simulationConfig-version.cmake
[1.340s] -- Symlinking: /home/karol/ITB/URO/KRAI/ros2_ws/install/lumina_simulation/share/lumina_simulation/package.xml
[1.361s] Invoked command in '/home/karol/ITB/URO/KRAI/ros2_ws/build/lumina_simulation' returned '0': CMAKE_PREFIX_PATH=${CMAKE_PREFIX_PATH}:/home/karol/ITB/URO/KRAI/ros2_ws/install/urdf_tutorial_r2d2:/home/karol/ITB/URO/KRAI/ros2_ws/install/learning_tf2_py:/home/karol/ITB/URO/KRAI/ros2_ws/install/launch_tutorial:/opt/ros/humble /usr/bin/cmake --install /home/karol/ITB/URO/KRAI/ros2_ws/build/lumina_simulation
