[0.373s] Invoking command in '/home/karol/ITB/URO/KRAI/ros2_ws/build/tutorial_interfaces': CMAKE_PREFIX_PATH=${CMAKE_PREFIX_PATH}:/home/karol/ITB/URO/KRAI/ros2_ws/install/urdf_tutorial_r2d2:/home/karol/ITB/URO/KRAI/ros2_ws/install/learning_tf2_py:/home/karol/ITB/URO/KRAI/ros2_ws/install/launch_tutorial:/opt/ros/humble /usr/bin/cmake /home/karol/ITB/URO/KRAI/ros2_ws/src/tutorial_interfaces -DAMENT_CMAKE_SYMLINK_INSTALL=1 -DCMAKE_INSTALL_PREFIX=/home/karol/ITB/URO/KRAI/ros2_ws/install/tutorial_interfaces
[0.436s] -- The C compiler identification is GNU 11.4.0
[0.499s] -- The CXX compiler identification is GNU 11.4.0
[0.507s] -- Detecting C compiler ABI info
[0.584s] -- Detecting C compiler ABI info - done
[0.591s] -- Check for working C compiler: /usr/bin/cc - skipped
[0.592s] -- Detecting C compile features
[0.592s] -- Detecting C compile features - done
[0.595s] -- Detecting CXX compiler ABI info
[0.677s] -- Detecting CXX compiler ABI info - done
[0.685s] -- Check for working CXX compiler: /usr/bin/c++ - skipped
[0.685s] -- Detecting CXX compile features
[0.686s] -- Detecting CXX compile features - done
[0.690s] -- Found ament_cmake: 1.3.11 (/opt/ros/humble/share/ament_cmake/cmake)
[0.841s] -- Found Python3: /usr/bin/python3 (found version "3.10.12") found components: Interpreter 
[0.900s] -- Override CMake install command with custom implementation using symlinks instead of copying resources
[0.945s] -- Found geometry_msgs: 4.2.4 (/opt/ros/humble/share/geometry_msgs/cmake)
[1.015s] -- Found rosidl_generator_c: 3.1.6 (/opt/ros/humble/share/rosidl_generator_c/cmake)
[1.024s] -- Found rosidl_adapter: 3.1.6 (/opt/ros/humble/share/rosidl_adapter/cmake)
[1.037s] -- Found rosidl_generator_cpp: 3.1.6 (/opt/ros/humble/share/rosidl_generator_cpp/cmake)
[1.057s] -- Using all available rosidl_typesupport_c: rosidl_typesupport_fastrtps_c;rosidl_typesupport_introspection_c
[1.076s] -- Using all available rosidl_typesupport_cpp: rosidl_typesupport_fastrtps_cpp;rosidl_typesupport_introspection_cpp
[1.119s] -- Found rosidl_default_generators: 1.2.0 (/opt/ros/humble/share/rosidl_default_generators/cmake)
[1.131s] -- Found rclcpp: 16.0.11 (/opt/ros/humble/share/rclcpp/cmake)
[1.175s] -- Found rmw_implementation_cmake: 6.1.2 (/opt/ros/humble/share/rmw_implementation_cmake/cmake)
[1.179s] -- Found rmw_cyclonedds_cpp: 1.3.4 (/opt/ros/humble/share/rmw_cyclonedds_cpp/cmake)
[1.205s] -- Using RMW implementation 'rmw_cyclonedds_cpp' as default
[1.216s] -- Looking for pthread.h
[1.287s] -- Looking for pthread.h - found
[1.287s] -- Performing Test CMAKE_HAVE_LIBC_PTHREAD
[1.363s] -- Performing Test CMAKE_HAVE_LIBC_PTHREAD - Success
[1.364s] -- Found Threads: TRUE  
[1.403s] -- Found tutorial_interfaces: 0.0.0 (/home/karol/ITB/URO/KRAI/ros2_ws/src/tutorial_interfaces/install/tutorial_interfaces/share/tutorial_interfaces/cmake)
[1.717s] -- Found ament_cmake_ros: 0.10.0 (/opt/ros/humble/share/ament_cmake_ros/cmake)
[2.168s] -- Using all available rosidl_typesupport_c: rosidl_typesupport_fastrtps_c;rosidl_typesupport_introspection_c
[2.350s] -- Using all available rosidl_typesupport_cpp: rosidl_typesupport_fastrtps_cpp;rosidl_typesupport_introspection_cpp
[2.379s] -- Found PythonInterp: /usr/bin/python3 (found suitable version "3.10.12", minimum required is "3.6") 
[2.382s] -- Found python_cmake_module: 0.10.0 (/opt/ros/humble/share/python_cmake_module/cmake)
[2.408s] -- Found PythonLibs: /usr/lib/x86_64-linux-gnu/libpython3.10.so (found suitable version "3.10.12", minimum required is "3.5") 
[2.408s] -- Using PYTHON_EXECUTABLE: /usr/bin/python3
[2.408s] -- Using PYTHON_INCLUDE_DIRS: /usr/include/python3.10
[2.409s] -- Using PYTHON_LIBRARIES: /usr/lib/x86_64-linux-gnu/libpython3.10.so
[2.439s] -- Found PythonExtra: .so  
[2.531s] -- Found ament_lint_auto: 0.12.11 (/opt/ros/humble/share/ament_lint_auto/cmake)
[2.611s] -- Added test 'cppcheck' to perform static code analysis on C / C++ code
[2.611s] -- Configured cppcheck include dirs: /home/karol/ITB/URO/KRAI/ros2_ws/src/tutorial_interfaces/install/tutorial_interfaces/include/tutorial_interfaces
[2.611s] -- Configured cppcheck exclude dirs and/or files: 
[2.619s] -- Added test 'flake8' to check Python code syntax and style conventions
[2.631s] -- Added test 'lint_cmake' to check CMake code style
[2.639s] -- Added test 'pep257' to check Python code against some of the docstring style conventions in PEP 257
[2.684s] -- Added test 'uncrustify' to check C / C++ code style
[2.684s] -- Configured uncrustify additional arguments: 
[2.691s] -- Added test 'xmllint' to check XML markup files
[2.696s] -- Configuring done
[2.759s] -- Generating done
[2.780s] -- Build files have been written to: /home/karol/ITB/URO/KRAI/ros2_ws/build/tutorial_interfaces
[2.801s] Invoked command in '/home/karol/ITB/URO/KRAI/ros2_ws/build/tutorial_interfaces' returned '0': CMAKE_PREFIX_PATH=${CMAKE_PREFIX_PATH}:/home/karol/ITB/URO/KRAI/ros2_ws/install/urdf_tutorial_r2d2:/home/karol/ITB/URO/KRAI/ros2_ws/install/learning_tf2_py:/home/karol/ITB/URO/KRAI/ros2_ws/install/launch_tutorial:/opt/ros/humble /usr/bin/cmake /home/karol/ITB/URO/KRAI/ros2_ws/src/tutorial_interfaces -DAMENT_CMAKE_SYMLINK_INSTALL=1 -DCMAKE_INSTALL_PREFIX=/home/karol/ITB/URO/KRAI/ros2_ws/install/tutorial_interfaces
[2.802s] Invoking command in '/home/karol/ITB/URO/KRAI/ros2_ws/build/tutorial_interfaces': CMAKE_PREFIX_PATH=${CMAKE_PREFIX_PATH}:/home/karol/ITB/URO/KRAI/ros2_ws/install/urdf_tutorial_r2d2:/home/karol/ITB/URO/KRAI/ros2_ws/install/learning_tf2_py:/home/karol/ITB/URO/KRAI/ros2_ws/install/launch_tutorial:/opt/ros/humble /usr/bin/cmake --build /home/karol/ITB/URO/KRAI/ros2_ws/build/tutorial_interfaces -- -j22 -l22
[2.852s] [  1%] [34m[1mGenerating C code for ROS interfaces[0m
[2.859s] [  7%] [32mBuilding CXX object CMakeFiles/listener.dir/src/listener.cpp.o[0m
[2.859s] [  7%] [32mBuilding CXX object CMakeFiles/client.dir/src/add_three_ints_cli.cpp.o[0m
[2.859s] [  7%] [32mBuilding CXX object CMakeFiles/talker.dir/src/talker.cpp.o[0m
[2.860s] [  9%] [32mBuilding CXX object CMakeFiles/server.dir/src/add_three_ints_srv.cpp.o[0m
[2.864s] [ 10%] [34m[1mGenerating C++ code for ROS interfaces[0m
[2.875s] [ 10%] Built target ament_cmake_python_symlink_tutorial_interfaces
[3.166s] running egg_info
[3.167s] creating tutorial_interfaces.egg-info
[3.167s] writing tutorial_interfaces.egg-info/PKG-INFO
[3.167s] writing dependency_links to tutorial_interfaces.egg-info/dependency_links.txt
[3.167s] writing top-level names to tutorial_interfaces.egg-info/top_level.txt
[3.167s] writing manifest file 'tutorial_interfaces.egg-info/SOURCES.txt'
[3.169s] reading manifest file 'tutorial_interfaces.egg-info/SOURCES.txt'
[3.170s] writing manifest file 'tutorial_interfaces.egg-info/SOURCES.txt'
[3.197s] [ 10%] Built target ament_cmake_python_build_tutorial_interfaces_egg
[3.235s] [ 16%] [32mBuilding C object CMakeFiles/tutorial_interfaces__rosidl_generator_c.dir/rosidl_generator_c/tutorial_interfaces/srv/detail/add_three_ints__functions.c.o[0m
[3.235s] [ 16%] [32mBuilding C object CMakeFiles/tutorial_interfaces__rosidl_generator_c.dir/rosidl_generator_c/tutorial_interfaces/msg/detail/sphere__functions.c.o[0m
[3.235s] [ 16%] [32mBuilding C object CMakeFiles/tutorial_interfaces__rosidl_generator_c.dir/rosidl_generator_c/tutorial_interfaces/msg/detail/num__functions.c.o[0m
[3.276s] [ 16%] Built target tutorial_interfaces__cpp
[3.288s] [ 18%] [34m[1mGenerating C++ type support dispatch for ROS interfaces[0m
[3.289s] [ 20%] [34m[1mGenerating C++ type support for eProsima Fast-RTPS[0m
[3.290s] [ 21%] [34m[1mGenerating C++ introspection for ROS interfaces[0m
[3.374s] [ 23%] [32m[1mLinking C shared library libtutorial_interfaces__rosidl_generator_c.so[0m
[3.414s] [ 23%] Built target tutorial_interfaces__rosidl_generator_c
[3.428s] [ 29%] [34m[1mGenerating C type support for eProsima Fast-RTPS[0m
[3.429s] [ 29%] [34m[1mGenerating C introspection for ROS interfaces[0m
[3.429s] [ 29%] [34m[1mGenerating C type support dispatch for ROS interfaces[0m
[3.559s] [ 30%] [32mBuilding CXX object CMakeFiles/tutorial_interfaces__rosidl_typesupport_introspection_cpp.dir/rosidl_typesupport_introspection_cpp/tutorial_interfaces/msg/detail/num__type_support.cpp.o[0m
[3.559s] [ 32%] [32mBuilding CXX object CMakeFiles/tutorial_interfaces__rosidl_typesupport_introspection_cpp.dir/rosidl_typesupport_introspection_cpp/tutorial_interfaces/msg/detail/sphere__type_support.cpp.o[0m
[3.560s] [ 34%] [32mBuilding CXX object CMakeFiles/tutorial_interfaces__rosidl_typesupport_introspection_cpp.dir/rosidl_typesupport_introspection_cpp/tutorial_interfaces/srv/detail/add_three_ints__type_support.cpp.o[0m
[3.587s] [ 36%] [32mBuilding CXX object CMakeFiles/tutorial_interfaces__rosidl_typesupport_cpp.dir/rosidl_typesupport_cpp/tutorial_interfaces/msg/num__type_support.cpp.o[0m
[3.595s] [ 38%] [32mBuilding CXX object CMakeFiles/tutorial_interfaces__rosidl_typesupport_cpp.dir/rosidl_typesupport_cpp/tutorial_interfaces/srv/add_three_ints__type_support.cpp.o[0m
[3.597s] [ 40%] [32mBuilding CXX object CMakeFiles/tutorial_interfaces__rosidl_typesupport_cpp.dir/rosidl_typesupport_cpp/tutorial_interfaces/msg/sphere__type_support.cpp.o[0m
[3.696s] [ 41%] [32mBuilding CXX object CMakeFiles/tutorial_interfaces__rosidl_typesupport_fastrtps_cpp.dir/rosidl_typesupport_fastrtps_cpp/tutorial_interfaces/msg/detail/dds_fastrtps/sphere__type_support.cpp.o[0m
[3.697s] [ 43%] [32mBuilding CXX object CMakeFiles/tutorial_interfaces__rosidl_typesupport_fastrtps_cpp.dir/rosidl_typesupport_fastrtps_cpp/tutorial_interfaces/msg/detail/dds_fastrtps/num__type_support.cpp.o[0m
[3.697s] [ 45%] [32mBuilding CXX object CMakeFiles/tutorial_interfaces__rosidl_typesupport_fastrtps_cpp.dir/rosidl_typesupport_fastrtps_cpp/tutorial_interfaces/srv/detail/dds_fastrtps/add_three_ints__type_support.cpp.o[0m
[3.819s] [ 47%] [32mBuilding CXX object CMakeFiles/tutorial_interfaces__rosidl_typesupport_c.dir/rosidl_typesupport_c/tutorial_interfaces/msg/sphere__type_support.cpp.o[0m
[3.824s] [ 49%] [32mBuilding CXX object CMakeFiles/tutorial_interfaces__rosidl_typesupport_c.dir/rosidl_typesupport_c/tutorial_interfaces/srv/add_three_ints__type_support.cpp.o[0m
[3.829s] [ 50%] [32mBuilding CXX object CMakeFiles/tutorial_interfaces__rosidl_typesupport_c.dir/rosidl_typesupport_c/tutorial_interfaces/msg/num__type_support.cpp.o[0m
[3.884s] [ 52%] [32m[1mLinking CXX shared library libtutorial_interfaces__rosidl_typesupport_c.so[0m
[3.920s] [ 54%] [32mBuilding C object CMakeFiles/tutorial_interfaces__rosidl_typesupport_introspection_c.dir/rosidl_typesupport_introspection_c/tutorial_interfaces/srv/detail/add_three_ints__type_support.c.o[0m
[3.923s] [ 56%] [32mBuilding C object CMakeFiles/tutorial_interfaces__rosidl_typesupport_introspection_c.dir/rosidl_typesupport_introspection_c/tutorial_interfaces/msg/detail/num__type_support.c.o[0m
[3.923s] [ 58%] [32mBuilding C object CMakeFiles/tutorial_interfaces__rosidl_typesupport_introspection_c.dir/rosidl_typesupport_introspection_c/tutorial_interfaces/msg/detail/sphere__type_support.c.o[0m
[3.947s] [ 58%] Built target tutorial_interfaces__rosidl_typesupport_c
[3.982s] [ 60%] [32m[1mLinking C shared library libtutorial_interfaces__rosidl_typesupport_introspection_c.so[0m
[3.988s] [ 61%] [32mBuilding CXX object CMakeFiles/tutorial_interfaces__rosidl_typesupport_fastrtps_c.dir/rosidl_typesupport_fastrtps_c/tutorial_interfaces/msg/detail/num__type_support_c.cpp.o[0m
[3.991s] [ 63%] [32mBuilding CXX object CMakeFiles/tutorial_interfaces__rosidl_typesupport_fastrtps_c.dir/rosidl_typesupport_fastrtps_c/tutorial_interfaces/msg/detail/sphere__type_support_c.cpp.o[0m
[3.991s] [ 65%] [32mBuilding CXX object CMakeFiles/tutorial_interfaces__rosidl_typesupport_fastrtps_c.dir/rosidl_typesupport_fastrtps_c/tutorial_interfaces/srv/detail/add_three_ints__type_support_c.cpp.o[0m
[3.996s] [ 67%] [32m[1mLinking CXX shared library libtutorial_interfaces__rosidl_typesupport_introspection_cpp.so[0m
[4.022s] [ 67%] Built target tutorial_interfaces__rosidl_typesupport_introspection_c
[4.041s] [ 69%] [32m[1mLinking CXX shared library libtutorial_interfaces__rosidl_typesupport_cpp.so[0m
[4.073s] [ 69%] Built target tutorial_interfaces__rosidl_typesupport_cpp
[4.081s] [ 69%] Built target tutorial_interfaces__rosidl_typesupport_introspection_cpp
[4.278s] [ 70%] [32m[1mLinking CXX shared library libtutorial_interfaces__rosidl_typesupport_fastrtps_cpp.so[0m
[4.342s] [ 72%] [32m[1mLinking CXX shared library libtutorial_interfaces__rosidl_typesupport_fastrtps_c.so[0m
[4.350s] [ 72%] Built target tutorial_interfaces__rosidl_typesupport_fastrtps_cpp
[4.412s] [ 72%] Built target tutorial_interfaces__rosidl_typesupport_fastrtps_c
[4.436s] [ 72%] Built target tutorial_interfaces
[4.460s] [ 74%] [34m[1mGenerating Python code for ROS interfaces[0m
[4.829s] [ 74%] Built target tutorial_interfaces__py
[4.850s] [ 76%] [32mBuilding C object CMakeFiles/tutorial_interfaces__rosidl_generator_py.dir/rosidl_generator_py/tutorial_interfaces/srv/_add_three_ints_s.c.o[0m
[4.851s] [ 78%] [32mBuilding C object CMakeFiles/tutorial_interfaces__rosidl_generator_py.dir/rosidl_generator_py/tutorial_interfaces/msg/_num_s.c.o[0m
[4.851s] [ 80%] [32mBuilding C object CMakeFiles/tutorial_interfaces__rosidl_generator_py.dir/rosidl_generator_py/tutorial_interfaces/msg/_sphere_s.c.o[0m
[4.956s] [ 81%] [32m[1mLinking C shared library rosidl_generator_py/tutorial_interfaces/libtutorial_interfaces__rosidl_generator_py.so[0m
[4.996s] [ 81%] Built target tutorial_interfaces__rosidl_generator_py
[5.017s] [ 85%] [32mBuilding C object CMakeFiles/tutorial_interfaces__rosidl_typesupport_c__pyext.dir/rosidl_generator_py/tutorial_interfaces/_tutorial_interfaces_s.ep.rosidl_typesupport_c.c.o[0m
[5.017s] [ 85%] [32mBuilding C object CMakeFiles/tutorial_interfaces__rosidl_typesupport_fastrtps_c__pyext.dir/rosidl_generator_py/tutorial_interfaces/_tutorial_interfaces_s.ep.rosidl_typesupport_fastrtps_c.c.o[0m
[5.019s] [ 87%] [32mBuilding C object CMakeFiles/tutorial_interfaces__rosidl_typesupport_introspection_c__pyext.dir/rosidl_generator_py/tutorial_interfaces/_tutorial_interfaces_s.ep.rosidl_typesupport_introspection_c.c.o[0m
[5.093s] [ 89%] [32m[1mLinking C shared library rosidl_generator_py/tutorial_interfaces/tutorial_interfaces_s__rosidl_typesupport_c.cpython-310-x86_64-linux-gnu.so[0m
[5.107s] [ 90%] [32m[1mLinking C shared library rosidl_generator_py/tutorial_interfaces/tutorial_interfaces_s__rosidl_typesupport_fastrtps_c.cpython-310-x86_64-linux-gnu.so[0m
[5.141s] [ 90%] Built target tutorial_interfaces__rosidl_typesupport_c__pyext
[5.143s] [ 92%] [32m[1mLinking C shared library rosidl_generator_py/tutorial_interfaces/tutorial_interfaces_s__rosidl_typesupport_introspection_c.cpython-310-x86_64-linux-gnu.so[0m
[5.146s] [ 92%] Built target tutorial_interfaces__rosidl_typesupport_fastrtps_c__pyext
[5.186s] [ 92%] Built target tutorial_interfaces__rosidl_typesupport_introspection_c__pyext
[6.194s] [ 94%] [32m[1mLinking CXX executable server[0m
[6.329s] [ 94%] Built target server
[6.408s] [ 96%] [32m[1mLinking CXX executable client[0m
[6.542s] [ 96%] Built target client
[6.859s] [ 98%] [32m[1mLinking CXX executable talker[0m
[7.017s] [ 98%] Built target talker
[12.785s] [100%] [32m[1mLinking CXX executable listener[0m
[13.245s] [100%] Built target listener
[13.264s] Invoked command in '/home/karol/ITB/URO/KRAI/ros2_ws/build/tutorial_interfaces' returned '0': CMAKE_PREFIX_PATH=${CMAKE_PREFIX_PATH}:/home/karol/ITB/URO/KRAI/ros2_ws/install/urdf_tutorial_r2d2:/home/karol/ITB/URO/KRAI/ros2_ws/install/learning_tf2_py:/home/karol/ITB/URO/KRAI/ros2_ws/install/launch_tutorial:/opt/ros/humble /usr/bin/cmake --build /home/karol/ITB/URO/KRAI/ros2_ws/build/tutorial_interfaces -- -j22 -l22
[13.267s] Invoking command in '/home/karol/ITB/URO/KRAI/ros2_ws/build/tutorial_interfaces': CMAKE_PREFIX_PATH=${CMAKE_PREFIX_PATH}:/home/karol/ITB/URO/KRAI/ros2_ws/install/urdf_tutorial_r2d2:/home/karol/ITB/URO/KRAI/ros2_ws/install/learning_tf2_py:/home/karol/ITB/URO/KRAI/ros2_ws/install/launch_tutorial:/opt/ros/humble /usr/bin/cmake --install /home/karol/ITB/URO/KRAI/ros2_ws/build/tutorial_interfaces
[13.278s] -- Install configuration: ""
[13.279s] -- Execute custom install script
[13.280s] -- Symlinking: /home/karol/ITB/URO/KRAI/ros2_ws/install/tutorial_interfaces/lib/tutorial_interfaces/talker
[13.292s] -- Symlinking: /home/karol/ITB/URO/KRAI/ros2_ws/install/tutorial_interfaces/lib/tutorial_interfaces/listener
[13.304s] -- Symlinking: /home/karol/ITB/URO/KRAI/ros2_ws/install/tutorial_interfaces/lib/tutorial_interfaces/server
[13.319s] -- Symlinking: /home/karol/ITB/URO/KRAI/ros2_ws/install/tutorial_interfaces/lib/tutorial_interfaces/client
[13.333s] -- Symlinking: /home/karol/ITB/URO/KRAI/ros2_ws/install/tutorial_interfaces/share/ament_index/resource_index/rosidl_interfaces/tutorial_interfaces
[13.345s] -- Symlinking: /home/karol/ITB/URO/KRAI/ros2_ws/install/tutorial_interfaces/include/tutorial_interfaces/tutorial_interfaces/msg/detail/num__functions.h
[13.358s] -- Symlinking: /home/karol/ITB/URO/KRAI/ros2_ws/install/tutorial_interfaces/include/tutorial_interfaces/tutorial_interfaces/msg/detail/num__struct.h
[13.370s] -- Symlinking: /home/karol/ITB/URO/KRAI/ros2_ws/install/tutorial_interfaces/include/tutorial_interfaces/tutorial_interfaces/msg/detail/num__type_support.h
[13.382s] -- Symlinking: /home/karol/ITB/URO/KRAI/ros2_ws/install/tutorial_interfaces/include/tutorial_interfaces/tutorial_interfaces/msg/detail/sphere__functions.h
[13.394s] -- Symlinking: /home/karol/ITB/URO/KRAI/ros2_ws/install/tutorial_interfaces/include/tutorial_interfaces/tutorial_interfaces/msg/detail/sphere__struct.h
[13.408s] -- Symlinking: /home/karol/ITB/URO/KRAI/ros2_ws/install/tutorial_interfaces/include/tutorial_interfaces/tutorial_interfaces/msg/detail/sphere__type_support.h
[13.421s] -- Symlinking: /home/karol/ITB/URO/KRAI/ros2_ws/install/tutorial_interfaces/include/tutorial_interfaces/tutorial_interfaces/msg/num.h
[13.432s] -- Symlinking: /home/karol/ITB/URO/KRAI/ros2_ws/install/tutorial_interfaces/include/tutorial_interfaces/tutorial_interfaces/msg/rosidl_generator_c__visibility_control.h
[13.447s] -- Symlinking: /home/karol/ITB/URO/KRAI/ros2_ws/install/tutorial_interfaces/include/tutorial_interfaces/tutorial_interfaces/msg/sphere.h
[13.458s] -- Symlinking: /home/karol/ITB/URO/KRAI/ros2_ws/install/tutorial_interfaces/include/tutorial_interfaces/tutorial_interfaces/srv/add_three_ints.h
[13.469s] -- Symlinking: /home/karol/ITB/URO/KRAI/ros2_ws/install/tutorial_interfaces/include/tutorial_interfaces/tutorial_interfaces/srv/detail/add_three_ints__functions.h
[13.480s] -- Symlinking: /home/karol/ITB/URO/KRAI/ros2_ws/install/tutorial_interfaces/include/tutorial_interfaces/tutorial_interfaces/srv/detail/add_three_ints__struct.h
[13.491s] -- Symlinking: /home/karol/ITB/URO/KRAI/ros2_ws/install/tutorial_interfaces/include/tutorial_interfaces/tutorial_interfaces/srv/detail/add_three_ints__type_support.h
[13.506s] -- Symlinking: /home/karol/ITB/URO/KRAI/ros2_ws/install/tutorial_interfaces/share/tutorial_interfaces/environment/library_path.sh
[13.517s] -- Symlinking: /home/karol/ITB/URO/KRAI/ros2_ws/install/tutorial_interfaces/share/tutorial_interfaces/environment/library_path.dsv
[13.530s] -- Symlinking: /home/karol/ITB/URO/KRAI/ros2_ws/install/tutorial_interfaces/include/tutorial_interfaces/tutorial_interfaces/msg/detail/num__rosidl_typesupport_fastrtps_c.h
[13.540s] -- Symlinking: /home/karol/ITB/URO/KRAI/ros2_ws/install/tutorial_interfaces/include/tutorial_interfaces/tutorial_interfaces/msg/detail/sphere__rosidl_typesupport_fastrtps_c.h
[13.550s] -- Symlinking: /home/karol/ITB/URO/KRAI/ros2_ws/install/tutorial_interfaces/include/tutorial_interfaces/tutorial_interfaces/msg/rosidl_typesupport_fastrtps_c__visibility_control.h
[13.564s] -- Symlinking: /home/karol/ITB/URO/KRAI/ros2_ws/install/tutorial_interfaces/include/tutorial_interfaces/tutorial_interfaces/srv/detail/add_three_ints__rosidl_typesupport_fastrtps_c.h
[13.575s] -- Symlinking: /home/karol/ITB/URO/KRAI/ros2_ws/install/tutorial_interfaces/include/tutorial_interfaces/tutorial_interfaces/msg/detail/num__builder.hpp
[13.588s] -- Symlinking: /home/karol/ITB/URO/KRAI/ros2_ws/install/tutorial_interfaces/include/tutorial_interfaces/tutorial_interfaces/msg/detail/num__struct.hpp
[13.599s] -- Symlinking: /home/karol/ITB/URO/KRAI/ros2_ws/install/tutorial_interfaces/include/tutorial_interfaces/tutorial_interfaces/msg/detail/num__traits.hpp
[13.610s] -- Symlinking: /home/karol/ITB/URO/KRAI/ros2_ws/install/tutorial_interfaces/include/tutorial_interfaces/tutorial_interfaces/msg/detail/num__type_support.hpp
[13.621s] -- Symlinking: /home/karol/ITB/URO/KRAI/ros2_ws/install/tutorial_interfaces/include/tutorial_interfaces/tutorial_interfaces/msg/detail/sphere__builder.hpp
[13.632s] -- Symlinking: /home/karol/ITB/URO/KRAI/ros2_ws/install/tutorial_interfaces/include/tutorial_interfaces/tutorial_interfaces/msg/detail/sphere__struct.hpp
[13.644s] -- Symlinking: /home/karol/ITB/URO/KRAI/ros2_ws/install/tutorial_interfaces/include/tutorial_interfaces/tutorial_interfaces/msg/detail/sphere__traits.hpp
[13.656s] -- Symlinking: /home/karol/ITB/URO/KRAI/ros2_ws/install/tutorial_interfaces/include/tutorial_interfaces/tutorial_interfaces/msg/detail/sphere__type_support.hpp
[13.668s] -- Symlinking: /home/karol/ITB/URO/KRAI/ros2_ws/install/tutorial_interfaces/include/tutorial_interfaces/tutorial_interfaces/msg/num.hpp
[13.679s] -- Symlinking: /home/karol/ITB/URO/KRAI/ros2_ws/install/tutorial_interfaces/include/tutorial_interfaces/tutorial_interfaces/msg/rosidl_generator_cpp__visibility_control.hpp
[13.690s] -- Symlinking: /home/karol/ITB/URO/KRAI/ros2_ws/install/tutorial_interfaces/include/tutorial_interfaces/tutorial_interfaces/msg/sphere.hpp
[13.702s] -- Symlinking: /home/karol/ITB/URO/KRAI/ros2_ws/install/tutorial_interfaces/include/tutorial_interfaces/tutorial_interfaces/srv/add_three_ints.hpp
[13.715s] -- Symlinking: /home/karol/ITB/URO/KRAI/ros2_ws/install/tutorial_interfaces/include/tutorial_interfaces/tutorial_interfaces/srv/detail/add_three_ints__builder.hpp
[13.727s] -- Symlinking: /home/karol/ITB/URO/KRAI/ros2_ws/install/tutorial_interfaces/include/tutorial_interfaces/tutorial_interfaces/srv/detail/add_three_ints__struct.hpp
[13.739s] -- Symlinking: /home/karol/ITB/URO/KRAI/ros2_ws/install/tutorial_interfaces/include/tutorial_interfaces/tutorial_interfaces/srv/detail/add_three_ints__traits.hpp
[13.752s] -- Symlinking: /home/karol/ITB/URO/KRAI/ros2_ws/install/tutorial_interfaces/include/tutorial_interfaces/tutorial_interfaces/srv/detail/add_three_ints__type_support.hpp
[13.765s] -- Symlinking: /home/karol/ITB/URO/KRAI/ros2_ws/install/tutorial_interfaces/include/tutorial_interfaces/tutorial_interfaces/msg/detail/num__rosidl_typesupport_fastrtps_cpp.hpp
[13.777s] -- Symlinking: /home/karol/ITB/URO/KRAI/ros2_ws/install/tutorial_interfaces/include/tutorial_interfaces/tutorial_interfaces/msg/detail/sphere__rosidl_typesupport_fastrtps_cpp.hpp
[13.790s] -- Symlinking: /home/karol/ITB/URO/KRAI/ros2_ws/install/tutorial_interfaces/include/tutorial_interfaces/tutorial_interfaces/msg/rosidl_typesupport_fastrtps_cpp__visibility_control.h
[13.800s] -- Symlinking: /home/karol/ITB/URO/KRAI/ros2_ws/install/tutorial_interfaces/include/tutorial_interfaces/tutorial_interfaces/srv/detail/add_three_ints__rosidl_typesupport_fastrtps_cpp.hpp
[13.811s] -- Symlinking: /home/karol/ITB/URO/KRAI/ros2_ws/install/tutorial_interfaces/include/tutorial_interfaces/tutorial_interfaces/msg/detail/num__rosidl_typesupport_introspection_c.h
[13.822s] -- Symlinking: /home/karol/ITB/URO/KRAI/ros2_ws/install/tutorial_interfaces/include/tutorial_interfaces/tutorial_interfaces/msg/detail/sphere__rosidl_typesupport_introspection_c.h
[13.833s] -- Symlinking: /home/karol/ITB/URO/KRAI/ros2_ws/install/tutorial_interfaces/include/tutorial_interfaces/tutorial_interfaces/msg/rosidl_typesupport_introspection_c__visibility_control.h
[13.844s] -- Symlinking: /home/karol/ITB/URO/KRAI/ros2_ws/install/tutorial_interfaces/include/tutorial_interfaces/tutorial_interfaces/srv/detail/add_three_ints__rosidl_typesupport_introspection_c.h
[13.854s] -- Symlinking: /home/karol/ITB/URO/KRAI/ros2_ws/install/tutorial_interfaces/include/tutorial_interfaces/tutorial_interfaces/msg/detail/num__rosidl_typesupport_introspection_cpp.hpp
[13.865s] -- Symlinking: /home/karol/ITB/URO/KRAI/ros2_ws/install/tutorial_interfaces/include/tutorial_interfaces/tutorial_interfaces/msg/detail/sphere__rosidl_typesupport_introspection_cpp.hpp
[13.875s] -- Symlinking: /home/karol/ITB/URO/KRAI/ros2_ws/install/tutorial_interfaces/include/tutorial_interfaces/tutorial_interfaces/srv/detail/add_three_ints__rosidl_typesupport_introspection_cpp.hpp
[13.886s] -- Symlinking: /home/karol/ITB/URO/KRAI/ros2_ws/install/tutorial_interfaces/share/tutorial_interfaces/environment/pythonpath.sh
[13.895s] -- Symlinking: /home/karol/ITB/URO/KRAI/ros2_ws/install/tutorial_interfaces/share/tutorial_interfaces/environment/pythonpath.dsv
[13.907s] -- Symlinking: /home/karol/ITB/URO/KRAI/ros2_ws/install/tutorial_interfaces/local/lib/python3.10/dist-packages/tutorial_interfaces-0.0.0-py3.10.egg-info/PKG-INFO
[13.920s] -- Symlinking: /home/karol/ITB/URO/KRAI/ros2_ws/install/tutorial_interfaces/local/lib/python3.10/dist-packages/tutorial_interfaces-0.0.0-py3.10.egg-info/SOURCES.txt
[13.932s] -- Symlinking: /home/karol/ITB/URO/KRAI/ros2_ws/install/tutorial_interfaces/local/lib/python3.10/dist-packages/tutorial_interfaces-0.0.0-py3.10.egg-info/dependency_links.txt
[13.942s] -- Symlinking: /home/karol/ITB/URO/KRAI/ros2_ws/install/tutorial_interfaces/local/lib/python3.10/dist-packages/tutorial_interfaces-0.0.0-py3.10.egg-info/top_level.txt
[13.957s] -- Symlinking: /home/karol/ITB/URO/KRAI/ros2_ws/install/tutorial_interfaces/local/lib/python3.10/dist-packages/tutorial_interfaces/__init__.py
[13.969s] -- Symlinking: /home/karol/ITB/URO/KRAI/ros2_ws/install/tutorial_interfaces/local/lib/python3.10/dist-packages/tutorial_interfaces/_tutorial_interfaces_s.ep.rosidl_typesupport_c.c
[13.983s] -- Symlinking: /home/karol/ITB/URO/KRAI/ros2_ws/install/tutorial_interfaces/local/lib/python3.10/dist-packages/tutorial_interfaces/_tutorial_interfaces_s.ep.rosidl_typesupport_fastrtps_c.c
[13.996s] -- Symlinking: /home/karol/ITB/URO/KRAI/ros2_ws/install/tutorial_interfaces/local/lib/python3.10/dist-packages/tutorial_interfaces/_tutorial_interfaces_s.ep.rosidl_typesupport_introspection_c.c
[14.012s] -- Symlinking: /home/karol/ITB/URO/KRAI/ros2_ws/install/tutorial_interfaces/local/lib/python3.10/dist-packages/tutorial_interfaces/libtutorial_interfaces__rosidl_generator_py.so
[14.029s] -- Symlinking: /home/karol/ITB/URO/KRAI/ros2_ws/install/tutorial_interfaces/local/lib/python3.10/dist-packages/tutorial_interfaces/msg/__init__.py
[14.041s] -- Symlinking: /home/karol/ITB/URO/KRAI/ros2_ws/install/tutorial_interfaces/local/lib/python3.10/dist-packages/tutorial_interfaces/msg/_num.py
[14.053s] -- Symlinking: /home/karol/ITB/URO/KRAI/ros2_ws/install/tutorial_interfaces/local/lib/python3.10/dist-packages/tutorial_interfaces/msg/_num_s.c
[14.067s] -- Symlinking: /home/karol/ITB/URO/KRAI/ros2_ws/install/tutorial_interfaces/local/lib/python3.10/dist-packages/tutorial_interfaces/msg/_sphere.py
[14.079s] -- Symlinking: /home/karol/ITB/URO/KRAI/ros2_ws/install/tutorial_interfaces/local/lib/python3.10/dist-packages/tutorial_interfaces/msg/_sphere_s.c
[14.091s] -- Symlinking: /home/karol/ITB/URO/KRAI/ros2_ws/install/tutorial_interfaces/local/lib/python3.10/dist-packages/tutorial_interfaces/srv/__init__.py
[14.101s] -- Symlinking: /home/karol/ITB/URO/KRAI/ros2_ws/install/tutorial_interfaces/local/lib/python3.10/dist-packages/tutorial_interfaces/srv/_add_three_ints.py
[14.111s] -- Symlinking: /home/karol/ITB/URO/KRAI/ros2_ws/install/tutorial_interfaces/local/lib/python3.10/dist-packages/tutorial_interfaces/srv/_add_three_ints_s.c
[14.122s] -- Symlinking: /home/karol/ITB/URO/KRAI/ros2_ws/install/tutorial_interfaces/local/lib/python3.10/dist-packages/tutorial_interfaces/tutorial_interfaces_s__rosidl_typesupport_c.cpython-310-x86_64-linux-gnu.so
[14.131s] -- Symlinking: /home/karol/ITB/URO/KRAI/ros2_ws/install/tutorial_interfaces/local/lib/python3.10/dist-packages/tutorial_interfaces/tutorial_interfaces_s__rosidl_typesupport_fastrtps_c.cpython-310-x86_64-linux-gnu.so
[14.142s] -- Symlinking: /home/karol/ITB/URO/KRAI/ros2_ws/install/tutorial_interfaces/local/lib/python3.10/dist-packages/tutorial_interfaces/tutorial_interfaces_s__rosidl_typesupport_introspection_c.cpython-310-x86_64-linux-gnu.so
[14.152s] -- Up-to-date symlink: /home/karol/ITB/URO/KRAI/ros2_ws/install/tutorial_interfaces/local/lib/python3.10/dist-packages/tutorial_interfaces/tutorial_interfaces_s__rosidl_typesupport_fastrtps_c.cpython-310-x86_64-linux-gnu.so
[14.152s] -- Up-to-date symlink: /home/karol/ITB/URO/KRAI/ros2_ws/install/tutorial_interfaces/local/lib/python3.10/dist-packages/tutorial_interfaces/tutorial_interfaces_s__rosidl_typesupport_introspection_c.cpython-310-x86_64-linux-gnu.so
[14.153s] -- Up-to-date symlink: /home/karol/ITB/URO/KRAI/ros2_ws/install/tutorial_interfaces/local/lib/python3.10/dist-packages/tutorial_interfaces/tutorial_interfaces_s__rosidl_typesupport_c.cpython-310-x86_64-linux-gnu.so
[14.153s] -- Symlinking: /home/karol/ITB/URO/KRAI/ros2_ws/install/tutorial_interfaces/share/tutorial_interfaces/msg/Num.idl
[14.164s] -- Symlinking: /home/karol/ITB/URO/KRAI/ros2_ws/install/tutorial_interfaces/share/tutorial_interfaces/msg/Sphere.idl
[14.178s] -- Symlinking: /home/karol/ITB/URO/KRAI/ros2_ws/install/tutorial_interfaces/share/tutorial_interfaces/srv/AddThreeInts.idl
[14.190s] -- Symlinking: /home/karol/ITB/URO/KRAI/ros2_ws/install/tutorial_interfaces/share/tutorial_interfaces/msg/Num.msg
[14.204s] -- Symlinking: /home/karol/ITB/URO/KRAI/ros2_ws/install/tutorial_interfaces/share/tutorial_interfaces/msg/Sphere.msg
[14.216s] -- Symlinking: /home/karol/ITB/URO/KRAI/ros2_ws/install/tutorial_interfaces/share/tutorial_interfaces/srv/AddThreeInts.srv
[14.227s] -- Symlinking: /home/karol/ITB/URO/KRAI/ros2_ws/install/tutorial_interfaces/share/tutorial_interfaces/srv/AddThreeInts_Request.msg
[14.237s] -- Symlinking: /home/karol/ITB/URO/KRAI/ros2_ws/install/tutorial_interfaces/share/tutorial_interfaces/srv/AddThreeInts_Response.msg
[14.248s] -- Symlinking: /home/karol/ITB/URO/KRAI/ros2_ws/install/tutorial_interfaces/share/ament_index/resource_index/package_run_dependencies/tutorial_interfaces
[14.261s] -- Symlinking: /home/karol/ITB/URO/KRAI/ros2_ws/install/tutorial_interfaces/share/ament_index/resource_index/parent_prefix_path/tutorial_interfaces
[14.274s] -- Symlinking: /home/karol/ITB/URO/KRAI/ros2_ws/install/tutorial_interfaces/share/tutorial_interfaces/environment/ament_prefix_path.sh
[14.284s] -- Symlinking: /home/karol/ITB/URO/KRAI/ros2_ws/install/tutorial_interfaces/share/tutorial_interfaces/environment/ament_prefix_path.dsv
[14.295s] -- Symlinking: /home/karol/ITB/URO/KRAI/ros2_ws/install/tutorial_interfaces/share/tutorial_interfaces/environment/path.sh
[14.306s] -- Symlinking: /home/karol/ITB/URO/KRAI/ros2_ws/install/tutorial_interfaces/share/tutorial_interfaces/environment/path.dsv
[14.318s] -- Symlinking: /home/karol/ITB/URO/KRAI/ros2_ws/install/tutorial_interfaces/share/tutorial_interfaces/local_setup.bash
[14.329s] -- Symlinking: /home/karol/ITB/URO/KRAI/ros2_ws/install/tutorial_interfaces/share/tutorial_interfaces/local_setup.sh
[14.338s] -- Symlinking: /home/karol/ITB/URO/KRAI/ros2_ws/install/tutorial_interfaces/share/tutorial_interfaces/local_setup.zsh
[14.350s] -- Symlinking: /home/karol/ITB/URO/KRAI/ros2_ws/install/tutorial_interfaces/share/tutorial_interfaces/local_setup.dsv
[14.362s] -- Symlinking: /home/karol/ITB/URO/KRAI/ros2_ws/install/tutorial_interfaces/share/tutorial_interfaces/package.dsv
[14.373s] -- Symlinking: /home/karol/ITB/URO/KRAI/ros2_ws/install/tutorial_interfaces/share/ament_index/resource_index/packages/tutorial_interfaces
[14.384s] -- Symlinking: /home/karol/ITB/URO/KRAI/ros2_ws/install/tutorial_interfaces/share/tutorial_interfaces/cmake/rosidl_cmake-extras.cmake
[14.393s] -- Symlinking: /home/karol/ITB/URO/KRAI/ros2_ws/install/tutorial_interfaces/share/tutorial_interfaces/cmake/ament_cmake_export_dependencies-extras.cmake
[14.405s] -- Symlinking: /home/karol/ITB/URO/KRAI/ros2_ws/install/tutorial_interfaces/share/tutorial_interfaces/cmake/ament_cmake_export_include_directories-extras.cmake
[14.415s] -- Symlinking: /home/karol/ITB/URO/KRAI/ros2_ws/install/tutorial_interfaces/share/tutorial_interfaces/cmake/ament_cmake_export_libraries-extras.cmake
[14.424s] -- Symlinking: /home/karol/ITB/URO/KRAI/ros2_ws/install/tutorial_interfaces/share/tutorial_interfaces/cmake/ament_cmake_export_targets-extras.cmake
[14.435s] -- Symlinking: /home/karol/ITB/URO/KRAI/ros2_ws/install/tutorial_interfaces/share/tutorial_interfaces/cmake/rosidl_cmake_export_typesupport_targets-extras.cmake
[14.444s] -- Symlinking: /home/karol/ITB/URO/KRAI/ros2_ws/install/tutorial_interfaces/share/tutorial_interfaces/cmake/rosidl_cmake_export_typesupport_libraries-extras.cmake
[14.455s] -- Symlinking: /home/karol/ITB/URO/KRAI/ros2_ws/install/tutorial_interfaces/share/tutorial_interfaces/cmake/tutorial_interfacesConfig.cmake
[14.466s] -- Symlinking: /home/karol/ITB/URO/KRAI/ros2_ws/install/tutorial_interfaces/share/tutorial_interfaces/cmake/tutorial_interfacesConfig-version.cmake
[14.477s] -- Symlinking: /home/karol/ITB/URO/KRAI/ros2_ws/install/tutorial_interfaces/share/tutorial_interfaces/package.xml
[14.487s] -- Installing: /home/karol/ITB/URO/KRAI/ros2_ws/install/tutorial_interfaces/lib/libtutorial_interfaces__rosidl_generator_c.so
[14.487s] -- Set runtime path of "/home/karol/ITB/URO/KRAI/ros2_ws/install/tutorial_interfaces/lib/libtutorial_interfaces__rosidl_generator_c.so" to ""
[14.487s] -- Installing: /home/karol/ITB/URO/KRAI/ros2_ws/install/tutorial_interfaces/lib/libtutorial_interfaces__rosidl_typesupport_fastrtps_c.so
[14.488s] -- Set runtime path of "/home/karol/ITB/URO/KRAI/ros2_ws/install/tutorial_interfaces/lib/libtutorial_interfaces__rosidl_typesupport_fastrtps_c.so" to ""
[14.488s] -- Installing: /home/karol/ITB/URO/KRAI/ros2_ws/install/tutorial_interfaces/lib/libtutorial_interfaces__rosidl_typesupport_fastrtps_cpp.so
[14.488s] -- Set runtime path of "/home/karol/ITB/URO/KRAI/ros2_ws/install/tutorial_interfaces/lib/libtutorial_interfaces__rosidl_typesupport_fastrtps_cpp.so" to ""
[14.488s] -- Installing: /home/karol/ITB/URO/KRAI/ros2_ws/install/tutorial_interfaces/lib/libtutorial_interfaces__rosidl_typesupport_introspection_c.so
[14.488s] -- Set runtime path of "/home/karol/ITB/URO/KRAI/ros2_ws/install/tutorial_interfaces/lib/libtutorial_interfaces__rosidl_typesupport_introspection_c.so" to ""
[14.488s] -- Installing: /home/karol/ITB/URO/KRAI/ros2_ws/install/tutorial_interfaces/lib/libtutorial_interfaces__rosidl_typesupport_c.so
[14.489s] -- Set runtime path of "/home/karol/ITB/URO/KRAI/ros2_ws/install/tutorial_interfaces/lib/libtutorial_interfaces__rosidl_typesupport_c.so" to ""
[14.489s] -- Installing: /home/karol/ITB/URO/KRAI/ros2_ws/install/tutorial_interfaces/lib/libtutorial_interfaces__rosidl_typesupport_introspection_cpp.so
[14.489s] -- Set runtime path of "/home/karol/ITB/URO/KRAI/ros2_ws/install/tutorial_interfaces/lib/libtutorial_interfaces__rosidl_typesupport_introspection_cpp.so" to ""
[14.489s] -- Installing: /home/karol/ITB/URO/KRAI/ros2_ws/install/tutorial_interfaces/lib/libtutorial_interfaces__rosidl_typesupport_cpp.so
[14.489s] -- Set runtime path of "/home/karol/ITB/URO/KRAI/ros2_ws/install/tutorial_interfaces/lib/libtutorial_interfaces__rosidl_typesupport_cpp.so" to ""
[14.538s] Listing '/home/karol/ITB/URO/KRAI/ros2_ws/install/tutorial_interfaces/local/lib/python3.10/dist-packages/tutorial_interfaces'...
[14.538s] Compiling '/home/karol/ITB/URO/KRAI/ros2_ws/install/tutorial_interfaces/local/lib/python3.10/dist-packages/tutorial_interfaces/__init__.py'...
[14.538s] Listing '/home/karol/ITB/URO/KRAI/ros2_ws/install/tutorial_interfaces/local/lib/python3.10/dist-packages/tutorial_interfaces/msg'...
[14.538s] Compiling '/home/karol/ITB/URO/KRAI/ros2_ws/install/tutorial_interfaces/local/lib/python3.10/dist-packages/tutorial_interfaces/msg/__init__.py'...
[14.538s] Compiling '/home/karol/ITB/URO/KRAI/ros2_ws/install/tutorial_interfaces/local/lib/python3.10/dist-packages/tutorial_interfaces/msg/_num.py'...
[14.538s] Compiling '/home/karol/ITB/URO/KRAI/ros2_ws/install/tutorial_interfaces/local/lib/python3.10/dist-packages/tutorial_interfaces/msg/_sphere.py'...
[14.538s] Listing '/home/karol/ITB/URO/KRAI/ros2_ws/install/tutorial_interfaces/local/lib/python3.10/dist-packages/tutorial_interfaces/srv'...
[14.539s] Compiling '/home/karol/ITB/URO/KRAI/ros2_ws/install/tutorial_interfaces/local/lib/python3.10/dist-packages/tutorial_interfaces/srv/__init__.py'...
[14.539s] Compiling '/home/karol/ITB/URO/KRAI/ros2_ws/install/tutorial_interfaces/local/lib/python3.10/dist-packages/tutorial_interfaces/srv/_add_three_ints.py'...
[14.543s] -- Installing: /home/karol/ITB/URO/KRAI/ros2_ws/install/tutorial_interfaces/lib/libtutorial_interfaces__rosidl_generator_py.so
[14.543s] -- Set runtime path of "/home/karol/ITB/URO/KRAI/ros2_ws/install/tutorial_interfaces/lib/libtutorial_interfaces__rosidl_generator_py.so" to ""
[14.543s] -- Installing: /home/karol/ITB/URO/KRAI/ros2_ws/install/tutorial_interfaces/share/tutorial_interfaces/cmake/export_tutorial_interfaces__rosidl_generator_cExport.cmake
[14.544s] -- Installing: /home/karol/ITB/URO/KRAI/ros2_ws/install/tutorial_interfaces/share/tutorial_interfaces/cmake/export_tutorial_interfaces__rosidl_generator_cExport-noconfig.cmake
[14.544s] -- Installing: /home/karol/ITB/URO/KRAI/ros2_ws/install/tutorial_interfaces/share/tutorial_interfaces/cmake/export_tutorial_interfaces__rosidl_typesupport_fastrtps_cExport.cmake
[14.544s] -- Installing: /home/karol/ITB/URO/KRAI/ros2_ws/install/tutorial_interfaces/share/tutorial_interfaces/cmake/export_tutorial_interfaces__rosidl_typesupport_fastrtps_cExport-noconfig.cmake
[14.544s] -- Installing: /home/karol/ITB/URO/KRAI/ros2_ws/install/tutorial_interfaces/share/tutorial_interfaces/cmake/export_tutorial_interfaces__rosidl_generator_cppExport.cmake
[14.544s] -- Installing: /home/karol/ITB/URO/KRAI/ros2_ws/install/tutorial_interfaces/share/tutorial_interfaces/cmake/export_tutorial_interfaces__rosidl_typesupport_fastrtps_cppExport.cmake
[14.544s] -- Installing: /home/karol/ITB/URO/KRAI/ros2_ws/install/tutorial_interfaces/share/tutorial_interfaces/cmake/export_tutorial_interfaces__rosidl_typesupport_fastrtps_cppExport-noconfig.cmake
[14.544s] -- Installing: /home/karol/ITB/URO/KRAI/ros2_ws/install/tutorial_interfaces/share/tutorial_interfaces/cmake/tutorial_interfaces__rosidl_typesupport_introspection_cExport.cmake
[14.544s] -- Installing: /home/karol/ITB/URO/KRAI/ros2_ws/install/tutorial_interfaces/share/tutorial_interfaces/cmake/tutorial_interfaces__rosidl_typesupport_introspection_cExport-noconfig.cmake
[14.545s] -- Installing: /home/karol/ITB/URO/KRAI/ros2_ws/install/tutorial_interfaces/share/tutorial_interfaces/cmake/tutorial_interfaces__rosidl_typesupport_cExport.cmake
[14.545s] -- Installing: /home/karol/ITB/URO/KRAI/ros2_ws/install/tutorial_interfaces/share/tutorial_interfaces/cmake/tutorial_interfaces__rosidl_typesupport_cExport-noconfig.cmake
[14.545s] -- Installing: /home/karol/ITB/URO/KRAI/ros2_ws/install/tutorial_interfaces/share/tutorial_interfaces/cmake/tutorial_interfaces__rosidl_typesupport_introspection_cppExport.cmake
[14.545s] -- Installing: /home/karol/ITB/URO/KRAI/ros2_ws/install/tutorial_interfaces/share/tutorial_interfaces/cmake/tutorial_interfaces__rosidl_typesupport_introspection_cppExport-noconfig.cmake
[14.545s] -- Installing: /home/karol/ITB/URO/KRAI/ros2_ws/install/tutorial_interfaces/share/tutorial_interfaces/cmake/tutorial_interfaces__rosidl_typesupport_cppExport.cmake
[14.545s] -- Installing: /home/karol/ITB/URO/KRAI/ros2_ws/install/tutorial_interfaces/share/tutorial_interfaces/cmake/tutorial_interfaces__rosidl_typesupport_cppExport-noconfig.cmake
[14.545s] -- Installing: /home/karol/ITB/URO/KRAI/ros2_ws/install/tutorial_interfaces/share/tutorial_interfaces/cmake/export_tutorial_interfaces__rosidl_generator_pyExport.cmake
[14.545s] -- Installing: /home/karol/ITB/URO/KRAI/ros2_ws/install/tutorial_interfaces/share/tutorial_interfaces/cmake/export_tutorial_interfaces__rosidl_generator_pyExport-noconfig.cmake
[14.548s] Invoked command in '/home/karol/ITB/URO/KRAI/ros2_ws/build/tutorial_interfaces' returned '0': CMAKE_PREFIX_PATH=${CMAKE_PREFIX_PATH}:/home/karol/ITB/URO/KRAI/ros2_ws/install/urdf_tutorial_r2d2:/home/karol/ITB/URO/KRAI/ros2_ws/install/learning_tf2_py:/home/karol/ITB/URO/KRAI/ros2_ws/install/launch_tutorial:/opt/ros/humble /usr/bin/cmake --install /home/karol/ITB/URO/KRAI/ros2_ws/build/tutorial_interfaces
