running egg_info
writing ../../../build/bumperbot_localization/bumperbot_localization.egg-info/PKG-INFO
writing dependency_links to ../../../build/bumperbot_localization/bumperbot_localization.egg-info/dependency_links.txt
writing entry points to ../../../build/bumperbot_localization/bumperbot_localization.egg-info/entry_points.txt
writing requirements to ../../../build/bumperbot_localization/bumperbot_localization.egg-info/requires.txt
writing top-level names to ../../../build/bumperbot_localization/bumperbot_localization.egg-info/top_level.txt
reading manifest file '../../../build/bumperbot_localization/bumperbot_localization.egg-info/SOURCES.txt'
adding license file 'LICENSE'
writing manifest file '../../../build/bumperbot_localization/bumperbot_localization.egg-info/SOURCES.txt'
running build
running build_py
running install
running install_lib
running install_data
running install_egg_info
removing '/home/karol/ITB/URO/KRAI/ros2_ws/install/bumperbot_localization/lib/python3.10/site-packages/bumperbot_localization-0.0.0-py3.10.egg-info' (and everything under it)
Copying ../../../build/bumperbot_localization/bumperbot_localization.egg-info to /home/karol/ITB/URO/KRAI/ros2_ws/install/bumperbot_localization/lib/python3.10/site-packages/bumperbot_localization-0.0.0-py3.10.egg-info
running install_scripts
Installing odometry_motion_model script to /home/karol/ITB/URO/KRAI/ros2_ws/install/bumperbot_localization/lib/bumperbot_localization
writing list of installed files to '/home/karol/ITB/URO/KRAI/ros2_ws/build/bumperbot_localization/install.log'
