-- The C compiler identification is GNU 11.4.0
-- The CXX compiler identification is GNU 11.4.0
-- Detecting C compiler ABI info
-- Detecting C compiler ABI info - done
-- Check for working C compiler: /usr/bin/cc - skipped
-- Detecting C compile features
-- Detecting C compile features - done
-- Detecting CXX compiler ABI info
-- Detecting CXX compiler ABI info - done
-- Check for working CXX compiler: /usr/bin/c++ - skipped
-- Detecting CXX compile features
-- Detecting CXX compile features - done
-- Found ament_cmake: 1.3.11 (/opt/ros/humble/share/ament_cmake/cmake)
-- Found Python3: /usr/bin/python3 (found version "3.10.12") found components: Interpreter 
-- Found rclcpp: 16.0.11 (/opt/ros/humble/share/rclcpp/cmake)
-- Found rosidl_generator_c: 3.1.6 (/opt/ros/humble/share/rosidl_generator_c/cmake)
-- Found rosidl_adapter: 3.1.6 (/opt/ros/humble/share/rosidl_adapter/cmake)
-- Found rosidl_generator_cpp: 3.1.6 (/opt/ros/humble/share/rosidl_generator_cpp/cmake)
-- Using all available rosidl_typesupport_c: rosidl_typesupport_fastrtps_c;rosidl_typesupport_introspection_c
-- Using all available rosidl_typesupport_cpp: rosidl_typesupport_fastrtps_cpp;rosidl_typesupport_introspection_cpp
-- Found rmw_implementation_cmake: 6.1.2 (/opt/ros/humble/share/rmw_implementation_cmake/cmake)
-- Found rmw_cyclonedds_cpp: 1.3.4 (/opt/ros/humble/share/rmw_cyclonedds_cpp/cmake)
-- Using RMW implementation 'rmw_cyclonedds_cpp' as default
-- Looking for pthread.h
-- Looking for pthread.h - found
-- Performing Test CMAKE_HAVE_LIBC_PTHREAD
-- Performing Test CMAKE_HAVE_LIBC_PTHREAD - Success
-- Found Threads: TRUE  
-- Found rosidl_default_generators: 1.2.0 (/opt/ros/humble/share/rosidl_default_generators/cmake)
-- Found ament_cmake_ros: 0.10.0 (/opt/ros/humble/share/ament_cmake_ros/cmake)
-- Using all available rosidl_typesupport_c: rosidl_typesupport_fastrtps_c;rosidl_typesupport_introspection_c
-- Using all available rosidl_typesupport_cpp: rosidl_typesupport_fastrtps_cpp;rosidl_typesupport_introspection_cpp
-- Found PythonInterp: /usr/bin/python3 (found suitable version "3.10.12", minimum required is "3.6") 
-- Found python_cmake_module: 0.10.0 (/opt/ros/humble/share/python_cmake_module/cmake)
-- Found PythonLibs: /usr/lib/x86_64-linux-gnu/libpython3.10.so (found suitable version "3.10.12", minimum required is "3.5") 
-- Using PYTHON_EXECUTABLE: /usr/bin/python3
-- Using PYTHON_INCLUDE_DIRS: /usr/include/python3.10
-- Using PYTHON_LIBRARIES: /usr/lib/x86_64-linux-gnu/libpython3.10.so
-- Found PythonExtra: .so  
-- Found ament_lint_auto: 0.12.11 (/opt/ros/humble/share/ament_lint_auto/cmake)
-- Added test 'cppcheck' to perform static code analysis on C / C++ code
-- Configured cppcheck include dirs: $<BUILD_INTERFACE:/home/karol/ITB/URO/KRAI/ros2_ws/src/learn_simulation/package1/include>
-- Configured cppcheck exclude dirs and/or files: 
-- Added test 'flake8' to check Python code syntax and style conventions
-- Added test 'lint_cmake' to check CMake code style
-- Added test 'pep257' to check Python code against some of the docstring style conventions in PEP 257
-- Added test 'uncrustify' to check C / C++ code style
-- Configured uncrustify additional arguments: 
-- Added test 'xmllint' to check XML markup files
-- Configuring done
-- Generating done
-- Build files have been written to: /home/karol/ITB/URO/KRAI/ros2_ws/build/package1
[  2%] [34m[1mGenerating C code for ROS interfaces[0m
[  5%] [32mBuilding CXX object CMakeFiles/my_node.dir/src/my_node.cpp.o[0m
[  8%] [32mBuilding CXX object CMakeFiles/talker.dir/src/talker.cpp.o[0m
[ 10%] [34m[1mGenerating C++ code for ROS interfaces[0m
[ 13%] [32mBuilding CXX object CMakeFiles/listener.dir/src/listener.cpp.o[0m
[ 13%] Built target ament_cmake_python_copy_package1
[ 16%] [32m[1mLinking CXX executable my_node[0m
[ 16%] Built target my_node
[ 18%] [32mBuilding C object CMakeFiles/package1__rosidl_generator_c.dir/rosidl_generator_c/package1/srv/detail/add_two_ints__functions.c.o[0m
[ 18%] Built target package1__cpp
running egg_info
creating package1.egg-info
writing package1.egg-info/PKG-INFO
writing dependency_links to package1.egg-info/dependency_links.txt
writing top-level names to package1.egg-info/top_level.txt
writing manifest file 'package1.egg-info/SOURCES.txt'
reading manifest file 'package1.egg-info/SOURCES.txt'
[ 21%] [34m[1mGenerating C++ introspection for ROS interfaces[0m
writing manifest file 'package1.egg-info/SOURCES.txt'
[ 24%] [34m[1mGenerating C++ type support for eProsima Fast-RTPS[0m
[ 27%] [34m[1mGenerating C++ type support dispatch for ROS interfaces[0m
[ 29%] [32m[1mLinking C shared library libpackage1__rosidl_generator_c.so[0m
[ 29%] Built target ament_cmake_python_build_package1_egg
[ 29%] Built target package1__rosidl_generator_c
[ 32%] [34m[1mGenerating C type support for eProsima Fast-RTPS[0m
[ 35%] [34m[1mGenerating C introspection for ROS interfaces[0m
[ 37%] [34m[1mGenerating C type support dispatch for ROS interfaces[0m
[ 40%] [32mBuilding CXX object CMakeFiles/package1__rosidl_typesupport_cpp.dir/rosidl_typesupport_cpp/package1/srv/add_two_ints__type_support.cpp.o[0m
[ 43%] [32mBuilding CXX object CMakeFiles/package1__rosidl_typesupport_c.dir/rosidl_typesupport_c/package1/srv/add_two_ints__type_support.cpp.o[0m
[ 45%] [32mBuilding CXX object CMakeFiles/package1__rosidl_typesupport_introspection_cpp.dir/rosidl_typesupport_introspection_cpp/package1/srv/detail/add_two_ints__type_support.cpp.o[0m
[ 48%] [32m[1mLinking CXX shared library libpackage1__rosidl_typesupport_c.so[0m
[ 51%] [32mBuilding CXX object CMakeFiles/package1__rosidl_typesupport_fastrtps_c.dir/rosidl_typesupport_fastrtps_c/package1/srv/detail/add_two_ints__type_support_c.cpp.o[0m
[ 54%] [32mBuilding CXX object CMakeFiles/package1__rosidl_typesupport_fastrtps_cpp.dir/rosidl_typesupport_fastrtps_cpp/package1/srv/detail/dds_fastrtps/add_two_ints__type_support.cpp.o[0m
[ 56%] [32mBuilding C object CMakeFiles/package1__rosidl_typesupport_introspection_c.dir/rosidl_typesupport_introspection_c/package1/srv/detail/add_two_ints__type_support.c.o[0m
[ 56%] Built target package1__rosidl_typesupport_c
[ 59%] [32m[1mLinking C shared library libpackage1__rosidl_typesupport_introspection_c.so[0m
[ 59%] Built target package1__rosidl_typesupport_introspection_c
[ 62%] [32m[1mLinking CXX shared library libpackage1__rosidl_typesupport_cpp.so[0m
[ 62%] Built target package1__rosidl_typesupport_cpp
[ 64%] [32m[1mLinking CXX shared library libpackage1__rosidl_typesupport_fastrtps_c.so[0m
[ 67%] [32m[1mLinking CXX shared library libpackage1__rosidl_typesupport_introspection_cpp.so[0m
[ 70%] [32m[1mLinking CXX shared library libpackage1__rosidl_typesupport_fastrtps_cpp.so[0m
[ 70%] Built target package1__rosidl_typesupport_introspection_cpp
[ 70%] Built target package1__rosidl_typesupport_fastrtps_c
[ 70%] Built target package1__rosidl_typesupport_fastrtps_cpp
[ 70%] Built target package1
[ 72%] [34m[1mGenerating Python code for ROS interfaces[0m
[ 72%] Built target package1__py
[ 75%] [32mBuilding C object CMakeFiles/package1__rosidl_generator_py.dir/rosidl_generator_py/package1/srv/_add_two_ints_s.c.o[0m
[ 78%] [32m[1mLinking C shared library rosidl_generator_py/package1/libpackage1__rosidl_generator_py.so[0m
[ 78%] Built target package1__rosidl_generator_py
[ 86%] [32mBuilding C object CMakeFiles/package1__rosidl_typesupport_introspection_c__pyext.dir/rosidl_generator_py/package1/_package1_s.ep.rosidl_typesupport_introspection_c.c.o[0m
[ 86%] [32mBuilding C object CMakeFiles/package1__rosidl_typesupport_fastrtps_c__pyext.dir/rosidl_generator_py/package1/_package1_s.ep.rosidl_typesupport_fastrtps_c.c.o[0m
[ 86%] [32mBuilding C object CMakeFiles/package1__rosidl_typesupport_c__pyext.dir/rosidl_generator_py/package1/_package1_s.ep.rosidl_typesupport_c.c.o[0m
[ 94%] [32m[1mLinking C shared library rosidl_generator_py/package1/package1_s__rosidl_typesupport_c.cpython-310-x86_64-linux-gnu.so[0m
[ 94%] [32m[1mLinking C shared library rosidl_generator_py/package1/package1_s__rosidl_typesupport_fastrtps_c.cpython-310-x86_64-linux-gnu.so[0m
[ 94%] [32m[1mLinking C shared library rosidl_generator_py/package1/package1_s__rosidl_typesupport_introspection_c.cpython-310-x86_64-linux-gnu.so[0m
[ 94%] Built target package1__rosidl_typesupport_fastrtps_c__pyext
[ 94%] Built target package1__rosidl_typesupport_c__pyext
[ 94%] Built target package1__rosidl_typesupport_introspection_c__pyext
[ 97%] [32m[1mLinking CXX executable talker[0m
[ 97%] Built target talker
[100%] [32m[1mLinking CXX executable listener[0m
[100%] Built target listener
-- Install configuration: ""
-- Installing: /home/karol/ITB/URO/KRAI/ros2_ws/install/package1/share/ament_index/resource_index/rosidl_interfaces/package1
-- Installing: /home/karol/ITB/URO/KRAI/ros2_ws/install/package1/include/package1/package1
-- Installing: /home/karol/ITB/URO/KRAI/ros2_ws/install/package1/include/package1/package1/msg
-- Installing: /home/karol/ITB/URO/KRAI/ros2_ws/install/package1/include/package1/package1/msg/rosidl_generator_c__visibility_control.h
-- Installing: /home/karol/ITB/URO/KRAI/ros2_ws/install/package1/include/package1/package1/srv
-- Installing: /home/karol/ITB/URO/KRAI/ros2_ws/install/package1/include/package1/package1/srv/add_two_ints.h
-- Installing: /home/karol/ITB/URO/KRAI/ros2_ws/install/package1/include/package1/package1/srv/detail
-- Installing: /home/karol/ITB/URO/KRAI/ros2_ws/install/package1/include/package1/package1/srv/detail/add_two_ints__struct.h
-- Installing: /home/karol/ITB/URO/KRAI/ros2_ws/install/package1/include/package1/package1/srv/detail/add_two_ints__functions.h
-- Installing: /home/karol/ITB/URO/KRAI/ros2_ws/install/package1/include/package1/package1/srv/detail/add_two_ints__functions.c
-- Installing: /home/karol/ITB/URO/KRAI/ros2_ws/install/package1/include/package1/package1/srv/detail/add_two_ints__type_support.h
-- Installing: /home/karol/ITB/URO/KRAI/ros2_ws/install/package1/share/package1/environment/library_path.sh
-- Installing: /home/karol/ITB/URO/KRAI/ros2_ws/install/package1/share/package1/environment/library_path.dsv
-- Installing: /home/karol/ITB/URO/KRAI/ros2_ws/install/package1/lib/libpackage1__rosidl_generator_c.so
-- Set runtime path of "/home/karol/ITB/URO/KRAI/ros2_ws/install/package1/lib/libpackage1__rosidl_generator_c.so" to ""
-- Up-to-date: /home/karol/ITB/URO/KRAI/ros2_ws/install/package1/include/package1/package1
-- Up-to-date: /home/karol/ITB/URO/KRAI/ros2_ws/install/package1/include/package1/package1/msg
-- Installing: /home/karol/ITB/URO/KRAI/ros2_ws/install/package1/include/package1/package1/msg/rosidl_typesupport_fastrtps_c__visibility_control.h
-- Up-to-date: /home/karol/ITB/URO/KRAI/ros2_ws/install/package1/include/package1/package1/srv
-- Up-to-date: /home/karol/ITB/URO/KRAI/ros2_ws/install/package1/include/package1/package1/srv/detail
-- Installing: /home/karol/ITB/URO/KRAI/ros2_ws/install/package1/include/package1/package1/srv/detail/add_two_ints__rosidl_typesupport_fastrtps_c.h
-- Installing: /home/karol/ITB/URO/KRAI/ros2_ws/install/package1/lib/libpackage1__rosidl_typesupport_fastrtps_c.so
-- Set runtime path of "/home/karol/ITB/URO/KRAI/ros2_ws/install/package1/lib/libpackage1__rosidl_typesupport_fastrtps_c.so" to ""
-- Up-to-date: /home/karol/ITB/URO/KRAI/ros2_ws/install/package1/include/package1/package1
-- Up-to-date: /home/karol/ITB/URO/KRAI/ros2_ws/install/package1/include/package1/package1/msg
-- Installing: /home/karol/ITB/URO/KRAI/ros2_ws/install/package1/include/package1/package1/msg/rosidl_generator_cpp__visibility_control.hpp
-- Up-to-date: /home/karol/ITB/URO/KRAI/ros2_ws/install/package1/include/package1/package1/srv
-- Up-to-date: /home/karol/ITB/URO/KRAI/ros2_ws/install/package1/include/package1/package1/srv/detail
-- Installing: /home/karol/ITB/URO/KRAI/ros2_ws/install/package1/include/package1/package1/srv/detail/add_two_ints__struct.hpp
-- Installing: /home/karol/ITB/URO/KRAI/ros2_ws/install/package1/include/package1/package1/srv/detail/add_two_ints__builder.hpp
-- Installing: /home/karol/ITB/URO/KRAI/ros2_ws/install/package1/include/package1/package1/srv/detail/add_two_ints__traits.hpp
-- Installing: /home/karol/ITB/URO/KRAI/ros2_ws/install/package1/include/package1/package1/srv/detail/add_two_ints__type_support.hpp
-- Installing: /home/karol/ITB/URO/KRAI/ros2_ws/install/package1/include/package1/package1/srv/add_two_ints.hpp
-- Up-to-date: /home/karol/ITB/URO/KRAI/ros2_ws/install/package1/include/package1/package1
-- Up-to-date: /home/karol/ITB/URO/KRAI/ros2_ws/install/package1/include/package1/package1/msg
-- Installing: /home/karol/ITB/URO/KRAI/ros2_ws/install/package1/include/package1/package1/msg/rosidl_typesupport_fastrtps_cpp__visibility_control.h
-- Up-to-date: /home/karol/ITB/URO/KRAI/ros2_ws/install/package1/include/package1/package1/srv
-- Up-to-date: /home/karol/ITB/URO/KRAI/ros2_ws/install/package1/include/package1/package1/srv/detail
-- Installing: /home/karol/ITB/URO/KRAI/ros2_ws/install/package1/include/package1/package1/srv/detail/dds_fastrtps
-- Installing: /home/karol/ITB/URO/KRAI/ros2_ws/install/package1/include/package1/package1/srv/detail/add_two_ints__rosidl_typesupport_fastrtps_cpp.hpp
-- Installing: /home/karol/ITB/URO/KRAI/ros2_ws/install/package1/lib/libpackage1__rosidl_typesupport_fastrtps_cpp.so
-- Set runtime path of "/home/karol/ITB/URO/KRAI/ros2_ws/install/package1/lib/libpackage1__rosidl_typesupport_fastrtps_cpp.so" to ""
-- Up-to-date: /home/karol/ITB/URO/KRAI/ros2_ws/install/package1/include/package1/package1
-- Up-to-date: /home/karol/ITB/URO/KRAI/ros2_ws/install/package1/include/package1/package1/msg
-- Installing: /home/karol/ITB/URO/KRAI/ros2_ws/install/package1/include/package1/package1/msg/rosidl_typesupport_introspection_c__visibility_control.h
-- Up-to-date: /home/karol/ITB/URO/KRAI/ros2_ws/install/package1/include/package1/package1/srv
-- Up-to-date: /home/karol/ITB/URO/KRAI/ros2_ws/install/package1/include/package1/package1/srv/detail
-- Installing: /home/karol/ITB/URO/KRAI/ros2_ws/install/package1/include/package1/package1/srv/detail/add_two_ints__type_support.c
-- Installing: /home/karol/ITB/URO/KRAI/ros2_ws/install/package1/include/package1/package1/srv/detail/add_two_ints__rosidl_typesupport_introspection_c.h
-- Installing: /home/karol/ITB/URO/KRAI/ros2_ws/install/package1/lib/libpackage1__rosidl_typesupport_introspection_c.so
-- Set runtime path of "/home/karol/ITB/URO/KRAI/ros2_ws/install/package1/lib/libpackage1__rosidl_typesupport_introspection_c.so" to ""
-- Installing: /home/karol/ITB/URO/KRAI/ros2_ws/install/package1/lib/libpackage1__rosidl_typesupport_c.so
-- Set runtime path of "/home/karol/ITB/URO/KRAI/ros2_ws/install/package1/lib/libpackage1__rosidl_typesupport_c.so" to ""
-- Up-to-date: /home/karol/ITB/URO/KRAI/ros2_ws/install/package1/include/package1/package1
-- Up-to-date: /home/karol/ITB/URO/KRAI/ros2_ws/install/package1/include/package1/package1/srv
-- Up-to-date: /home/karol/ITB/URO/KRAI/ros2_ws/install/package1/include/package1/package1/srv/detail
-- Installing: /home/karol/ITB/URO/KRAI/ros2_ws/install/package1/include/package1/package1/srv/detail/add_two_ints__rosidl_typesupport_introspection_cpp.hpp
-- Installing: /home/karol/ITB/URO/KRAI/ros2_ws/install/package1/include/package1/package1/srv/detail/add_two_ints__type_support.cpp
-- Installing: /home/karol/ITB/URO/KRAI/ros2_ws/install/package1/lib/libpackage1__rosidl_typesupport_introspection_cpp.so
-- Set runtime path of "/home/karol/ITB/URO/KRAI/ros2_ws/install/package1/lib/libpackage1__rosidl_typesupport_introspection_cpp.so" to ""
-- Installing: /home/karol/ITB/URO/KRAI/ros2_ws/install/package1/lib/libpackage1__rosidl_typesupport_cpp.so
-- Set runtime path of "/home/karol/ITB/URO/KRAI/ros2_ws/install/package1/lib/libpackage1__rosidl_typesupport_cpp.so" to ""
-- Installing: /home/karol/ITB/URO/KRAI/ros2_ws/install/package1/share/package1/environment/pythonpath.sh
-- Installing: /home/karol/ITB/URO/KRAI/ros2_ws/install/package1/share/package1/environment/pythonpath.dsv
-- Installing: /home/karol/ITB/URO/KRAI/ros2_ws/install/package1/local/lib/python3.10/dist-packages/package1-0.0.0-py3.10.egg-info
-- Installing: /home/karol/ITB/URO/KRAI/ros2_ws/install/package1/local/lib/python3.10/dist-packages/package1-0.0.0-py3.10.egg-info/PKG-INFO
-- Installing: /home/karol/ITB/URO/KRAI/ros2_ws/install/package1/local/lib/python3.10/dist-packages/package1-0.0.0-py3.10.egg-info/top_level.txt
-- Installing: /home/karol/ITB/URO/KRAI/ros2_ws/install/package1/local/lib/python3.10/dist-packages/package1-0.0.0-py3.10.egg-info/SOURCES.txt
-- Installing: /home/karol/ITB/URO/KRAI/ros2_ws/install/package1/local/lib/python3.10/dist-packages/package1-0.0.0-py3.10.egg-info/dependency_links.txt
-- Installing: /home/karol/ITB/URO/KRAI/ros2_ws/install/package1/local/lib/python3.10/dist-packages/package1
-- Installing: /home/karol/ITB/URO/KRAI/ros2_ws/install/package1/local/lib/python3.10/dist-packages/package1/package1_s__rosidl_typesupport_introspection_c.cpython-310-x86_64-linux-gnu.so
-- Installing: /home/karol/ITB/URO/KRAI/ros2_ws/install/package1/local/lib/python3.10/dist-packages/package1/_package1_s.ep.rosidl_typesupport_c.c
-- Installing: /home/karol/ITB/URO/KRAI/ros2_ws/install/package1/local/lib/python3.10/dist-packages/package1/package1_s__rosidl_typesupport_c.cpython-310-x86_64-linux-gnu.so
-- Installing: /home/karol/ITB/URO/KRAI/ros2_ws/install/package1/local/lib/python3.10/dist-packages/package1/package1_s__rosidl_typesupport_fastrtps_c.cpython-310-x86_64-linux-gnu.so
-- Installing: /home/karol/ITB/URO/KRAI/ros2_ws/install/package1/local/lib/python3.10/dist-packages/package1/srv
-- Installing: /home/karol/ITB/URO/KRAI/ros2_ws/install/package1/local/lib/python3.10/dist-packages/package1/srv/_add_two_ints_s.c
-- Installing: /home/karol/ITB/URO/KRAI/ros2_ws/install/package1/local/lib/python3.10/dist-packages/package1/srv/__init__.py
-- Installing: /home/karol/ITB/URO/KRAI/ros2_ws/install/package1/local/lib/python3.10/dist-packages/package1/srv/_add_two_ints.py
-- Installing: /home/karol/ITB/URO/KRAI/ros2_ws/install/package1/local/lib/python3.10/dist-packages/package1/_package1_s.ep.rosidl_typesupport_fastrtps_c.c
-- Installing: /home/karol/ITB/URO/KRAI/ros2_ws/install/package1/local/lib/python3.10/dist-packages/package1/__init__.py
-- Installing: /home/karol/ITB/URO/KRAI/ros2_ws/install/package1/local/lib/python3.10/dist-packages/package1/libpackage1__rosidl_generator_py.so
-- Installing: /home/karol/ITB/URO/KRAI/ros2_ws/install/package1/local/lib/python3.10/dist-packages/package1/_package1_s.ep.rosidl_typesupport_introspection_c.c
Listing '/home/karol/ITB/URO/KRAI/ros2_ws/install/package1/local/lib/python3.10/dist-packages/package1'...
Compiling '/home/karol/ITB/URO/KRAI/ros2_ws/install/package1/local/lib/python3.10/dist-packages/package1/__init__.py'...
Listing '/home/karol/ITB/URO/KRAI/ros2_ws/install/package1/local/lib/python3.10/dist-packages/package1/srv'...
Compiling '/home/karol/ITB/URO/KRAI/ros2_ws/install/package1/local/lib/python3.10/dist-packages/package1/srv/__init__.py'...
Compiling '/home/karol/ITB/URO/KRAI/ros2_ws/install/package1/local/lib/python3.10/dist-packages/package1/srv/_add_two_ints.py'...
-- Installing: /home/karol/ITB/URO/KRAI/ros2_ws/install/package1/local/lib/python3.10/dist-packages/package1/package1_s__rosidl_typesupport_fastrtps_c.cpython-310-x86_64-linux-gnu.so
-- Set runtime path of "/home/karol/ITB/URO/KRAI/ros2_ws/install/package1/local/lib/python3.10/dist-packages/package1/package1_s__rosidl_typesupport_fastrtps_c.cpython-310-x86_64-linux-gnu.so" to ""
-- Installing: /home/karol/ITB/URO/KRAI/ros2_ws/install/package1/local/lib/python3.10/dist-packages/package1/package1_s__rosidl_typesupport_introspection_c.cpython-310-x86_64-linux-gnu.so
-- Set runtime path of "/home/karol/ITB/URO/KRAI/ros2_ws/install/package1/local/lib/python3.10/dist-packages/package1/package1_s__rosidl_typesupport_introspection_c.cpython-310-x86_64-linux-gnu.so" to ""
-- Installing: /home/karol/ITB/URO/KRAI/ros2_ws/install/package1/local/lib/python3.10/dist-packages/package1/package1_s__rosidl_typesupport_c.cpython-310-x86_64-linux-gnu.so
-- Set runtime path of "/home/karol/ITB/URO/KRAI/ros2_ws/install/package1/local/lib/python3.10/dist-packages/package1/package1_s__rosidl_typesupport_c.cpython-310-x86_64-linux-gnu.so" to ""
-- Installing: /home/karol/ITB/URO/KRAI/ros2_ws/install/package1/lib/libpackage1__rosidl_generator_py.so
-- Set runtime path of "/home/karol/ITB/URO/KRAI/ros2_ws/install/package1/lib/libpackage1__rosidl_generator_py.so" to ""
-- Installing: /home/karol/ITB/URO/KRAI/ros2_ws/install/package1/share/package1/srv/AddTwoInts.idl
-- Installing: /home/karol/ITB/URO/KRAI/ros2_ws/install/package1/share/package1/srv/AddTwoInts.srv
-- Installing: /home/karol/ITB/URO/KRAI/ros2_ws/install/package1/share/package1/srv/AddTwoInts_Request.msg
-- Installing: /home/karol/ITB/URO/KRAI/ros2_ws/install/package1/share/package1/srv/AddTwoInts_Response.msg
-- Installing: /home/karol/ITB/URO/KRAI/ros2_ws/install/package1/lib/package1/my_node
-- Installing: /home/karol/ITB/URO/KRAI/ros2_ws/install/package1/lib/package1/talker
-- Set runtime path of "/home/karol/ITB/URO/KRAI/ros2_ws/install/package1/lib/package1/talker" to ""
-- Installing: /home/karol/ITB/URO/KRAI/ros2_ws/install/package1/lib/package1/listener
-- Set runtime path of "/home/karol/ITB/URO/KRAI/ros2_ws/install/package1/lib/package1/listener" to ""
-- Installing: /home/karol/ITB/URO/KRAI/ros2_ws/install/package1/share/package1/launch
-- Installing: /home/karol/ITB/URO/KRAI/ros2_ws/install/package1/share/package1/launch/display.launch.py
-- Installing: /home/karol/ITB/URO/KRAI/ros2_ws/install/package1/share/package1/urdf
-- Installing: /home/karol/ITB/URO/KRAI/ros2_ws/install/package1/share/package1/urdf/myfirst.urdf
-- Installing: /home/karol/ITB/URO/KRAI/ros2_ws/install/package1/share/ament_index/resource_index/package_run_dependencies/package1
-- Installing: /home/karol/ITB/URO/KRAI/ros2_ws/install/package1/share/ament_index/resource_index/parent_prefix_path/package1
-- Installing: /home/karol/ITB/URO/KRAI/ros2_ws/install/package1/share/package1/environment/ament_prefix_path.sh
-- Installing: /home/karol/ITB/URO/KRAI/ros2_ws/install/package1/share/package1/environment/ament_prefix_path.dsv
-- Installing: /home/karol/ITB/URO/KRAI/ros2_ws/install/package1/share/package1/environment/path.sh
-- Installing: /home/karol/ITB/URO/KRAI/ros2_ws/install/package1/share/package1/environment/path.dsv
-- Installing: /home/karol/ITB/URO/KRAI/ros2_ws/install/package1/share/package1/local_setup.bash
-- Installing: /home/karol/ITB/URO/KRAI/ros2_ws/install/package1/share/package1/local_setup.sh
-- Installing: /home/karol/ITB/URO/KRAI/ros2_ws/install/package1/share/package1/local_setup.zsh
-- Installing: /home/karol/ITB/URO/KRAI/ros2_ws/install/package1/share/package1/local_setup.dsv
-- Installing: /home/karol/ITB/URO/KRAI/ros2_ws/install/package1/share/package1/package.dsv
-- Installing: /home/karol/ITB/URO/KRAI/ros2_ws/install/package1/share/ament_index/resource_index/packages/package1
-- Installing: /home/karol/ITB/URO/KRAI/ros2_ws/install/package1/share/package1/cmake/export_package1__rosidl_generator_cExport.cmake
-- Installing: /home/karol/ITB/URO/KRAI/ros2_ws/install/package1/share/package1/cmake/export_package1__rosidl_generator_cExport-noconfig.cmake
-- Installing: /home/karol/ITB/URO/KRAI/ros2_ws/install/package1/share/package1/cmake/export_package1__rosidl_typesupport_fastrtps_cExport.cmake
-- Installing: /home/karol/ITB/URO/KRAI/ros2_ws/install/package1/share/package1/cmake/export_package1__rosidl_typesupport_fastrtps_cExport-noconfig.cmake
-- Installing: /home/karol/ITB/URO/KRAI/ros2_ws/install/package1/share/package1/cmake/export_package1__rosidl_generator_cppExport.cmake
-- Installing: /home/karol/ITB/URO/KRAI/ros2_ws/install/package1/share/package1/cmake/export_package1__rosidl_typesupport_fastrtps_cppExport.cmake
-- Installing: /home/karol/ITB/URO/KRAI/ros2_ws/install/package1/share/package1/cmake/export_package1__rosidl_typesupport_fastrtps_cppExport-noconfig.cmake
-- Installing: /home/karol/ITB/URO/KRAI/ros2_ws/install/package1/share/package1/cmake/package1__rosidl_typesupport_introspection_cExport.cmake
-- Installing: /home/karol/ITB/URO/KRAI/ros2_ws/install/package1/share/package1/cmake/package1__rosidl_typesupport_introspection_cExport-noconfig.cmake
-- Installing: /home/karol/ITB/URO/KRAI/ros2_ws/install/package1/share/package1/cmake/package1__rosidl_typesupport_cExport.cmake
-- Installing: /home/karol/ITB/URO/KRAI/ros2_ws/install/package1/share/package1/cmake/package1__rosidl_typesupport_cExport-noconfig.cmake
-- Installing: /home/karol/ITB/URO/KRAI/ros2_ws/install/package1/share/package1/cmake/package1__rosidl_typesupport_introspection_cppExport.cmake
-- Installing: /home/karol/ITB/URO/KRAI/ros2_ws/install/package1/share/package1/cmake/package1__rosidl_typesupport_introspection_cppExport-noconfig.cmake
-- Installing: /home/karol/ITB/URO/KRAI/ros2_ws/install/package1/share/package1/cmake/package1__rosidl_typesupport_cppExport.cmake
-- Installing: /home/karol/ITB/URO/KRAI/ros2_ws/install/package1/share/package1/cmake/package1__rosidl_typesupport_cppExport-noconfig.cmake
-- Installing: /home/karol/ITB/URO/KRAI/ros2_ws/install/package1/share/package1/cmake/export_package1__rosidl_generator_pyExport.cmake
-- Installing: /home/karol/ITB/URO/KRAI/ros2_ws/install/package1/share/package1/cmake/export_package1__rosidl_generator_pyExport-noconfig.cmake
-- Installing: /home/karol/ITB/URO/KRAI/ros2_ws/install/package1/share/package1/cmake/rosidl_cmake-extras.cmake
-- Installing: /home/karol/ITB/URO/KRAI/ros2_ws/install/package1/share/package1/cmake/ament_cmake_export_include_directories-extras.cmake
-- Installing: /home/karol/ITB/URO/KRAI/ros2_ws/install/package1/share/package1/cmake/ament_cmake_export_libraries-extras.cmake
-- Installing: /home/karol/ITB/URO/KRAI/ros2_ws/install/package1/share/package1/cmake/ament_cmake_export_targets-extras.cmake
-- Installing: /home/karol/ITB/URO/KRAI/ros2_ws/install/package1/share/package1/cmake/rosidl_cmake_export_typesupport_targets-extras.cmake
-- Installing: /home/karol/ITB/URO/KRAI/ros2_ws/install/package1/share/package1/cmake/ament_cmake_export_dependencies-extras.cmake
-- Installing: /home/karol/ITB/URO/KRAI/ros2_ws/install/package1/share/package1/cmake/rosidl_cmake_export_typesupport_libraries-extras.cmake
-- Installing: /home/karol/ITB/URO/KRAI/ros2_ws/install/package1/share/package1/cmake/package1Config.cmake
-- Installing: /home/karol/ITB/URO/KRAI/ros2_ws/install/package1/share/package1/cmake/package1Config-version.cmake
-- Installing: /home/karol/ITB/URO/KRAI/ros2_ws/install/package1/share/package1/package.xml
