running egg_info
creating ../../../build/bumperbot_localization/bumperbot_localization.egg-info
writing ../../../build/bumperbot_localization/bumperbot_localization.egg-info/PKG-INFO
writing dependency_links to ../../../build/bumperbot_localization/bumperbot_localization.egg-info/dependency_links.txt
writing entry points to ../../../build/bumperbot_localization/bumperbot_localization.egg-info/entry_points.txt
writing requirements to ../../../build/bumperbot_localization/bumperbot_localization.egg-info/requires.txt
writing top-level names to ../../../build/bumperbot_localization/bumperbot_localization.egg-info/top_level.txt
writing manifest file '../../../build/bumperbot_localization/bumperbot_localization.egg-info/SOURCES.txt'
reading manifest file '../../../build/bumperbot_localization/bumperbot_localization.egg-info/SOURCES.txt'
adding license file 'LICENSE'
writing manifest file '../../../build/bumperbot_localization/bumperbot_localization.egg-info/SOURCES.txt'
running build
running build_py
creating /home/karol/ITB/URO/KRAI/ros2_ws/build/bumperbot_localization/build
creating /home/karol/ITB/URO/KRAI/ros2_ws/build/bumperbot_localization/build/lib
creating /home/karol/ITB/URO/KRAI/ros2_ws/build/bumperbot_localization/build/lib/bumperbot_localization
copying bumperbot_localization/__init__.py -> /home/karol/ITB/URO/KRAI/ros2_ws/build/bumperbot_localization/build/lib/bumperbot_localization
copying bumperbot_localization/odometry_motion_model.py -> /home/karol/ITB/URO/KRAI/ros2_ws/build/bumperbot_localization/build/lib/bumperbot_localization
running install
running install_lib
creating /home/karol/ITB/URO/KRAI/ros2_ws/install/bumperbot_localization/lib/python3.10/site-packages/bumperbot_localization
copying /home/karol/ITB/URO/KRAI/ros2_ws/build/bumperbot_localization/build/lib/bumperbot_localization/__init__.py -> /home/karol/ITB/URO/KRAI/ros2_ws/install/bumperbot_localization/lib/python3.10/site-packages/bumperbot_localization
copying /home/karol/ITB/URO/KRAI/ros2_ws/build/bumperbot_localization/build/lib/bumperbot_localization/odometry_motion_model.py -> /home/karol/ITB/URO/KRAI/ros2_ws/install/bumperbot_localization/lib/python3.10/site-packages/bumperbot_localization
byte-compiling /home/karol/ITB/URO/KRAI/ros2_ws/install/bumperbot_localization/lib/python3.10/site-packages/bumperbot_localization/__init__.py to __init__.cpython-310.pyc
byte-compiling /home/karol/ITB/URO/KRAI/ros2_ws/install/bumperbot_localization/lib/python3.10/site-packages/bumperbot_localization/odometry_motion_model.py to odometry_motion_model.cpython-310.pyc
running install_data
creating /home/karol/ITB/URO/KRAI/ros2_ws/install/bumperbot_localization/share/ament_index
creating /home/karol/ITB/URO/KRAI/ros2_ws/install/bumperbot_localization/share/ament_index/resource_index
creating /home/karol/ITB/URO/KRAI/ros2_ws/install/bumperbot_localization/share/ament_index/resource_index/packages
copying resource/bumperbot_localization -> /home/karol/ITB/URO/KRAI/ros2_ws/install/bumperbot_localization/share/ament_index/resource_index/packages
copying package.xml -> /home/karol/ITB/URO/KRAI/ros2_ws/install/bumperbot_localization/share/bumperbot_localization
running install_egg_info
Copying ../../../build/bumperbot_localization/bumperbot_localization.egg-info to /home/karol/ITB/URO/KRAI/ros2_ws/install/bumperbot_localization/lib/python3.10/site-packages/bumperbot_localization-0.0.0-py3.10.egg-info
running install_scripts
Installing odometry_motion_model script to /home/karol/ITB/URO/KRAI/ros2_ws/install/bumperbot_localization/lib/bumperbot_localization
writing list of installed files to '/home/karol/ITB/URO/KRAI/ros2_ws/build/bumperbot_localization/install.log'
