[0.372s] Invoking command in '/home/karol/ITB/URO/KRAI/ros2_ws/src/learning_tf2_py': PYTHONPATH=/home/karol/ITB/URO/KRAI/ros2_ws/build/learning_tf2_py/prefix_override:/usr/lib/python3/dist-packages/colcon_core/task/python/colcon_distutils_commands:/home/karol/ITB/URO/KRAI/ros2_ws/install/learning_tf2_py/lib/python3.10/site-packages:${PYTHONPATH} /usr/bin/python3 -W ignore:setup.py install is deprecated -W ignore:easy_install command is deprecated setup.py egg_info --egg-base ../../build/learning_tf2_py build --build-base /home/karol/ITB/URO/KRAI/ros2_ws/build/learning_tf2_py/build install --record /home/karol/ITB/URO/KRAI/ros2_ws/build/learning_tf2_py/install.log --single-version-externally-managed install_data
[0.538s] running egg_info
[0.539s] writing ../../build/learning_tf2_py/learning_tf2_py.egg-info/PKG-INFO
[0.539s] writing dependency_links to ../../build/learning_tf2_py/learning_tf2_py.egg-info/dependency_links.txt
[0.539s] writing entry points to ../../build/learning_tf2_py/learning_tf2_py.egg-info/entry_points.txt
[0.539s] writing requirements to ../../build/learning_tf2_py/learning_tf2_py.egg-info/requires.txt
[0.539s] writing top-level names to ../../build/learning_tf2_py/learning_tf2_py.egg-info/top_level.txt
[0.540s] reading manifest file '../../build/learning_tf2_py/learning_tf2_py.egg-info/SOURCES.txt'
[0.541s] adding license file 'LICENSE'
[0.541s] writing manifest file '../../build/learning_tf2_py/learning_tf2_py.egg-info/SOURCES.txt'
[0.541s] running build
[0.541s] running build_py
[0.541s] running install
[0.542s] running install_lib
[0.543s] running install_data
[0.543s] copying launch/turtle_tf2_demo.launch.py -> /home/karol/ITB/URO/KRAI/ros2_ws/install/learning_tf2_py/share/learning_tf2_py/launch
[0.543s] running install_egg_info
[0.545s] removing '/home/karol/ITB/URO/KRAI/ros2_ws/install/learning_tf2_py/lib/python3.10/site-packages/learning_tf2_py-0.0.0-py3.10.egg-info' (and everything under it)
[0.545s] Copying ../../build/learning_tf2_py/learning_tf2_py.egg-info to /home/karol/ITB/URO/KRAI/ros2_ws/install/learning_tf2_py/lib/python3.10/site-packages/learning_tf2_py-0.0.0-py3.10.egg-info
[0.545s] running install_scripts
[0.561s] Installing static_turtle_tf2_broadcaster script to /home/karol/ITB/URO/KRAI/ros2_ws/install/learning_tf2_py/lib/learning_tf2_py
[0.561s] Installing turtle_tf2_broadcaster script to /home/karol/ITB/URO/KRAI/ros2_ws/install/learning_tf2_py/lib/learning_tf2_py
[0.561s] Installing turtle_tf2_listener script to /home/karol/ITB/URO/KRAI/ros2_ws/install/learning_tf2_py/lib/learning_tf2_py
[0.561s] writing list of installed files to '/home/karol/ITB/URO/KRAI/ros2_ws/build/learning_tf2_py/install.log'
[0.583s] Invoked command in '/home/karol/ITB/URO/KRAI/ros2_ws/src/learning_tf2_py' returned '0': PYTHONPATH=/home/karol/ITB/URO/KRAI/ros2_ws/build/learning_tf2_py/prefix_override:/usr/lib/python3/dist-packages/colcon_core/task/python/colcon_distutils_commands:/home/karol/ITB/URO/KRAI/ros2_ws/install/learning_tf2_py/lib/python3.10/site-packages:${PYTHONPATH} /usr/bin/python3 -W ignore:setup.py install is deprecated -W ignore:easy_install command is deprecated setup.py egg_info --egg-base ../../build/learning_tf2_py build --build-base /home/karol/ITB/URO/KRAI/ros2_ws/build/learning_tf2_py/build install --record /home/karol/ITB/URO/KRAI/ros2_ws/build/learning_tf2_py/install.log --single-version-externally-managed install_data
