running develop
running egg_info
creating urdf_tutorial_r2d2.egg-info
writing urdf_tutorial_r2d2.egg-info/PKG-INFO
writing dependency_links to urdf_tutorial_r2d2.egg-info/dependency_links.txt
writing entry points to urdf_tutorial_r2d2.egg-info/entry_points.txt
writing requirements to urdf_tutorial_r2d2.egg-info/requires.txt
writing top-level names to urdf_tutorial_r2d2.egg-info/top_level.txt
writing manifest file 'urdf_tutorial_r2d2.egg-info/SOURCES.txt'
reading manifest file 'urdf_tutorial_r2d2.egg-info/SOURCES.txt'
writing manifest file 'urdf_tutorial_r2d2.egg-info/SOURCES.txt'
running build_ext
Creating /home/karol/ITB/URO/KRAI/ros2_ws/install/urdf_tutorial_r2d2/lib/python3.10/site-packages/urdf-tutorial-r2d2.egg-link (link to .)
Installing state_publisher script to /home/karol/ITB/URO/KRAI/ros2_ws/install/urdf_tutorial_r2d2/lib/urdf_tutorial_r2d2

Installed /home/karol/ITB/URO/KRAI/ros2_ws/build/urdf_tutorial_r2d2
running symlink_data
creating /home/karol/ITB/URO/KRAI/ros2_ws/install/urdf_tutorial_r2d2/share/ament_index
creating /home/karol/ITB/URO/KRAI/ros2_ws/install/urdf_tutorial_r2d2/share/ament_index/resource_index
creating /home/karol/ITB/URO/KRAI/ros2_ws/install/urdf_tutorial_r2d2/share/ament_index/resource_index/packages
symbolically linking /home/karol/ITB/URO/KRAI/ros2_ws/build/urdf_tutorial_r2d2/resource/urdf_tutorial_r2d2 -> /home/karol/ITB/URO/KRAI/ros2_ws/install/urdf_tutorial_r2d2/share/ament_index/resource_index/packages
symbolically linking /home/karol/ITB/URO/KRAI/ros2_ws/build/urdf_tutorial_r2d2/package.xml -> /home/karol/ITB/URO/KRAI/ros2_ws/install/urdf_tutorial_r2d2/share/urdf_tutorial_r2d2
creating /home/karol/ITB/URO/KRAI/ros2_ws/install/urdf_tutorial_r2d2/share/urdf_tutorial_r2d2/launch
symbolically linking /home/karol/ITB/URO/KRAI/ros2_ws/build/urdf_tutorial_r2d2/launch/demo.launch.py -> /home/karol/ITB/URO/KRAI/ros2_ws/install/urdf_tutorial_r2d2/share/urdf_tutorial_r2d2/launch
symbolically linking /home/karol/ITB/URO/KRAI/ros2_ws/build/urdf_tutorial_r2d2/launch/display.launch.py -> /home/karol/ITB/URO/KRAI/ros2_ws/install/urdf_tutorial_r2d2/share/urdf_tutorial_r2d2/launch
creating /home/karol/ITB/URO/KRAI/ros2_ws/install/urdf_tutorial_r2d2/share/urdf_tutorial_r2d2/urdf
symbolically linking /home/karol/ITB/URO/KRAI/ros2_ws/build/urdf_tutorial_r2d2/urdf/r2d2.urdf -> /home/karol/ITB/URO/KRAI/ros2_ws/install/urdf_tutorial_r2d2/share/urdf_tutorial_r2d2/urdf
creating /home/karol/ITB/URO/KRAI/ros2_ws/install/urdf_tutorial_r2d2/share/urdf_tutorial_r2d2/rviz
symbolically linking /home/karol/ITB/URO/KRAI/ros2_ws/build/urdf_tutorial_r2d2/rviz/r2d2.rviz -> /home/karol/ITB/URO/KRAI/ros2_ws/install/urdf_tutorial_r2d2/share/urdf_tutorial_r2d2/rviz
