[0.032s] Invoking command in '/home/karol/ITB/URO/KRAI/ros2_ws/build/tutorial_interfaces': CMAKE_PREFIX_PATH=${CMAKE_PREFIX_PATH}:/opt/ros/humble /usr/bin/cmake /home/karol/ITB/URO/KRAI/ros2_ws/src/tutorial_interfaces -DCMAKE_INSTALL_PREFIX=/home/karol/ITB/URO/KRAI/ros2_ws/install/tutorial_interfaces
[0.098s] -- The C compiler identification is GNU 11.4.0
[0.162s] -- The CXX compiler identification is GNU 11.4.0
[0.169s] -- Detecting C compiler ABI info
[0.234s] -- Detecting C compiler ABI info - done
[0.242s] -- Check for working C compiler: /usr/bin/cc - skipped
[0.242s] -- Detecting C compile features
[0.242s] -- Detecting C compile features - done
[0.244s] -- Detecting CXX compiler ABI info
[0.310s] -- Detecting CXX compiler ABI info - done
[0.316s] -- Check for working CXX compiler: /usr/bin/c++ - skipped
[0.316s] -- Detecting CXX compile features
[0.317s] -- Detecting CXX compile features - done
[0.321s] -- Found ament_cmake: 1.3.11 (/opt/ros/humble/share/ament_cmake/cmake)
[0.465s] -- Found Python3: /usr/bin/python3 (found version "3.10.12") found components: Interpreter 
[0.564s] -- Found geometry_msgs: 4.2.4 (/opt/ros/humble/share/geometry_msgs/cmake)
[0.616s] -- Found rosidl_generator_c: 3.1.6 (/opt/ros/humble/share/rosidl_generator_c/cmake)
[0.621s] -- Found rosidl_adapter: 3.1.6 (/opt/ros/humble/share/rosidl_adapter/cmake)
[0.629s] -- Found rosidl_generator_cpp: 3.1.6 (/opt/ros/humble/share/rosidl_generator_cpp/cmake)
[0.642s] -- Using all available rosidl_typesupport_c: rosidl_typesupport_fastrtps_c;rosidl_typesupport_introspection_c
[0.656s] -- Using all available rosidl_typesupport_cpp: rosidl_typesupport_fastrtps_cpp;rosidl_typesupport_introspection_cpp
[0.731s] -- Found rosidl_default_generators: 1.2.0 (/opt/ros/humble/share/rosidl_default_generators/cmake)
[0.741s] -- Found rclcpp: 16.0.11 (/opt/ros/humble/share/rclcpp/cmake)
[0.773s] -- Found rmw_implementation_cmake: 6.1.2 (/opt/ros/humble/share/rmw_implementation_cmake/cmake)
[0.776s] -- Found rmw_cyclonedds_cpp: 1.3.4 (/opt/ros/humble/share/rmw_cyclonedds_cpp/cmake)
[0.795s] -- Using RMW implementation 'rmw_cyclonedds_cpp' as default
[0.803s] -- Looking for pthread.h
[0.874s] -- Looking for pthread.h - found
[0.874s] -- Performing Test CMAKE_HAVE_LIBC_PTHREAD
[0.940s] -- Performing Test CMAKE_HAVE_LIBC_PTHREAD - Success
[0.940s] -- Found Threads: TRUE  
[0.972s] -- Found tutorial_interfaces: 0.0.0 (/home/karol/ITB/URO/KRAI/ros2_ws/src/tutorial_interfaces/install/tutorial_interfaces/share/tutorial_interfaces/cmake)
[1.202s] -- Found ament_cmake_ros: 0.10.0 (/opt/ros/humble/share/ament_cmake_ros/cmake)
[1.489s] -- Using all available rosidl_typesupport_c: rosidl_typesupport_fastrtps_c;rosidl_typesupport_introspection_c
[1.610s] -- Using all available rosidl_typesupport_cpp: rosidl_typesupport_fastrtps_cpp;rosidl_typesupport_introspection_cpp
[1.635s] -- Found PythonInterp: /usr/bin/python3 (found suitable version "3.10.12", minimum required is "3.6") 
[1.638s] -- Found python_cmake_module: 0.10.0 (/opt/ros/humble/share/python_cmake_module/cmake)
[1.671s] -- Found PythonLibs: /usr/lib/x86_64-linux-gnu/libpython3.10.so (found suitable version "3.10.12", minimum required is "3.5") 
[1.671s] -- Using PYTHON_EXECUTABLE: /usr/bin/python3
[1.671s] -- Using PYTHON_INCLUDE_DIRS: /usr/include/python3.10
[1.672s] -- Using PYTHON_LIBRARIES: /usr/lib/x86_64-linux-gnu/libpython3.10.so
[1.687s] -- Found PythonExtra: .so  
[1.736s] -- Found ament_lint_auto: 0.12.11 (/opt/ros/humble/share/ament_lint_auto/cmake)
[1.776s] -- Added test 'cppcheck' to perform static code analysis on C / C++ code
[1.776s] -- Configured cppcheck include dirs: /home/karol/ITB/URO/KRAI/ros2_ws/src/tutorial_interfaces/install/tutorial_interfaces/include/tutorial_interfaces
[1.776s] -- Configured cppcheck exclude dirs and/or files: 
[1.780s] -- Added test 'flake8' to check Python code syntax and style conventions
[1.785s] -- Added test 'lint_cmake' to check CMake code style
[1.789s] -- Added test 'pep257' to check Python code against some of the docstring style conventions in PEP 257
[1.812s] -- Added test 'uncrustify' to check C / C++ code style
[1.812s] -- Configured uncrustify additional arguments: 
[1.815s] -- Added test 'xmllint' to check XML markup files
[1.817s] -- Configuring done
[1.852s] -- Generating done
[1.866s] -- Build files have been written to: /home/karol/ITB/URO/KRAI/ros2_ws/build/tutorial_interfaces
[1.877s] Invoked command in '/home/karol/ITB/URO/KRAI/ros2_ws/build/tutorial_interfaces' returned '0': CMAKE_PREFIX_PATH=${CMAKE_PREFIX_PATH}:/opt/ros/humble /usr/bin/cmake /home/karol/ITB/URO/KRAI/ros2_ws/src/tutorial_interfaces -DCMAKE_INSTALL_PREFIX=/home/karol/ITB/URO/KRAI/ros2_ws/install/tutorial_interfaces
[1.879s] Invoking command in '/home/karol/ITB/URO/KRAI/ros2_ws/build/tutorial_interfaces': CMAKE_PREFIX_PATH=${CMAKE_PREFIX_PATH}:/opt/ros/humble /usr/bin/cmake --build /home/karol/ITB/URO/KRAI/ros2_ws/build/tutorial_interfaces -- -j22 -l22
[1.937s] [  1%] [34m[1mGenerating C code for ROS interfaces[0m
[1.945s] [  3%] [32mBuilding CXX object CMakeFiles/talker.dir/src/talker.cpp.o[0m
[1.945s] [  5%] [32mBuilding CXX object CMakeFiles/listener.dir/src/listener.cpp.o[0m
[1.952s] [  7%] [32mBuilding CXX object CMakeFiles/server.dir/src/add_three_ints_srv.cpp.o[0m
[1.952s] [  9%] [34m[1mGenerating C++ code for ROS interfaces[0m
[1.959s] [ 10%] [32mBuilding CXX object CMakeFiles/client.dir/src/add_three_ints_cli.cpp.o[0m
[1.963s] [ 10%] Built target ament_cmake_python_copy_tutorial_interfaces
[2.339s] running egg_info
[2.339s] creating tutorial_interfaces.egg-info
[2.339s] writing tutorial_interfaces.egg-info/PKG-INFO
[2.340s] writing dependency_links to tutorial_interfaces.egg-info/dependency_links.txt
[2.340s] writing top-level names to tutorial_interfaces.egg-info/top_level.txt
[2.340s] writing manifest file 'tutorial_interfaces.egg-info/SOURCES.txt'
[2.342s] reading manifest file 'tutorial_interfaces.egg-info/SOURCES.txt'
[2.343s] writing manifest file 'tutorial_interfaces.egg-info/SOURCES.txt'
[2.397s] [ 10%] Built target ament_cmake_python_build_tutorial_interfaces_egg
[2.510s] [ 10%] Built target tutorial_interfaces__cpp
[2.515s] [ 12%] [32mBuilding C object CMakeFiles/tutorial_interfaces__rosidl_generator_c.dir/rosidl_generator_c/tutorial_interfaces/msg/detail/num__functions.c.o[0m
[2.518s] [ 14%] [32mBuilding C object CMakeFiles/tutorial_interfaces__rosidl_generator_c.dir/rosidl_generator_c/tutorial_interfaces/srv/detail/add_three_ints__functions.c.o[0m
[2.532s] [ 16%] [34m[1mGenerating C++ introspection for ROS interfaces[0m
[2.535s] [ 18%] [32mBuilding C object CMakeFiles/tutorial_interfaces__rosidl_generator_c.dir/rosidl_generator_c/tutorial_interfaces/msg/detail/sphere__functions.c.o[0m
[2.542s] [ 21%] [34m[1mGenerating C++ type support for eProsima Fast-RTPS[0m
[2.543s] [ 21%] [34m[1mGenerating C++ type support dispatch for ROS interfaces[0m
[2.639s] [ 23%] [32m[1mLinking C shared library libtutorial_interfaces__rosidl_generator_c.so[0m
[2.694s] [ 23%] Built target tutorial_interfaces__rosidl_generator_c
[2.713s] [ 25%] [34m[1mGenerating C introspection for ROS interfaces[0m
[2.718s] [ 27%] [34m[1mGenerating C type support dispatch for ROS interfaces[0m
[2.721s] [ 29%] [34m[1mGenerating C type support for eProsima Fast-RTPS[0m
[3.036s] [ 30%] [32mBuilding CXX object CMakeFiles/tutorial_interfaces__rosidl_typesupport_cpp.dir/rosidl_typesupport_cpp/tutorial_interfaces/msg/num__type_support.cpp.o[0m
[3.045s] [ 32%] [32mBuilding CXX object CMakeFiles/tutorial_interfaces__rosidl_typesupport_cpp.dir/rosidl_typesupport_cpp/tutorial_interfaces/msg/sphere__type_support.cpp.o[0m
[3.050s] [ 34%] [32mBuilding CXX object CMakeFiles/tutorial_interfaces__rosidl_typesupport_cpp.dir/rosidl_typesupport_cpp/tutorial_interfaces/srv/add_three_ints__type_support.cpp.o[0m
[3.068s] [ 36%] [32mBuilding CXX object CMakeFiles/tutorial_interfaces__rosidl_typesupport_introspection_cpp.dir/rosidl_typesupport_introspection_cpp/tutorial_interfaces/srv/detail/add_three_ints__type_support.cpp.o[0m
[3.079s] [ 38%] [32mBuilding CXX object CMakeFiles/tutorial_interfaces__rosidl_typesupport_introspection_cpp.dir/rosidl_typesupport_introspection_cpp/tutorial_interfaces/msg/detail/num__type_support.cpp.o[0m
[3.081s] [ 40%] [32mBuilding CXX object CMakeFiles/tutorial_interfaces__rosidl_typesupport_introspection_cpp.dir/rosidl_typesupport_introspection_cpp/tutorial_interfaces/msg/detail/sphere__type_support.cpp.o[0m
[3.140s] [ 41%] [32mBuilding CXX object CMakeFiles/tutorial_interfaces__rosidl_typesupport_fastrtps_cpp.dir/rosidl_typesupport_fastrtps_cpp/tutorial_interfaces/srv/detail/dds_fastrtps/add_three_ints__type_support.cpp.o[0m
[3.142s] [ 43%] [32mBuilding CXX object CMakeFiles/tutorial_interfaces__rosidl_typesupport_fastrtps_cpp.dir/rosidl_typesupport_fastrtps_cpp/tutorial_interfaces/msg/detail/dds_fastrtps/num__type_support.cpp.o[0m
[3.147s] [ 45%] [32mBuilding CXX object CMakeFiles/tutorial_interfaces__rosidl_typesupport_fastrtps_cpp.dir/rosidl_typesupport_fastrtps_cpp/tutorial_interfaces/msg/detail/dds_fastrtps/sphere__type_support.cpp.o[0m
[3.168s] [ 47%] [32mBuilding CXX object CMakeFiles/tutorial_interfaces__rosidl_typesupport_c.dir/rosidl_typesupport_c/tutorial_interfaces/msg/num__type_support.cpp.o[0m
[3.168s] [ 49%] [32mBuilding CXX object CMakeFiles/tutorial_interfaces__rosidl_typesupport_c.dir/rosidl_typesupport_c/tutorial_interfaces/srv/add_three_ints__type_support.cpp.o[0m
[3.194s] [ 50%] [32mBuilding CXX object CMakeFiles/tutorial_interfaces__rosidl_typesupport_c.dir/rosidl_typesupport_c/tutorial_interfaces/msg/sphere__type_support.cpp.o[0m
[3.252s] [ 52%] [32m[1mLinking CXX shared library libtutorial_interfaces__rosidl_typesupport_c.so[0m
[3.291s] [ 54%] [32mBuilding CXX object CMakeFiles/tutorial_interfaces__rosidl_typesupport_fastrtps_c.dir/rosidl_typesupport_fastrtps_c/tutorial_interfaces/msg/detail/num__type_support_c.cpp.o[0m
[3.302s] [ 56%] [32mBuilding CXX object CMakeFiles/tutorial_interfaces__rosidl_typesupport_fastrtps_c.dir/rosidl_typesupport_fastrtps_c/tutorial_interfaces/msg/detail/sphere__type_support_c.cpp.o[0m
[3.303s] [ 58%] [32mBuilding CXX object CMakeFiles/tutorial_interfaces__rosidl_typesupport_fastrtps_c.dir/rosidl_typesupport_fastrtps_c/tutorial_interfaces/srv/detail/add_three_ints__type_support_c.cpp.o[0m
[3.350s] [ 60%] [32mBuilding C object CMakeFiles/tutorial_interfaces__rosidl_typesupport_introspection_c.dir/rosidl_typesupport_introspection_c/tutorial_interfaces/msg/detail/sphere__type_support.c.o[0m
[3.350s] [ 60%] Built target tutorial_interfaces__rosidl_typesupport_c
[3.371s] [ 61%] [32mBuilding C object CMakeFiles/tutorial_interfaces__rosidl_typesupport_introspection_c.dir/rosidl_typesupport_introspection_c/tutorial_interfaces/msg/detail/num__type_support.c.o[0m
[3.402s] [ 63%] [32mBuilding C object CMakeFiles/tutorial_interfaces__rosidl_typesupport_introspection_c.dir/rosidl_typesupport_introspection_c/tutorial_interfaces/srv/detail/add_three_ints__type_support.c.o[0m
[3.486s] [ 65%] [32m[1mLinking C shared library libtutorial_interfaces__rosidl_typesupport_introspection_c.so[0m
[3.538s] [ 65%] Built target tutorial_interfaces__rosidl_typesupport_introspection_c
[3.560s] [ 67%] [32m[1mLinking CXX shared library libtutorial_interfaces__rosidl_typesupport_cpp.so[0m
[3.616s] [ 67%] Built target tutorial_interfaces__rosidl_typesupport_cpp
[3.731s] [ 69%] [32m[1mLinking CXX shared library libtutorial_interfaces__rosidl_typesupport_introspection_cpp.so[0m
[3.765s] [ 70%] [32m[1mLinking CXX shared library libtutorial_interfaces__rosidl_typesupport_fastrtps_cpp.so[0m
[3.812s] [ 70%] Built target tutorial_interfaces__rosidl_typesupport_introspection_cpp
[3.835s] [ 72%] [32m[1mLinking CXX shared library libtutorial_interfaces__rosidl_typesupport_fastrtps_c.so[0m
[3.873s] [ 72%] Built target tutorial_interfaces__rosidl_typesupport_fastrtps_cpp
[3.911s] [ 72%] Built target tutorial_interfaces__rosidl_typesupport_fastrtps_c
[3.939s] [ 72%] Built target tutorial_interfaces
[3.965s] [ 74%] [34m[1mGenerating Python code for ROS interfaces[0m
[4.411s] [ 74%] Built target tutorial_interfaces__py
[4.436s] [ 76%] [32mBuilding C object CMakeFiles/tutorial_interfaces__rosidl_generator_py.dir/rosidl_generator_py/tutorial_interfaces/msg/_num_s.c.o[0m
[4.438s] [ 78%] [32mBuilding C object CMakeFiles/tutorial_interfaces__rosidl_generator_py.dir/rosidl_generator_py/tutorial_interfaces/msg/_sphere_s.c.o[0m
[4.438s] [ 80%] [32mBuilding C object CMakeFiles/tutorial_interfaces__rosidl_generator_py.dir/rosidl_generator_py/tutorial_interfaces/srv/_add_three_ints_s.c.o[0m
[4.548s] [ 81%] [32m[1mLinking C shared library rosidl_generator_py/tutorial_interfaces/libtutorial_interfaces__rosidl_generator_py.so[0m
[4.587s] [ 81%] Built target tutorial_interfaces__rosidl_generator_py
[4.609s] [ 83%] [32mBuilding C object CMakeFiles/tutorial_interfaces__rosidl_typesupport_introspection_c__pyext.dir/rosidl_generator_py/tutorial_interfaces/_tutorial_interfaces_s.ep.rosidl_typesupport_introspection_c.c.o[0m
[4.612s] [ 85%] [32mBuilding C object CMakeFiles/tutorial_interfaces__rosidl_typesupport_c__pyext.dir/rosidl_generator_py/tutorial_interfaces/_tutorial_interfaces_s.ep.rosidl_typesupport_c.c.o[0m
[4.615s] [ 87%] [32mBuilding C object CMakeFiles/tutorial_interfaces__rosidl_typesupport_fastrtps_c__pyext.dir/rosidl_generator_py/tutorial_interfaces/_tutorial_interfaces_s.ep.rosidl_typesupport_fastrtps_c.c.o[0m
[4.695s] [ 89%] [32m[1mLinking C shared library rosidl_generator_py/tutorial_interfaces/tutorial_interfaces_s__rosidl_typesupport_introspection_c.cpython-310-x86_64-linux-gnu.so[0m
[4.706s] [ 90%] [32m[1mLinking C shared library rosidl_generator_py/tutorial_interfaces/tutorial_interfaces_s__rosidl_typesupport_fastrtps_c.cpython-310-x86_64-linux-gnu.so[0m
[4.741s] [ 92%] [32m[1mLinking C shared library rosidl_generator_py/tutorial_interfaces/tutorial_interfaces_s__rosidl_typesupport_c.cpython-310-x86_64-linux-gnu.so[0m
[4.748s] [ 92%] Built target tutorial_interfaces__rosidl_typesupport_fastrtps_c__pyext
[4.750s] [ 92%] Built target tutorial_interfaces__rosidl_typesupport_introspection_c__pyext
[4.787s] [ 92%] Built target tutorial_interfaces__rosidl_typesupport_c__pyext
[5.891s] [ 94%] [32m[1mLinking CXX executable server[0m
[6.066s] [ 94%] Built target server
[6.338s] [ 96%] [32m[1mLinking CXX executable client[0m
[6.508s] [ 96%] Built target client
[6.625s] [ 98%] [32m[1mLinking CXX executable talker[0m
[6.761s] [ 98%] Built target talker
[8.826s] [100%] [32m[1mLinking CXX executable listener[0m
[9.093s] [100%] Built target listener
[9.103s] Invoked command in '/home/karol/ITB/URO/KRAI/ros2_ws/build/tutorial_interfaces' returned '0': CMAKE_PREFIX_PATH=${CMAKE_PREFIX_PATH}:/opt/ros/humble /usr/bin/cmake --build /home/karol/ITB/URO/KRAI/ros2_ws/build/tutorial_interfaces -- -j22 -l22
[9.104s] Invoking command in '/home/karol/ITB/URO/KRAI/ros2_ws/build/tutorial_interfaces': CMAKE_PREFIX_PATH=${CMAKE_PREFIX_PATH}:/opt/ros/humble /usr/bin/cmake --install /home/karol/ITB/URO/KRAI/ros2_ws/build/tutorial_interfaces
[9.107s] -- Install configuration: ""
[9.107s] -- Installing: /home/karol/ITB/URO/KRAI/ros2_ws/install/tutorial_interfaces/lib/tutorial_interfaces/talker
[9.108s] -- Set runtime path of "/home/karol/ITB/URO/KRAI/ros2_ws/install/tutorial_interfaces/lib/tutorial_interfaces/talker" to ""
[9.108s] -- Installing: /home/karol/ITB/URO/KRAI/ros2_ws/install/tutorial_interfaces/lib/tutorial_interfaces/listener
[9.109s] -- Set runtime path of "/home/karol/ITB/URO/KRAI/ros2_ws/install/tutorial_interfaces/lib/tutorial_interfaces/listener" to ""
[9.109s] -- Installing: /home/karol/ITB/URO/KRAI/ros2_ws/install/tutorial_interfaces/lib/tutorial_interfaces/server
[9.110s] -- Set runtime path of "/home/karol/ITB/URO/KRAI/ros2_ws/install/tutorial_interfaces/lib/tutorial_interfaces/server" to ""
[9.110s] -- Installing: /home/karol/ITB/URO/KRAI/ros2_ws/install/tutorial_interfaces/lib/tutorial_interfaces/client
[9.110s] -- Set runtime path of "/home/karol/ITB/URO/KRAI/ros2_ws/install/tutorial_interfaces/lib/tutorial_interfaces/client" to ""
[9.110s] -- Installing: /home/karol/ITB/URO/KRAI/ros2_ws/install/tutorial_interfaces/share/ament_index/resource_index/rosidl_interfaces/tutorial_interfaces
[9.111s] -- Installing: /home/karol/ITB/URO/KRAI/ros2_ws/install/tutorial_interfaces/include/tutorial_interfaces/tutorial_interfaces
[9.111s] -- Installing: /home/karol/ITB/URO/KRAI/ros2_ws/install/tutorial_interfaces/include/tutorial_interfaces/tutorial_interfaces/msg
[9.111s] -- Installing: /home/karol/ITB/URO/KRAI/ros2_ws/install/tutorial_interfaces/include/tutorial_interfaces/tutorial_interfaces/msg/rosidl_generator_c__visibility_control.h
[9.111s] -- Installing: /home/karol/ITB/URO/KRAI/ros2_ws/install/tutorial_interfaces/include/tutorial_interfaces/tutorial_interfaces/msg/num.h
[9.111s] -- Installing: /home/karol/ITB/URO/KRAI/ros2_ws/install/tutorial_interfaces/include/tutorial_interfaces/tutorial_interfaces/msg/sphere.h
[9.111s] -- Installing: /home/karol/ITB/URO/KRAI/ros2_ws/install/tutorial_interfaces/include/tutorial_interfaces/tutorial_interfaces/msg/detail
[9.111s] -- Installing: /home/karol/ITB/URO/KRAI/ros2_ws/install/tutorial_interfaces/include/tutorial_interfaces/tutorial_interfaces/msg/detail/sphere__type_support.h
[9.111s] -- Installing: /home/karol/ITB/URO/KRAI/ros2_ws/install/tutorial_interfaces/include/tutorial_interfaces/tutorial_interfaces/msg/detail/sphere__struct.h
[9.111s] -- Installing: /home/karol/ITB/URO/KRAI/ros2_ws/install/tutorial_interfaces/include/tutorial_interfaces/tutorial_interfaces/msg/detail/num__functions.c
[9.111s] -- Installing: /home/karol/ITB/URO/KRAI/ros2_ws/install/tutorial_interfaces/include/tutorial_interfaces/tutorial_interfaces/msg/detail/sphere__functions.h
[9.111s] -- Installing: /home/karol/ITB/URO/KRAI/ros2_ws/install/tutorial_interfaces/include/tutorial_interfaces/tutorial_interfaces/msg/detail/num__functions.h
[9.111s] -- Installing: /home/karol/ITB/URO/KRAI/ros2_ws/install/tutorial_interfaces/include/tutorial_interfaces/tutorial_interfaces/msg/detail/sphere__functions.c
[9.111s] -- Installing: /home/karol/ITB/URO/KRAI/ros2_ws/install/tutorial_interfaces/include/tutorial_interfaces/tutorial_interfaces/msg/detail/num__type_support.h
[9.111s] -- Installing: /home/karol/ITB/URO/KRAI/ros2_ws/install/tutorial_interfaces/include/tutorial_interfaces/tutorial_interfaces/msg/detail/num__struct.h
[9.111s] -- Installing: /home/karol/ITB/URO/KRAI/ros2_ws/install/tutorial_interfaces/include/tutorial_interfaces/tutorial_interfaces/srv
[9.111s] -- Installing: /home/karol/ITB/URO/KRAI/ros2_ws/install/tutorial_interfaces/include/tutorial_interfaces/tutorial_interfaces/srv/add_three_ints.h
[9.111s] -- Installing: /home/karol/ITB/URO/KRAI/ros2_ws/install/tutorial_interfaces/include/tutorial_interfaces/tutorial_interfaces/srv/detail
[9.111s] -- Installing: /home/karol/ITB/URO/KRAI/ros2_ws/install/tutorial_interfaces/include/tutorial_interfaces/tutorial_interfaces/srv/detail/add_three_ints__struct.h
[9.111s] -- Installing: /home/karol/ITB/URO/KRAI/ros2_ws/install/tutorial_interfaces/include/tutorial_interfaces/tutorial_interfaces/srv/detail/add_three_ints__functions.c
[9.111s] -- Installing: /home/karol/ITB/URO/KRAI/ros2_ws/install/tutorial_interfaces/include/tutorial_interfaces/tutorial_interfaces/srv/detail/add_three_ints__type_support.h
[9.111s] -- Installing: /home/karol/ITB/URO/KRAI/ros2_ws/install/tutorial_interfaces/include/tutorial_interfaces/tutorial_interfaces/srv/detail/add_three_ints__functions.h
[9.111s] -- Installing: /home/karol/ITB/URO/KRAI/ros2_ws/install/tutorial_interfaces/share/tutorial_interfaces/environment/library_path.sh
[9.111s] -- Installing: /home/karol/ITB/URO/KRAI/ros2_ws/install/tutorial_interfaces/share/tutorial_interfaces/environment/library_path.dsv
[9.111s] -- Installing: /home/karol/ITB/URO/KRAI/ros2_ws/install/tutorial_interfaces/lib/libtutorial_interfaces__rosidl_generator_c.so
[9.112s] -- Set runtime path of "/home/karol/ITB/URO/KRAI/ros2_ws/install/tutorial_interfaces/lib/libtutorial_interfaces__rosidl_generator_c.so" to ""
[9.112s] -- Up-to-date: /home/karol/ITB/URO/KRAI/ros2_ws/install/tutorial_interfaces/include/tutorial_interfaces/tutorial_interfaces
[9.112s] -- Up-to-date: /home/karol/ITB/URO/KRAI/ros2_ws/install/tutorial_interfaces/include/tutorial_interfaces/tutorial_interfaces/msg
[9.112s] -- Installing: /home/karol/ITB/URO/KRAI/ros2_ws/install/tutorial_interfaces/include/tutorial_interfaces/tutorial_interfaces/msg/rosidl_typesupport_fastrtps_c__visibility_control.h
[9.112s] -- Up-to-date: /home/karol/ITB/URO/KRAI/ros2_ws/install/tutorial_interfaces/include/tutorial_interfaces/tutorial_interfaces/msg/detail
[9.112s] -- Installing: /home/karol/ITB/URO/KRAI/ros2_ws/install/tutorial_interfaces/include/tutorial_interfaces/tutorial_interfaces/msg/detail/sphere__rosidl_typesupport_fastrtps_c.h
[9.112s] -- Installing: /home/karol/ITB/URO/KRAI/ros2_ws/install/tutorial_interfaces/include/tutorial_interfaces/tutorial_interfaces/msg/detail/num__rosidl_typesupport_fastrtps_c.h
[9.112s] -- Up-to-date: /home/karol/ITB/URO/KRAI/ros2_ws/install/tutorial_interfaces/include/tutorial_interfaces/tutorial_interfaces/srv
[9.112s] -- Up-to-date: /home/karol/ITB/URO/KRAI/ros2_ws/install/tutorial_interfaces/include/tutorial_interfaces/tutorial_interfaces/srv/detail
[9.112s] -- Installing: /home/karol/ITB/URO/KRAI/ros2_ws/install/tutorial_interfaces/include/tutorial_interfaces/tutorial_interfaces/srv/detail/add_three_ints__rosidl_typesupport_fastrtps_c.h
[9.112s] -- Installing: /home/karol/ITB/URO/KRAI/ros2_ws/install/tutorial_interfaces/lib/libtutorial_interfaces__rosidl_typesupport_fastrtps_c.so
[9.112s] -- Set runtime path of "/home/karol/ITB/URO/KRAI/ros2_ws/install/tutorial_interfaces/lib/libtutorial_interfaces__rosidl_typesupport_fastrtps_c.so" to ""
[9.113s] -- Up-to-date: /home/karol/ITB/URO/KRAI/ros2_ws/install/tutorial_interfaces/include/tutorial_interfaces/tutorial_interfaces
[9.113s] -- Up-to-date: /home/karol/ITB/URO/KRAI/ros2_ws/install/tutorial_interfaces/include/tutorial_interfaces/tutorial_interfaces/msg
[9.113s] -- Installing: /home/karol/ITB/URO/KRAI/ros2_ws/install/tutorial_interfaces/include/tutorial_interfaces/tutorial_interfaces/msg/sphere.hpp
[9.113s] -- Installing: /home/karol/ITB/URO/KRAI/ros2_ws/install/tutorial_interfaces/include/tutorial_interfaces/tutorial_interfaces/msg/num.hpp
[9.113s] -- Installing: /home/karol/ITB/URO/KRAI/ros2_ws/install/tutorial_interfaces/include/tutorial_interfaces/tutorial_interfaces/msg/rosidl_generator_cpp__visibility_control.hpp
[9.113s] -- Up-to-date: /home/karol/ITB/URO/KRAI/ros2_ws/install/tutorial_interfaces/include/tutorial_interfaces/tutorial_interfaces/msg/detail
[9.113s] -- Installing: /home/karol/ITB/URO/KRAI/ros2_ws/install/tutorial_interfaces/include/tutorial_interfaces/tutorial_interfaces/msg/detail/sphere__type_support.hpp
[9.113s] -- Installing: /home/karol/ITB/URO/KRAI/ros2_ws/install/tutorial_interfaces/include/tutorial_interfaces/tutorial_interfaces/msg/detail/sphere__struct.hpp
[9.113s] -- Installing: /home/karol/ITB/URO/KRAI/ros2_ws/install/tutorial_interfaces/include/tutorial_interfaces/tutorial_interfaces/msg/detail/sphere__traits.hpp
[9.113s] -- Installing: /home/karol/ITB/URO/KRAI/ros2_ws/install/tutorial_interfaces/include/tutorial_interfaces/tutorial_interfaces/msg/detail/sphere__builder.hpp
[9.113s] -- Installing: /home/karol/ITB/URO/KRAI/ros2_ws/install/tutorial_interfaces/include/tutorial_interfaces/tutorial_interfaces/msg/detail/num__traits.hpp
[9.113s] -- Installing: /home/karol/ITB/URO/KRAI/ros2_ws/install/tutorial_interfaces/include/tutorial_interfaces/tutorial_interfaces/msg/detail/num__type_support.hpp
[9.113s] -- Installing: /home/karol/ITB/URO/KRAI/ros2_ws/install/tutorial_interfaces/include/tutorial_interfaces/tutorial_interfaces/msg/detail/num__struct.hpp
[9.114s] -- Installing: /home/karol/ITB/URO/KRAI/ros2_ws/install/tutorial_interfaces/include/tutorial_interfaces/tutorial_interfaces/msg/detail/num__builder.hpp
[9.114s] -- Up-to-date: /home/karol/ITB/URO/KRAI/ros2_ws/install/tutorial_interfaces/include/tutorial_interfaces/tutorial_interfaces/srv
[9.114s] -- Installing: /home/karol/ITB/URO/KRAI/ros2_ws/install/tutorial_interfaces/include/tutorial_interfaces/tutorial_interfaces/srv/add_three_ints.hpp
[9.114s] -- Up-to-date: /home/karol/ITB/URO/KRAI/ros2_ws/install/tutorial_interfaces/include/tutorial_interfaces/tutorial_interfaces/srv/detail
[9.114s] -- Installing: /home/karol/ITB/URO/KRAI/ros2_ws/install/tutorial_interfaces/include/tutorial_interfaces/tutorial_interfaces/srv/detail/add_three_ints__type_support.hpp
[9.114s] -- Installing: /home/karol/ITB/URO/KRAI/ros2_ws/install/tutorial_interfaces/include/tutorial_interfaces/tutorial_interfaces/srv/detail/add_three_ints__struct.hpp
[9.114s] -- Installing: /home/karol/ITB/URO/KRAI/ros2_ws/install/tutorial_interfaces/include/tutorial_interfaces/tutorial_interfaces/srv/detail/add_three_ints__traits.hpp
[9.114s] -- Installing: /home/karol/ITB/URO/KRAI/ros2_ws/install/tutorial_interfaces/include/tutorial_interfaces/tutorial_interfaces/srv/detail/add_three_ints__builder.hpp
[9.114s] -- Up-to-date: /home/karol/ITB/URO/KRAI/ros2_ws/install/tutorial_interfaces/include/tutorial_interfaces/tutorial_interfaces
[9.114s] -- Up-to-date: /home/karol/ITB/URO/KRAI/ros2_ws/install/tutorial_interfaces/include/tutorial_interfaces/tutorial_interfaces/msg
[9.114s] -- Installing: /home/karol/ITB/URO/KRAI/ros2_ws/install/tutorial_interfaces/include/tutorial_interfaces/tutorial_interfaces/msg/rosidl_typesupport_fastrtps_cpp__visibility_control.h
[9.114s] -- Up-to-date: /home/karol/ITB/URO/KRAI/ros2_ws/install/tutorial_interfaces/include/tutorial_interfaces/tutorial_interfaces/msg/detail
[9.114s] -- Installing: /home/karol/ITB/URO/KRAI/ros2_ws/install/tutorial_interfaces/include/tutorial_interfaces/tutorial_interfaces/msg/detail/sphere__rosidl_typesupport_fastrtps_cpp.hpp
[9.114s] -- Installing: /home/karol/ITB/URO/KRAI/ros2_ws/install/tutorial_interfaces/include/tutorial_interfaces/tutorial_interfaces/msg/detail/dds_fastrtps
[9.115s] -- Installing: /home/karol/ITB/URO/KRAI/ros2_ws/install/tutorial_interfaces/include/tutorial_interfaces/tutorial_interfaces/msg/detail/num__rosidl_typesupport_fastrtps_cpp.hpp
[9.115s] -- Up-to-date: /home/karol/ITB/URO/KRAI/ros2_ws/install/tutorial_interfaces/include/tutorial_interfaces/tutorial_interfaces/srv
[9.115s] -- Up-to-date: /home/karol/ITB/URO/KRAI/ros2_ws/install/tutorial_interfaces/include/tutorial_interfaces/tutorial_interfaces/srv/detail
[9.115s] -- Installing: /home/karol/ITB/URO/KRAI/ros2_ws/install/tutorial_interfaces/include/tutorial_interfaces/tutorial_interfaces/srv/detail/add_three_ints__rosidl_typesupport_fastrtps_cpp.hpp
[9.115s] -- Installing: /home/karol/ITB/URO/KRAI/ros2_ws/install/tutorial_interfaces/include/tutorial_interfaces/tutorial_interfaces/srv/detail/dds_fastrtps
[9.115s] -- Installing: /home/karol/ITB/URO/KRAI/ros2_ws/install/tutorial_interfaces/lib/libtutorial_interfaces__rosidl_typesupport_fastrtps_cpp.so
[9.115s] -- Set runtime path of "/home/karol/ITB/URO/KRAI/ros2_ws/install/tutorial_interfaces/lib/libtutorial_interfaces__rosidl_typesupport_fastrtps_cpp.so" to ""
[9.115s] -- Up-to-date: /home/karol/ITB/URO/KRAI/ros2_ws/install/tutorial_interfaces/include/tutorial_interfaces/tutorial_interfaces
[9.115s] -- Up-to-date: /home/karol/ITB/URO/KRAI/ros2_ws/install/tutorial_interfaces/include/tutorial_interfaces/tutorial_interfaces/msg
[9.115s] -- Installing: /home/karol/ITB/URO/KRAI/ros2_ws/install/tutorial_interfaces/include/tutorial_interfaces/tutorial_interfaces/msg/rosidl_typesupport_introspection_c__visibility_control.h
[9.115s] -- Up-to-date: /home/karol/ITB/URO/KRAI/ros2_ws/install/tutorial_interfaces/include/tutorial_interfaces/tutorial_interfaces/msg/detail
[9.116s] -- Installing: /home/karol/ITB/URO/KRAI/ros2_ws/install/tutorial_interfaces/include/tutorial_interfaces/tutorial_interfaces/msg/detail/num__type_support.c
[9.116s] -- Installing: /home/karol/ITB/URO/KRAI/ros2_ws/install/tutorial_interfaces/include/tutorial_interfaces/tutorial_interfaces/msg/detail/sphere__type_support.c
[9.116s] -- Installing: /home/karol/ITB/URO/KRAI/ros2_ws/install/tutorial_interfaces/include/tutorial_interfaces/tutorial_interfaces/msg/detail/num__rosidl_typesupport_introspection_c.h
[9.116s] -- Installing: /home/karol/ITB/URO/KRAI/ros2_ws/install/tutorial_interfaces/include/tutorial_interfaces/tutorial_interfaces/msg/detail/sphere__rosidl_typesupport_introspection_c.h
[9.116s] -- Up-to-date: /home/karol/ITB/URO/KRAI/ros2_ws/install/tutorial_interfaces/include/tutorial_interfaces/tutorial_interfaces/srv
[9.116s] -- Up-to-date: /home/karol/ITB/URO/KRAI/ros2_ws/install/tutorial_interfaces/include/tutorial_interfaces/tutorial_interfaces/srv/detail
[9.116s] -- Installing: /home/karol/ITB/URO/KRAI/ros2_ws/install/tutorial_interfaces/include/tutorial_interfaces/tutorial_interfaces/srv/detail/add_three_ints__rosidl_typesupport_introspection_c.h
[9.116s] -- Installing: /home/karol/ITB/URO/KRAI/ros2_ws/install/tutorial_interfaces/include/tutorial_interfaces/tutorial_interfaces/srv/detail/add_three_ints__type_support.c
[9.117s] -- Installing: /home/karol/ITB/URO/KRAI/ros2_ws/install/tutorial_interfaces/lib/libtutorial_interfaces__rosidl_typesupport_introspection_c.so
[9.117s] -- Set runtime path of "/home/karol/ITB/URO/KRAI/ros2_ws/install/tutorial_interfaces/lib/libtutorial_interfaces__rosidl_typesupport_introspection_c.so" to ""
[9.117s] -- Installing: /home/karol/ITB/URO/KRAI/ros2_ws/install/tutorial_interfaces/lib/libtutorial_interfaces__rosidl_typesupport_c.so
[9.117s] -- Set runtime path of "/home/karol/ITB/URO/KRAI/ros2_ws/install/tutorial_interfaces/lib/libtutorial_interfaces__rosidl_typesupport_c.so" to ""
[9.117s] -- Up-to-date: /home/karol/ITB/URO/KRAI/ros2_ws/install/tutorial_interfaces/include/tutorial_interfaces/tutorial_interfaces
[9.117s] -- Up-to-date: /home/karol/ITB/URO/KRAI/ros2_ws/install/tutorial_interfaces/include/tutorial_interfaces/tutorial_interfaces/msg
[9.117s] -- Up-to-date: /home/karol/ITB/URO/KRAI/ros2_ws/install/tutorial_interfaces/include/tutorial_interfaces/tutorial_interfaces/msg/detail
[9.117s] -- Installing: /home/karol/ITB/URO/KRAI/ros2_ws/install/tutorial_interfaces/include/tutorial_interfaces/tutorial_interfaces/msg/detail/num__type_support.cpp
[9.118s] -- Installing: /home/karol/ITB/URO/KRAI/ros2_ws/install/tutorial_interfaces/include/tutorial_interfaces/tutorial_interfaces/msg/detail/sphere__type_support.cpp
[9.118s] -- Installing: /home/karol/ITB/URO/KRAI/ros2_ws/install/tutorial_interfaces/include/tutorial_interfaces/tutorial_interfaces/msg/detail/sphere__rosidl_typesupport_introspection_cpp.hpp
[9.119s] -- Installing: /home/karol/ITB/URO/KRAI/ros2_ws/install/tutorial_interfaces/include/tutorial_interfaces/tutorial_interfaces/msg/detail/num__rosidl_typesupport_introspection_cpp.hpp
[9.119s] -- Up-to-date: /home/karol/ITB/URO/KRAI/ros2_ws/install/tutorial_interfaces/include/tutorial_interfaces/tutorial_interfaces/srv
[9.119s] -- Up-to-date: /home/karol/ITB/URO/KRAI/ros2_ws/install/tutorial_interfaces/include/tutorial_interfaces/tutorial_interfaces/srv/detail
[9.119s] -- Installing: /home/karol/ITB/URO/KRAI/ros2_ws/install/tutorial_interfaces/include/tutorial_interfaces/tutorial_interfaces/srv/detail/add_three_ints__rosidl_typesupport_introspection_cpp.hpp
[9.119s] -- Installing: /home/karol/ITB/URO/KRAI/ros2_ws/install/tutorial_interfaces/include/tutorial_interfaces/tutorial_interfaces/srv/detail/add_three_ints__type_support.cpp
[9.119s] -- Installing: /home/karol/ITB/URO/KRAI/ros2_ws/install/tutorial_interfaces/lib/libtutorial_interfaces__rosidl_typesupport_introspection_cpp.so
[9.120s] -- Set runtime path of "/home/karol/ITB/URO/KRAI/ros2_ws/install/tutorial_interfaces/lib/libtutorial_interfaces__rosidl_typesupport_introspection_cpp.so" to ""
[9.120s] -- Installing: /home/karol/ITB/URO/KRAI/ros2_ws/install/tutorial_interfaces/lib/libtutorial_interfaces__rosidl_typesupport_cpp.so
[9.120s] -- Set runtime path of "/home/karol/ITB/URO/KRAI/ros2_ws/install/tutorial_interfaces/lib/libtutorial_interfaces__rosidl_typesupport_cpp.so" to ""
[9.120s] -- Installing: /home/karol/ITB/URO/KRAI/ros2_ws/install/tutorial_interfaces/share/tutorial_interfaces/environment/pythonpath.sh
[9.120s] -- Installing: /home/karol/ITB/URO/KRAI/ros2_ws/install/tutorial_interfaces/share/tutorial_interfaces/environment/pythonpath.dsv
[9.120s] -- Installing: /home/karol/ITB/URO/KRAI/ros2_ws/install/tutorial_interfaces/local/lib/python3.10/dist-packages/tutorial_interfaces-0.0.0-py3.10.egg-info
[9.121s] -- Installing: /home/karol/ITB/URO/KRAI/ros2_ws/install/tutorial_interfaces/local/lib/python3.10/dist-packages/tutorial_interfaces-0.0.0-py3.10.egg-info/PKG-INFO
[9.121s] -- Installing: /home/karol/ITB/URO/KRAI/ros2_ws/install/tutorial_interfaces/local/lib/python3.10/dist-packages/tutorial_interfaces-0.0.0-py3.10.egg-info/top_level.txt
[9.121s] -- Installing: /home/karol/ITB/URO/KRAI/ros2_ws/install/tutorial_interfaces/local/lib/python3.10/dist-packages/tutorial_interfaces-0.0.0-py3.10.egg-info/SOURCES.txt
[9.121s] -- Installing: /home/karol/ITB/URO/KRAI/ros2_ws/install/tutorial_interfaces/local/lib/python3.10/dist-packages/tutorial_interfaces-0.0.0-py3.10.egg-info/dependency_links.txt
[9.121s] -- Installing: /home/karol/ITB/URO/KRAI/ros2_ws/install/tutorial_interfaces/local/lib/python3.10/dist-packages/tutorial_interfaces
[9.121s] -- Installing: /home/karol/ITB/URO/KRAI/ros2_ws/install/tutorial_interfaces/local/lib/python3.10/dist-packages/tutorial_interfaces/_tutorial_interfaces_s.ep.rosidl_typesupport_fastrtps_c.c
[9.121s] -- Installing: /home/karol/ITB/URO/KRAI/ros2_ws/install/tutorial_interfaces/local/lib/python3.10/dist-packages/tutorial_interfaces/tutorial_interfaces_s__rosidl_typesupport_introspection_c.cpython-310-x86_64-linux-gnu.so
[9.121s] -- Installing: /home/karol/ITB/URO/KRAI/ros2_ws/install/tutorial_interfaces/local/lib/python3.10/dist-packages/tutorial_interfaces/_tutorial_interfaces_s.ep.rosidl_typesupport_c.c
[9.121s] -- Installing: /home/karol/ITB/URO/KRAI/ros2_ws/install/tutorial_interfaces/local/lib/python3.10/dist-packages/tutorial_interfaces/msg
[9.121s] -- Installing: /home/karol/ITB/URO/KRAI/ros2_ws/install/tutorial_interfaces/local/lib/python3.10/dist-packages/tutorial_interfaces/msg/_num_s.c
[9.121s] -- Installing: /home/karol/ITB/URO/KRAI/ros2_ws/install/tutorial_interfaces/local/lib/python3.10/dist-packages/tutorial_interfaces/msg/_sphere_s.c
[9.121s] -- Installing: /home/karol/ITB/URO/KRAI/ros2_ws/install/tutorial_interfaces/local/lib/python3.10/dist-packages/tutorial_interfaces/msg/_num.py
[9.121s] -- Installing: /home/karol/ITB/URO/KRAI/ros2_ws/install/tutorial_interfaces/local/lib/python3.10/dist-packages/tutorial_interfaces/msg/__init__.py
[9.121s] -- Installing: /home/karol/ITB/URO/KRAI/ros2_ws/install/tutorial_interfaces/local/lib/python3.10/dist-packages/tutorial_interfaces/msg/_sphere.py
[9.121s] -- Installing: /home/karol/ITB/URO/KRAI/ros2_ws/install/tutorial_interfaces/local/lib/python3.10/dist-packages/tutorial_interfaces/libtutorial_interfaces__rosidl_generator_py.so
[9.121s] -- Installing: /home/karol/ITB/URO/KRAI/ros2_ws/install/tutorial_interfaces/local/lib/python3.10/dist-packages/tutorial_interfaces/srv
[9.121s] -- Installing: /home/karol/ITB/URO/KRAI/ros2_ws/install/tutorial_interfaces/local/lib/python3.10/dist-packages/tutorial_interfaces/srv/_add_three_ints_s.c
[9.121s] -- Installing: /home/karol/ITB/URO/KRAI/ros2_ws/install/tutorial_interfaces/local/lib/python3.10/dist-packages/tutorial_interfaces/srv/__init__.py
[9.121s] -- Installing: /home/karol/ITB/URO/KRAI/ros2_ws/install/tutorial_interfaces/local/lib/python3.10/dist-packages/tutorial_interfaces/srv/_add_three_ints.py
[9.121s] -- Installing: /home/karol/ITB/URO/KRAI/ros2_ws/install/tutorial_interfaces/local/lib/python3.10/dist-packages/tutorial_interfaces/tutorial_interfaces_s__rosidl_typesupport_c.cpython-310-x86_64-linux-gnu.so
[9.121s] -- Installing: /home/karol/ITB/URO/KRAI/ros2_ws/install/tutorial_interfaces/local/lib/python3.10/dist-packages/tutorial_interfaces/__init__.py
[9.121s] -- Installing: /home/karol/ITB/URO/KRAI/ros2_ws/install/tutorial_interfaces/local/lib/python3.10/dist-packages/tutorial_interfaces/_tutorial_interfaces_s.ep.rosidl_typesupport_introspection_c.c
[9.121s] -- Installing: /home/karol/ITB/URO/KRAI/ros2_ws/install/tutorial_interfaces/local/lib/python3.10/dist-packages/tutorial_interfaces/tutorial_interfaces_s__rosidl_typesupport_fastrtps_c.cpython-310-x86_64-linux-gnu.so
[9.146s] Listing '/home/karol/ITB/URO/KRAI/ros2_ws/install/tutorial_interfaces/local/lib/python3.10/dist-packages/tutorial_interfaces'...
[9.146s] Compiling '/home/karol/ITB/URO/KRAI/ros2_ws/install/tutorial_interfaces/local/lib/python3.10/dist-packages/tutorial_interfaces/__init__.py'...
[9.146s] Listing '/home/karol/ITB/URO/KRAI/ros2_ws/install/tutorial_interfaces/local/lib/python3.10/dist-packages/tutorial_interfaces/msg'...
[9.146s] Compiling '/home/karol/ITB/URO/KRAI/ros2_ws/install/tutorial_interfaces/local/lib/python3.10/dist-packages/tutorial_interfaces/msg/__init__.py'...
[9.146s] Compiling '/home/karol/ITB/URO/KRAI/ros2_ws/install/tutorial_interfaces/local/lib/python3.10/dist-packages/tutorial_interfaces/msg/_num.py'...
[9.146s] Compiling '/home/karol/ITB/URO/KRAI/ros2_ws/install/tutorial_interfaces/local/lib/python3.10/dist-packages/tutorial_interfaces/msg/_sphere.py'...
[9.147s] Listing '/home/karol/ITB/URO/KRAI/ros2_ws/install/tutorial_interfaces/local/lib/python3.10/dist-packages/tutorial_interfaces/srv'...
[9.147s] Compiling '/home/karol/ITB/URO/KRAI/ros2_ws/install/tutorial_interfaces/local/lib/python3.10/dist-packages/tutorial_interfaces/srv/__init__.py'...
[9.147s] Compiling '/home/karol/ITB/URO/KRAI/ros2_ws/install/tutorial_interfaces/local/lib/python3.10/dist-packages/tutorial_interfaces/srv/_add_three_ints.py'...
[9.150s] -- Installing: /home/karol/ITB/URO/KRAI/ros2_ws/install/tutorial_interfaces/local/lib/python3.10/dist-packages/tutorial_interfaces/tutorial_interfaces_s__rosidl_typesupport_fastrtps_c.cpython-310-x86_64-linux-gnu.so
[9.150s] -- Set runtime path of "/home/karol/ITB/URO/KRAI/ros2_ws/install/tutorial_interfaces/local/lib/python3.10/dist-packages/tutorial_interfaces/tutorial_interfaces_s__rosidl_typesupport_fastrtps_c.cpython-310-x86_64-linux-gnu.so" to ""
[9.150s] -- Installing: /home/karol/ITB/URO/KRAI/ros2_ws/install/tutorial_interfaces/local/lib/python3.10/dist-packages/tutorial_interfaces/tutorial_interfaces_s__rosidl_typesupport_introspection_c.cpython-310-x86_64-linux-gnu.so
[9.150s] -- Set runtime path of "/home/karol/ITB/URO/KRAI/ros2_ws/install/tutorial_interfaces/local/lib/python3.10/dist-packages/tutorial_interfaces/tutorial_interfaces_s__rosidl_typesupport_introspection_c.cpython-310-x86_64-linux-gnu.so" to ""
[9.150s] -- Installing: /home/karol/ITB/URO/KRAI/ros2_ws/install/tutorial_interfaces/local/lib/python3.10/dist-packages/tutorial_interfaces/tutorial_interfaces_s__rosidl_typesupport_c.cpython-310-x86_64-linux-gnu.so
[9.150s] -- Set runtime path of "/home/karol/ITB/URO/KRAI/ros2_ws/install/tutorial_interfaces/local/lib/python3.10/dist-packages/tutorial_interfaces/tutorial_interfaces_s__rosidl_typesupport_c.cpython-310-x86_64-linux-gnu.so" to ""
[9.150s] -- Installing: /home/karol/ITB/URO/KRAI/ros2_ws/install/tutorial_interfaces/lib/libtutorial_interfaces__rosidl_generator_py.so
[9.150s] -- Set runtime path of "/home/karol/ITB/URO/KRAI/ros2_ws/install/tutorial_interfaces/lib/libtutorial_interfaces__rosidl_generator_py.so" to ""
[9.151s] -- Installing: /home/karol/ITB/URO/KRAI/ros2_ws/install/tutorial_interfaces/share/tutorial_interfaces/msg/Num.idl
[9.151s] -- Installing: /home/karol/ITB/URO/KRAI/ros2_ws/install/tutorial_interfaces/share/tutorial_interfaces/msg/Sphere.idl
[9.151s] -- Installing: /home/karol/ITB/URO/KRAI/ros2_ws/install/tutorial_interfaces/share/tutorial_interfaces/srv/AddThreeInts.idl
[9.151s] -- Installing: /home/karol/ITB/URO/KRAI/ros2_ws/install/tutorial_interfaces/share/tutorial_interfaces/msg/Num.msg
[9.151s] -- Installing: /home/karol/ITB/URO/KRAI/ros2_ws/install/tutorial_interfaces/share/tutorial_interfaces/msg/Sphere.msg
[9.151s] -- Installing: /home/karol/ITB/URO/KRAI/ros2_ws/install/tutorial_interfaces/share/tutorial_interfaces/srv/AddThreeInts.srv
[9.151s] -- Installing: /home/karol/ITB/URO/KRAI/ros2_ws/install/tutorial_interfaces/share/tutorial_interfaces/srv/AddThreeInts_Request.msg
[9.151s] -- Installing: /home/karol/ITB/URO/KRAI/ros2_ws/install/tutorial_interfaces/share/tutorial_interfaces/srv/AddThreeInts_Response.msg
[9.151s] -- Installing: /home/karol/ITB/URO/KRAI/ros2_ws/install/tutorial_interfaces/share/ament_index/resource_index/package_run_dependencies/tutorial_interfaces
[9.151s] -- Installing: /home/karol/ITB/URO/KRAI/ros2_ws/install/tutorial_interfaces/share/ament_index/resource_index/parent_prefix_path/tutorial_interfaces
[9.151s] -- Installing: /home/karol/ITB/URO/KRAI/ros2_ws/install/tutorial_interfaces/share/tutorial_interfaces/environment/ament_prefix_path.sh
[9.151s] -- Installing: /home/karol/ITB/URO/KRAI/ros2_ws/install/tutorial_interfaces/share/tutorial_interfaces/environment/ament_prefix_path.dsv
[9.151s] -- Installing: /home/karol/ITB/URO/KRAI/ros2_ws/install/tutorial_interfaces/share/tutorial_interfaces/environment/path.sh
[9.151s] -- Installing: /home/karol/ITB/URO/KRAI/ros2_ws/install/tutorial_interfaces/share/tutorial_interfaces/environment/path.dsv
[9.151s] -- Installing: /home/karol/ITB/URO/KRAI/ros2_ws/install/tutorial_interfaces/share/tutorial_interfaces/local_setup.bash
[9.151s] -- Installing: /home/karol/ITB/URO/KRAI/ros2_ws/install/tutorial_interfaces/share/tutorial_interfaces/local_setup.sh
[9.151s] -- Installing: /home/karol/ITB/URO/KRAI/ros2_ws/install/tutorial_interfaces/share/tutorial_interfaces/local_setup.zsh
[9.151s] -- Installing: /home/karol/ITB/URO/KRAI/ros2_ws/install/tutorial_interfaces/share/tutorial_interfaces/local_setup.dsv
[9.151s] -- Installing: /home/karol/ITB/URO/KRAI/ros2_ws/install/tutorial_interfaces/share/tutorial_interfaces/package.dsv
[9.151s] -- Installing: /home/karol/ITB/URO/KRAI/ros2_ws/install/tutorial_interfaces/share/ament_index/resource_index/packages/tutorial_interfaces
[9.152s] -- Installing: /home/karol/ITB/URO/KRAI/ros2_ws/install/tutorial_interfaces/share/tutorial_interfaces/cmake/export_tutorial_interfaces__rosidl_generator_cExport.cmake
[9.152s] -- Installing: /home/karol/ITB/URO/KRAI/ros2_ws/install/tutorial_interfaces/share/tutorial_interfaces/cmake/export_tutorial_interfaces__rosidl_generator_cExport-noconfig.cmake
[9.152s] -- Installing: /home/karol/ITB/URO/KRAI/ros2_ws/install/tutorial_interfaces/share/tutorial_interfaces/cmake/export_tutorial_interfaces__rosidl_typesupport_fastrtps_cExport.cmake
[9.152s] -- Installing: /home/karol/ITB/URO/KRAI/ros2_ws/install/tutorial_interfaces/share/tutorial_interfaces/cmake/export_tutorial_interfaces__rosidl_typesupport_fastrtps_cExport-noconfig.cmake
[9.152s] -- Installing: /home/karol/ITB/URO/KRAI/ros2_ws/install/tutorial_interfaces/share/tutorial_interfaces/cmake/export_tutorial_interfaces__rosidl_generator_cppExport.cmake
[9.152s] -- Installing: /home/karol/ITB/URO/KRAI/ros2_ws/install/tutorial_interfaces/share/tutorial_interfaces/cmake/export_tutorial_interfaces__rosidl_typesupport_fastrtps_cppExport.cmake
[9.152s] -- Installing: /home/karol/ITB/URO/KRAI/ros2_ws/install/tutorial_interfaces/share/tutorial_interfaces/cmake/export_tutorial_interfaces__rosidl_typesupport_fastrtps_cppExport-noconfig.cmake
[9.152s] -- Installing: /home/karol/ITB/URO/KRAI/ros2_ws/install/tutorial_interfaces/share/tutorial_interfaces/cmake/tutorial_interfaces__rosidl_typesupport_introspection_cExport.cmake
[9.152s] -- Installing: /home/karol/ITB/URO/KRAI/ros2_ws/install/tutorial_interfaces/share/tutorial_interfaces/cmake/tutorial_interfaces__rosidl_typesupport_introspection_cExport-noconfig.cmake
[9.152s] -- Installing: /home/karol/ITB/URO/KRAI/ros2_ws/install/tutorial_interfaces/share/tutorial_interfaces/cmake/tutorial_interfaces__rosidl_typesupport_cExport.cmake
[9.152s] -- Installing: /home/karol/ITB/URO/KRAI/ros2_ws/install/tutorial_interfaces/share/tutorial_interfaces/cmake/tutorial_interfaces__rosidl_typesupport_cExport-noconfig.cmake
[9.152s] -- Installing: /home/karol/ITB/URO/KRAI/ros2_ws/install/tutorial_interfaces/share/tutorial_interfaces/cmake/tutorial_interfaces__rosidl_typesupport_introspection_cppExport.cmake
[9.152s] -- Installing: /home/karol/ITB/URO/KRAI/ros2_ws/install/tutorial_interfaces/share/tutorial_interfaces/cmake/tutorial_interfaces__rosidl_typesupport_introspection_cppExport-noconfig.cmake
[9.152s] -- Installing: /home/karol/ITB/URO/KRAI/ros2_ws/install/tutorial_interfaces/share/tutorial_interfaces/cmake/tutorial_interfaces__rosidl_typesupport_cppExport.cmake
[9.152s] -- Installing: /home/karol/ITB/URO/KRAI/ros2_ws/install/tutorial_interfaces/share/tutorial_interfaces/cmake/tutorial_interfaces__rosidl_typesupport_cppExport-noconfig.cmake
[9.152s] -- Installing: /home/karol/ITB/URO/KRAI/ros2_ws/install/tutorial_interfaces/share/tutorial_interfaces/cmake/export_tutorial_interfaces__rosidl_generator_pyExport.cmake
[9.152s] -- Installing: /home/karol/ITB/URO/KRAI/ros2_ws/install/tutorial_interfaces/share/tutorial_interfaces/cmake/export_tutorial_interfaces__rosidl_generator_pyExport-noconfig.cmake
[9.153s] -- Installing: /home/karol/ITB/URO/KRAI/ros2_ws/install/tutorial_interfaces/share/tutorial_interfaces/cmake/rosidl_cmake-extras.cmake
[9.153s] -- Installing: /home/karol/ITB/URO/KRAI/ros2_ws/install/tutorial_interfaces/share/tutorial_interfaces/cmake/ament_cmake_export_dependencies-extras.cmake
[9.153s] -- Installing: /home/karol/ITB/URO/KRAI/ros2_ws/install/tutorial_interfaces/share/tutorial_interfaces/cmake/ament_cmake_export_include_directories-extras.cmake
[9.153s] -- Installing: /home/karol/ITB/URO/KRAI/ros2_ws/install/tutorial_interfaces/share/tutorial_interfaces/cmake/ament_cmake_export_libraries-extras.cmake
[9.153s] -- Installing: /home/karol/ITB/URO/KRAI/ros2_ws/install/tutorial_interfaces/share/tutorial_interfaces/cmake/ament_cmake_export_targets-extras.cmake
[9.153s] -- Installing: /home/karol/ITB/URO/KRAI/ros2_ws/install/tutorial_interfaces/share/tutorial_interfaces/cmake/rosidl_cmake_export_typesupport_targets-extras.cmake
[9.153s] -- Installing: /home/karol/ITB/URO/KRAI/ros2_ws/install/tutorial_interfaces/share/tutorial_interfaces/cmake/rosidl_cmake_export_typesupport_libraries-extras.cmake
[9.153s] -- Installing: /home/karol/ITB/URO/KRAI/ros2_ws/install/tutorial_interfaces/share/tutorial_interfaces/cmake/tutorial_interfacesConfig.cmake
[9.153s] -- Installing: /home/karol/ITB/URO/KRAI/ros2_ws/install/tutorial_interfaces/share/tutorial_interfaces/cmake/tutorial_interfacesConfig-version.cmake
[9.153s] -- Installing: /home/karol/ITB/URO/KRAI/ros2_ws/install/tutorial_interfaces/share/tutorial_interfaces/package.xml
[9.156s] Invoked command in '/home/karol/ITB/URO/KRAI/ros2_ws/build/tutorial_interfaces' returned '0': CMAKE_PREFIX_PATH=${CMAKE_PREFIX_PATH}:/opt/ros/humble /usr/bin/cmake --install /home/karol/ITB/URO/KRAI/ros2_ws/build/tutorial_interfaces
