[0.061s] DEBUG:colcon:Command line arguments: ['/usr/bin/colcon', 'build', '--packages-select', 'cpp_parameters', '--symlink-install']
[0.061s] DEBUG:colcon:Parsed command line arguments: Namespace(log_base=None, log_level=None, verb_name='build', build_base='build', install_base='install', merge_install=False, symlink_install=True, test_result_base=None, continue_on_error=False, executor='parallel', parallel_workers=22, event_handlers=None, ignore_user_meta=False, metas=['./colcon.meta'], base_paths=['.'], packages_ignore=None, packages_ignore_regex=None, paths=None, packages_up_to=None, packages_up_to_regex=None, packages_above=None, packages_above_and_dependencies=None, packages_above_depth=None, packages_select_by_dep=None, packages_skip_by_dep=None, packages_skip_up_to=None, packages_select_build_failed=False, packages_skip_build_finished=False, packages_select_test_failures=False, packages_skip_test_passed=False, packages_select=['cpp_parameters'], packages_skip=None, packages_select_regex=None, packages_skip_regex=None, packages_start=None, packages_end=None, allow_overriding=[], cmake_args=None, cmake_target=None, cmake_target_skip_unavailable=False, cmake_clean_cache=False, cmake_clean_first=False, cmake_force_configure=False, ament_cmake_args=None, catkin_cmake_args=None, catkin_skip_building_tests=False, verb_parser=<colcon_defaults.argument_parser.defaults.DefaultArgumentsDecorator object at 0x75df3c3d5ae0>, verb_extension=<colcon_core.verb.build.BuildVerb object at 0x75df3c3d55a0>, main=<bound method BuildVerb.main of <colcon_core.verb.build.BuildVerb object at 0x75df3c3d55a0>>)
[0.171s] Level 1:colcon.colcon_core.package_discovery:discover_packages(colcon_meta) check parameters
[0.171s] Level 1:colcon.colcon_core.package_discovery:discover_packages(recursive) check parameters
[0.171s] Level 1:colcon.colcon_core.package_discovery:discover_packages(ignore) check parameters
[0.171s] Level 1:colcon.colcon_core.package_discovery:discover_packages(path) check parameters
[0.171s] Level 1:colcon.colcon_core.package_discovery:discover_packages(colcon_meta) discover
[0.171s] Level 1:colcon.colcon_core.package_discovery:discover_packages(recursive) discover
[0.171s] INFO:colcon.colcon_core.package_discovery:Crawling recursively for packages in '/home/karol/ITB/URO/KRAI/ros2_ws'
[0.171s] Level 1:colcon.colcon_core.package_identification:_identify(.) by extensions ['ignore', 'ignore_ament_install']
[0.171s] Level 1:colcon.colcon_core.package_identification:_identify(.) by extension 'ignore'
[0.171s] Level 1:colcon.colcon_core.package_identification:_identify(.) by extension 'ignore_ament_install'
[0.171s] Level 1:colcon.colcon_core.package_identification:_identify(.) by extensions ['colcon_pkg']
[0.171s] Level 1:colcon.colcon_core.package_identification:_identify(.) by extension 'colcon_pkg'
[0.171s] Level 1:colcon.colcon_core.package_identification:_identify(.) by extensions ['colcon_meta']
[0.171s] Level 1:colcon.colcon_core.package_identification:_identify(.) by extension 'colcon_meta'
[0.171s] Level 1:colcon.colcon_core.package_identification:_identify(.) by extensions ['ros']
[0.171s] Level 1:colcon.colcon_core.package_identification:_identify(.) by extension 'ros'
[0.178s] Level 1:colcon.colcon_core.package_identification:_identify(.) by extensions ['cmake', 'python']
[0.178s] Level 1:colcon.colcon_core.package_identification:_identify(.) by extension 'cmake'
[0.178s] Level 1:colcon.colcon_core.package_identification:_identify(.) by extension 'python'
[0.178s] Level 1:colcon.colcon_core.package_identification:_identify(.) by extensions ['python_setup_py']
[0.178s] Level 1:colcon.colcon_core.package_identification:_identify(.) by extension 'python_setup_py'
[0.178s] Level 1:colcon.colcon_core.package_identification:_identify(build) by extensions ['ignore', 'ignore_ament_install']
[0.178s] Level 1:colcon.colcon_core.package_identification:_identify(build) by extension 'ignore'
[0.178s] Level 1:colcon.colcon_core.package_identification:_identify(build) ignored
[0.178s] Level 1:colcon.colcon_core.package_identification:_identify(install) by extensions ['ignore', 'ignore_ament_install']
[0.179s] Level 1:colcon.colcon_core.package_identification:_identify(install) by extension 'ignore'
[0.179s] Level 1:colcon.colcon_core.package_identification:_identify(install) ignored
[0.179s] Level 1:colcon.colcon_core.package_identification:_identify(log) by extensions ['ignore', 'ignore_ament_install']
[0.179s] Level 1:colcon.colcon_core.package_identification:_identify(log) by extension 'ignore'
[0.179s] Level 1:colcon.colcon_core.package_identification:_identify(log) ignored
[0.179s] Level 1:colcon.colcon_core.package_identification:_identify(src) by extensions ['ignore', 'ignore_ament_install']
[0.179s] Level 1:colcon.colcon_core.package_identification:_identify(src) by extension 'ignore'
[0.179s] Level 1:colcon.colcon_core.package_identification:_identify(src) by extension 'ignore_ament_install'
[0.179s] Level 1:colcon.colcon_core.package_identification:_identify(src) by extensions ['colcon_pkg']
[0.179s] Level 1:colcon.colcon_core.package_identification:_identify(src) by extension 'colcon_pkg'
[0.179s] Level 1:colcon.colcon_core.package_identification:_identify(src) by extensions ['colcon_meta']
[0.179s] Level 1:colcon.colcon_core.package_identification:_identify(src) by extension 'colcon_meta'
[0.179s] Level 1:colcon.colcon_core.package_identification:_identify(src) by extensions ['ros']
[0.179s] Level 1:colcon.colcon_core.package_identification:_identify(src) by extension 'ros'
[0.179s] Level 1:colcon.colcon_core.package_identification:_identify(src) by extensions ['cmake', 'python']
[0.179s] Level 1:colcon.colcon_core.package_identification:_identify(src) by extension 'cmake'
[0.179s] Level 1:colcon.colcon_core.package_identification:_identify(src) by extension 'python'
[0.179s] Level 1:colcon.colcon_core.package_identification:_identify(src) by extensions ['python_setup_py']
[0.179s] Level 1:colcon.colcon_core.package_identification:_identify(src) by extension 'python_setup_py'
[0.179s] Level 1:colcon.colcon_core.package_identification:_identify(src/cpp_parameters) by extensions ['ignore', 'ignore_ament_install']
[0.179s] Level 1:colcon.colcon_core.package_identification:_identify(src/cpp_parameters) by extension 'ignore'
[0.179s] Level 1:colcon.colcon_core.package_identification:_identify(src/cpp_parameters) by extension 'ignore_ament_install'
[0.179s] Level 1:colcon.colcon_core.package_identification:_identify(src/cpp_parameters) by extensions ['colcon_pkg']
[0.179s] Level 1:colcon.colcon_core.package_identification:_identify(src/cpp_parameters) by extension 'colcon_pkg'
[0.179s] Level 1:colcon.colcon_core.package_identification:_identify(src/cpp_parameters) by extensions ['colcon_meta']
[0.179s] Level 1:colcon.colcon_core.package_identification:_identify(src/cpp_parameters) by extension 'colcon_meta'
[0.179s] Level 1:colcon.colcon_core.package_identification:_identify(src/cpp_parameters) by extensions ['ros']
[0.179s] Level 1:colcon.colcon_core.package_identification:_identify(src/cpp_parameters) by extension 'ros'
[0.181s] DEBUG:colcon.colcon_core.package_identification:Package 'src/cpp_parameters' with type 'ros.ament_cmake' and name 'cpp_parameters'
[0.181s] Level 1:colcon.colcon_core.package_identification:_identify(src/learn_simulation) by extensions ['ignore', 'ignore_ament_install']
[0.181s] Level 1:colcon.colcon_core.package_identification:_identify(src/learn_simulation) by extension 'ignore'
[0.181s] Level 1:colcon.colcon_core.package_identification:_identify(src/learn_simulation) by extension 'ignore_ament_install'
[0.181s] Level 1:colcon.colcon_core.package_identification:_identify(src/learn_simulation) by extensions ['colcon_pkg']
[0.181s] Level 1:colcon.colcon_core.package_identification:_identify(src/learn_simulation) by extension 'colcon_pkg'
[0.181s] Level 1:colcon.colcon_core.package_identification:_identify(src/learn_simulation) by extensions ['colcon_meta']
[0.181s] Level 1:colcon.colcon_core.package_identification:_identify(src/learn_simulation) by extension 'colcon_meta'
[0.181s] Level 1:colcon.colcon_core.package_identification:_identify(src/learn_simulation) by extensions ['ros']
[0.181s] Level 1:colcon.colcon_core.package_identification:_identify(src/learn_simulation) by extension 'ros'
[0.182s] Level 1:colcon.colcon_core.package_identification:_identify(src/learn_simulation) by extensions ['cmake', 'python']
[0.182s] Level 1:colcon.colcon_core.package_identification:_identify(src/learn_simulation) by extension 'cmake'
[0.182s] Level 1:colcon.colcon_core.package_identification:_identify(src/learn_simulation) by extension 'python'
[0.182s] Level 1:colcon.colcon_core.package_identification:_identify(src/learn_simulation) by extensions ['python_setup_py']
[0.182s] Level 1:colcon.colcon_core.package_identification:_identify(src/learn_simulation) by extension 'python_setup_py'
[0.182s] Level 1:colcon.colcon_core.package_identification:_identify(src/learn_simulation/cpp_srvcli) by extensions ['ignore', 'ignore_ament_install']
[0.182s] Level 1:colcon.colcon_core.package_identification:_identify(src/learn_simulation/cpp_srvcli) by extension 'ignore'
[0.182s] Level 1:colcon.colcon_core.package_identification:_identify(src/learn_simulation/cpp_srvcli) by extension 'ignore_ament_install'
[0.182s] Level 1:colcon.colcon_core.package_identification:_identify(src/learn_simulation/cpp_srvcli) by extensions ['colcon_pkg']
[0.182s] Level 1:colcon.colcon_core.package_identification:_identify(src/learn_simulation/cpp_srvcli) by extension 'colcon_pkg'
[0.182s] Level 1:colcon.colcon_core.package_identification:_identify(src/learn_simulation/cpp_srvcli) by extensions ['colcon_meta']
[0.182s] Level 1:colcon.colcon_core.package_identification:_identify(src/learn_simulation/cpp_srvcli) by extension 'colcon_meta'
[0.182s] Level 1:colcon.colcon_core.package_identification:_identify(src/learn_simulation/cpp_srvcli) by extensions ['ros']
[0.182s] Level 1:colcon.colcon_core.package_identification:_identify(src/learn_simulation/cpp_srvcli) by extension 'ros'
[0.182s] DEBUG:colcon.colcon_core.package_identification:Package 'src/learn_simulation/cpp_srvcli' with type 'ros.ament_cmake' and name 'cpp_srvcli'
[0.182s] Level 1:colcon.colcon_core.package_identification:_identify(src/learn_simulation/package1) by extensions ['ignore', 'ignore_ament_install']
[0.182s] Level 1:colcon.colcon_core.package_identification:_identify(src/learn_simulation/package1) by extension 'ignore'
[0.182s] Level 1:colcon.colcon_core.package_identification:_identify(src/learn_simulation/package1) by extension 'ignore_ament_install'
[0.182s] Level 1:colcon.colcon_core.package_identification:_identify(src/learn_simulation/package1) by extensions ['colcon_pkg']
[0.182s] Level 1:colcon.colcon_core.package_identification:_identify(src/learn_simulation/package1) by extension 'colcon_pkg'
[0.182s] Level 1:colcon.colcon_core.package_identification:_identify(src/learn_simulation/package1) by extensions ['colcon_meta']
[0.182s] Level 1:colcon.colcon_core.package_identification:_identify(src/learn_simulation/package1) by extension 'colcon_meta'
[0.182s] Level 1:colcon.colcon_core.package_identification:_identify(src/learn_simulation/package1) by extensions ['ros']
[0.182s] Level 1:colcon.colcon_core.package_identification:_identify(src/learn_simulation/package1) by extension 'ros'
[0.183s] DEBUG:colcon.colcon_core.package_identification:Package 'src/learn_simulation/package1' with type 'ros.ament_cmake' and name 'package1'
[0.183s] Level 1:colcon.colcon_core.package_identification:_identify(src/learn_simulation/urdf_tutorial) by extensions ['ignore', 'ignore_ament_install']
[0.183s] Level 1:colcon.colcon_core.package_identification:_identify(src/learn_simulation/urdf_tutorial) by extension 'ignore'
[0.183s] Level 1:colcon.colcon_core.package_identification:_identify(src/learn_simulation/urdf_tutorial) by extension 'ignore_ament_install'
[0.183s] Level 1:colcon.colcon_core.package_identification:_identify(src/learn_simulation/urdf_tutorial) by extensions ['colcon_pkg']
[0.183s] Level 1:colcon.colcon_core.package_identification:_identify(src/learn_simulation/urdf_tutorial) by extension 'colcon_pkg'
[0.183s] Level 1:colcon.colcon_core.package_identification:_identify(src/learn_simulation/urdf_tutorial) by extensions ['colcon_meta']
[0.183s] Level 1:colcon.colcon_core.package_identification:_identify(src/learn_simulation/urdf_tutorial) by extension 'colcon_meta'
[0.183s] Level 1:colcon.colcon_core.package_identification:_identify(src/learn_simulation/urdf_tutorial) by extensions ['ros']
[0.183s] Level 1:colcon.colcon_core.package_identification:_identify(src/learn_simulation/urdf_tutorial) by extension 'ros'
[0.183s] DEBUG:colcon.colcon_core.package_identification:Package 'src/learn_simulation/urdf_tutorial' with type 'ros.ament_cmake' and name 'urdf_tutorial'
[0.183s] Level 1:colcon.colcon_core.package_identification:_identify(src/log) by extensions ['ignore', 'ignore_ament_install']
[0.184s] Level 1:colcon.colcon_core.package_identification:_identify(src/log) by extension 'ignore'
[0.184s] Level 1:colcon.colcon_core.package_identification:_identify(src/log) ignored
[0.184s] Level 1:colcon.colcon_core.package_identification:_identify(src/nebula_simulation) by extensions ['ignore', 'ignore_ament_install']
[0.184s] Level 1:colcon.colcon_core.package_identification:_identify(src/nebula_simulation) by extension 'ignore'
[0.184s] Level 1:colcon.colcon_core.package_identification:_identify(src/nebula_simulation) by extension 'ignore_ament_install'
[0.184s] Level 1:colcon.colcon_core.package_identification:_identify(src/nebula_simulation) by extensions ['colcon_pkg']
[0.184s] Level 1:colcon.colcon_core.package_identification:_identify(src/nebula_simulation) by extension 'colcon_pkg'
[0.184s] Level 1:colcon.colcon_core.package_identification:_identify(src/nebula_simulation) by extensions ['colcon_meta']
[0.184s] Level 1:colcon.colcon_core.package_identification:_identify(src/nebula_simulation) by extension 'colcon_meta'
[0.184s] Level 1:colcon.colcon_core.package_identification:_identify(src/nebula_simulation) by extensions ['ros']
[0.184s] Level 1:colcon.colcon_core.package_identification:_identify(src/nebula_simulation) by extension 'ros'
[0.184s] Level 1:colcon.colcon_core.package_identification:_identify(src/nebula_simulation) by extensions ['cmake', 'python']
[0.184s] Level 1:colcon.colcon_core.package_identification:_identify(src/nebula_simulation) by extension 'cmake'
[0.184s] Level 1:colcon.colcon_core.package_identification:_identify(src/nebula_simulation) by extension 'python'
[0.184s] Level 1:colcon.colcon_core.package_identification:_identify(src/nebula_simulation) by extensions ['python_setup_py']
[0.184s] Level 1:colcon.colcon_core.package_identification:_identify(src/nebula_simulation) by extension 'python_setup_py'
[0.184s] Level 1:colcon.colcon_core.package_identification:_identify(src/simulation_testing) by extensions ['ignore', 'ignore_ament_install']
[0.184s] Level 1:colcon.colcon_core.package_identification:_identify(src/simulation_testing) by extension 'ignore'
[0.184s] Level 1:colcon.colcon_core.package_identification:_identify(src/simulation_testing) by extension 'ignore_ament_install'
[0.184s] Level 1:colcon.colcon_core.package_identification:_identify(src/simulation_testing) by extensions ['colcon_pkg']
[0.184s] Level 1:colcon.colcon_core.package_identification:_identify(src/simulation_testing) by extension 'colcon_pkg'
[0.184s] Level 1:colcon.colcon_core.package_identification:_identify(src/simulation_testing) by extensions ['colcon_meta']
[0.184s] Level 1:colcon.colcon_core.package_identification:_identify(src/simulation_testing) by extension 'colcon_meta'
[0.184s] Level 1:colcon.colcon_core.package_identification:_identify(src/simulation_testing) by extensions ['ros']
[0.184s] Level 1:colcon.colcon_core.package_identification:_identify(src/simulation_testing) by extension 'ros'
[0.184s] Level 1:colcon.colcon_core.package_identification:_identify(src/simulation_testing) by extensions ['cmake', 'python']
[0.184s] Level 1:colcon.colcon_core.package_identification:_identify(src/simulation_testing) by extension 'cmake'
[0.184s] Level 1:colcon.colcon_core.package_identification:_identify(src/simulation_testing) by extension 'python'
[0.184s] Level 1:colcon.colcon_core.package_identification:_identify(src/simulation_testing) by extensions ['python_setup_py']
[0.184s] Level 1:colcon.colcon_core.package_identification:_identify(src/simulation_testing) by extension 'python_setup_py'
[0.184s] Level 1:colcon.colcon_core.package_identification:_identify(src/simulation_testing/lumina_simulation) by extensions ['ignore', 'ignore_ament_install']
[0.184s] Level 1:colcon.colcon_core.package_identification:_identify(src/simulation_testing/lumina_simulation) by extension 'ignore'
[0.184s] Level 1:colcon.colcon_core.package_identification:_identify(src/simulation_testing/lumina_simulation) by extension 'ignore_ament_install'
[0.184s] Level 1:colcon.colcon_core.package_identification:_identify(src/simulation_testing/lumina_simulation) by extensions ['colcon_pkg']
[0.184s] Level 1:colcon.colcon_core.package_identification:_identify(src/simulation_testing/lumina_simulation) by extension 'colcon_pkg'
[0.184s] Level 1:colcon.colcon_core.package_identification:_identify(src/simulation_testing/lumina_simulation) by extensions ['colcon_meta']
[0.184s] Level 1:colcon.colcon_core.package_identification:_identify(src/simulation_testing/lumina_simulation) by extension 'colcon_meta'
[0.184s] Level 1:colcon.colcon_core.package_identification:_identify(src/simulation_testing/lumina_simulation) by extensions ['ros']
[0.184s] Level 1:colcon.colcon_core.package_identification:_identify(src/simulation_testing/lumina_simulation) by extension 'ros'
[0.191s] DEBUG:colcon.colcon_core.package_identification:Package 'src/simulation_testing/lumina_simulation' with type 'ros.ament_cmake' and name 'lumina_simulation'
[0.191s] Level 1:colcon.colcon_core.package_identification:_identify(src/tutorial_interfaces) by extensions ['ignore', 'ignore_ament_install']
[0.191s] Level 1:colcon.colcon_core.package_identification:_identify(src/tutorial_interfaces) by extension 'ignore'
[0.191s] Level 1:colcon.colcon_core.package_identification:_identify(src/tutorial_interfaces) by extension 'ignore_ament_install'
[0.191s] Level 1:colcon.colcon_core.package_identification:_identify(src/tutorial_interfaces) by extensions ['colcon_pkg']
[0.191s] Level 1:colcon.colcon_core.package_identification:_identify(src/tutorial_interfaces) by extension 'colcon_pkg'
[0.191s] Level 1:colcon.colcon_core.package_identification:_identify(src/tutorial_interfaces) by extensions ['colcon_meta']
[0.191s] Level 1:colcon.colcon_core.package_identification:_identify(src/tutorial_interfaces) by extension 'colcon_meta'
[0.191s] Level 1:colcon.colcon_core.package_identification:_identify(src/tutorial_interfaces) by extensions ['ros']
[0.191s] Level 1:colcon.colcon_core.package_identification:_identify(src/tutorial_interfaces) by extension 'ros'
[0.191s] DEBUG:colcon.colcon_core.package_identification:Package 'src/tutorial_interfaces' with type 'ros.ament_cmake' and name 'tutorial_interfaces'
[0.191s] Level 1:colcon.colcon_core.package_discovery:discover_packages(recursive) using defaults
[0.191s] Level 1:colcon.colcon_core.package_discovery:discover_packages(ignore) discover
[0.191s] Level 1:colcon.colcon_core.package_discovery:discover_packages(ignore) using defaults
[0.191s] Level 1:colcon.colcon_core.package_discovery:discover_packages(path) discover
[0.191s] Level 1:colcon.colcon_core.package_discovery:discover_packages(path) using defaults
[0.204s] INFO:colcon.colcon_core.package_selection:Skipping not selected package 'cpp_srvcli' in 'src/learn_simulation/cpp_srvcli'
[0.204s] INFO:colcon.colcon_core.package_selection:Skipping not selected package 'lumina_simulation' in 'src/simulation_testing/lumina_simulation'
[0.204s] INFO:colcon.colcon_core.package_selection:Skipping not selected package 'package1' in 'src/learn_simulation/package1'
[0.204s] INFO:colcon.colcon_core.package_selection:Skipping not selected package 'tutorial_interfaces' in 'src/tutorial_interfaces'
[0.204s] INFO:colcon.colcon_core.package_selection:Skipping not selected package 'urdf_tutorial' in 'src/learn_simulation/urdf_tutorial'
[0.204s] Level 1:colcon.colcon_core.package_discovery:discover_packages(prefix_path) check parameters
[0.204s] Level 1:colcon.colcon_core.package_discovery:discover_packages(prefix_path) discover
[0.205s] WARNING:colcon.colcon_ros.prefix_path.ament:The path '/home/karol/ITB/URO/KRAI/ros2_ws/install/tutorial_interfaces' in the environment variable AMENT_PREFIX_PATH doesn't exist
[0.205s] WARNING:colcon.colcon_ros.prefix_path.ament:The path '/home/karol/ITB/URO/KRAI/ros2_ws/install/cpp_srvcli' in the environment variable AMENT_PREFIX_PATH doesn't exist
[0.205s] WARNING:colcon.colcon_ros.prefix_path.catkin:The path '/home/karol/ITB/URO/KRAI/ros2_ws/install/tutorial_interfaces' in the environment variable CMAKE_PREFIX_PATH doesn't exist
[0.205s] WARNING:colcon.colcon_ros.prefix_path.catkin:The path '/home/karol/ITB/URO/KRAI/ros2_ws/install/cpp_srvcli' in the environment variable CMAKE_PREFIX_PATH doesn't exist
[0.205s] DEBUG:colcon.colcon_installed_package_information.package_discovery:Found 4 installed packages in /home/karol/turtlebot3_ws/install
[0.206s] DEBUG:colcon.colcon_installed_package_information.package_discovery:Found 1 installed packages in /home/karol/ITB/URO/KRAI/ros2_learn/urdf_example/install
[0.206s] DEBUG:colcon.colcon_installed_package_information.package_discovery:Found 10 installed packages in /home/karol/ITB/URO/KRAI/nebula/nebula-ws/install
[0.206s] DEBUG:colcon.colcon_installed_package_information.package_discovery:Found 1 installed packages in /home/karol/ITB/URO/KRAI/ros2_ws/install
[0.207s] DEBUG:colcon.colcon_installed_package_information.package_discovery:Found 1 installed packages in /home/karol/ITB/URO/KRAI/ros2_ws/src/tutorial_interfaces/install
[0.207s] DEBUG:colcon.colcon_installed_package_information.package_discovery:Found 340 installed packages in /opt/ros/humble
[0.208s] Level 1:colcon.colcon_core.package_discovery:discover_packages(prefix_path) using defaults
[0.234s] Level 5:colcon.colcon_core.verb:set package 'cpp_parameters' build argument 'cmake_args' from command line to 'None'
[0.234s] Level 5:colcon.colcon_core.verb:set package 'cpp_parameters' build argument 'cmake_target' from command line to 'None'
[0.234s] Level 5:colcon.colcon_core.verb:set package 'cpp_parameters' build argument 'cmake_target_skip_unavailable' from command line to 'False'
[0.234s] Level 5:colcon.colcon_core.verb:set package 'cpp_parameters' build argument 'cmake_clean_cache' from command line to 'False'
[0.234s] Level 5:colcon.colcon_core.verb:set package 'cpp_parameters' build argument 'cmake_clean_first' from command line to 'False'
[0.234s] Level 5:colcon.colcon_core.verb:set package 'cpp_parameters' build argument 'cmake_force_configure' from command line to 'False'
[0.234s] Level 5:colcon.colcon_core.verb:set package 'cpp_parameters' build argument 'ament_cmake_args' from command line to 'None'
[0.234s] Level 5:colcon.colcon_core.verb:set package 'cpp_parameters' build argument 'catkin_cmake_args' from command line to 'None'
[0.234s] Level 5:colcon.colcon_core.verb:set package 'cpp_parameters' build argument 'catkin_skip_building_tests' from command line to 'False'
[0.234s] DEBUG:colcon.colcon_core.verb:Building package 'cpp_parameters' with the following arguments: {'ament_cmake_args': None, 'build_base': '/home/karol/ITB/URO/KRAI/ros2_ws/build/cpp_parameters', 'catkin_cmake_args': None, 'catkin_skip_building_tests': False, 'cmake_args': None, 'cmake_clean_cache': False, 'cmake_clean_first': False, 'cmake_force_configure': False, 'cmake_target': None, 'cmake_target_skip_unavailable': False, 'install_base': '/home/karol/ITB/URO/KRAI/ros2_ws/install/cpp_parameters', 'merge_install': False, 'path': '/home/karol/ITB/URO/KRAI/ros2_ws/src/cpp_parameters', 'symlink_install': True, 'test_result_base': None}
[0.235s] INFO:colcon.colcon_core.executor:Executing jobs using 'parallel' executor
[0.236s] DEBUG:colcon.colcon_parallel_executor.executor.parallel:run_until_complete
[0.236s] INFO:colcon.colcon_ros.task.ament_cmake.build:Building ROS package in '/home/karol/ITB/URO/KRAI/ros2_ws/src/cpp_parameters' with build type 'ament_cmake'
[0.236s] INFO:colcon.colcon_cmake.task.cmake.build:Building CMake package in '/home/karol/ITB/URO/KRAI/ros2_ws/src/cpp_parameters'
[0.238s] INFO:colcon.colcon_core.plugin_system:Skipping extension 'colcon_core.shell.bat': Not used on non-Windows systems
[0.238s] INFO:colcon.colcon_core.shell:Skip shell extension 'powershell' for command environment: Not usable outside of PowerShell
[0.238s] DEBUG:colcon.colcon_core.shell:Skip shell extension 'dsv' for command environment
[0.249s] DEBUG:colcon.colcon_core.event_handler.log_command:Invoking command in '/home/karol/ITB/URO/KRAI/ros2_ws/build/cpp_parameters': CMAKE_PREFIX_PATH=${CMAKE_PREFIX_PATH}:/opt/ros/humble /usr/bin/cmake --build /home/karol/ITB/URO/KRAI/ros2_ws/build/cpp_parameters -- -j22 -l22
[0.565s] DEBUG:colcon.colcon_core.event_handler.log_command:Invoked command in '/home/karol/ITB/URO/KRAI/ros2_ws/build/cpp_parameters' returned '0': CMAKE_PREFIX_PATH=${CMAKE_PREFIX_PATH}:/opt/ros/humble /usr/bin/cmake --build /home/karol/ITB/URO/KRAI/ros2_ws/build/cpp_parameters -- -j22 -l22
[0.578s] DEBUG:colcon.colcon_core.event_handler.log_command:Invoking command in '/home/karol/ITB/URO/KRAI/ros2_ws/build/cpp_parameters': CMAKE_PREFIX_PATH=${CMAKE_PREFIX_PATH}:/opt/ros/humble /usr/bin/cmake --install /home/karol/ITB/URO/KRAI/ros2_ws/build/cpp_parameters
[0.605s] Level 1:colcon.colcon_core.environment:create_environment_scripts_only(cpp_parameters)
[0.605s] DEBUG:colcon.colcon_core.event_handler.log_command:Invoked command in '/home/karol/ITB/URO/KRAI/ros2_ws/build/cpp_parameters' returned '0': CMAKE_PREFIX_PATH=${CMAKE_PREFIX_PATH}:/opt/ros/humble /usr/bin/cmake --install /home/karol/ITB/URO/KRAI/ros2_ws/build/cpp_parameters
[0.607s] Level 1:colcon.colcon_core.environment:checking '/home/karol/ITB/URO/KRAI/ros2_ws/install/cpp_parameters' for CMake module files
[0.607s] Level 1:colcon.colcon_core.environment:checking '/home/karol/ITB/URO/KRAI/ros2_ws/install/cpp_parameters' for CMake config files
[0.607s] Level 1:colcon.colcon_core.shell:create_environment_hook('cpp_parameters', 'cmake_prefix_path')
[0.607s] INFO:colcon.colcon_core.shell:Creating environment hook '/home/karol/ITB/URO/KRAI/ros2_ws/install/cpp_parameters/share/cpp_parameters/hook/cmake_prefix_path.ps1'
[0.608s] INFO:colcon.colcon_core.shell:Creating environment descriptor '/home/karol/ITB/URO/KRAI/ros2_ws/install/cpp_parameters/share/cpp_parameters/hook/cmake_prefix_path.dsv'
[0.608s] INFO:colcon.colcon_core.shell:Creating environment hook '/home/karol/ITB/URO/KRAI/ros2_ws/install/cpp_parameters/share/cpp_parameters/hook/cmake_prefix_path.sh'
[0.609s] Level 1:colcon.colcon_core.environment:checking '/home/karol/ITB/URO/KRAI/ros2_ws/install/cpp_parameters/lib'
[0.609s] Level 1:colcon.colcon_core.environment:checking '/home/karol/ITB/URO/KRAI/ros2_ws/install/cpp_parameters/bin'
[0.609s] Level 1:colcon.colcon_core.environment:checking '/home/karol/ITB/URO/KRAI/ros2_ws/install/cpp_parameters/lib/pkgconfig/cpp_parameters.pc'
[0.609s] Level 1:colcon.colcon_core.environment:checking '/home/karol/ITB/URO/KRAI/ros2_ws/install/cpp_parameters/lib/python3.10/site-packages'
[0.609s] Level 1:colcon.colcon_core.environment:checking '/home/karol/ITB/URO/KRAI/ros2_ws/install/cpp_parameters/bin'
[0.609s] INFO:colcon.colcon_core.shell:Creating package script '/home/karol/ITB/URO/KRAI/ros2_ws/install/cpp_parameters/share/cpp_parameters/package.ps1'
[0.610s] INFO:colcon.colcon_core.shell:Creating package descriptor '/home/karol/ITB/URO/KRAI/ros2_ws/install/cpp_parameters/share/cpp_parameters/package.dsv'
[0.610s] INFO:colcon.colcon_core.shell:Creating package script '/home/karol/ITB/URO/KRAI/ros2_ws/install/cpp_parameters/share/cpp_parameters/package.sh'
[0.610s] INFO:colcon.colcon_core.shell:Creating package script '/home/karol/ITB/URO/KRAI/ros2_ws/install/cpp_parameters/share/cpp_parameters/package.bash'
[0.611s] INFO:colcon.colcon_core.shell:Creating package script '/home/karol/ITB/URO/KRAI/ros2_ws/install/cpp_parameters/share/cpp_parameters/package.zsh'
[0.611s] Level 1:colcon.colcon_core.environment:create_file_with_runtime_dependencies(/home/karol/ITB/URO/KRAI/ros2_ws/install/cpp_parameters/share/colcon-core/packages/cpp_parameters)
[0.612s] Level 1:colcon.colcon_core.environment:create_environment_scripts_only(cpp_parameters)
[0.612s] Level 1:colcon.colcon_core.environment:checking '/home/karol/ITB/URO/KRAI/ros2_ws/install/cpp_parameters' for CMake module files
[0.612s] Level 1:colcon.colcon_core.environment:checking '/home/karol/ITB/URO/KRAI/ros2_ws/install/cpp_parameters' for CMake config files
[0.612s] Level 1:colcon.colcon_core.shell:create_environment_hook('cpp_parameters', 'cmake_prefix_path')
[0.612s] INFO:colcon.colcon_core.shell:Creating environment hook '/home/karol/ITB/URO/KRAI/ros2_ws/install/cpp_parameters/share/cpp_parameters/hook/cmake_prefix_path.ps1'
[0.612s] INFO:colcon.colcon_core.shell:Creating environment descriptor '/home/karol/ITB/URO/KRAI/ros2_ws/install/cpp_parameters/share/cpp_parameters/hook/cmake_prefix_path.dsv'
[0.613s] INFO:colcon.colcon_core.shell:Creating environment hook '/home/karol/ITB/URO/KRAI/ros2_ws/install/cpp_parameters/share/cpp_parameters/hook/cmake_prefix_path.sh'
[0.613s] Level 1:colcon.colcon_core.environment:checking '/home/karol/ITB/URO/KRAI/ros2_ws/install/cpp_parameters/lib'
[0.613s] Level 1:colcon.colcon_core.environment:checking '/home/karol/ITB/URO/KRAI/ros2_ws/install/cpp_parameters/bin'
[0.613s] Level 1:colcon.colcon_core.environment:checking '/home/karol/ITB/URO/KRAI/ros2_ws/install/cpp_parameters/lib/pkgconfig/cpp_parameters.pc'
[0.613s] Level 1:colcon.colcon_core.environment:checking '/home/karol/ITB/URO/KRAI/ros2_ws/install/cpp_parameters/lib/python3.10/site-packages'
[0.613s] Level 1:colcon.colcon_core.environment:checking '/home/karol/ITB/URO/KRAI/ros2_ws/install/cpp_parameters/bin'
[0.613s] INFO:colcon.colcon_core.shell:Creating package script '/home/karol/ITB/URO/KRAI/ros2_ws/install/cpp_parameters/share/cpp_parameters/package.ps1'
[0.614s] INFO:colcon.colcon_core.shell:Creating package descriptor '/home/karol/ITB/URO/KRAI/ros2_ws/install/cpp_parameters/share/cpp_parameters/package.dsv'
[0.614s] INFO:colcon.colcon_core.shell:Creating package script '/home/karol/ITB/URO/KRAI/ros2_ws/install/cpp_parameters/share/cpp_parameters/package.sh'
[0.614s] INFO:colcon.colcon_core.shell:Creating package script '/home/karol/ITB/URO/KRAI/ros2_ws/install/cpp_parameters/share/cpp_parameters/package.bash'
[0.614s] INFO:colcon.colcon_core.shell:Creating package script '/home/karol/ITB/URO/KRAI/ros2_ws/install/cpp_parameters/share/cpp_parameters/package.zsh'
[0.615s] Level 1:colcon.colcon_core.environment:create_file_with_runtime_dependencies(/home/karol/ITB/URO/KRAI/ros2_ws/install/cpp_parameters/share/colcon-core/packages/cpp_parameters)
[0.615s] DEBUG:colcon.colcon_parallel_executor.executor.parallel:closing loop
[0.615s] DEBUG:colcon.colcon_parallel_executor.executor.parallel:loop closed
[0.615s] DEBUG:colcon.colcon_parallel_executor.executor.parallel:run_until_complete finished with '0'
[0.615s] DEBUG:colcon.colcon_core.event_reactor:joining thread
[0.619s] INFO:colcon.colcon_core.plugin_system:Skipping extension 'colcon_notification.desktop_notification.terminal_notifier': Not used on non-Darwin systems
[0.619s] INFO:colcon.colcon_core.plugin_system:Skipping extension 'colcon_notification.desktop_notification.win32': Not used on non-Windows systems
[0.619s] INFO:colcon.colcon_notification.desktop_notification:Sending desktop notification using 'notify2'
[0.628s] DEBUG:colcon.colcon_core.event_reactor:joined thread
[0.628s] INFO:colcon.colcon_core.shell:Creating prefix script '/home/karol/ITB/URO/KRAI/ros2_ws/install/local_setup.ps1'
[0.629s] INFO:colcon.colcon_core.shell:Creating prefix util module '/home/karol/ITB/URO/KRAI/ros2_ws/install/_local_setup_util_ps1.py'
[0.630s] INFO:colcon.colcon_core.shell:Creating prefix chain script '/home/karol/ITB/URO/KRAI/ros2_ws/install/setup.ps1'
[0.631s] INFO:colcon.colcon_core.shell:Creating prefix script '/home/karol/ITB/URO/KRAI/ros2_ws/install/local_setup.sh'
[0.631s] INFO:colcon.colcon_core.shell:Creating prefix util module '/home/karol/ITB/URO/KRAI/ros2_ws/install/_local_setup_util_sh.py'
[0.632s] INFO:colcon.colcon_core.shell:Creating prefix chain script '/home/karol/ITB/URO/KRAI/ros2_ws/install/setup.sh'
[0.633s] INFO:colcon.colcon_core.shell:Creating prefix script '/home/karol/ITB/URO/KRAI/ros2_ws/install/local_setup.bash'
[0.633s] INFO:colcon.colcon_core.shell:Creating prefix chain script '/home/karol/ITB/URO/KRAI/ros2_ws/install/setup.bash'
[0.634s] INFO:colcon.colcon_core.shell:Creating prefix script '/home/karol/ITB/URO/KRAI/ros2_ws/install/local_setup.zsh'
[0.634s] INFO:colcon.colcon_core.shell:Creating prefix chain script '/home/karol/ITB/URO/KRAI/ros2_ws/install/setup.zsh'
