[0.022s] Invoking command in '/home/karol/ITB/URO/KRAI/ros2_ws/build/cpp_parameters': CMAKE_PREFIX_PATH=${CMAKE_PREFIX_PATH}:/home/karol/ITB/URO/KRAI/ros2_ws/install/launch_tutorial:/opt/ros/humble /usr/bin/cmake /home/karol/ITB/URO/KRAI/ros2_ws/src/cpp_parameters -DCMAKE_INSTALL_PREFIX=/home/karol/ITB/URO/KRAI/ros2_ws/install/cpp_parameters
[0.206s] -- The C compiler identification is GNU 11.4.0
[0.206s] -- The CXX compiler identification is GNU 11.4.0
[0.206s] -- Detecting C compiler ABI info
[0.206s] -- Detecting C compiler ABI info - done
[0.206s] -- Check for working C compiler: /usr/bin/cc - skipped
[0.206s] -- Detecting C compile features
[0.206s] -- Detecting C compile features - done
[0.206s] -- Detecting CXX compiler ABI info
[0.251s] -- Detecting CXX compiler ABI info - done
[0.258s] -- Check for working CXX compiler: /usr/bin/c++ - skipped
[0.258s] -- Detecting CXX compile features
[0.258s] -- Detecting CXX compile features - done
[0.261s] -- Found ament_cmake: 1.3.11 (/opt/ros/humble/share/ament_cmake/cmake)
[0.393s] -- Found Python3: /usr/bin/python3 (found version "3.10.12") found components: Interpreter 
[0.488s] -- Found rclcpp: 16.0.11 (/opt/ros/humble/share/rclcpp/cmake)
[0.557s] -- Found rosidl_generator_c: 3.1.6 (/opt/ros/humble/share/rosidl_generator_c/cmake)
[0.566s] -- Found rosidl_adapter: 3.1.6 (/opt/ros/humble/share/rosidl_adapter/cmake)
[0.578s] -- Found rosidl_generator_cpp: 3.1.6 (/opt/ros/humble/share/rosidl_generator_cpp/cmake)
[0.592s] -- Using all available rosidl_typesupport_c: rosidl_typesupport_fastrtps_c;rosidl_typesupport_introspection_c
[0.606s] -- Using all available rosidl_typesupport_cpp: rosidl_typesupport_fastrtps_cpp;rosidl_typesupport_introspection_cpp
[0.643s] -- Found rmw_implementation_cmake: 6.1.2 (/opt/ros/humble/share/rmw_implementation_cmake/cmake)
[0.646s] -- Found rmw_cyclonedds_cpp: 1.3.4 (/opt/ros/humble/share/rmw_cyclonedds_cpp/cmake)
[0.668s] -- Using RMW implementation 'rmw_cyclonedds_cpp' as default
[0.676s] -- Looking for pthread.h
[0.752s] -- Looking for pthread.h - found
[0.752s] -- Performing Test CMAKE_HAVE_LIBC_PTHREAD
[0.823s] -- Performing Test CMAKE_HAVE_LIBC_PTHREAD - Success
[0.824s] -- Found Threads: TRUE  
[0.870s] -- Found ament_lint_auto: 0.12.11 (/opt/ros/humble/share/ament_lint_auto/cmake)
[0.930s] -- Added test 'cppcheck' to perform static code analysis on C / C++ code
[0.930s] -- Configured cppcheck include dirs: 
[0.930s] -- Configured cppcheck exclude dirs and/or files: 
[0.930s] -- Added test 'flake8' to check Python code syntax and style conventions
[0.931s] -- Added test 'lint_cmake' to check CMake code style
[0.932s] -- Added test 'pep257' to check Python code against some of the docstring style conventions in PEP 257
[0.932s] -- Added test 'uncrustify' to check C / C++ code style
[0.932s] -- Configured uncrustify additional arguments: 
[0.933s] -- Added test 'xmllint' to check XML markup files
[0.934s] -- Configuring done
[0.939s] -- Generating done
[0.941s] -- Build files have been written to: /home/karol/ITB/URO/KRAI/ros2_ws/build/cpp_parameters
[0.950s] Invoked command in '/home/karol/ITB/URO/KRAI/ros2_ws/build/cpp_parameters' returned '0': CMAKE_PREFIX_PATH=${CMAKE_PREFIX_PATH}:/home/karol/ITB/URO/KRAI/ros2_ws/install/launch_tutorial:/opt/ros/humble /usr/bin/cmake /home/karol/ITB/URO/KRAI/ros2_ws/src/cpp_parameters -DCMAKE_INSTALL_PREFIX=/home/karol/ITB/URO/KRAI/ros2_ws/install/cpp_parameters
[0.950s] Invoking command in '/home/karol/ITB/URO/KRAI/ros2_ws/build/cpp_parameters': CMAKE_PREFIX_PATH=${CMAKE_PREFIX_PATH}:/home/karol/ITB/URO/KRAI/ros2_ws/install/launch_tutorial:/opt/ros/humble /usr/bin/cmake --build /home/karol/ITB/URO/KRAI/ros2_ws/build/cpp_parameters -- -j22 -l22
[1.002s] [ 50%] [32mBuilding CXX object CMakeFiles/minimal_param_node.dir/src/node_with_param.cpp.o[0m
[3.701s] [100%] [32m[1mLinking CXX executable minimal_param_node[0m
[3.817s] [100%] Built target minimal_param_node
[3.829s] Invoked command in '/home/karol/ITB/URO/KRAI/ros2_ws/build/cpp_parameters' returned '0': CMAKE_PREFIX_PATH=${CMAKE_PREFIX_PATH}:/home/karol/ITB/URO/KRAI/ros2_ws/install/launch_tutorial:/opt/ros/humble /usr/bin/cmake --build /home/karol/ITB/URO/KRAI/ros2_ws/build/cpp_parameters -- -j22 -l22
[3.831s] Invoking command in '/home/karol/ITB/URO/KRAI/ros2_ws/build/cpp_parameters': CMAKE_PREFIX_PATH=${CMAKE_PREFIX_PATH}:/home/karol/ITB/URO/KRAI/ros2_ws/install/launch_tutorial:/opt/ros/humble /usr/bin/cmake --install /home/karol/ITB/URO/KRAI/ros2_ws/build/cpp_parameters
[3.839s] -- Install configuration: ""
[3.839s] -- Installing: /home/karol/ITB/URO/KRAI/ros2_ws/install/cpp_parameters/lib/cpp_parameters/minimal_param_node
[3.839s] -- Set runtime path of "/home/karol/ITB/URO/KRAI/ros2_ws/install/cpp_parameters/lib/cpp_parameters/minimal_param_node" to ""
[3.839s] -- Installing: /home/karol/ITB/URO/KRAI/ros2_ws/install/cpp_parameters/share/cpp_parameters/launch
[3.839s] -- Installing: /home/karol/ITB/URO/KRAI/ros2_ws/install/cpp_parameters/share/cpp_parameters/launch/cpp_params_launch.py
[3.839s] -- Installing: /home/karol/ITB/URO/KRAI/ros2_ws/install/cpp_parameters/share/cpp_parameters/params
[3.839s] -- Installing: /home/karol/ITB/URO/KRAI/ros2_ws/install/cpp_parameters/share/cpp_parameters/params/minimal_param_node.yaml
[3.839s] -- Installing: /home/karol/ITB/URO/KRAI/ros2_ws/install/cpp_parameters/share/ament_index/resource_index/package_run_dependencies/cpp_parameters
[3.840s] -- Installing: /home/karol/ITB/URO/KRAI/ros2_ws/install/cpp_parameters/share/ament_index/resource_index/parent_prefix_path/cpp_parameters
[3.840s] -- Installing: /home/karol/ITB/URO/KRAI/ros2_ws/install/cpp_parameters/share/cpp_parameters/environment/ament_prefix_path.sh
[3.840s] -- Installing: /home/karol/ITB/URO/KRAI/ros2_ws/install/cpp_parameters/share/cpp_parameters/environment/ament_prefix_path.dsv
[3.840s] -- Installing: /home/karol/ITB/URO/KRAI/ros2_ws/install/cpp_parameters/share/cpp_parameters/environment/path.sh
[3.840s] -- Installing: /home/karol/ITB/URO/KRAI/ros2_ws/install/cpp_parameters/share/cpp_parameters/environment/path.dsv
[3.840s] -- Installing: /home/karol/ITB/URO/KRAI/ros2_ws/install/cpp_parameters/share/cpp_parameters/local_setup.bash
[3.840s] -- Installing: /home/karol/ITB/URO/KRAI/ros2_ws/install/cpp_parameters/share/cpp_parameters/local_setup.sh
[3.840s] -- Installing: /home/karol/ITB/URO/KRAI/ros2_ws/install/cpp_parameters/share/cpp_parameters/local_setup.zsh
[3.840s] -- Installing: /home/karol/ITB/URO/KRAI/ros2_ws/install/cpp_parameters/share/cpp_parameters/local_setup.dsv
[3.840s] -- Installing: /home/karol/ITB/URO/KRAI/ros2_ws/install/cpp_parameters/share/cpp_parameters/package.dsv
[3.840s] -- Installing: /home/karol/ITB/URO/KRAI/ros2_ws/install/cpp_parameters/share/ament_index/resource_index/packages/cpp_parameters
[3.840s] -- Installing: /home/karol/ITB/URO/KRAI/ros2_ws/install/cpp_parameters/share/cpp_parameters/cmake/cpp_parametersConfig.cmake
[3.840s] -- Installing: /home/karol/ITB/URO/KRAI/ros2_ws/install/cpp_parameters/share/cpp_parameters/cmake/cpp_parametersConfig-version.cmake
[3.841s] -- Installing: /home/karol/ITB/URO/KRAI/ros2_ws/install/cpp_parameters/share/cpp_parameters/package.xml
[3.842s] Invoked command in '/home/karol/ITB/URO/KRAI/ros2_ws/build/cpp_parameters' returned '0': CMAKE_PREFIX_PATH=${CMAKE_PREFIX_PATH}:/home/karol/ITB/URO/KRAI/ros2_ws/install/launch_tutorial:/opt/ros/humble /usr/bin/cmake --install /home/karol/ITB/URO/KRAI/ros2_ws/build/cpp_parameters
