running develop
running egg_info
creating learning_tf2_py.egg-info
writing learning_tf2_py.egg-info/PKG-INFO
writing dependency_links to learning_tf2_py.egg-info/dependency_links.txt
writing entry points to learning_tf2_py.egg-info/entry_points.txt
writing requirements to learning_tf2_py.egg-info/requires.txt
writing top-level names to learning_tf2_py.egg-info/top_level.txt
writing manifest file 'learning_tf2_py.egg-info/SOURCES.txt'
reading manifest file 'learning_tf2_py.egg-info/SOURCES.txt'
writing manifest file 'learning_tf2_py.egg-info/SOURCES.txt'
running build_ext
Creating /home/karol/ITB/URO/KRAI/ros2_ws/install/learning_tf2_py/lib/python3.10/site-packages/learning-tf2-py.egg-link (link to .)
Installing dynamic_frame_tf2_broadcaster script to /home/karol/ITB/URO/KRAI/ros2_ws/install/learning_tf2_py/lib/learning_tf2_py
Installing fixed_frame_tf2_broadcaster script to /home/karol/ITB/URO/KRAI/ros2_ws/install/learning_tf2_py/lib/learning_tf2_py
Installing static_turtle_tf2_broadcaster script to /home/karol/ITB/URO/KRAI/ros2_ws/install/learning_tf2_py/lib/learning_tf2_py
Installing turtle_tf2_broadcaster script to /home/karol/ITB/URO/KRAI/ros2_ws/install/learning_tf2_py/lib/learning_tf2_py
Installing turtle_tf2_listener script to /home/karol/ITB/URO/KRAI/ros2_ws/install/learning_tf2_py/lib/learning_tf2_py

Installed /home/karol/ITB/URO/KRAI/ros2_ws/build/learning_tf2_py
running symlink_data
creating /home/karol/ITB/URO/KRAI/ros2_ws/install/learning_tf2_py/share/ament_index
creating /home/karol/ITB/URO/KRAI/ros2_ws/install/learning_tf2_py/share/ament_index/resource_index
creating /home/karol/ITB/URO/KRAI/ros2_ws/install/learning_tf2_py/share/ament_index/resource_index/packages
symbolically linking /home/karol/ITB/URO/KRAI/ros2_ws/build/learning_tf2_py/resource/learning_tf2_py -> /home/karol/ITB/URO/KRAI/ros2_ws/install/learning_tf2_py/share/ament_index/resource_index/packages
symbolically linking /home/karol/ITB/URO/KRAI/ros2_ws/build/learning_tf2_py/package.xml -> /home/karol/ITB/URO/KRAI/ros2_ws/install/learning_tf2_py/share/learning_tf2_py
creating /home/karol/ITB/URO/KRAI/ros2_ws/install/learning_tf2_py/share/learning_tf2_py/launch
symbolically linking /home/karol/ITB/URO/KRAI/ros2_ws/build/learning_tf2_py/launch/turtle_tf2_fixed_frame_demo.launch.py -> /home/karol/ITB/URO/KRAI/ros2_ws/install/learning_tf2_py/share/learning_tf2_py/launch
symbolically linking /home/karol/ITB/URO/KRAI/ros2_ws/build/learning_tf2_py/launch/turtle_tf2_dynamic_frame_demo.launch.py -> /home/karol/ITB/URO/KRAI/ros2_ws/install/learning_tf2_py/share/learning_tf2_py/launch
symbolically linking /home/karol/ITB/URO/KRAI/ros2_ws/build/learning_tf2_py/launch/static_transform_publisher.launch.py -> /home/karol/ITB/URO/KRAI/ros2_ws/install/learning_tf2_py/share/learning_tf2_py/launch
symbolically linking /home/karol/ITB/URO/KRAI/ros2_ws/build/learning_tf2_py/launch/turtle_tf2_demo.launch.py -> /home/karol/ITB/URO/KRAI/ros2_ws/install/learning_tf2_py/share/learning_tf2_py/launch
