[0.056s] DEBUG:colcon:Command line arguments: ['/usr/bin/colcon', 'build', '--packages-select', 'cpp_pubsub']
[0.056s] DEBUG:colcon:Parsed command line arguments: Namespace(log_base=None, log_level=None, verb_name='build', build_base='build', install_base='install', merge_install=False, symlink_install=False, test_result_base=None, continue_on_error=False, executor='parallel', parallel_workers=22, event_handlers=None, ignore_user_meta=False, metas=['./colcon.meta'], base_paths=['.'], packages_ignore=None, packages_ignore_regex=None, paths=None, packages_up_to=None, packages_up_to_regex=None, packages_above=None, packages_above_and_dependencies=None, packages_above_depth=None, packages_select_by_dep=None, packages_skip_by_dep=None, packages_skip_up_to=None, packages_select_build_failed=False, packages_skip_build_finished=False, packages_select_test_failures=False, packages_skip_test_passed=False, packages_select=['cpp_pubsub'], packages_skip=None, packages_select_regex=None, packages_skip_regex=None, packages_start=None, packages_end=None, allow_overriding=[], cmake_args=None, cmake_target=None, cmake_target_skip_unavailable=False, cmake_clean_cache=False, cmake_clean_first=False, cmake_force_configure=False, ament_cmake_args=None, catkin_cmake_args=None, catkin_skip_building_tests=False, verb_parser=<colcon_defaults.argument_parser.defaults.DefaultArgumentsDecorator object at 0x7e23e5c3d600>, verb_extension=<colcon_core.verb.build.BuildVerb object at 0x7e23e5c3d0c0>, main=<bound method BuildVerb.main of <colcon_core.verb.build.BuildVerb object at 0x7e23e5c3d0c0>>)
[0.154s] Level 1:colcon.colcon_core.package_discovery:discover_packages(colcon_meta) check parameters
[0.154s] Level 1:colcon.colcon_core.package_discovery:discover_packages(recursive) check parameters
[0.154s] Level 1:colcon.colcon_core.package_discovery:discover_packages(ignore) check parameters
[0.154s] Level 1:colcon.colcon_core.package_discovery:discover_packages(path) check parameters
[0.154s] Level 1:colcon.colcon_core.package_discovery:discover_packages(colcon_meta) discover
[0.154s] Level 1:colcon.colcon_core.package_discovery:discover_packages(recursive) discover
[0.154s] INFO:colcon.colcon_core.package_discovery:Crawling recursively for packages in '/home/karol/ITB/URO/KRAI/ros2_ws/src'
[0.154s] Level 1:colcon.colcon_core.package_identification:_identify(.) by extensions ['ignore', 'ignore_ament_install']
[0.154s] Level 1:colcon.colcon_core.package_identification:_identify(.) by extension 'ignore'
[0.154s] Level 1:colcon.colcon_core.package_identification:_identify(.) by extension 'ignore_ament_install'
[0.154s] Level 1:colcon.colcon_core.package_identification:_identify(.) by extensions ['colcon_pkg']
[0.154s] Level 1:colcon.colcon_core.package_identification:_identify(.) by extension 'colcon_pkg'
[0.154s] Level 1:colcon.colcon_core.package_identification:_identify(.) by extensions ['colcon_meta']
[0.154s] Level 1:colcon.colcon_core.package_identification:_identify(.) by extension 'colcon_meta'
[0.154s] Level 1:colcon.colcon_core.package_identification:_identify(.) by extensions ['ros']
[0.154s] Level 1:colcon.colcon_core.package_identification:_identify(.) by extension 'ros'
[0.160s] Level 1:colcon.colcon_core.package_identification:_identify(.) by extensions ['cmake', 'python']
[0.160s] Level 1:colcon.colcon_core.package_identification:_identify(.) by extension 'cmake'
[0.160s] Level 1:colcon.colcon_core.package_identification:_identify(.) by extension 'python'
[0.160s] Level 1:colcon.colcon_core.package_identification:_identify(.) by extensions ['python_setup_py']
[0.160s] Level 1:colcon.colcon_core.package_identification:_identify(.) by extension 'python_setup_py'
[0.160s] Level 1:colcon.colcon_core.package_identification:_identify(build) by extensions ['ignore', 'ignore_ament_install']
[0.160s] Level 1:colcon.colcon_core.package_identification:_identify(build) by extension 'ignore'
[0.160s] Level 1:colcon.colcon_core.package_identification:_identify(build) ignored
[0.160s] Level 1:colcon.colcon_core.package_identification:_identify(install) by extensions ['ignore', 'ignore_ament_install']
[0.161s] Level 1:colcon.colcon_core.package_identification:_identify(install) by extension 'ignore'
[0.161s] Level 1:colcon.colcon_core.package_identification:_identify(install) ignored
[0.161s] Level 1:colcon.colcon_core.package_identification:_identify(learn_simulation) by extensions ['ignore', 'ignore_ament_install']
[0.161s] Level 1:colcon.colcon_core.package_identification:_identify(learn_simulation) by extension 'ignore'
[0.161s] Level 1:colcon.colcon_core.package_identification:_identify(learn_simulation) by extension 'ignore_ament_install'
[0.161s] Level 1:colcon.colcon_core.package_identification:_identify(learn_simulation) by extensions ['colcon_pkg']
[0.161s] Level 1:colcon.colcon_core.package_identification:_identify(learn_simulation) by extension 'colcon_pkg'
[0.161s] Level 1:colcon.colcon_core.package_identification:_identify(learn_simulation) by extensions ['colcon_meta']
[0.161s] Level 1:colcon.colcon_core.package_identification:_identify(learn_simulation) by extension 'colcon_meta'
[0.161s] Level 1:colcon.colcon_core.package_identification:_identify(learn_simulation) by extensions ['ros']
[0.161s] Level 1:colcon.colcon_core.package_identification:_identify(learn_simulation) by extension 'ros'
[0.161s] Level 1:colcon.colcon_core.package_identification:_identify(learn_simulation) by extensions ['cmake', 'python']
[0.161s] Level 1:colcon.colcon_core.package_identification:_identify(learn_simulation) by extension 'cmake'
[0.161s] Level 1:colcon.colcon_core.package_identification:_identify(learn_simulation) by extension 'python'
[0.161s] Level 1:colcon.colcon_core.package_identification:_identify(learn_simulation) by extensions ['python_setup_py']
[0.161s] Level 1:colcon.colcon_core.package_identification:_identify(learn_simulation) by extension 'python_setup_py'
[0.161s] Level 1:colcon.colcon_core.package_identification:_identify(learn_simulation/cpp_srvcli) by extensions ['ignore', 'ignore_ament_install']
[0.161s] Level 1:colcon.colcon_core.package_identification:_identify(learn_simulation/cpp_srvcli) by extension 'ignore'
[0.161s] Level 1:colcon.colcon_core.package_identification:_identify(learn_simulation/cpp_srvcli) by extension 'ignore_ament_install'
[0.161s] Level 1:colcon.colcon_core.package_identification:_identify(learn_simulation/cpp_srvcli) by extensions ['colcon_pkg']
[0.161s] Level 1:colcon.colcon_core.package_identification:_identify(learn_simulation/cpp_srvcli) by extension 'colcon_pkg'
[0.161s] Level 1:colcon.colcon_core.package_identification:_identify(learn_simulation/cpp_srvcli) by extensions ['colcon_meta']
[0.161s] Level 1:colcon.colcon_core.package_identification:_identify(learn_simulation/cpp_srvcli) by extension 'colcon_meta'
[0.161s] Level 1:colcon.colcon_core.package_identification:_identify(learn_simulation/cpp_srvcli) by extensions ['ros']
[0.161s] Level 1:colcon.colcon_core.package_identification:_identify(learn_simulation/cpp_srvcli) by extension 'ros'
[0.163s] DEBUG:colcon.colcon_core.package_identification:Package 'learn_simulation/cpp_srvcli' with type 'ros.ament_cmake' and name 'cpp_srvcli'
[0.163s] Level 1:colcon.colcon_core.package_identification:_identify(learn_simulation/package1) by extensions ['ignore', 'ignore_ament_install']
[0.163s] Level 1:colcon.colcon_core.package_identification:_identify(learn_simulation/package1) by extension 'ignore'
[0.163s] Level 1:colcon.colcon_core.package_identification:_identify(learn_simulation/package1) by extension 'ignore_ament_install'
[0.163s] Level 1:colcon.colcon_core.package_identification:_identify(learn_simulation/package1) by extensions ['colcon_pkg']
[0.163s] Level 1:colcon.colcon_core.package_identification:_identify(learn_simulation/package1) by extension 'colcon_pkg'
[0.163s] Level 1:colcon.colcon_core.package_identification:_identify(learn_simulation/package1) by extensions ['colcon_meta']
[0.163s] Level 1:colcon.colcon_core.package_identification:_identify(learn_simulation/package1) by extension 'colcon_meta'
[0.163s] Level 1:colcon.colcon_core.package_identification:_identify(learn_simulation/package1) by extensions ['ros']
[0.163s] Level 1:colcon.colcon_core.package_identification:_identify(learn_simulation/package1) by extension 'ros'
[0.163s] DEBUG:colcon.colcon_core.package_identification:Package 'learn_simulation/package1' with type 'ros.ament_cmake' and name 'package1'
[0.163s] Level 1:colcon.colcon_core.package_identification:_identify(learn_simulation/urdf_tutorial) by extensions ['ignore', 'ignore_ament_install']
[0.164s] Level 1:colcon.colcon_core.package_identification:_identify(learn_simulation/urdf_tutorial) by extension 'ignore'
[0.164s] Level 1:colcon.colcon_core.package_identification:_identify(learn_simulation/urdf_tutorial) by extension 'ignore_ament_install'
[0.164s] Level 1:colcon.colcon_core.package_identification:_identify(learn_simulation/urdf_tutorial) by extensions ['colcon_pkg']
[0.164s] Level 1:colcon.colcon_core.package_identification:_identify(learn_simulation/urdf_tutorial) by extension 'colcon_pkg'
[0.164s] Level 1:colcon.colcon_core.package_identification:_identify(learn_simulation/urdf_tutorial) by extensions ['colcon_meta']
[0.164s] Level 1:colcon.colcon_core.package_identification:_identify(learn_simulation/urdf_tutorial) by extension 'colcon_meta'
[0.164s] Level 1:colcon.colcon_core.package_identification:_identify(learn_simulation/urdf_tutorial) by extensions ['ros']
[0.164s] Level 1:colcon.colcon_core.package_identification:_identify(learn_simulation/urdf_tutorial) by extension 'ros'
[0.164s] DEBUG:colcon.colcon_core.package_identification:Package 'learn_simulation/urdf_tutorial' with type 'ros.ament_cmake' and name 'urdf_tutorial'
[0.164s] Level 1:colcon.colcon_core.package_identification:_identify(log) by extensions ['ignore', 'ignore_ament_install']
[0.164s] Level 1:colcon.colcon_core.package_identification:_identify(log) by extension 'ignore'
[0.164s] Level 1:colcon.colcon_core.package_identification:_identify(log) ignored
[0.164s] Level 1:colcon.colcon_core.package_identification:_identify(nebula_simulation) by extensions ['ignore', 'ignore_ament_install']
[0.164s] Level 1:colcon.colcon_core.package_identification:_identify(nebula_simulation) by extension 'ignore'
[0.164s] Level 1:colcon.colcon_core.package_identification:_identify(nebula_simulation) by extension 'ignore_ament_install'
[0.164s] Level 1:colcon.colcon_core.package_identification:_identify(nebula_simulation) by extensions ['colcon_pkg']
[0.164s] Level 1:colcon.colcon_core.package_identification:_identify(nebula_simulation) by extension 'colcon_pkg'
[0.164s] Level 1:colcon.colcon_core.package_identification:_identify(nebula_simulation) by extensions ['colcon_meta']
[0.164s] Level 1:colcon.colcon_core.package_identification:_identify(nebula_simulation) by extension 'colcon_meta'
[0.164s] Level 1:colcon.colcon_core.package_identification:_identify(nebula_simulation) by extensions ['ros']
[0.164s] Level 1:colcon.colcon_core.package_identification:_identify(nebula_simulation) by extension 'ros'
[0.164s] Level 1:colcon.colcon_core.package_identification:_identify(nebula_simulation) by extensions ['cmake', 'python']
[0.164s] Level 1:colcon.colcon_core.package_identification:_identify(nebula_simulation) by extension 'cmake'
[0.164s] Level 1:colcon.colcon_core.package_identification:_identify(nebula_simulation) by extension 'python'
[0.164s] Level 1:colcon.colcon_core.package_identification:_identify(nebula_simulation) by extensions ['python_setup_py']
[0.164s] Level 1:colcon.colcon_core.package_identification:_identify(nebula_simulation) by extension 'python_setup_py'
[0.164s] Level 1:colcon.colcon_core.package_identification:_identify(simulation_testing) by extensions ['ignore', 'ignore_ament_install']
[0.164s] Level 1:colcon.colcon_core.package_identification:_identify(simulation_testing) by extension 'ignore'
[0.164s] Level 1:colcon.colcon_core.package_identification:_identify(simulation_testing) by extension 'ignore_ament_install'
[0.164s] Level 1:colcon.colcon_core.package_identification:_identify(simulation_testing) by extensions ['colcon_pkg']
[0.165s] Level 1:colcon.colcon_core.package_identification:_identify(simulation_testing) by extension 'colcon_pkg'
[0.165s] Level 1:colcon.colcon_core.package_identification:_identify(simulation_testing) by extensions ['colcon_meta']
[0.165s] Level 1:colcon.colcon_core.package_identification:_identify(simulation_testing) by extension 'colcon_meta'
[0.165s] Level 1:colcon.colcon_core.package_identification:_identify(simulation_testing) by extensions ['ros']
[0.165s] Level 1:colcon.colcon_core.package_identification:_identify(simulation_testing) by extension 'ros'
[0.165s] Level 1:colcon.colcon_core.package_identification:_identify(simulation_testing) by extensions ['cmake', 'python']
[0.165s] Level 1:colcon.colcon_core.package_identification:_identify(simulation_testing) by extension 'cmake'
[0.165s] Level 1:colcon.colcon_core.package_identification:_identify(simulation_testing) by extension 'python'
[0.165s] Level 1:colcon.colcon_core.package_identification:_identify(simulation_testing) by extensions ['python_setup_py']
[0.165s] Level 1:colcon.colcon_core.package_identification:_identify(simulation_testing) by extension 'python_setup_py'
[0.165s] Level 1:colcon.colcon_core.package_identification:_identify(simulation_testing/lumina_simulation) by extensions ['ignore', 'ignore_ament_install']
[0.165s] Level 1:colcon.colcon_core.package_identification:_identify(simulation_testing/lumina_simulation) by extension 'ignore'
[0.165s] Level 1:colcon.colcon_core.package_identification:_identify(simulation_testing/lumina_simulation) by extension 'ignore_ament_install'
[0.165s] Level 1:colcon.colcon_core.package_identification:_identify(simulation_testing/lumina_simulation) by extensions ['colcon_pkg']
[0.165s] Level 1:colcon.colcon_core.package_identification:_identify(simulation_testing/lumina_simulation) by extension 'colcon_pkg'
[0.165s] Level 1:colcon.colcon_core.package_identification:_identify(simulation_testing/lumina_simulation) by extensions ['colcon_meta']
[0.165s] Level 1:colcon.colcon_core.package_identification:_identify(simulation_testing/lumina_simulation) by extension 'colcon_meta'
[0.165s] Level 1:colcon.colcon_core.package_identification:_identify(simulation_testing/lumina_simulation) by extensions ['ros']
[0.165s] Level 1:colcon.colcon_core.package_identification:_identify(simulation_testing/lumina_simulation) by extension 'ros'
[0.165s] DEBUG:colcon.colcon_core.package_identification:Package 'simulation_testing/lumina_simulation' with type 'ros.ament_cmake' and name 'lumina_simulation'
[0.165s] Level 1:colcon.colcon_core.package_identification:_identify(tutorial_interfaces) by extensions ['ignore', 'ignore_ament_install']
[0.165s] Level 1:colcon.colcon_core.package_identification:_identify(tutorial_interfaces) by extension 'ignore'
[0.165s] Level 1:colcon.colcon_core.package_identification:_identify(tutorial_interfaces) by extension 'ignore_ament_install'
[0.165s] Level 1:colcon.colcon_core.package_identification:_identify(tutorial_interfaces) by extensions ['colcon_pkg']
[0.165s] Level 1:colcon.colcon_core.package_identification:_identify(tutorial_interfaces) by extension 'colcon_pkg'
[0.165s] Level 1:colcon.colcon_core.package_identification:_identify(tutorial_interfaces) by extensions ['colcon_meta']
[0.165s] Level 1:colcon.colcon_core.package_identification:_identify(tutorial_interfaces) by extension 'colcon_meta'
[0.165s] Level 1:colcon.colcon_core.package_identification:_identify(tutorial_interfaces) by extensions ['ros']
[0.165s] Level 1:colcon.colcon_core.package_identification:_identify(tutorial_interfaces) by extension 'ros'
[0.170s] DEBUG:colcon.colcon_core.package_identification:Found ROS schema reference in package manifest in 'tutorial_interfaces'
[0.171s] WARNING:colcon.colcon_core.package_identification:Failed to parse ROS package manifest in 'tutorial_interfaces': Error(s) in package 'tutorial_interfaces/package.xml':
The package "tutorial_interfaces" must not "build_depend" on a package with the same name as this package
The package "tutorial_interfaces" must not "build_export_depend" on a package with the same name as this package
The package "tutorial_interfaces" must not "exec_depend" on a package with the same name as this package
[0.171s] Level 1:colcon.colcon_core.package_identification:_identify(tutorial_interfaces) by extensions ['cmake', 'python']
[0.171s] Level 1:colcon.colcon_core.package_identification:_identify(tutorial_interfaces) by extension 'cmake'
[0.187s] Level 1:colcon.colcon_core.package_identification:_identify(tutorial_interfaces) by extension 'python'
[0.188s] DEBUG:colcon.colcon_core.package_identification:Package 'tutorial_interfaces' with type 'cmake' and name 'tutorial_interfaces'
[0.188s] Level 1:colcon.colcon_core.package_discovery:discover_packages(recursive) using defaults
[0.188s] Level 1:colcon.colcon_core.package_discovery:discover_packages(ignore) discover
[0.188s] Level 1:colcon.colcon_core.package_discovery:discover_packages(ignore) using defaults
[0.188s] Level 1:colcon.colcon_core.package_discovery:discover_packages(path) discover
[0.188s] Level 1:colcon.colcon_core.package_discovery:discover_packages(path) using defaults
[0.188s] WARNING:colcon.colcon_core.package_selection:ignoring unknown package 'cpp_pubsub' in --packages-select
[0.200s] INFO:colcon.colcon_core.package_selection:Skipping not selected package 'cpp_srvcli' in 'learn_simulation/cpp_srvcli'
[0.200s] INFO:colcon.colcon_core.package_selection:Skipping not selected package 'lumina_simulation' in 'simulation_testing/lumina_simulation'
[0.200s] INFO:colcon.colcon_core.package_selection:Skipping not selected package 'package1' in 'learn_simulation/package1'
[0.200s] INFO:colcon.colcon_core.package_selection:Skipping not selected package 'tutorial_interfaces' in 'tutorial_interfaces'
[0.200s] INFO:colcon.colcon_core.package_selection:Skipping not selected package 'urdf_tutorial' in 'learn_simulation/urdf_tutorial'
[0.200s] Level 1:colcon.colcon_core.package_discovery:discover_packages(prefix_path) check parameters
[0.200s] Level 1:colcon.colcon_core.package_discovery:discover_packages(prefix_path) discover
[0.201s] DEBUG:colcon.colcon_installed_package_information.package_discovery:Found 1 installed packages in /home/karol/ITB/URO/KRAI/ros2_ws/src/tutorial_interfaces/install
[0.201s] DEBUG:colcon.colcon_installed_package_information.package_discovery:Found 4 installed packages in /home/karol/turtlebot3_ws/install
[0.201s] DEBUG:colcon.colcon_installed_package_information.package_discovery:Found 1 installed packages in /home/karol/ITB/URO/KRAI/ros2_learn/urdf_example/install
[0.202s] DEBUG:colcon.colcon_installed_package_information.package_discovery:Found 10 installed packages in /home/karol/ITB/URO/KRAI/nebula/nebula-ws/install
[0.202s] DEBUG:colcon.colcon_installed_package_information.package_discovery:Found 336 installed packages in /opt/ros/humble
[0.203s] Level 1:colcon.colcon_core.package_discovery:discover_packages(prefix_path) using defaults
[0.227s] INFO:colcon.colcon_core.executor:Executing jobs using 'parallel' executor
[0.228s] DEBUG:colcon.colcon_parallel_executor.executor.parallel:run_until_complete
[0.228s] DEBUG:colcon.colcon_parallel_executor.executor.parallel:closing loop
[0.228s] DEBUG:colcon.colcon_parallel_executor.executor.parallel:loop closed
[0.228s] DEBUG:colcon.colcon_parallel_executor.executor.parallel:run_until_complete finished with '0'
[0.228s] DEBUG:colcon.colcon_core.event_reactor:joining thread
[0.231s] INFO:colcon.colcon_core.plugin_system:Skipping extension 'colcon_notification.desktop_notification.terminal_notifier': Not used on non-Darwin systems
[0.231s] INFO:colcon.colcon_core.plugin_system:Skipping extension 'colcon_notification.desktop_notification.win32': Not used on non-Windows systems
[0.231s] INFO:colcon.colcon_notification.desktop_notification:Sending desktop notification using 'notify2'
[0.244s] DEBUG:colcon.colcon_core.event_reactor:joined thread
[0.245s] INFO:colcon.colcon_core.plugin_system:Skipping extension 'colcon_core.shell.bat': Not used on non-Windows systems
[0.245s] INFO:colcon.colcon_core.shell:Creating prefix script '/home/karol/ITB/URO/KRAI/ros2_ws/src/install/local_setup.ps1'
[0.246s] INFO:colcon.colcon_core.shell:Creating prefix util module '/home/karol/ITB/URO/KRAI/ros2_ws/src/install/_local_setup_util_ps1.py'
[0.246s] INFO:colcon.colcon_core.shell:Creating prefix chain script '/home/karol/ITB/URO/KRAI/ros2_ws/src/install/setup.ps1'
[0.247s] INFO:colcon.colcon_core.shell:Creating prefix script '/home/karol/ITB/URO/KRAI/ros2_ws/src/install/local_setup.sh'
[0.248s] INFO:colcon.colcon_core.shell:Creating prefix util module '/home/karol/ITB/URO/KRAI/ros2_ws/src/install/_local_setup_util_sh.py'
[0.248s] INFO:colcon.colcon_core.shell:Creating prefix chain script '/home/karol/ITB/URO/KRAI/ros2_ws/src/install/setup.sh'
[0.249s] INFO:colcon.colcon_core.shell:Creating prefix script '/home/karol/ITB/URO/KRAI/ros2_ws/src/install/local_setup.bash'
[0.249s] INFO:colcon.colcon_core.shell:Creating prefix chain script '/home/karol/ITB/URO/KRAI/ros2_ws/src/install/setup.bash'
[0.250s] INFO:colcon.colcon_core.shell:Creating prefix script '/home/karol/ITB/URO/KRAI/ros2_ws/src/install/local_setup.zsh'
[0.250s] INFO:colcon.colcon_core.shell:Creating prefix chain script '/home/karol/ITB/URO/KRAI/ros2_ws/src/install/setup.zsh'
