[0.954s] Invoking command in '/home/karol/ITB/URO/KRAI/ros2_ws/build/launch_tutorial': PYTHONPATH=/home/karol/ITB/URO/KRAI/ros2_ws/build/launch_tutorial/prefix_override:/usr/lib/python3/dist-packages/colcon_core/task/python/colcon_distutils_commands:/home/karol/ITB/URO/KRAI/ros2_ws/install/launch_tutorial/lib/python3.10/site-packages:${PYTHONPATH} /usr/bin/python3 -W ignore:setup.py install is deprecated -W ignore:easy_install command is deprecated setup.py develop --editable --build-directory /home/karol/ITB/URO/KRAI/ros2_ws/build/launch_tutorial/build --no-deps symlink_data
[1.163s] running develop
[1.274s] running egg_info
[1.274s] creating launch_tutorial.egg-info
[1.275s] writing launch_tutorial.egg-info/PKG-INFO
[1.275s] writing dependency_links to launch_tutorial.egg-info/dependency_links.txt
[1.275s] writing entry points to launch_tutorial.egg-info/entry_points.txt
[1.275s] writing requirements to launch_tutorial.egg-info/requires.txt
[1.275s] writing top-level names to launch_tutorial.egg-info/top_level.txt
[1.275s] writing manifest file 'launch_tutorial.egg-info/SOURCES.txt'
[1.276s] reading manifest file 'launch_tutorial.egg-info/SOURCES.txt'
[1.276s] writing manifest file 'launch_tutorial.egg-info/SOURCES.txt'
[1.278s] running build_ext
[1.278s] Creating /home/karol/ITB/URO/KRAI/ros2_ws/install/launch_tutorial/lib/python3.10/site-packages/launch-tutorial.egg-link (link to .)
[1.278s] 
[1.278s] Installed /home/karol/ITB/URO/KRAI/ros2_ws/build/launch_tutorial
[1.279s] running symlink_data
[1.279s] creating /home/karol/ITB/URO/KRAI/ros2_ws/install/launch_tutorial/share/ament_index
[1.279s] creating /home/karol/ITB/URO/KRAI/ros2_ws/install/launch_tutorial/share/ament_index/resource_index
[1.279s] creating /home/karol/ITB/URO/KRAI/ros2_ws/install/launch_tutorial/share/ament_index/resource_index/packages
[1.279s] symbolically linking /home/karol/ITB/URO/KRAI/ros2_ws/build/launch_tutorial/resource/launch_tutorial -> /home/karol/ITB/URO/KRAI/ros2_ws/install/launch_tutorial/share/ament_index/resource_index/packages
[1.279s] symbolically linking /home/karol/ITB/URO/KRAI/ros2_ws/build/launch_tutorial/package.xml -> /home/karol/ITB/URO/KRAI/ros2_ws/install/launch_tutorial/share/launch_tutorial
[1.279s] creating /home/karol/ITB/URO/KRAI/ros2_ws/install/launch_tutorial/share/launch_tutorial/launch
[1.279s] symbolically linking /home/karol/ITB/URO/KRAI/ros2_ws/build/launch_tutorial/launch/example_event_handlers.launch.py -> /home/karol/ITB/URO/KRAI/ros2_ws/install/launch_tutorial/share/launch_tutorial/launch
[1.309s] Invoked command in '/home/karol/ITB/URO/KRAI/ros2_ws/build/launch_tutorial' returned '0': PYTHONPATH=/home/karol/ITB/URO/KRAI/ros2_ws/build/launch_tutorial/prefix_override:/usr/lib/python3/dist-packages/colcon_core/task/python/colcon_distutils_commands:/home/karol/ITB/URO/KRAI/ros2_ws/install/launch_tutorial/lib/python3.10/site-packages:${PYTHONPATH} /usr/bin/python3 -W ignore:setup.py install is deprecated -W ignore:easy_install command is deprecated setup.py develop --editable --build-directory /home/karol/ITB/URO/KRAI/ros2_ws/build/launch_tutorial/build --no-deps symlink_data
