[0.009s] Invoking command in '/home/karol/ITB/URO/KRAI/ros2_ws/build/action_tutorials_interfaces': CMAKE_PREFIX_PATH=${CMAKE_PREFIX_PATH}:/opt/ros/humble /usr/bin/cmake --build /home/karol/ITB/URO/KRAI/ros2_ws/build/action_tutorials_interfaces -- -j22 -l22
[0.032s] -- Found ament_cmake: 1.3.11 (/opt/ros/humble/share/ament_cmake/cmake)
[0.114s] -- Found rosidl_default_generators: 1.2.0 (/opt/ros/humble/share/rosidl_default_generators/cmake)
[0.117s] -- Using all available rosidl_typesupport_c: rosidl_typesupport_fastrtps_c;rosidl_typesupport_introspection_c
[0.118s] -- Found rosidl_adapter: 3.1.6 (/opt/ros/humble/share/rosidl_adapter/cmake)
[0.135s] -- Using all available rosidl_typesupport_cpp: rosidl_typesupport_fastrtps_cpp;rosidl_typesupport_introspection_cpp
[0.341s] -- Found ament_cmake_ros: 0.10.0 (/opt/ros/humble/share/ament_cmake_ros/cmake)
[0.474s] -- Using all available rosidl_typesupport_c: rosidl_typesupport_fastrtps_c;rosidl_typesupport_introspection_c
[0.632s] -- Using all available rosidl_typesupport_cpp: rosidl_typesupport_fastrtps_cpp;rosidl_typesupport_introspection_cpp
[0.648s] -- Found python_cmake_module: 0.10.0 (/opt/ros/humble/share/python_cmake_module/cmake)
[0.665s] -- Using PYTHON_EXECUTABLE: /usr/bin/python3
[0.665s] -- Using PYTHON_INCLUDE_DIRS: /usr/include/python3.10
[0.665s] -- Using PYTHON_LIBRARIES: /usr/lib/x86_64-linux-gnu/libpython3.10.so
[0.681s] -- Found ament_lint_auto: 0.12.11 (/opt/ros/humble/share/ament_lint_auto/cmake)
[0.686s] -- Added test 'lint_cmake' to check CMake code style
[0.686s] -- Added test 'xmllint' to check XML markup files
[0.686s] -- Configuring done
[0.704s] -- Generating done
[0.711s] -- Build files have been written to: /home/karol/ITB/URO/KRAI/ros2_ws/build/action_tutorials_interfaces
[0.738s] [  3%] [34m[1mGenerating C code for ROS interfaces[0m
[0.747s] [  6%] [34m[1mGenerating C++ code for ROS interfaces[0m
[0.758s] [  6%] Built target ament_cmake_python_copy_action_tutorials_interfaces
[0.923s] running egg_info
[0.923s] writing action_tutorials_interfaces.egg-info/PKG-INFO
[0.923s] writing dependency_links to action_tutorials_interfaces.egg-info/dependency_links.txt
[0.923s] writing top-level names to action_tutorials_interfaces.egg-info/top_level.txt
[0.924s] reading manifest file 'action_tutorials_interfaces.egg-info/SOURCES.txt'
[0.924s] writing manifest file 'action_tutorials_interfaces.egg-info/SOURCES.txt'
[0.947s] [  6%] Built target ament_cmake_python_build_action_tutorials_interfaces_egg
[0.996s] [35m[1mConsolidate compiler generated dependencies of target action_tutorials_interfaces__rosidl_generator_c[0m
[1.005s] [  9%] [32mBuilding C object CMakeFiles/action_tutorials_interfaces__rosidl_generator_c.dir/rosidl_generator_c/action_tutorials_interfaces/action/detail/fibonacci__functions.c.o[0m
[1.020s] [  9%] Built target action_tutorials_interfaces__cpp
[1.031s] [ 16%] [34m[1mGenerating C++ introspection for ROS interfaces[0m
[1.031s] [ 16%] [34m[1mGenerating C++ type support for eProsima Fast-RTPS[0m
[1.031s] [ 19%] [34m[1mGenerating C++ type support dispatch for ROS interfaces[0m
[1.103s] [ 22%] [32m[1mLinking C shared library libaction_tutorials_interfaces__rosidl_generator_c.so[0m
[1.137s] [ 22%] Built target action_tutorials_interfaces__rosidl_generator_c
[1.149s] [ 25%] [34m[1mGenerating C type support for eProsima Fast-RTPS[0m
[1.150s] [ 29%] [34m[1mGenerating C type support dispatch for ROS interfaces[0m
[1.150s] [ 32%] [34m[1mGenerating C introspection for ROS interfaces[0m
[1.224s] [35m[1mConsolidate compiler generated dependencies of target action_tutorials_interfaces__rosidl_typesupport_cpp[0m
[1.241s] [ 35%] [32mBuilding CXX object CMakeFiles/action_tutorials_interfaces__rosidl_typesupport_cpp.dir/rosidl_typesupport_cpp/action_tutorials_interfaces/action/fibonacci__type_support.cpp.o[0m
[1.244s] [35m[1mConsolidate compiler generated dependencies of target action_tutorials_interfaces__rosidl_typesupport_introspection_cpp[0m
[1.259s] [ 38%] [32mBuilding CXX object CMakeFiles/action_tutorials_interfaces__rosidl_typesupport_introspection_cpp.dir/rosidl_typesupport_introspection_cpp/action_tutorials_interfaces/action/detail/fibonacci__type_support.cpp.o[0m
[1.304s] [35m[1mConsolidate compiler generated dependencies of target action_tutorials_interfaces__rosidl_typesupport_fastrtps_cpp[0m
[1.319s] [ 41%] [32mBuilding CXX object CMakeFiles/action_tutorials_interfaces__rosidl_typesupport_fastrtps_cpp.dir/rosidl_typesupport_fastrtps_cpp/action_tutorials_interfaces/action/detail/dds_fastrtps/fibonacci__type_support.cpp.o[0m
[1.374s] [35m[1mConsolidate compiler generated dependencies of target action_tutorials_interfaces__rosidl_typesupport_c[0m
[1.387s] [ 45%] [32mBuilding CXX object CMakeFiles/action_tutorials_interfaces__rosidl_typesupport_c.dir/rosidl_typesupport_c/action_tutorials_interfaces/action/fibonacci__type_support.cpp.o[0m
[1.391s] [35m[1mConsolidate compiler generated dependencies of target action_tutorials_interfaces__rosidl_typesupport_introspection_c[0m
[1.407s] [ 48%] [32mBuilding C object CMakeFiles/action_tutorials_interfaces__rosidl_typesupport_introspection_c.dir/rosidl_typesupport_introspection_c/action_tutorials_interfaces/action/detail/fibonacci__type_support.c.o[0m
[1.423s] [35m[1mConsolidate compiler generated dependencies of target action_tutorials_interfaces__rosidl_typesupport_fastrtps_c[0m
[1.429s] [ 51%] [32m[1mLinking CXX shared library libaction_tutorials_interfaces__rosidl_typesupport_c.so[0m
[1.436s] [ 54%] [32mBuilding CXX object CMakeFiles/action_tutorials_interfaces__rosidl_typesupport_fastrtps_c.dir/rosidl_typesupport_fastrtps_c/action_tutorials_interfaces/action/detail/fibonacci__type_support_c.cpp.o[0m
[1.461s] [ 58%] [32m[1mLinking C shared library libaction_tutorials_interfaces__rosidl_typesupport_introspection_c.so[0m
[1.470s] [ 58%] Built target action_tutorials_interfaces__rosidl_typesupport_c
[1.490s] [ 58%] Built target action_tutorials_interfaces__rosidl_typesupport_introspection_c
[1.570s] [ 61%] [32m[1mLinking CXX shared library libaction_tutorials_interfaces__rosidl_typesupport_cpp.so[0m
[1.626s] [ 61%] Built target action_tutorials_interfaces__rosidl_typesupport_cpp
[1.659s] [ 64%] [32m[1mLinking CXX shared library libaction_tutorials_interfaces__rosidl_typesupport_introspection_cpp.so[0m
[1.708s] [ 67%] [32m[1mLinking CXX shared library libaction_tutorials_interfaces__rosidl_typesupport_fastrtps_c.so[0m
[1.715s] [ 67%] Built target action_tutorials_interfaces__rosidl_typesupport_introspection_cpp
[1.772s] [ 67%] Built target action_tutorials_interfaces__rosidl_typesupport_fastrtps_c
[1.779s] [ 70%] [32m[1mLinking CXX shared library libaction_tutorials_interfaces__rosidl_typesupport_fastrtps_cpp.so[0m
[1.835s] [ 70%] Built target action_tutorials_interfaces__rosidl_typesupport_fastrtps_cpp
[1.856s] [ 70%] Built target action_tutorials_interfaces
[1.876s] [ 74%] [34m[1mGenerating Python code for ROS interfaces[0m
[2.289s] [ 74%] Built target action_tutorials_interfaces__py
[2.298s] [35m[1mConsolidate compiler generated dependencies of target action_tutorials_interfaces__rosidl_generator_py[0m
[2.309s] [ 77%] [32mBuilding C object CMakeFiles/action_tutorials_interfaces__rosidl_generator_py.dir/rosidl_generator_py/action_tutorials_interfaces/action/_fibonacci_s.c.o[0m
[2.405s] [ 80%] [32m[1mLinking C shared library rosidl_generator_py/action_tutorials_interfaces/libaction_tutorials_interfaces__rosidl_generator_py.so[0m
[2.439s] [ 80%] Built target action_tutorials_interfaces__rosidl_generator_py
[2.451s] [35m[1mConsolidate compiler generated dependencies of target action_tutorials_interfaces__rosidl_typesupport_fastrtps_c__pyext[0m
[2.452s] [35m[1mConsolidate compiler generated dependencies of target action_tutorials_interfaces__rosidl_typesupport_c__pyext[0m
[2.452s] [35m[1mConsolidate compiler generated dependencies of target action_tutorials_interfaces__rosidl_typesupport_introspection_c__pyext[0m
[2.462s] [ 87%] [32mBuilding C object CMakeFiles/action_tutorials_interfaces__rosidl_typesupport_c__pyext.dir/rosidl_generator_py/action_tutorials_interfaces/_action_tutorials_interfaces_s.ep.rosidl_typesupport_c.c.o[0m
[2.462s] [ 87%] [32mBuilding C object CMakeFiles/action_tutorials_interfaces__rosidl_typesupport_fastrtps_c__pyext.dir/rosidl_generator_py/action_tutorials_interfaces/_action_tutorials_interfaces_s.ep.rosidl_typesupport_fastrtps_c.c.o[0m
[2.467s] [ 90%] [32mBuilding C object CMakeFiles/action_tutorials_interfaces__rosidl_typesupport_introspection_c__pyext.dir/rosidl_generator_py/action_tutorials_interfaces/_action_tutorials_interfaces_s.ep.rosidl_typesupport_introspection_c.c.o[0m
[2.544s] [ 93%] [32m[1mLinking C shared library rosidl_generator_py/action_tutorials_interfaces/action_tutorials_interfaces_s__rosidl_typesupport_fastrtps_c.cpython-310-x86_64-linux-gnu.so[0m
[2.549s] [ 96%] [32m[1mLinking C shared library rosidl_generator_py/action_tutorials_interfaces/action_tutorials_interfaces_s__rosidl_typesupport_introspection_c.cpython-310-x86_64-linux-gnu.so[0m
[2.549s] [100%] [32m[1mLinking C shared library rosidl_generator_py/action_tutorials_interfaces/action_tutorials_interfaces_s__rosidl_typesupport_c.cpython-310-x86_64-linux-gnu.so[0m
[2.586s] [100%] Built target action_tutorials_interfaces__rosidl_typesupport_fastrtps_c__pyext
[2.586s] [100%] Built target action_tutorials_interfaces__rosidl_typesupport_introspection_c__pyext
[2.590s] [100%] Built target action_tutorials_interfaces__rosidl_typesupport_c__pyext
[2.601s] Invoked command in '/home/karol/ITB/URO/KRAI/ros2_ws/build/action_tutorials_interfaces' returned '0': CMAKE_PREFIX_PATH=${CMAKE_PREFIX_PATH}:/opt/ros/humble /usr/bin/cmake --build /home/karol/ITB/URO/KRAI/ros2_ws/build/action_tutorials_interfaces -- -j22 -l22
[2.608s] Invoking command in '/home/karol/ITB/URO/KRAI/ros2_ws/build/action_tutorials_interfaces': CMAKE_PREFIX_PATH=${CMAKE_PREFIX_PATH}:/opt/ros/humble /usr/bin/cmake --install /home/karol/ITB/URO/KRAI/ros2_ws/build/action_tutorials_interfaces
[2.615s] -- Install configuration: ""
[2.615s] -- Up-to-date: /home/karol/ITB/URO/KRAI/ros2_ws/install/action_tutorials_interfaces/share/ament_index/resource_index/rosidl_interfaces/action_tutorials_interfaces
[2.615s] -- Up-to-date: /home/karol/ITB/URO/KRAI/ros2_ws/install/action_tutorials_interfaces/include/action_tutorials_interfaces/action_tutorials_interfaces
[2.616s] -- Up-to-date: /home/karol/ITB/URO/KRAI/ros2_ws/install/action_tutorials_interfaces/include/action_tutorials_interfaces/action_tutorials_interfaces/action
[2.616s] -- Installing: /home/karol/ITB/URO/KRAI/ros2_ws/install/action_tutorials_interfaces/include/action_tutorials_interfaces/action_tutorials_interfaces/action/fibonacci.h
[2.616s] -- Up-to-date: /home/karol/ITB/URO/KRAI/ros2_ws/install/action_tutorials_interfaces/include/action_tutorials_interfaces/action_tutorials_interfaces/action/detail
[2.616s] -- Installing: /home/karol/ITB/URO/KRAI/ros2_ws/install/action_tutorials_interfaces/include/action_tutorials_interfaces/action_tutorials_interfaces/action/detail/fibonacci__struct.h
[2.616s] -- Installing: /home/karol/ITB/URO/KRAI/ros2_ws/install/action_tutorials_interfaces/include/action_tutorials_interfaces/action_tutorials_interfaces/action/detail/fibonacci__functions.c
[2.616s] -- Installing: /home/karol/ITB/URO/KRAI/ros2_ws/install/action_tutorials_interfaces/include/action_tutorials_interfaces/action_tutorials_interfaces/action/detail/fibonacci__type_support.h
[2.616s] -- Installing: /home/karol/ITB/URO/KRAI/ros2_ws/install/action_tutorials_interfaces/include/action_tutorials_interfaces/action_tutorials_interfaces/action/detail/fibonacci__functions.h
[2.616s] -- Up-to-date: /home/karol/ITB/URO/KRAI/ros2_ws/install/action_tutorials_interfaces/include/action_tutorials_interfaces/action_tutorials_interfaces/msg
[2.616s] -- Up-to-date: /home/karol/ITB/URO/KRAI/ros2_ws/install/action_tutorials_interfaces/include/action_tutorials_interfaces/action_tutorials_interfaces/msg/rosidl_generator_c__visibility_control.h
[2.617s] -- Up-to-date: /home/karol/ITB/URO/KRAI/ros2_ws/install/action_tutorials_interfaces/share/action_tutorials_interfaces/environment/library_path.sh
[2.617s] -- Installing: /home/karol/ITB/URO/KRAI/ros2_ws/install/action_tutorials_interfaces/share/action_tutorials_interfaces/environment/library_path.dsv
[2.617s] -- Installing: /home/karol/ITB/URO/KRAI/ros2_ws/install/action_tutorials_interfaces/lib/libaction_tutorials_interfaces__rosidl_generator_c.so
[2.617s] -- Set runtime path of "/home/karol/ITB/URO/KRAI/ros2_ws/install/action_tutorials_interfaces/lib/libaction_tutorials_interfaces__rosidl_generator_c.so" to ""
[2.617s] -- Up-to-date: /home/karol/ITB/URO/KRAI/ros2_ws/install/action_tutorials_interfaces/include/action_tutorials_interfaces/action_tutorials_interfaces
[2.617s] -- Up-to-date: /home/karol/ITB/URO/KRAI/ros2_ws/install/action_tutorials_interfaces/include/action_tutorials_interfaces/action_tutorials_interfaces/action
[2.617s] -- Up-to-date: /home/karol/ITB/URO/KRAI/ros2_ws/install/action_tutorials_interfaces/include/action_tutorials_interfaces/action_tutorials_interfaces/action/detail
[2.617s] -- Installing: /home/karol/ITB/URO/KRAI/ros2_ws/install/action_tutorials_interfaces/include/action_tutorials_interfaces/action_tutorials_interfaces/action/detail/fibonacci__rosidl_typesupport_fastrtps_c.h
[2.617s] -- Up-to-date: /home/karol/ITB/URO/KRAI/ros2_ws/install/action_tutorials_interfaces/include/action_tutorials_interfaces/action_tutorials_interfaces/msg
[2.617s] -- Up-to-date: /home/karol/ITB/URO/KRAI/ros2_ws/install/action_tutorials_interfaces/include/action_tutorials_interfaces/action_tutorials_interfaces/msg/rosidl_typesupport_fastrtps_c__visibility_control.h
[2.617s] -- Installing: /home/karol/ITB/URO/KRAI/ros2_ws/install/action_tutorials_interfaces/lib/libaction_tutorials_interfaces__rosidl_typesupport_fastrtps_c.so
[2.618s] -- Set runtime path of "/home/karol/ITB/URO/KRAI/ros2_ws/install/action_tutorials_interfaces/lib/libaction_tutorials_interfaces__rosidl_typesupport_fastrtps_c.so" to ""
[2.618s] -- Up-to-date: /home/karol/ITB/URO/KRAI/ros2_ws/install/action_tutorials_interfaces/include/action_tutorials_interfaces/action_tutorials_interfaces
[2.618s] -- Up-to-date: /home/karol/ITB/URO/KRAI/ros2_ws/install/action_tutorials_interfaces/include/action_tutorials_interfaces/action_tutorials_interfaces/action
[2.618s] -- Up-to-date: /home/karol/ITB/URO/KRAI/ros2_ws/install/action_tutorials_interfaces/include/action_tutorials_interfaces/action_tutorials_interfaces/action/detail
[2.618s] -- Installing: /home/karol/ITB/URO/KRAI/ros2_ws/install/action_tutorials_interfaces/include/action_tutorials_interfaces/action_tutorials_interfaces/action/detail/fibonacci__rosidl_typesupport_introspection_c.h
[2.618s] -- Installing: /home/karol/ITB/URO/KRAI/ros2_ws/install/action_tutorials_interfaces/include/action_tutorials_interfaces/action_tutorials_interfaces/action/detail/fibonacci__type_support.c
[2.618s] -- Up-to-date: /home/karol/ITB/URO/KRAI/ros2_ws/install/action_tutorials_interfaces/include/action_tutorials_interfaces/action_tutorials_interfaces/msg
[2.618s] -- Up-to-date: /home/karol/ITB/URO/KRAI/ros2_ws/install/action_tutorials_interfaces/include/action_tutorials_interfaces/action_tutorials_interfaces/msg/rosidl_typesupport_introspection_c__visibility_control.h
[2.618s] -- Installing: /home/karol/ITB/URO/KRAI/ros2_ws/install/action_tutorials_interfaces/lib/libaction_tutorials_interfaces__rosidl_typesupport_introspection_c.so
[2.618s] -- Set runtime path of "/home/karol/ITB/URO/KRAI/ros2_ws/install/action_tutorials_interfaces/lib/libaction_tutorials_interfaces__rosidl_typesupport_introspection_c.so" to ""
[2.619s] -- Installing: /home/karol/ITB/URO/KRAI/ros2_ws/install/action_tutorials_interfaces/lib/libaction_tutorials_interfaces__rosidl_typesupport_c.so
[2.619s] -- Set runtime path of "/home/karol/ITB/URO/KRAI/ros2_ws/install/action_tutorials_interfaces/lib/libaction_tutorials_interfaces__rosidl_typesupport_c.so" to ""
[2.619s] -- Up-to-date: /home/karol/ITB/URO/KRAI/ros2_ws/install/action_tutorials_interfaces/include/action_tutorials_interfaces/action_tutorials_interfaces
[2.619s] -- Up-to-date: /home/karol/ITB/URO/KRAI/ros2_ws/install/action_tutorials_interfaces/include/action_tutorials_interfaces/action_tutorials_interfaces/action
[2.619s] -- Installing: /home/karol/ITB/URO/KRAI/ros2_ws/install/action_tutorials_interfaces/include/action_tutorials_interfaces/action_tutorials_interfaces/action/fibonacci.hpp
[2.619s] -- Up-to-date: /home/karol/ITB/URO/KRAI/ros2_ws/install/action_tutorials_interfaces/include/action_tutorials_interfaces/action_tutorials_interfaces/action/detail
[2.619s] -- Installing: /home/karol/ITB/URO/KRAI/ros2_ws/install/action_tutorials_interfaces/include/action_tutorials_interfaces/action_tutorials_interfaces/action/detail/fibonacci__builder.hpp
[2.619s] -- Installing: /home/karol/ITB/URO/KRAI/ros2_ws/install/action_tutorials_interfaces/include/action_tutorials_interfaces/action_tutorials_interfaces/action/detail/fibonacci__type_support.hpp
[2.619s] -- Installing: /home/karol/ITB/URO/KRAI/ros2_ws/install/action_tutorials_interfaces/include/action_tutorials_interfaces/action_tutorials_interfaces/action/detail/fibonacci__struct.hpp
[2.619s] -- Installing: /home/karol/ITB/URO/KRAI/ros2_ws/install/action_tutorials_interfaces/include/action_tutorials_interfaces/action_tutorials_interfaces/action/detail/fibonacci__traits.hpp
[2.620s] -- Up-to-date: /home/karol/ITB/URO/KRAI/ros2_ws/install/action_tutorials_interfaces/include/action_tutorials_interfaces/action_tutorials_interfaces/msg
[2.620s] -- Up-to-date: /home/karol/ITB/URO/KRAI/ros2_ws/install/action_tutorials_interfaces/include/action_tutorials_interfaces/action_tutorials_interfaces/msg/rosidl_generator_cpp__visibility_control.hpp
[2.620s] -- Up-to-date: /home/karol/ITB/URO/KRAI/ros2_ws/install/action_tutorials_interfaces/include/action_tutorials_interfaces/action_tutorials_interfaces
[2.620s] -- Up-to-date: /home/karol/ITB/URO/KRAI/ros2_ws/install/action_tutorials_interfaces/include/action_tutorials_interfaces/action_tutorials_interfaces/action
[2.620s] -- Up-to-date: /home/karol/ITB/URO/KRAI/ros2_ws/install/action_tutorials_interfaces/include/action_tutorials_interfaces/action_tutorials_interfaces/action/detail
[2.620s] -- Installing: /home/karol/ITB/URO/KRAI/ros2_ws/install/action_tutorials_interfaces/include/action_tutorials_interfaces/action_tutorials_interfaces/action/detail/fibonacci__rosidl_typesupport_fastrtps_cpp.hpp
[2.620s] -- Up-to-date: /home/karol/ITB/URO/KRAI/ros2_ws/install/action_tutorials_interfaces/include/action_tutorials_interfaces/action_tutorials_interfaces/action/detail/dds_fastrtps
[2.620s] -- Up-to-date: /home/karol/ITB/URO/KRAI/ros2_ws/install/action_tutorials_interfaces/include/action_tutorials_interfaces/action_tutorials_interfaces/msg
[2.620s] -- Up-to-date: /home/karol/ITB/URO/KRAI/ros2_ws/install/action_tutorials_interfaces/include/action_tutorials_interfaces/action_tutorials_interfaces/msg/rosidl_typesupport_fastrtps_cpp__visibility_control.h
[2.620s] -- Installing: /home/karol/ITB/URO/KRAI/ros2_ws/install/action_tutorials_interfaces/lib/libaction_tutorials_interfaces__rosidl_typesupport_fastrtps_cpp.so
[2.620s] -- Set runtime path of "/home/karol/ITB/URO/KRAI/ros2_ws/install/action_tutorials_interfaces/lib/libaction_tutorials_interfaces__rosidl_typesupport_fastrtps_cpp.so" to ""
[2.620s] -- Up-to-date: /home/karol/ITB/URO/KRAI/ros2_ws/install/action_tutorials_interfaces/include/action_tutorials_interfaces/action_tutorials_interfaces
[2.620s] -- Up-to-date: /home/karol/ITB/URO/KRAI/ros2_ws/install/action_tutorials_interfaces/include/action_tutorials_interfaces/action_tutorials_interfaces/action
[2.621s] -- Up-to-date: /home/karol/ITB/URO/KRAI/ros2_ws/install/action_tutorials_interfaces/include/action_tutorials_interfaces/action_tutorials_interfaces/action/detail
[2.621s] -- Installing: /home/karol/ITB/URO/KRAI/ros2_ws/install/action_tutorials_interfaces/include/action_tutorials_interfaces/action_tutorials_interfaces/action/detail/fibonacci__rosidl_typesupport_introspection_cpp.hpp
[2.621s] -- Installing: /home/karol/ITB/URO/KRAI/ros2_ws/install/action_tutorials_interfaces/include/action_tutorials_interfaces/action_tutorials_interfaces/action/detail/fibonacci__type_support.cpp
[2.621s] -- Installing: /home/karol/ITB/URO/KRAI/ros2_ws/install/action_tutorials_interfaces/lib/libaction_tutorials_interfaces__rosidl_typesupport_introspection_cpp.so
[2.621s] -- Set runtime path of "/home/karol/ITB/URO/KRAI/ros2_ws/install/action_tutorials_interfaces/lib/libaction_tutorials_interfaces__rosidl_typesupport_introspection_cpp.so" to ""
[2.621s] -- Installing: /home/karol/ITB/URO/KRAI/ros2_ws/install/action_tutorials_interfaces/lib/libaction_tutorials_interfaces__rosidl_typesupport_cpp.so
[2.621s] -- Set runtime path of "/home/karol/ITB/URO/KRAI/ros2_ws/install/action_tutorials_interfaces/lib/libaction_tutorials_interfaces__rosidl_typesupport_cpp.so" to ""
[2.621s] -- Up-to-date: /home/karol/ITB/URO/KRAI/ros2_ws/install/action_tutorials_interfaces/share/action_tutorials_interfaces/environment/pythonpath.sh
[2.621s] -- Installing: /home/karol/ITB/URO/KRAI/ros2_ws/install/action_tutorials_interfaces/share/action_tutorials_interfaces/environment/pythonpath.dsv
[2.621s] -- Up-to-date: /home/karol/ITB/URO/KRAI/ros2_ws/install/action_tutorials_interfaces/local/lib/python3.10/dist-packages/action_tutorials_interfaces-0.0.0-py3.10.egg-info
[2.621s] -- Installing: /home/karol/ITB/URO/KRAI/ros2_ws/install/action_tutorials_interfaces/local/lib/python3.10/dist-packages/action_tutorials_interfaces-0.0.0-py3.10.egg-info/PKG-INFO
[2.621s] -- Installing: /home/karol/ITB/URO/KRAI/ros2_ws/install/action_tutorials_interfaces/local/lib/python3.10/dist-packages/action_tutorials_interfaces-0.0.0-py3.10.egg-info/top_level.txt
[2.622s] -- Installing: /home/karol/ITB/URO/KRAI/ros2_ws/install/action_tutorials_interfaces/local/lib/python3.10/dist-packages/action_tutorials_interfaces-0.0.0-py3.10.egg-info/SOURCES.txt
[2.622s] -- Installing: /home/karol/ITB/URO/KRAI/ros2_ws/install/action_tutorials_interfaces/local/lib/python3.10/dist-packages/action_tutorials_interfaces-0.0.0-py3.10.egg-info/dependency_links.txt
[2.622s] -- Up-to-date: /home/karol/ITB/URO/KRAI/ros2_ws/install/action_tutorials_interfaces/local/lib/python3.10/dist-packages/action_tutorials_interfaces
[2.622s] -- Installing: /home/karol/ITB/URO/KRAI/ros2_ws/install/action_tutorials_interfaces/local/lib/python3.10/dist-packages/action_tutorials_interfaces/action_tutorials_interfaces_s__rosidl_typesupport_c.cpython-310-x86_64-linux-gnu.so
[2.622s] -- Up-to-date: /home/karol/ITB/URO/KRAI/ros2_ws/install/action_tutorials_interfaces/local/lib/python3.10/dist-packages/action_tutorials_interfaces/action
[2.622s] -- Installing: /home/karol/ITB/URO/KRAI/ros2_ws/install/action_tutorials_interfaces/local/lib/python3.10/dist-packages/action_tutorials_interfaces/action/_fibonacci_s.c
[2.622s] -- Installing: /home/karol/ITB/URO/KRAI/ros2_ws/install/action_tutorials_interfaces/local/lib/python3.10/dist-packages/action_tutorials_interfaces/action/__init__.py
[2.622s] -- Installing: /home/karol/ITB/URO/KRAI/ros2_ws/install/action_tutorials_interfaces/local/lib/python3.10/dist-packages/action_tutorials_interfaces/action/_fibonacci.py
[2.622s] -- Installing: /home/karol/ITB/URO/KRAI/ros2_ws/install/action_tutorials_interfaces/local/lib/python3.10/dist-packages/action_tutorials_interfaces/_action_tutorials_interfaces_s.ep.rosidl_typesupport_introspection_c.c
[2.622s] -- Installing: /home/karol/ITB/URO/KRAI/ros2_ws/install/action_tutorials_interfaces/local/lib/python3.10/dist-packages/action_tutorials_interfaces/action_tutorials_interfaces_s__rosidl_typesupport_fastrtps_c.cpython-310-x86_64-linux-gnu.so
[2.622s] -- Installing: /home/karol/ITB/URO/KRAI/ros2_ws/install/action_tutorials_interfaces/local/lib/python3.10/dist-packages/action_tutorials_interfaces/_action_tutorials_interfaces_s.ep.rosidl_typesupport_fastrtps_c.c
[2.622s] -- Installing: /home/karol/ITB/URO/KRAI/ros2_ws/install/action_tutorials_interfaces/local/lib/python3.10/dist-packages/action_tutorials_interfaces/action_tutorials_interfaces_s__rosidl_typesupport_introspection_c.cpython-310-x86_64-linux-gnu.so
[2.623s] -- Installing: /home/karol/ITB/URO/KRAI/ros2_ws/install/action_tutorials_interfaces/local/lib/python3.10/dist-packages/action_tutorials_interfaces/__init__.py
[2.623s] -- Installing: /home/karol/ITB/URO/KRAI/ros2_ws/install/action_tutorials_interfaces/local/lib/python3.10/dist-packages/action_tutorials_interfaces/_action_tutorials_interfaces_s.ep.rosidl_typesupport_c.c
[2.623s] -- Installing: /home/karol/ITB/URO/KRAI/ros2_ws/install/action_tutorials_interfaces/local/lib/python3.10/dist-packages/action_tutorials_interfaces/libaction_tutorials_interfaces__rosidl_generator_py.so
[2.650s] Listing '/home/karol/ITB/URO/KRAI/ros2_ws/install/action_tutorials_interfaces/local/lib/python3.10/dist-packages/action_tutorials_interfaces'...
[2.650s] Compiling '/home/karol/ITB/URO/KRAI/ros2_ws/install/action_tutorials_interfaces/local/lib/python3.10/dist-packages/action_tutorials_interfaces/__init__.py'...
[2.650s] Listing '/home/karol/ITB/URO/KRAI/ros2_ws/install/action_tutorials_interfaces/local/lib/python3.10/dist-packages/action_tutorials_interfaces/action'...
[2.650s] Compiling '/home/karol/ITB/URO/KRAI/ros2_ws/install/action_tutorials_interfaces/local/lib/python3.10/dist-packages/action_tutorials_interfaces/action/__init__.py'...
[2.650s] Compiling '/home/karol/ITB/URO/KRAI/ros2_ws/install/action_tutorials_interfaces/local/lib/python3.10/dist-packages/action_tutorials_interfaces/action/_fibonacci.py'...
[2.653s] -- Installing: /home/karol/ITB/URO/KRAI/ros2_ws/install/action_tutorials_interfaces/local/lib/python3.10/dist-packages/action_tutorials_interfaces/action_tutorials_interfaces_s__rosidl_typesupport_fastrtps_c.cpython-310-x86_64-linux-gnu.so
[2.653s] -- Set runtime path of "/home/karol/ITB/URO/KRAI/ros2_ws/install/action_tutorials_interfaces/local/lib/python3.10/dist-packages/action_tutorials_interfaces/action_tutorials_interfaces_s__rosidl_typesupport_fastrtps_c.cpython-310-x86_64-linux-gnu.so" to ""
[2.653s] -- Installing: /home/karol/ITB/URO/KRAI/ros2_ws/install/action_tutorials_interfaces/local/lib/python3.10/dist-packages/action_tutorials_interfaces/action_tutorials_interfaces_s__rosidl_typesupport_introspection_c.cpython-310-x86_64-linux-gnu.so
[2.653s] -- Set runtime path of "/home/karol/ITB/URO/KRAI/ros2_ws/install/action_tutorials_interfaces/local/lib/python3.10/dist-packages/action_tutorials_interfaces/action_tutorials_interfaces_s__rosidl_typesupport_introspection_c.cpython-310-x86_64-linux-gnu.so" to ""
[2.653s] -- Installing: /home/karol/ITB/URO/KRAI/ros2_ws/install/action_tutorials_interfaces/local/lib/python3.10/dist-packages/action_tutorials_interfaces/action_tutorials_interfaces_s__rosidl_typesupport_c.cpython-310-x86_64-linux-gnu.so
[2.653s] -- Set runtime path of "/home/karol/ITB/URO/KRAI/ros2_ws/install/action_tutorials_interfaces/local/lib/python3.10/dist-packages/action_tutorials_interfaces/action_tutorials_interfaces_s__rosidl_typesupport_c.cpython-310-x86_64-linux-gnu.so" to ""
[2.654s] -- Installing: /home/karol/ITB/URO/KRAI/ros2_ws/install/action_tutorials_interfaces/lib/libaction_tutorials_interfaces__rosidl_generator_py.so
[2.654s] -- Set runtime path of "/home/karol/ITB/URO/KRAI/ros2_ws/install/action_tutorials_interfaces/lib/libaction_tutorials_interfaces__rosidl_generator_py.so" to ""
[2.654s] -- Installing: /home/karol/ITB/URO/KRAI/ros2_ws/install/action_tutorials_interfaces/share/action_tutorials_interfaces/action/Fibonacci.idl
[2.654s] -- Installing: /home/karol/ITB/URO/KRAI/ros2_ws/install/action_tutorials_interfaces/share/action_tutorials_interfaces/action/Fibonacci.action
[2.654s] -- Up-to-date: /home/karol/ITB/URO/KRAI/ros2_ws/install/action_tutorials_interfaces/share/ament_index/resource_index/package_run_dependencies/action_tutorials_interfaces
[2.654s] -- Installing: /home/karol/ITB/URO/KRAI/ros2_ws/install/action_tutorials_interfaces/share/ament_index/resource_index/parent_prefix_path/action_tutorials_interfaces
[2.654s] -- Up-to-date: /home/karol/ITB/URO/KRAI/ros2_ws/install/action_tutorials_interfaces/share/action_tutorials_interfaces/environment/ament_prefix_path.sh
[2.655s] -- Installing: /home/karol/ITB/URO/KRAI/ros2_ws/install/action_tutorials_interfaces/share/action_tutorials_interfaces/environment/ament_prefix_path.dsv
[2.655s] -- Up-to-date: /home/karol/ITB/URO/KRAI/ros2_ws/install/action_tutorials_interfaces/share/action_tutorials_interfaces/environment/path.sh
[2.655s] -- Installing: /home/karol/ITB/URO/KRAI/ros2_ws/install/action_tutorials_interfaces/share/action_tutorials_interfaces/environment/path.dsv
[2.655s] -- Up-to-date: /home/karol/ITB/URO/KRAI/ros2_ws/install/action_tutorials_interfaces/share/action_tutorials_interfaces/local_setup.bash
[2.655s] -- Up-to-date: /home/karol/ITB/URO/KRAI/ros2_ws/install/action_tutorials_interfaces/share/action_tutorials_interfaces/local_setup.sh
[2.655s] -- Up-to-date: /home/karol/ITB/URO/KRAI/ros2_ws/install/action_tutorials_interfaces/share/action_tutorials_interfaces/local_setup.zsh
[2.655s] -- Installing: /home/karol/ITB/URO/KRAI/ros2_ws/install/action_tutorials_interfaces/share/action_tutorials_interfaces/local_setup.dsv
[2.655s] -- Installing: /home/karol/ITB/URO/KRAI/ros2_ws/install/action_tutorials_interfaces/share/action_tutorials_interfaces/package.dsv
[2.655s] -- Up-to-date: /home/karol/ITB/URO/KRAI/ros2_ws/install/action_tutorials_interfaces/share/ament_index/resource_index/packages/action_tutorials_interfaces
[2.655s] -- Up-to-date: /home/karol/ITB/URO/KRAI/ros2_ws/install/action_tutorials_interfaces/share/action_tutorials_interfaces/cmake/export_action_tutorials_interfaces__rosidl_generator_cExport.cmake
[2.655s] -- Up-to-date: /home/karol/ITB/URO/KRAI/ros2_ws/install/action_tutorials_interfaces/share/action_tutorials_interfaces/cmake/export_action_tutorials_interfaces__rosidl_generator_cExport-noconfig.cmake
[2.655s] -- Up-to-date: /home/karol/ITB/URO/KRAI/ros2_ws/install/action_tutorials_interfaces/share/action_tutorials_interfaces/cmake/export_action_tutorials_interfaces__rosidl_typesupport_fastrtps_cExport.cmake
[2.655s] -- Up-to-date: /home/karol/ITB/URO/KRAI/ros2_ws/install/action_tutorials_interfaces/share/action_tutorials_interfaces/cmake/export_action_tutorials_interfaces__rosidl_typesupport_fastrtps_cExport-noconfig.cmake
[2.656s] -- Up-to-date: /home/karol/ITB/URO/KRAI/ros2_ws/install/action_tutorials_interfaces/share/action_tutorials_interfaces/cmake/action_tutorials_interfaces__rosidl_typesupport_introspection_cExport.cmake
[2.656s] -- Up-to-date: /home/karol/ITB/URO/KRAI/ros2_ws/install/action_tutorials_interfaces/share/action_tutorials_interfaces/cmake/action_tutorials_interfaces__rosidl_typesupport_introspection_cExport-noconfig.cmake
[2.656s] -- Up-to-date: /home/karol/ITB/URO/KRAI/ros2_ws/install/action_tutorials_interfaces/share/action_tutorials_interfaces/cmake/action_tutorials_interfaces__rosidl_typesupport_cExport.cmake
[2.656s] -- Up-to-date: /home/karol/ITB/URO/KRAI/ros2_ws/install/action_tutorials_interfaces/share/action_tutorials_interfaces/cmake/action_tutorials_interfaces__rosidl_typesupport_cExport-noconfig.cmake
[2.656s] -- Up-to-date: /home/karol/ITB/URO/KRAI/ros2_ws/install/action_tutorials_interfaces/share/action_tutorials_interfaces/cmake/export_action_tutorials_interfaces__rosidl_generator_cppExport.cmake
[2.656s] -- Up-to-date: /home/karol/ITB/URO/KRAI/ros2_ws/install/action_tutorials_interfaces/share/action_tutorials_interfaces/cmake/export_action_tutorials_interfaces__rosidl_typesupport_fastrtps_cppExport.cmake
[2.656s] -- Up-to-date: /home/karol/ITB/URO/KRAI/ros2_ws/install/action_tutorials_interfaces/share/action_tutorials_interfaces/cmake/export_action_tutorials_interfaces__rosidl_typesupport_fastrtps_cppExport-noconfig.cmake
[2.656s] -- Up-to-date: /home/karol/ITB/URO/KRAI/ros2_ws/install/action_tutorials_interfaces/share/action_tutorials_interfaces/cmake/action_tutorials_interfaces__rosidl_typesupport_introspection_cppExport.cmake
[2.656s] -- Up-to-date: /home/karol/ITB/URO/KRAI/ros2_ws/install/action_tutorials_interfaces/share/action_tutorials_interfaces/cmake/action_tutorials_interfaces__rosidl_typesupport_introspection_cppExport-noconfig.cmake
[2.656s] -- Up-to-date: /home/karol/ITB/URO/KRAI/ros2_ws/install/action_tutorials_interfaces/share/action_tutorials_interfaces/cmake/action_tutorials_interfaces__rosidl_typesupport_cppExport.cmake
[2.656s] -- Up-to-date: /home/karol/ITB/URO/KRAI/ros2_ws/install/action_tutorials_interfaces/share/action_tutorials_interfaces/cmake/action_tutorials_interfaces__rosidl_typesupport_cppExport-noconfig.cmake
[2.656s] -- Up-to-date: /home/karol/ITB/URO/KRAI/ros2_ws/install/action_tutorials_interfaces/share/action_tutorials_interfaces/cmake/export_action_tutorials_interfaces__rosidl_generator_pyExport.cmake
[2.656s] -- Up-to-date: /home/karol/ITB/URO/KRAI/ros2_ws/install/action_tutorials_interfaces/share/action_tutorials_interfaces/cmake/export_action_tutorials_interfaces__rosidl_generator_pyExport-noconfig.cmake
[2.656s] -- Up-to-date: /home/karol/ITB/URO/KRAI/ros2_ws/install/action_tutorials_interfaces/share/action_tutorials_interfaces/cmake/rosidl_cmake-extras.cmake
[2.656s] -- Up-to-date: /home/karol/ITB/URO/KRAI/ros2_ws/install/action_tutorials_interfaces/share/action_tutorials_interfaces/cmake/ament_cmake_export_dependencies-extras.cmake
[2.656s] -- Up-to-date: /home/karol/ITB/URO/KRAI/ros2_ws/install/action_tutorials_interfaces/share/action_tutorials_interfaces/cmake/ament_cmake_export_include_directories-extras.cmake
[2.656s] -- Up-to-date: /home/karol/ITB/URO/KRAI/ros2_ws/install/action_tutorials_interfaces/share/action_tutorials_interfaces/cmake/ament_cmake_export_libraries-extras.cmake
[2.656s] -- Up-to-date: /home/karol/ITB/URO/KRAI/ros2_ws/install/action_tutorials_interfaces/share/action_tutorials_interfaces/cmake/ament_cmake_export_targets-extras.cmake
[2.656s] -- Up-to-date: /home/karol/ITB/URO/KRAI/ros2_ws/install/action_tutorials_interfaces/share/action_tutorials_interfaces/cmake/rosidl_cmake_export_typesupport_targets-extras.cmake
[2.656s] -- Up-to-date: /home/karol/ITB/URO/KRAI/ros2_ws/install/action_tutorials_interfaces/share/action_tutorials_interfaces/cmake/rosidl_cmake_export_typesupport_libraries-extras.cmake
[2.656s] -- Up-to-date: /home/karol/ITB/URO/KRAI/ros2_ws/install/action_tutorials_interfaces/share/action_tutorials_interfaces/cmake/action_tutorials_interfacesConfig.cmake
[2.656s] -- Up-to-date: /home/karol/ITB/URO/KRAI/ros2_ws/install/action_tutorials_interfaces/share/action_tutorials_interfaces/cmake/action_tutorials_interfacesConfig-version.cmake
[2.656s] -- Up-to-date: /home/karol/ITB/URO/KRAI/ros2_ws/install/action_tutorials_interfaces/share/action_tutorials_interfaces/package.xml
[2.659s] Invoked command in '/home/karol/ITB/URO/KRAI/ros2_ws/build/action_tutorials_interfaces' returned '0': CMAKE_PREFIX_PATH=${CMAKE_PREFIX_PATH}:/opt/ros/humble /usr/bin/cmake --install /home/karol/ITB/URO/KRAI/ros2_ws/build/action_tutorials_interfaces
