[0.014s] Invoking command in '/home/karol/ITB/URO/KRAI/ros2_ws/build/cpp_pubsub': CMAKE_PREFIX_PATH=/home/karol/ITB/URO/KRAI/ros2_ws/install/tutorial_interfaces:/home/karol/ITB/URO/KRAI/ros2_ws/install/urdf_tutorial:/home/karol/ITB/URO/KRAI/ros2_ws/install/lumina_simulation:/home/karol/ITB/URO/KRAI/ros2_ws/install/cpp_parameters:/home/karol/ITB/URO/KRAI/ros2_ws/install/action_tutorials_cpp:/home/karol/ITB/URO/KRAI/ros2_ws/install/action_tutorials_interfaces:/home/karol/turtlebot3_ws/install/turtlebot3_simulations:/home/karol/turtlebot3_ws/install/turtlebot3_gazebo:/home/karol/turtlebot3_ws/install/turtlebot3_fake_node:/home/karol/turtlebot3_ws/install/nav2_rrtstar_planner:/home/karol/ITB/URO/KRAI/ros2_learn/urdf_example/install/urdf_example:/home/karol/ITB/URO/KRAI/nebula/nebula-ws/install/omnidirectional_controllers:/home/karol/ITB/URO/KRAI/nebula/nebula-ws/install/omni_wheel_controller:/home/karol/ITB/URO/KRAI/nebula/nebula-ws/install/nebula_navigation:/home/karol/ITB/URO/KRAI/nebula/nebula-ws/install/nebula_localization:/home/karol/ITB/URO/KRAI/nebula/nebula-ws/install/nebula_hardware_interfaces:/home/karol/ITB/URO/KRAI/nebula/nebula-ws/install/nebula_firmware:/home/karol/ITB/URO/KRAI/nebula/nebula-ws/install/nebula_controller:/home/karol/ITB/URO/KRAI/nebula/nebula-ws/install/nebula_config:/home/karol/ITB/URO/KRAI/nebula/nebula-ws/install/nebula_bringup:/home/karol/ITB/URO/KRAI/nebula/nebula-ws/install/axebot_description:/home/karol/ITB/URO/KRAI/ros2_ws/src/tutorial_interfaces/install/tutorial_interfaces:/home/karol/ITB/URO/KRAI/ros2_ws/install/urdf_tutorial_r2d2:/home/karol/ITB/URO/KRAI/ros2_ws/install/learning_tf2_py:/home/karol/ITB/URO/KRAI/ros2_ws/install/launch_tutorial:/opt/ros/humble LD_LIBRARY_PATH=/home/karol/ITB/URO/KRAI/ros2_ws/install/tutorial_interfaces/lib:/home/karol/ITB/URO/KRAI/ros2_ws/install/action_tutorials_cpp/lib:/home/karol/ITB/URO/KRAI/ros2_ws/install/action_tutorials_interfaces/lib:/home/karol/turtlebot3_ws/install/nav2_rrtstar_planner/lib:/home/karol/ITB/URO/KRAI/nebula/nebula-ws/install/omnidirectional_controllers/lib:/home/karol/ITB/URO/KRAI/nebula/nebula-ws/install/omni_wheel_controller/lib:/home/karol/ITB/URO/KRAI/nebula/nebula-ws/install/nebula_firmware/lib:/home/karol/ITB/URO/KRAI/ros2_ws/src/tutorial_interfaces/install/tutorial_interfaces/lib:/usr/lib/x86_64-linux-gnu/gazebo-11/plugins:/opt/ros/humble/opt/rviz_ogre_vendor/lib:/opt/ros/humble/lib/x86_64-linux-gnu:/opt/ros/humble/lib:/usr/lib/x86_64-linux-gnu/gazebo-11/plugins:/usr/lib/x86_64-linux-gnu/gazebo-11/plugins:/usr/lib/x86_64-linux-gnu/gazebo-11/plugins /usr/bin/cmake /home/karol/ITB/URO/KRAI/ros2_ws/src/ros2_tutorial/cpp_pubsub -DCMAKE_INSTALL_PREFIX=/home/karol/ITB/URO/KRAI/ros2_ws/install/cpp_pubsub
[0.065s] -- The C compiler identification is GNU 11.4.0
[0.104s] -- The CXX compiler identification is GNU 11.4.0
[0.109s] -- Detecting C compiler ABI info
[0.166s] -- Detecting C compiler ABI info - done
[0.171s] -- Check for working C compiler: /usr/bin/cc - skipped
[0.171s] -- Detecting C compile features
[0.172s] -- Detecting C compile features - done
[0.173s] -- Detecting CXX compiler ABI info
[0.234s] -- Detecting CXX compiler ABI info - done
[0.239s] -- Check for working CXX compiler: /usr/bin/c++ - skipped
[0.239s] -- Detecting CXX compile features
[0.239s] -- Detecting CXX compile features - done
[0.241s] -- Found ament_cmake: 1.3.11 (/opt/ros/humble/share/ament_cmake/cmake)
[0.351s] -- Found Python3: /usr/bin/python3 (found version "3.10.12") found components: Interpreter 
[0.424s] -- Found rclcpp: 16.0.11 (/opt/ros/humble/share/rclcpp/cmake)
[0.459s] -- Found rosidl_generator_c: 3.1.6 (/opt/ros/humble/share/rosidl_generator_c/cmake)
[0.464s] -- Found rosidl_adapter: 3.1.6 (/opt/ros/humble/share/rosidl_adapter/cmake)
[0.470s] -- Found rosidl_generator_cpp: 3.1.6 (/opt/ros/humble/share/rosidl_generator_cpp/cmake)
[0.479s] -- Using all available rosidl_typesupport_c: rosidl_typesupport_fastrtps_c;rosidl_typesupport_introspection_c
[0.491s] -- Using all available rosidl_typesupport_cpp: rosidl_typesupport_fastrtps_cpp;rosidl_typesupport_introspection_cpp
[0.523s] -- Found rmw_implementation_cmake: 6.1.2 (/opt/ros/humble/share/rmw_implementation_cmake/cmake)
[0.526s] -- Found rmw_cyclonedds_cpp: 1.3.4 (/opt/ros/humble/share/rmw_cyclonedds_cpp/cmake)
[0.542s] -- Using RMW implementation 'rmw_cyclonedds_cpp' as default
[0.549s] -- Looking for pthread.h
[0.607s] -- Looking for pthread.h - found
[0.608s] -- Performing Test CMAKE_HAVE_LIBC_PTHREAD
[0.666s] -- Performing Test CMAKE_HAVE_LIBC_PTHREAD - Success
[0.668s] -- Found Threads: TRUE  
[0.698s] -- Found tutorial_interfaces: 0.0.0 (/home/karol/ITB/URO/KRAI/ros2_ws/install/tutorial_interfaces/share/tutorial_interfaces/cmake)
[0.720s] -- Found ament_lint_auto: 0.12.11 (/opt/ros/humble/share/ament_lint_auto/cmake)
[0.774s] -- Added test 'cppcheck' to perform static code analysis on C / C++ code
[0.775s] -- Configured cppcheck include dirs: 
[0.775s] -- Configured cppcheck exclude dirs and/or files: 
[0.775s] -- Added test 'lint_cmake' to check CMake code style
[0.776s] -- Added test 'uncrustify' to check C / C++ code style
[0.776s] -- Configured uncrustify additional arguments: 
[0.776s] -- Added test 'xmllint' to check XML markup files
[0.777s] -- Configuring done
[0.786s] -- Generating done
[0.790s] -- Build files have been written to: /home/karol/ITB/URO/KRAI/ros2_ws/build/cpp_pubsub
[0.796s] Invoked command in '/home/karol/ITB/URO/KRAI/ros2_ws/build/cpp_pubsub' returned '0': CMAKE_PREFIX_PATH=/home/karol/ITB/URO/KRAI/ros2_ws/install/tutorial_interfaces:/home/karol/ITB/URO/KRAI/ros2_ws/install/urdf_tutorial:/home/karol/ITB/URO/KRAI/ros2_ws/install/lumina_simulation:/home/karol/ITB/URO/KRAI/ros2_ws/install/cpp_parameters:/home/karol/ITB/URO/KRAI/ros2_ws/install/action_tutorials_cpp:/home/karol/ITB/URO/KRAI/ros2_ws/install/action_tutorials_interfaces:/home/karol/turtlebot3_ws/install/turtlebot3_simulations:/home/karol/turtlebot3_ws/install/turtlebot3_gazebo:/home/karol/turtlebot3_ws/install/turtlebot3_fake_node:/home/karol/turtlebot3_ws/install/nav2_rrtstar_planner:/home/karol/ITB/URO/KRAI/ros2_learn/urdf_example/install/urdf_example:/home/karol/ITB/URO/KRAI/nebula/nebula-ws/install/omnidirectional_controllers:/home/karol/ITB/URO/KRAI/nebula/nebula-ws/install/omni_wheel_controller:/home/karol/ITB/URO/KRAI/nebula/nebula-ws/install/nebula_navigation:/home/karol/ITB/URO/KRAI/nebula/nebula-ws/install/nebula_localization:/home/karol/ITB/URO/KRAI/nebula/nebula-ws/install/nebula_hardware_interfaces:/home/karol/ITB/URO/KRAI/nebula/nebula-ws/install/nebula_firmware:/home/karol/ITB/URO/KRAI/nebula/nebula-ws/install/nebula_controller:/home/karol/ITB/URO/KRAI/nebula/nebula-ws/install/nebula_config:/home/karol/ITB/URO/KRAI/nebula/nebula-ws/install/nebula_bringup:/home/karol/ITB/URO/KRAI/nebula/nebula-ws/install/axebot_description:/home/karol/ITB/URO/KRAI/ros2_ws/src/tutorial_interfaces/install/tutorial_interfaces:/home/karol/ITB/URO/KRAI/ros2_ws/install/urdf_tutorial_r2d2:/home/karol/ITB/URO/KRAI/ros2_ws/install/learning_tf2_py:/home/karol/ITB/URO/KRAI/ros2_ws/install/launch_tutorial:/opt/ros/humble LD_LIBRARY_PATH=/home/karol/ITB/URO/KRAI/ros2_ws/install/tutorial_interfaces/lib:/home/karol/ITB/URO/KRAI/ros2_ws/install/action_tutorials_cpp/lib:/home/karol/ITB/URO/KRAI/ros2_ws/install/action_tutorials_interfaces/lib:/home/karol/turtlebot3_ws/install/nav2_rrtstar_planner/lib:/home/karol/ITB/URO/KRAI/nebula/nebula-ws/install/omnidirectional_controllers/lib:/home/karol/ITB/URO/KRAI/nebula/nebula-ws/install/omni_wheel_controller/lib:/home/karol/ITB/URO/KRAI/nebula/nebula-ws/install/nebula_firmware/lib:/home/karol/ITB/URO/KRAI/ros2_ws/src/tutorial_interfaces/install/tutorial_interfaces/lib:/usr/lib/x86_64-linux-gnu/gazebo-11/plugins:/opt/ros/humble/opt/rviz_ogre_vendor/lib:/opt/ros/humble/lib/x86_64-linux-gnu:/opt/ros/humble/lib:/usr/lib/x86_64-linux-gnu/gazebo-11/plugins:/usr/lib/x86_64-linux-gnu/gazebo-11/plugins:/usr/lib/x86_64-linux-gnu/gazebo-11/plugins /usr/bin/cmake /home/karol/ITB/URO/KRAI/ros2_ws/src/ros2_tutorial/cpp_pubsub -DCMAKE_INSTALL_PREFIX=/home/karol/ITB/URO/KRAI/ros2_ws/install/cpp_pubsub
[0.799s] Invoking command in '/home/karol/ITB/URO/KRAI/ros2_ws/build/cpp_pubsub': CMAKE_PREFIX_PATH=/home/karol/ITB/URO/KRAI/ros2_ws/install/tutorial_interfaces:/home/karol/ITB/URO/KRAI/ros2_ws/install/urdf_tutorial:/home/karol/ITB/URO/KRAI/ros2_ws/install/lumina_simulation:/home/karol/ITB/URO/KRAI/ros2_ws/install/cpp_parameters:/home/karol/ITB/URO/KRAI/ros2_ws/install/action_tutorials_cpp:/home/karol/ITB/URO/KRAI/ros2_ws/install/action_tutorials_interfaces:/home/karol/turtlebot3_ws/install/turtlebot3_simulations:/home/karol/turtlebot3_ws/install/turtlebot3_gazebo:/home/karol/turtlebot3_ws/install/turtlebot3_fake_node:/home/karol/turtlebot3_ws/install/nav2_rrtstar_planner:/home/karol/ITB/URO/KRAI/ros2_learn/urdf_example/install/urdf_example:/home/karol/ITB/URO/KRAI/nebula/nebula-ws/install/omnidirectional_controllers:/home/karol/ITB/URO/KRAI/nebula/nebula-ws/install/omni_wheel_controller:/home/karol/ITB/URO/KRAI/nebula/nebula-ws/install/nebula_navigation:/home/karol/ITB/URO/KRAI/nebula/nebula-ws/install/nebula_localization:/home/karol/ITB/URO/KRAI/nebula/nebula-ws/install/nebula_hardware_interfaces:/home/karol/ITB/URO/KRAI/nebula/nebula-ws/install/nebula_firmware:/home/karol/ITB/URO/KRAI/nebula/nebula-ws/install/nebula_controller:/home/karol/ITB/URO/KRAI/nebula/nebula-ws/install/nebula_config:/home/karol/ITB/URO/KRAI/nebula/nebula-ws/install/nebula_bringup:/home/karol/ITB/URO/KRAI/nebula/nebula-ws/install/axebot_description:/home/karol/ITB/URO/KRAI/ros2_ws/src/tutorial_interfaces/install/tutorial_interfaces:/home/karol/ITB/URO/KRAI/ros2_ws/install/urdf_tutorial_r2d2:/home/karol/ITB/URO/KRAI/ros2_ws/install/learning_tf2_py:/home/karol/ITB/URO/KRAI/ros2_ws/install/launch_tutorial:/opt/ros/humble LD_LIBRARY_PATH=/home/karol/ITB/URO/KRAI/ros2_ws/install/tutorial_interfaces/lib:/home/karol/ITB/URO/KRAI/ros2_ws/install/action_tutorials_cpp/lib:/home/karol/ITB/URO/KRAI/ros2_ws/install/action_tutorials_interfaces/lib:/home/karol/turtlebot3_ws/install/nav2_rrtstar_planner/lib:/home/karol/ITB/URO/KRAI/nebula/nebula-ws/install/omnidirectional_controllers/lib:/home/karol/ITB/URO/KRAI/nebula/nebula-ws/install/omni_wheel_controller/lib:/home/karol/ITB/URO/KRAI/nebula/nebula-ws/install/nebula_firmware/lib:/home/karol/ITB/URO/KRAI/ros2_ws/src/tutorial_interfaces/install/tutorial_interfaces/lib:/usr/lib/x86_64-linux-gnu/gazebo-11/plugins:/opt/ros/humble/opt/rviz_ogre_vendor/lib:/opt/ros/humble/lib/x86_64-linux-gnu:/opt/ros/humble/lib:/usr/lib/x86_64-linux-gnu/gazebo-11/plugins:/usr/lib/x86_64-linux-gnu/gazebo-11/plugins:/usr/lib/x86_64-linux-gnu/gazebo-11/plugins /usr/bin/cmake --build /home/karol/ITB/URO/KRAI/ros2_ws/build/cpp_pubsub -- -j22 -l22
[0.847s] [ 12%] [32mBuilding CXX object CMakeFiles/client.dir/src/add_three_ints_cli.cpp.o[0m
[0.848s] [ 25%] [32mBuilding CXX object CMakeFiles/server.dir/src/add_three_ints_srv.cpp.o[0m
[0.848s] [ 37%] [32mBuilding CXX object CMakeFiles/talker.dir/src/talker.cpp.o[0m
[0.850s] [ 50%] [32mBuilding CXX object CMakeFiles/listener.dir/src/listener.cpp.o[0m
[3.111s] [ 62%] [32m[1mLinking CXX executable server[0m
[3.153s] [ 75%] [32m[1mLinking CXX executable client[0m
[3.224s] [ 75%] Built target server
[3.262s] [ 75%] Built target client
[3.728s] [ 87%] [32m[1mLinking CXX executable talker[0m
[3.862s] [ 87%] Built target talker
[5.906s] [100%] [32m[1mLinking CXX executable listener[0m
[6.139s] [100%] Built target listener
[6.151s] Invoked command in '/home/karol/ITB/URO/KRAI/ros2_ws/build/cpp_pubsub' returned '0': CMAKE_PREFIX_PATH=/home/karol/ITB/URO/KRAI/ros2_ws/install/tutorial_interfaces:/home/karol/ITB/URO/KRAI/ros2_ws/install/urdf_tutorial:/home/karol/ITB/URO/KRAI/ros2_ws/install/lumina_simulation:/home/karol/ITB/URO/KRAI/ros2_ws/install/cpp_parameters:/home/karol/ITB/URO/KRAI/ros2_ws/install/action_tutorials_cpp:/home/karol/ITB/URO/KRAI/ros2_ws/install/action_tutorials_interfaces:/home/karol/turtlebot3_ws/install/turtlebot3_simulations:/home/karol/turtlebot3_ws/install/turtlebot3_gazebo:/home/karol/turtlebot3_ws/install/turtlebot3_fake_node:/home/karol/turtlebot3_ws/install/nav2_rrtstar_planner:/home/karol/ITB/URO/KRAI/ros2_learn/urdf_example/install/urdf_example:/home/karol/ITB/URO/KRAI/nebula/nebula-ws/install/omnidirectional_controllers:/home/karol/ITB/URO/KRAI/nebula/nebula-ws/install/omni_wheel_controller:/home/karol/ITB/URO/KRAI/nebula/nebula-ws/install/nebula_navigation:/home/karol/ITB/URO/KRAI/nebula/nebula-ws/install/nebula_localization:/home/karol/ITB/URO/KRAI/nebula/nebula-ws/install/nebula_hardware_interfaces:/home/karol/ITB/URO/KRAI/nebula/nebula-ws/install/nebula_firmware:/home/karol/ITB/URO/KRAI/nebula/nebula-ws/install/nebula_controller:/home/karol/ITB/URO/KRAI/nebula/nebula-ws/install/nebula_config:/home/karol/ITB/URO/KRAI/nebula/nebula-ws/install/nebula_bringup:/home/karol/ITB/URO/KRAI/nebula/nebula-ws/install/axebot_description:/home/karol/ITB/URO/KRAI/ros2_ws/src/tutorial_interfaces/install/tutorial_interfaces:/home/karol/ITB/URO/KRAI/ros2_ws/install/urdf_tutorial_r2d2:/home/karol/ITB/URO/KRAI/ros2_ws/install/learning_tf2_py:/home/karol/ITB/URO/KRAI/ros2_ws/install/launch_tutorial:/opt/ros/humble LD_LIBRARY_PATH=/home/karol/ITB/URO/KRAI/ros2_ws/install/tutorial_interfaces/lib:/home/karol/ITB/URO/KRAI/ros2_ws/install/action_tutorials_cpp/lib:/home/karol/ITB/URO/KRAI/ros2_ws/install/action_tutorials_interfaces/lib:/home/karol/turtlebot3_ws/install/nav2_rrtstar_planner/lib:/home/karol/ITB/URO/KRAI/nebula/nebula-ws/install/omnidirectional_controllers/lib:/home/karol/ITB/URO/KRAI/nebula/nebula-ws/install/omni_wheel_controller/lib:/home/karol/ITB/URO/KRAI/nebula/nebula-ws/install/nebula_firmware/lib:/home/karol/ITB/URO/KRAI/ros2_ws/src/tutorial_interfaces/install/tutorial_interfaces/lib:/usr/lib/x86_64-linux-gnu/gazebo-11/plugins:/opt/ros/humble/opt/rviz_ogre_vendor/lib:/opt/ros/humble/lib/x86_64-linux-gnu:/opt/ros/humble/lib:/usr/lib/x86_64-linux-gnu/gazebo-11/plugins:/usr/lib/x86_64-linux-gnu/gazebo-11/plugins:/usr/lib/x86_64-linux-gnu/gazebo-11/plugins /usr/bin/cmake --build /home/karol/ITB/URO/KRAI/ros2_ws/build/cpp_pubsub -- -j22 -l22
[6.159s] Invoking command in '/home/karol/ITB/URO/KRAI/ros2_ws/build/cpp_pubsub': CMAKE_PREFIX_PATH=/home/karol/ITB/URO/KRAI/ros2_ws/install/tutorial_interfaces:/home/karol/ITB/URO/KRAI/ros2_ws/install/urdf_tutorial:/home/karol/ITB/URO/KRAI/ros2_ws/install/lumina_simulation:/home/karol/ITB/URO/KRAI/ros2_ws/install/cpp_parameters:/home/karol/ITB/URO/KRAI/ros2_ws/install/action_tutorials_cpp:/home/karol/ITB/URO/KRAI/ros2_ws/install/action_tutorials_interfaces:/home/karol/turtlebot3_ws/install/turtlebot3_simulations:/home/karol/turtlebot3_ws/install/turtlebot3_gazebo:/home/karol/turtlebot3_ws/install/turtlebot3_fake_node:/home/karol/turtlebot3_ws/install/nav2_rrtstar_planner:/home/karol/ITB/URO/KRAI/ros2_learn/urdf_example/install/urdf_example:/home/karol/ITB/URO/KRAI/nebula/nebula-ws/install/omnidirectional_controllers:/home/karol/ITB/URO/KRAI/nebula/nebula-ws/install/omni_wheel_controller:/home/karol/ITB/URO/KRAI/nebula/nebula-ws/install/nebula_navigation:/home/karol/ITB/URO/KRAI/nebula/nebula-ws/install/nebula_localization:/home/karol/ITB/URO/KRAI/nebula/nebula-ws/install/nebula_hardware_interfaces:/home/karol/ITB/URO/KRAI/nebula/nebula-ws/install/nebula_firmware:/home/karol/ITB/URO/KRAI/nebula/nebula-ws/install/nebula_controller:/home/karol/ITB/URO/KRAI/nebula/nebula-ws/install/nebula_config:/home/karol/ITB/URO/KRAI/nebula/nebula-ws/install/nebula_bringup:/home/karol/ITB/URO/KRAI/nebula/nebula-ws/install/axebot_description:/home/karol/ITB/URO/KRAI/ros2_ws/src/tutorial_interfaces/install/tutorial_interfaces:/home/karol/ITB/URO/KRAI/ros2_ws/install/urdf_tutorial_r2d2:/home/karol/ITB/URO/KRAI/ros2_ws/install/learning_tf2_py:/home/karol/ITB/URO/KRAI/ros2_ws/install/launch_tutorial:/opt/ros/humble LD_LIBRARY_PATH=/home/karol/ITB/URO/KRAI/ros2_ws/install/tutorial_interfaces/lib:/home/karol/ITB/URO/KRAI/ros2_ws/install/action_tutorials_cpp/lib:/home/karol/ITB/URO/KRAI/ros2_ws/install/action_tutorials_interfaces/lib:/home/karol/turtlebot3_ws/install/nav2_rrtstar_planner/lib:/home/karol/ITB/URO/KRAI/nebula/nebula-ws/install/omnidirectional_controllers/lib:/home/karol/ITB/URO/KRAI/nebula/nebula-ws/install/omni_wheel_controller/lib:/home/karol/ITB/URO/KRAI/nebula/nebula-ws/install/nebula_firmware/lib:/home/karol/ITB/URO/KRAI/ros2_ws/src/tutorial_interfaces/install/tutorial_interfaces/lib:/usr/lib/x86_64-linux-gnu/gazebo-11/plugins:/opt/ros/humble/opt/rviz_ogre_vendor/lib:/opt/ros/humble/lib/x86_64-linux-gnu:/opt/ros/humble/lib:/usr/lib/x86_64-linux-gnu/gazebo-11/plugins:/usr/lib/x86_64-linux-gnu/gazebo-11/plugins:/usr/lib/x86_64-linux-gnu/gazebo-11/plugins /usr/bin/cmake --install /home/karol/ITB/URO/KRAI/ros2_ws/build/cpp_pubsub
[6.165s] -- Install configuration: ""
[6.165s] -- Installing: /home/karol/ITB/URO/KRAI/ros2_ws/install/cpp_pubsub/lib/cpp_pubsub/server
[6.166s] -- Set runtime path of "/home/karol/ITB/URO/KRAI/ros2_ws/install/cpp_pubsub/lib/cpp_pubsub/server" to ""
[6.166s] -- Installing: /home/karol/ITB/URO/KRAI/ros2_ws/install/cpp_pubsub/lib/cpp_pubsub/client
[6.166s] -- Set runtime path of "/home/karol/ITB/URO/KRAI/ros2_ws/install/cpp_pubsub/lib/cpp_pubsub/client" to ""
[6.166s] -- Installing: /home/karol/ITB/URO/KRAI/ros2_ws/install/cpp_pubsub/lib/cpp_pubsub/talker
[6.166s] -- Set runtime path of "/home/karol/ITB/URO/KRAI/ros2_ws/install/cpp_pubsub/lib/cpp_pubsub/talker" to ""
[6.166s] -- Installing: /home/karol/ITB/URO/KRAI/ros2_ws/install/cpp_pubsub/lib/cpp_pubsub/listener
[6.167s] -- Set runtime path of "/home/karol/ITB/URO/KRAI/ros2_ws/install/cpp_pubsub/lib/cpp_pubsub/listener" to ""
[6.168s] -- Installing: /home/karol/ITB/URO/KRAI/ros2_ws/install/cpp_pubsub/share/ament_index/resource_index/package_run_dependencies/cpp_pubsub
[6.168s] -- Installing: /home/karol/ITB/URO/KRAI/ros2_ws/install/cpp_pubsub/share/ament_index/resource_index/parent_prefix_path/cpp_pubsub
[6.168s] -- Installing: /home/karol/ITB/URO/KRAI/ros2_ws/install/cpp_pubsub/share/cpp_pubsub/environment/ament_prefix_path.sh
[6.168s] -- Installing: /home/karol/ITB/URO/KRAI/ros2_ws/install/cpp_pubsub/share/cpp_pubsub/environment/ament_prefix_path.dsv
[6.168s] -- Installing: /home/karol/ITB/URO/KRAI/ros2_ws/install/cpp_pubsub/share/cpp_pubsub/environment/path.sh
[6.168s] -- Installing: /home/karol/ITB/URO/KRAI/ros2_ws/install/cpp_pubsub/share/cpp_pubsub/environment/path.dsv
[6.168s] -- Installing: /home/karol/ITB/URO/KRAI/ros2_ws/install/cpp_pubsub/share/cpp_pubsub/local_setup.bash
[6.168s] -- Installing: /home/karol/ITB/URO/KRAI/ros2_ws/install/cpp_pubsub/share/cpp_pubsub/local_setup.sh
[6.168s] -- Installing: /home/karol/ITB/URO/KRAI/ros2_ws/install/cpp_pubsub/share/cpp_pubsub/local_setup.zsh
[6.169s] -- Installing: /home/karol/ITB/URO/KRAI/ros2_ws/install/cpp_pubsub/share/cpp_pubsub/local_setup.dsv
[6.169s] -- Installing: /home/karol/ITB/URO/KRAI/ros2_ws/install/cpp_pubsub/share/cpp_pubsub/package.dsv
[6.169s] -- Installing: /home/karol/ITB/URO/KRAI/ros2_ws/install/cpp_pubsub/share/ament_index/resource_index/packages/cpp_pubsub
[6.169s] -- Installing: /home/karol/ITB/URO/KRAI/ros2_ws/install/cpp_pubsub/share/cpp_pubsub/cmake/cpp_pubsubConfig.cmake
[6.169s] -- Installing: /home/karol/ITB/URO/KRAI/ros2_ws/install/cpp_pubsub/share/cpp_pubsub/cmake/cpp_pubsubConfig-version.cmake
[6.169s] -- Installing: /home/karol/ITB/URO/KRAI/ros2_ws/install/cpp_pubsub/share/cpp_pubsub/package.xml
[6.170s] Invoked command in '/home/karol/ITB/URO/KRAI/ros2_ws/build/cpp_pubsub' returned '0': CMAKE_PREFIX_PATH=/home/karol/ITB/URO/KRAI/ros2_ws/install/tutorial_interfaces:/home/karol/ITB/URO/KRAI/ros2_ws/install/urdf_tutorial:/home/karol/ITB/URO/KRAI/ros2_ws/install/lumina_simulation:/home/karol/ITB/URO/KRAI/ros2_ws/install/cpp_parameters:/home/karol/ITB/URO/KRAI/ros2_ws/install/action_tutorials_cpp:/home/karol/ITB/URO/KRAI/ros2_ws/install/action_tutorials_interfaces:/home/karol/turtlebot3_ws/install/turtlebot3_simulations:/home/karol/turtlebot3_ws/install/turtlebot3_gazebo:/home/karol/turtlebot3_ws/install/turtlebot3_fake_node:/home/karol/turtlebot3_ws/install/nav2_rrtstar_planner:/home/karol/ITB/URO/KRAI/ros2_learn/urdf_example/install/urdf_example:/home/karol/ITB/URO/KRAI/nebula/nebula-ws/install/omnidirectional_controllers:/home/karol/ITB/URO/KRAI/nebula/nebula-ws/install/omni_wheel_controller:/home/karol/ITB/URO/KRAI/nebula/nebula-ws/install/nebula_navigation:/home/karol/ITB/URO/KRAI/nebula/nebula-ws/install/nebula_localization:/home/karol/ITB/URO/KRAI/nebula/nebula-ws/install/nebula_hardware_interfaces:/home/karol/ITB/URO/KRAI/nebula/nebula-ws/install/nebula_firmware:/home/karol/ITB/URO/KRAI/nebula/nebula-ws/install/nebula_controller:/home/karol/ITB/URO/KRAI/nebula/nebula-ws/install/nebula_config:/home/karol/ITB/URO/KRAI/nebula/nebula-ws/install/nebula_bringup:/home/karol/ITB/URO/KRAI/nebula/nebula-ws/install/axebot_description:/home/karol/ITB/URO/KRAI/ros2_ws/src/tutorial_interfaces/install/tutorial_interfaces:/home/karol/ITB/URO/KRAI/ros2_ws/install/urdf_tutorial_r2d2:/home/karol/ITB/URO/KRAI/ros2_ws/install/learning_tf2_py:/home/karol/ITB/URO/KRAI/ros2_ws/install/launch_tutorial:/opt/ros/humble LD_LIBRARY_PATH=/home/karol/ITB/URO/KRAI/ros2_ws/install/tutorial_interfaces/lib:/home/karol/ITB/URO/KRAI/ros2_ws/install/action_tutorials_cpp/lib:/home/karol/ITB/URO/KRAI/ros2_ws/install/action_tutorials_interfaces/lib:/home/karol/turtlebot3_ws/install/nav2_rrtstar_planner/lib:/home/karol/ITB/URO/KRAI/nebula/nebula-ws/install/omnidirectional_controllers/lib:/home/karol/ITB/URO/KRAI/nebula/nebula-ws/install/omni_wheel_controller/lib:/home/karol/ITB/URO/KRAI/nebula/nebula-ws/install/nebula_firmware/lib:/home/karol/ITB/URO/KRAI/ros2_ws/src/tutorial_interfaces/install/tutorial_interfaces/lib:/usr/lib/x86_64-linux-gnu/gazebo-11/plugins:/opt/ros/humble/opt/rviz_ogre_vendor/lib:/opt/ros/humble/lib/x86_64-linux-gnu:/opt/ros/humble/lib:/usr/lib/x86_64-linux-gnu/gazebo-11/plugins:/usr/lib/x86_64-linux-gnu/gazebo-11/plugins:/usr/lib/x86_64-linux-gnu/gazebo-11/plugins /usr/bin/cmake --install /home/karol/ITB/URO/KRAI/ros2_ws/build/cpp_pubsub
